1 100 25 66 25 11 50 11 80 91 53 91 29 36 19 5 19 36 29 91 80 47 63 96 28 27 28 42 28 96 93 73 93 96 63 22 64 46 45 16 45 46 43 46 64 22 13 3 13 55 13 8 87 8 13 22 63 62 60 57 21 57 60 62 94 72 23 9 71 61 71 9 39 14 39 9 23 72 94 62 35 15 83 15 35 62 63 84 58 84 63 47 7 6 33 6 7 51 17 82 17 38 17 51 7 26 54 98 99 76 68 76 99 67 20 2 20 67 12 90 85 24 49 24 85 90 12 67 40 67 99 98 54 26 7 41 7 47 80 11 81 11 25 100 1 77 1
50
1 1
100 100
50 50
91 91
53 53
29 29
19 19
5 5
63 63
28 28
42 42
73 73
64 64
45 45
16 16
3 3
55 55
8 8
87 87
62 62
21 21
94 94
72 72
9 9
71 71
61 61
39 39
14 14
35 35
83 83
58 58
7 7
6 6
33 33
17 17
82 82
26 26
99 99
76 76
68 68
67 67
2 2
12 12
90 90
85 85
49 49
40 40
41 41
81 81
77 77
