paint wooden argue finish ice sugar argue argue inherit glamorous ray hit thumb floor same diligent measure hit slam hit blade route rake argue complain learning determine indicate nutty ambiguous paint
23
argue desire stink imported
ambiguous ambiguous
rake rake
blade blade
inherit inherit
paint paint
nutty nutty
ice ice
floor floor
thumb thumb
finish finish
measure measure
indicate indicate
ray ray
diligent diligent
same same
determine determine
glamorous glamorous
slam slam
route route
complain complain
learning learning
wooden wooden
