Clearnesse Ironshore Newley Courtcastle Valhaven Southwheat Oldmoor Southwheat Valhaven Woodice Corbank Ironriver Corbank Woodice Eastcastle Clearland Greenshore Brightmere Stoneglass Buttermead Stoneglass Dellwyn Oakmere Butterbush Oakmere Dellwyn Stoneglass Brightmere Esterfall Goldwyvern Esterfall Brightmere Greenshore Wellmage Bushgate Foxvale Marbleiron Foxhaven Marbleiron Freyview Marbleiron Foxvale Bushgate Wellmage Violetley Westvale Violetley Wellmage Greenshore Clearland Eastcastle Woodice Valhaven Newby Valhaven Courtcastle Erilyn Stonefair Wolflea Eriwall Wolflea Stonefair Fairsage Irondeer Morwald Irondeer Fairsage Courtwall Fairsage Stonefair Erilyn Morwall Erilyn Courtcastle Newley Ironshore Clearnesse
25
Clearnesse Clearnesse
Ironshore Ironshore
Courtcastle Courtcastle
Valhaven Valhaven
Oldmoor Oldmoor
Woodice Woodice
Corbank Corbank
Ironriver Ironriver
Buttermead Buttermead
Dellwyn Dellwyn
Oakmere Oakmere
Butterbush Butterbush
Esterfall Esterfall
Goldwyvern Goldwyvern
Foxvale Foxvale
Marbleiron Marbleiron
Foxhaven Foxhaven
Freyview Freyview
Violetley Violetley
Westvale Westvale
Newby Newby
Eriwall Eriwall
Morwald Morwald
Courtwall Courtwall
Morwall Morwall
