Brightmere Windbridge Wildemarsh Marbleiron Strongfall Eastcastle Courtcastle Bluewyn Flowerfield Newley Freyview Bluedell Highmont Stoneglass Highmont Bluedell Courtwall Bluedell Butterbush Westmill Butterbush Bluedell Freyview Janholt Buttermead Foxhaven Buttermead Janholt Freyview Mallowness Freyview Newley Flowerfield Bluewyn Courtcastle Courtedge Morwald Courtedge Rosemill Courtedge Courtcastle Eastcastle Greenshore Eastcastle Woodice Eriwall Fairsage Dellwyn Fairsage Eriwall Woodice Snowshore Woodice Eastcastle Ironriver Ostwynne Wellmage Wooddell Shoreburn Wooddell Wellmage Corbank Wellbank Oakmere Northriver Foxvale Snowsage Greensummer Snowsage Foxvale Northriver Orfort Oldmoor Butterway Oldmoor Orfort Northriver Oakmere Wellbank Corbank Goldwyvern Corbank Wellmage Lightmere Esterfall Lightmere Wellmage Southwheat Wellmage Ostwynne Flowermill Newby Erilyn Westerlight Erilyn Southpine Wolflea Bushgate Wolflea Southpine Erilyn Mallowbridge Erilyn Clearland Erilyn Violetley Erilyn Newby Deephedge Newby Flowermill Ostwynne Ironriver Greyice Valhaven Greyice Mallowway Irondeer Mallowway Greyice Ironriver Eastcastle Strongfall Marbleiron Wildemarsh Windbridge Morwall Orbarrow Verthedge Ironshore Verthedge Orbarrow Morwall Windbridge Esterash Stonefair Clearnesse Stonefair Seamoor Westvale Seamoor Stonefair Esterash Brightrock Esterash Windbridge Lochmage Windbridge Brightmere
50
Brightmere Brightmere
Wildemarsh Wildemarsh
Marbleiron Marbleiron
Eastcastle Eastcastle
Courtcastle Courtcastle
Newley Newley
Freyview Freyview
Bluedell Bluedell
Stoneglass Stoneglass
Courtwall Courtwall
Butterbush Butterbush
Westmill Westmill
Buttermead Buttermead
Foxhaven Foxhaven
Morwald Morwald
Rosemill Rosemill
Greenshore Greenshore
Woodice Woodice
Eriwall Eriwall
Fairsage Fairsage
Dellwyn Dellwyn
Snowshore Snowshore
Ironriver Ironriver
Wellmage Wellmage
Shoreburn Shoreburn
Corbank Corbank
Oakmere Oakmere
Foxvale Foxvale
Oldmoor Oldmoor
Goldwyvern Goldwyvern
Lightmere Lightmere
Esterfall Esterfall
Southwheat Southwheat
Newby Newby
Erilyn Erilyn
Westerlight Westerlight
Wolflea Wolflea
Bushgate Bushgate
Clearland Clearland
Violetley Violetley
Greyice Greyice
Valhaven Valhaven
Irondeer Irondeer
Morwall Morwall
Ironshore Ironshore
Esterash Esterash
Stonefair Stonefair
Clearnesse Clearnesse
Westvale Westvale
Lochmage Lochmage
