Shoreburn Greencliff Redlake Bluelake Redlake Ironhedge Mistwick Fallden Westerlight Bushgate Corbank Bluedell Greenshore Roseacre Greenshore Bluedell Aldbay Bluedell Corbank Bushgate Westerlight Fallden Strongford Cleargrass Fairice Freymere Northwynne Freymere Buttermead Rosebeech Buttermead Freymere Fairice Linville Morwald Clearland Ostham Irondeer Freyview Irondeer Newby Irondeer Ostham Clearland Deephedge Fairfort Ironshore Ironriver Newmill Stoneglass Hollowwynne Lochmage Butterhill Lochmage Hollowwynne Stoneglass Newmill Rosemill Newmill Ironriver Mallowbridge Ironriver Ironshore Fairfort Deephedge Marblehaven Courtwall Flowerfield Courtwall Marblehaven Deephedge Clearland Aldley Greygrass Silverlea Butterway Esterash Butterway Seamoor Aelmoor Flowermill Aelmoor Seamoor Butterway Silverlea Deerdell Foxvale Deerdell Rosemoor Silverwitch Rosemoor Deerdell Silverlea Greygrass Shadowgrass Goldsea Bluedale Goldsea Shadowgrass Southpine Deephollow Icecoast Icenesse Icecoast Deephollow Southpine Shadowgrass Greygrass Aldley Woodice Mallowway Icebridge Mistshore Dellwyn Mistshore Icebridge Shadowhaven Valhaven Windkeep Wolflea Eriwall Wolflea Windkeep Valhaven Wellbank Highhaven Janholt Highhaven Wellbank Valhaven Starryhill Ostwynne Starryhill Valhaven Shadowhaven Icebridge Mallowway Woodice Eastcastle Woodice Aldley Clearland Morwald Fogmarsh Applecastle Violetfay Applecastle Fogmarsh Morwald Linville Morwall Highwell Bellhollow Starrywolf Silverbarrow Snowshore Silverbarrow Starrywolf Violetrose Starrywolf Bellhollow Iceelf Stoneiron Wellmage Stoneiron Iceelf Bellhollow Highwell Courtcastle Highwell Morwall Linville Bluewyn Stonecrystal Foxhaven Stonecrystal Windbridge Stonecrystal Bluewyn Brightelf Stonewolf Strongdell Brightmere Strongdell Stonewolf Eastwald Redby Courtbush Butterbush Orbarrow Rosegate Esterfall Springfalcon Courtedge Lightkeep Blackbush Clearnesse Blackbush Fieldedge Blackbush Lightkeep Courtedge Coldville Courtedge Springfalcon Esterfall Rosegate Fairsage Strongfall Bluebeech Westvale Bluebeech Strongfall Fairsage Rosegate Orbarrow Butterbush Fogland Wildemarsh Fogland Brightrock Fogland Butterbush Courtbush Oakmere Orfort Oakmere Greensummer Oakmere Courtbush Redby Eastwald Marbleiron Eastwald Stonewolf Brightelf Bluewyn Linville Fairice Cleargrass Strongford Fallden Mistwick Westmill Mistwick Ironhedge Summermage Wintercourt Summermage Ironhedge Pinepond Northriver Pinepond Redwell Erilyn Whiteelf Shorebarrow Springburn Osttown Verthedge Osttown Southwheat Osttown Oldmoor Wooddell Oldmoor Osttown Springburn Springfox Snowwinter Wintershore Aelbush Goldcrest Lightmere Goldcrest Stonefair Goldcrest Aelbush Wintershore Newley Barrowdale Snowsage Goldwyvern Snowsage Greyice Mallowness Greyice Snowsage Barrowdale Newley Wintershore Snowwinter Springfox Springburn Shorebarrow Blackburn Shorebarrow Violetley Shorebarrow Highmont Shorebarrow Whiteelf Erilyn Redwell Pinepond Ironhedge Redlake Greencliff Shoreburn
100
Shoreburn Shoreburn
Redlake Redlake
Bluelake Bluelake
Westerlight Westerlight
Bushgate Bushgate
Corbank Corbank
Bluedell Bluedell
Greenshore Greenshore
Fairice Fairice
Freymere Freymere
Northwynne Northwynne
Buttermead Buttermead
Morwald Morwald
Clearland Clearland
Irondeer Irondeer
Freyview Freyview
Newby Newby
Deephedge Deephedge
Ironshore Ironshore
Ironriver Ironriver
Newmill Newmill
Stoneglass Stoneglass
Lochmage Lochmage
Butterhill Butterhill
Rosemill Rosemill
Mallowbridge Mallowbridge
Courtwall Courtwall
Flowerfield Flowerfield
Silverlea Silverlea
Butterway Butterway
Esterash Esterash
Seamoor Seamoor
Flowermill Flowermill
Foxvale Foxvale
Silverwitch Silverwitch
Bluedale Bluedale
Southpine Southpine
Icenesse Icenesse
Woodice Woodice
Mallowway Mallowway
Mistshore Mistshore
Dellwyn Dellwyn
Valhaven Valhaven
Wolflea Wolflea
Eriwall Eriwall
Wellbank Wellbank
Janholt Janholt
Starryhill Starryhill
Ostwynne Ostwynne
Eastcastle Eastcastle
Applecastle Applecastle
Violetfay Violetfay
Morwall Morwall
Silverbarrow Silverbarrow
Snowshore Snowshore
Wellmage Wellmage
Courtcastle Courtcastle
Bluewyn Bluewyn
Foxhaven Foxhaven
Windbridge Windbridge
Brightmere Brightmere
Butterbush Butterbush
Orbarrow Orbarrow
Rosegate Rosegate
Esterfall Esterfall
Courtedge Courtedge
Blackbush Blackbush
Clearnesse Clearnesse
Fieldedge Fieldedge
Coldville Coldville
Fairsage Fairsage
Strongfall Strongfall
Westvale Westvale
Fogland Fogland
Wildemarsh Wildemarsh
Brightrock Brightrock
Oakmere Oakmere
Orfort Orfort
Greensummer Greensummer
Marbleiron Marbleiron
Westmill Westmill
Summermage Summermage
Northriver Northriver
Redwell Redwell
Erilyn Erilyn
Verthedge Verthedge
Southwheat Southwheat
Oldmoor Oldmoor
Wooddell Wooddell
Springfox Springfox
Goldcrest Goldcrest
Lightmere Lightmere
Stonefair Stonefair
Newley Newley
Snowsage Snowsage
Goldwyvern Goldwyvern
Greyice Greyice
Mallowness Mallowness
Violetley Violetley
Highmont Highmont
