129 110 154 193 154 196 37 65 72 2 4 2 46 25 4 2 55 2 46 161 32 145 89 137 124 137 16 25 43 92 13 118 10 100 10 22 45 36 74 160 108 147 166 47 36 63 76 63 36 74 7 19 43 92 67 21 182 190 182 21 151 21 72 79 112 61 31 88 115 108 9 123 103 98 48 97 29 6 73 136 73 170 58 170 101 52 101 97 48 34 48 97 101 148 5 28 5 197 107 82 107 75 94 27 165 40 3 100 99 145 145 171 49 76 5 164 84 18 152 91 152 90 71 64 119 163 73 6 130 167 109 184 85 133 106 178 47 14 3 121 3 65 185 63 36 45 118 32 181 8 142 60 31 61 31 169 181 32 187 83 168 31 88 1 34 109 167 7 74 127 113 146 88 1
62
92 43
145 172 145
76 139 76
84 49
185 175
118 70 118
7 130 7
1 1
4 4
10 10
13 13
16 16
19 19
22 22
25 25
28 28
31 31
34 34
37 37
40 40
46 46
52 52
55 55
58 58
61 61
64 64
67 67
73 73
79 79
82 82
85 85
88 88
91 91
94 94
97 97
100 100
103 103
106 106
109 109
112 112
115 115
121 121
124 124
127 127
133 133
136 136
142 142
148 148
151 151
154 154
157 157
160 160
163 163
166 166
169 169
178 178
181 181
184 184
187 187
190 190
193 193
196 196
