FacultyClub Etcheverry HearstGym BioscienceLibrary Investigative BioscienceLibrary HearstGym Etcheverry FacultyClub LawrenceofScience PacificFilmArchive OBrien Library OBrien PacificFilmArchive LawrenceofScience FacultyClub DonnerLaboratory OptometryLibrary CareerCenter StowPlaza MelvinLaboratory SproulPlaza MartinezCommons Durham Wheeler InternationalHouse Manville Pimentel Manville Hilgard Jacobs Cheit Jacobs Hilgard Manville InternationalHouse Wheeler Durham MartinezCommons SproulPlaza MelvinLaboratory StowPlaza CareerCenter OptometryLibrary DonnerLaboratory Birge BancroftDance Warren Mulford Morrison BrainImagingCenter CITRIS StudentUnion CITRIS BrainImagingCenter Morrison Mulford Warren BancroftDance Spieker Stephens Sproul MediaCenter EarthquakeLibrary ArtHistoryLibrary UniversityHouse FPF UniversityHouse SutardjaDai UniversityHouse ArtHistoryLibrary EarthquakeLibrary MediaCenter Sproul Stephens Spieker BancroftDance Birge DonnerLaboratory FacultyClub
25
FacultyClub FacultyClub
Etcheverry Etcheverry
HearstGym HearstGym
BioscienceLibrary BioscienceLibrary
LawrenceofScience LawrenceofScience
PacificFilmArchive PacificFilmArchive
OBrien OBrien
Library Library
CareerCenter CareerCenter
SproulPlaza SproulPlaza
Durham Durham
Wheeler Wheeler
Manville Manville
Pimentel Pimentel
Hilgard Hilgard
Cheit Cheit
Mulford Mulford
Morrison Morrison
BrainImagingCenter BrainImagingCenter
StudentUnion StudentUnion
Spieker Spieker
EarthquakeLibrary EarthquakeLibrary
UniversityHouse UniversityHouse
FPF FPF
SutardjaDai SutardjaDai
