FacultyClub IRLE Cheit Wheeler Cheit IRLE FacultyClub EarthquakeLibrary FacultyClub Durham HealthServices VLSB BerkeleyLawLibrary MartinezCommons PhysicsLibrary NorthGate UniversityHouse SproulPlaza FoundersRock CesarChavez OBrien Koshland MelvinLaboratory Campbell FPF Birge Wellman WooHonFai Wellman Bowles Stanley BioscienceLibrary Hilgard BioscienceLibrary Stanley AlumniHouse MediaCenter IdaHouse ArtHistoryLibrary Durant BancroftDance Evans Mulford McCone InternationalHouse McCone EnergyBuilding Davis HearstGym Unit3 Manville Unit3 BerkeleyWayWest Jacobs Pimentel Jacobs BerkeleyWayWest Unit3 HearstGym Davis FoxCottage Davis EnergyBuilding Bechtel BrainImagingCenter Bechtel EnergyBuilding McCone Mulford Evans Spieker Evans BancroftDance NewspapersLibrary LawrenceofScience NewspapersLibrary BancroftDance Durant ArtHistoryLibrary IdaHouse MediaCenter AlumniHouse VisualCenter MLK Etcheverry SocialLibrary Hildebrand DonnerLaboratory SpringerGateway DonnerLaboratory Hildebrand SocialLibrary Etcheverry MLK CITRIS MLK VisualCenter AlumniHouse Stanley Bowles Wellman Birge FPF Underhill UpperHearstParking Morrison Stephens AndersenAuditorium Stephens Morrison UpperHearstParking HearstFountain StowPlaza HearstFountain EthnicLibrary HearstFieldAnnex Sproul AnthropologyLibrary Sproul HearstFieldAnnex EthnicLibrary HearstFountain CareerCenter HearstFountain UpperHearstParking Underhill FPF Campbell MelvinLaboratory Koshland OBrien CesarChavez EarthLibrary StudentUnion SutardjaDai StudentUnion EarthLibrary CesarChavez FoundersRock SproulPlaza UniversityHouse NorthGate OptometryLibrary Library OptometryLibrary NorthGate PhysicsLibrary MartinezCommons Investigative MartinezCommons BerkeleyLawLibrary VLSB HealthServices BanwayBuilding TAAP Warren PacificFilmArchive Warren TAAP BanwayBuilding HealthServices Durham FacultyClub
50
FacultyClub FacultyClub
IRLE IRLE
Cheit Cheit
Wheeler Wheeler
EarthquakeLibrary EarthquakeLibrary
Durham Durham
MartinezCommons MartinezCommons
UniversityHouse UniversityHouse
SproulPlaza SproulPlaza
OBrien OBrien
Koshland Koshland
MelvinLaboratory MelvinLaboratory
FPF FPF
Birge Birge
BioscienceLibrary BioscienceLibrary
Hilgard Hilgard
MediaCenter MediaCenter
ArtHistoryLibrary ArtHistoryLibrary
BancroftDance BancroftDance
Mulford Mulford
InternationalHouse InternationalHouse
EnergyBuilding EnergyBuilding
HearstGym HearstGym
Unit3 Unit3
Manville Manville
Jacobs Jacobs
Pimentel Pimentel
BrainImagingCenter BrainImagingCenter
Spieker Spieker
NewspapersLibrary NewspapersLibrary
LawrenceofScience LawrenceofScience
Etcheverry Etcheverry
DonnerLaboratory DonnerLaboratory
SpringerGateway SpringerGateway
CITRIS CITRIS
Morrison Morrison
Stephens Stephens
AndersenAuditorium AndersenAuditorium
StowPlaza StowPlaza
Sproul Sproul
AnthropologyLibrary AnthropologyLibrary
CareerCenter CareerCenter
EarthLibrary EarthLibrary
StudentUnion StudentUnion
SutardjaDai SutardjaDai
OptometryLibrary OptometryLibrary
Library Library
Investigative Investigative
Warren Warren
PacificFilmArchive PacificFilmArchive
