FacultyClub EarthquakeLibrary RSSBuilding Morrison RSSBuilding EarthquakeLibrary FacultyClub MLK Moses Minor EnvDesignLibrary BrainImagingCenter WooHonFai Bechtel Bowles AquaticCenter Chou Campanile Chou AquaticCenter MSRI SatherGate Koshland MathLibrary EllsworthParking ClarkKerrCampus Cal1CardOffice ClarkKerrCampus Kroeber OldArtGallery CITRIS BerkeleyLawLibrary HearstMining Zellerbach BanwayBuilding Sproul BanwayBuilding Zellerbach HearstMining BerkeleyLawLibrary CITRIS OldArtGallery Kroeber Spieker Kroeber ClarkKerrCampus EllsworthParking Hildebrand Mulford PhilosophyLibrary Cleary BancroftDance Giauque CalvinLaboratory Giauque BancroftDance Cleary PhilosophyLibrary Mulford Hildebrand EllsworthParking MathLibrary Koshland SatherGate MSRI LawSchool Boalt ArtHistoryLibrary Durham WomensFacultyClub HaasClubhouse Unit3 BerkeleyWayWest LatinAmerican BerkeleyWayWest NatrLaboratory DataLab CounselingLibrary Birge Classof54Gate Stephens OBrien Stephens Classof54Gate Birge CounselingLibrary LeConte Campbell IRLE SpringerGateway IRLE Campbell LeConte CounselingLibrary DataLab NatrLaboratory GraduateServices EngineeringLibrary FoundersRock SEAsianLibrary InsectaryGreenhouse BioscienceLibrary Jacobs Stanley HearstFountain GoldmanSchool VLSB GoldmanSchool HearstFountain Stanley Jacobs OptometryLibrary Jacobs BioscienceLibrary InsectaryGreenhouse RegionalLibrary Lewis RegionalLibrary InsectaryGreenhouse SEAsianLibrary FoundersRock Haas Warren OxfordResearchUnit UniversityHouse CesarChavez UniversityHouse OxfordResearchUnit Warren Haas FSM Durant FSM Blum JuliaMorgan SharedServices Wellman Simon EnergyBuilding IdaHouse EnergyBuilding Simon Wellman LiKaShingCenter Wheeler CareerCenter VLSBAddition SpaceLab Soda SpaceLab VLSBAddition CareerCenter Wheeler LiKaShingCenter Wellman SharedServices JuliaMorgan Blum FSM Haas FoundersRock EngineeringLibrary GraduateServices NatrLaboratory BerkeleyWayWest Unit3 HaasClubhouse WomensFacultyClub Durham ArtHistoryLibrary EastGate AlumniHouse EastGate ArtHistoryLibrary Boalt McCone VisitorCenter HearstFieldAnnex NewspapersLibrary AnthropologyLibrary StudentUnion LawrenceofScience SproulPlaza KoretVisitorCenter Underhill LowerHearstParking EarthLibrary NorthGate BusinessLibrary HearstGym Pimentel HearstGym BusinessLibrary NorthGate EarthLibrary TAAP Giannini Manville Giannini TAAP EarthLibrary LowerHearstParking University LudwigsFountain MusicLibrary ChildStudyCenter Parking EthnicLibrary Architects Senior Architects EthnicLibrary Hertz Foothill UCBExtension HearstGreekTheatre Unit1 Hilgard DonnerLaboratory Cory MediaCenter UpperHearstParking MediaCenter Cory DonnerLaboratory Hilgard HaasPavilion PEERLibrary Archaeological PEERLibrary HaasPavilion Hilgard Unit1 HearstGreekTheatre UCBExtension StowPlaza BancroftParking Barker PacificFilmArchive Cheit PacificFilmArchive MartinezCommons MemorialPool Demography VisualCenter Tan AndersenAuditorium Tan SummerSession MaxwellField Wurster PublicAffairs FoxCottage TennisCenter Davis InternationalHouse Davis TennisCenter FoxCottage PublicAffairs Wurster SimpsonCenter Wurster Latimer Wurster MaxwellField SummerSession Tan VisualCenter Demography MemorialPool MartinezCommons PacificFilmArchive Barker BancroftParking StowPlaza UCBExtension Foothill Hertz EthnicLibrary Parking ChildStudyCenter MusicLibrary LudwigsFountain ChanningBowditch MelvinLaboratory ChanningBowditch Investigative Hesse Investigative ChanningBowditch LudwigsFountain University LowerHearstParking Underhill JacksonHouse Etcheverry JacksonHouse Underhill KoretVisitorCenter SproulPlaza LawrenceofScience StudentUnion AnthropologyLibrary NewspapersLibrary HearstFieldAnnex VisitorCenter McCone Boalt LawSchool MSRI AquaticCenter Bowles Bechtel WooHonFai BrainImagingCenter SocialLibrary Barrows Gilman Morgan LBNL HealthServices LBNL EastAsianLibrary PhysicsLibrary EastAsianLibrary Evans EastAsianLibrary LBNL Morgan Gilman Barrows SocialLibrary BrainImagingCenter EnvDesignLibrary Minor Moses MLK BancroftLibrary Library FPF Library BancroftLibrary SutardjaDai BancroftLibrary MLK FacultyClub
100
FacultyClub FacultyClub
EarthquakeLibrary EarthquakeLibrary
Morrison Morrison
MLK MLK
BrainImagingCenter BrainImagingCenter
WooHonFai WooHonFai
Bechtel Bechtel
Bowles Bowles
AquaticCenter AquaticCenter
MSRI MSRI
Koshland Koshland
MathLibrary MathLibrary
CITRIS CITRIS
BerkeleyLawLibrary BerkeleyLawLibrary
BanwayBuilding BanwayBuilding
Sproul Sproul
Spieker Spieker
Hildebrand Hildebrand
Mulford Mulford
BancroftDance BancroftDance
Giauque Giauque
LawSchool LawSchool
Boalt Boalt
ArtHistoryLibrary ArtHistoryLibrary
Durham Durham
Unit3 Unit3
BerkeleyWayWest BerkeleyWayWest
LatinAmerican LatinAmerican
Birge Birge
Stephens Stephens
OBrien OBrien
LeConte LeConte
Campbell Campbell
IRLE IRLE
SpringerGateway SpringerGateway
EngineeringLibrary EngineeringLibrary
FoundersRock FoundersRock
SEAsianLibrary SEAsianLibrary
BioscienceLibrary BioscienceLibrary
Jacobs Jacobs
Stanley Stanley
HearstFountain HearstFountain
VLSB VLSB
OptometryLibrary OptometryLibrary
Warren Warren
UniversityHouse UniversityHouse
CesarChavez CesarChavez
Durant Durant
Wellman Wellman
EnergyBuilding EnergyBuilding
IdaHouse IdaHouse
Wheeler Wheeler
CareerCenter CareerCenter
Soda Soda
AlumniHouse AlumniHouse
McCone McCone
HearstFieldAnnex HearstFieldAnnex
NewspapersLibrary NewspapersLibrary
AnthropologyLibrary AnthropologyLibrary
StudentUnion StudentUnion
LawrenceofScience LawrenceofScience
SproulPlaza SproulPlaza
Underhill Underhill
EarthLibrary EarthLibrary
NorthGate NorthGate
HearstGym HearstGym
Pimentel Pimentel
TAAP TAAP
Manville Manville
EthnicLibrary EthnicLibrary
Senior Senior
HearstGreekTheatre HearstGreekTheatre
Hilgard Hilgard
DonnerLaboratory DonnerLaboratory
MediaCenter MediaCenter
UpperHearstParking UpperHearstParking
StowPlaza StowPlaza
PacificFilmArchive PacificFilmArchive
Cheit Cheit
MartinezCommons MartinezCommons
VisualCenter VisualCenter
AndersenAuditorium AndersenAuditorium
MaxwellField MaxwellField
FoxCottage FoxCottage
Davis Davis
InternationalHouse InternationalHouse
SimpsonCenter SimpsonCenter
Latimer Latimer
MelvinLaboratory MelvinLaboratory
Investigative Investigative
Etcheverry Etcheverry
SocialLibrary SocialLibrary
HealthServices HealthServices
EastAsianLibrary EastAsianLibrary
PhysicsLibrary PhysicsLibrary
Evans Evans
BancroftLibrary BancroftLibrary
Library Library
FPF FPF
SutardjaDai SutardjaDai
