0 13 92 8 28 8 9 19 43 54 58 54 85 54 43 60 43 19 81 19 11 1 11 31 11 40 90 40 11 35 68 35 11 19 9 8 92 13 2 13 0 6 12 67 49 97 46 61 46 93 74 89 30 23 32 23 5 20 73 44 73 76 78 76 99 76 73 42 48 38 16 38 56 26 56 38 17 24 3 24 45 59 69 95 69 59 45 75 18 75 45 24 17 52 33 22 47 22 33 57 62 57 33 52 17 25 17 38 48 42 73 70 86 70 73 20 71 79 55 39 10 39 41 82 29 82 41 39 55 79 71 20 5 4 5 53 5 23 30 89 74 93 46 97 49 67 12 50 12 6 0 7 77 7 0 63 88 63 0
47
28 28
43 43
58 58
85 85
81 81
11 11
1 1
31 31
2 2
6 6
67 67
97 97
46 46
61 61
89 89
30 30
23 23
32 32
73 73
44 44
76 76
78 78
99 99
48 48
16 16
26 26
17 17
24 24
3 3
45 45
59 59
95 95
47 47
57 57
62 62
25 25
70 70
86 86
10 10
41 41
82 82
29 29
4 4
53 53
50 50
77 77
88 88
