0 5 56 19 124 38 85 92 82 75 3 191 102 65 69 167 162 0 60 112 88 155 2 148 161 188 1 32 42 105 181 6 145 3 0 0 8 33 170 173 94 47 168 171 180 197 123 13 133 26 1 199 97 131 3 0 117 134 158 44 135 80 99 52 120 172 74 35 25 154 0 90 46 103 1 0 73 71 67 18 1 149 178 49 77 48 175 17 174 5 55 0 83 177 195 119 143 2 3 3 0 106 96 91 114 1 0 0 87 153 113 169 0
89
0 64 51 3 76 141 139 15 93 140 58
5 136
3 132
8 8
13 13
17 17
18 18
19 19
25 25
26 26
32 32
33 33
35 35
38 38
42 42
44 44
46 46
47 47
48 48
49 49
52 52
55 55
56 56
60 60
65 65
67 67
69 69
71 71
73 73
74 74
75 75
77 77
80 80
82 82
83 83
85 85
87 87
88 88
90 90
91 91
92 92
94 94
96 96
97 97
99 99
102 102
103 103
105 105
106 106
112 112
113 113
114 114
117 117
119 119
120 120
123 123
124 124
131 131
133 133
134 134
135 135
143 143
145 145
148 148
149 149
153 153
154 154
155 155
158 158
161 161
162 162
167 167
168 168
169 169
170 170
171 171
172 172
173 173
174 174
175 175
177 177
178 178
180 180
181 181
188 188
191 191
195 195
197 197
199 199
