1 99 55 53 95 42 64 12 16 81 4 53 6 47 87 27 90 8 79 25 4 159 31 159 14 22 63 22 66 13 69 30 141 12 51 35 58 35 57 52 136 55 123 68 76 79 32 152 90 85 60 157 10 54 65 91 189 43 45 166 92 62 92 18 114 26 128 75 65 54 10 77 49 77 10 54 80 26 48 89 2 143 47 87 96 176 18 100 194 23 13 8 10 97 24 37 155 27 145 84 28 82 52 98 52 46 89 2 61 147 85 33 59 44 40 44 88 149 78 3 55 99 74 92 50 184 27 87 32 87 22 14 67 14 159 39 71 9 111 28 83 167 67 41 72 43 45 20 80 70 40 45 79 37 164 4 4 56 30 63 36 86 164 94 52 82 11 24 37 50 17 177 76 7 1
86
53 21 53
55 19 3 55
152 5
10 73 10
27 36 34 27
92 74 92
22 87 22
159 101
111 9
45 16 20 45
37 29 37
4 38 4
30 56 30
36 93
24 11 24
177 17
2 2
6 6
7 7
8 8
12 12
13 13
14 14
15 15
18 18
23 23
25 25
26 26
28 28
31 31
32 32
33 33
35 35
39 39
40 40
41 41
42 42
43 43
44 44
46 46
47 47
48 48
49 49
50 50
51 51
52 52
54 54
57 57
58 58
59 59
60 60
61 61
62 62
63 63
64 64
65 65
66 66
67 67
68 68
69 69
70 70
71 71
72 72
75 75
76 76
77 77
78 78
79 79
80 80
81 81
82 82
83 83
84 84
85 85
86 86
88 88
89 89
90 90
91 91
94 94
95 95
96 96
97 97
98 98
99 99
100 100
