1 65 9 62 9 88 36 89 98 8 15 97 18 39 3 35 3 99 16 62 25 52 4 50 21 10 92 10 80 28 66 55 22 12 22 47 22 40 60 13 60 30 21 27 41 27 61 18 44 95 51 20 33 34 33 32 82 6 5 3 56 67 31 15 68 23 5 15 69 59 19 38 53 26 46 42 49 95 37 21 29 41 2 1 7 28 24 28 48 11 19 1 17 14 43 14 43 100 45 8 15 1
50
9 9
36 36
8 8
18 18
39 39
35 35
3 3
16 16
25 25
4 4
50 50
10 10
28 28
22 22
12 12
47 47
40 40
13 13
30 30
27 27
41 41
44 44
51 51
20 20
33 33
34 34
32 32
6 6
5 5
31 31
15 15
23 23
19 19
38 38
26 26
46 46
42 42
49 49
37 37
21 21
29 29
2 2
7 7
24 24
48 48
11 11
17 17
43 43
14 14
45 45
