159 77 140 149 76 184 184 76 149 149 23 194 23 149 140 14 56 156 156 56 93 65 65 93 154 154 179 16 13 63 121 166 27 27 27 173 152 172 172 119 67 162 162 67 119 129 78 96 56 14 140 77 159 22 95 57 64 177 111 111 111 177 64 130 107 189 32 79 170 158 74 158 92 114 114 92 189 8 193 53 137 127 109 180 109 127 142 46 46 142 129 41 20 87 91 139 71 15 129 142 127 61 127 137 137 137 76 149 4 44 44 131 88 29 29 50 108 94 1 101 25 45 72 45 25 138 69 171 10 66 36 36 66 10 10 171 69 69 138 81 30 30 81 164 6 52 156 156 81 81 138 25 101 137 53 193 153 5 102 102 102 5 153 193 193 8 189 117 48 182 47 148 51 65 98 32 189 59 100 100 139 71 157 157 147 59 189 107 134 107 130 64 57 63 13 63 121 63 57 95 22 159
66
77 190 77
184 165
149 4
194 21
156 31 52 156
56 96
65 98 26 51 65
154 2 154
27 145 169
173 133
172 126 172
162 191
119 86
14 97 14
111 128 34 111
177 174
79 3 79
158 99 158
74 185 74
114 35 114
92 116
127 146 167
180 122 180
46 37 192 46
137 85 101 137
44 60
29 88
108 38
72 7 72
36 17 36
10 200 10
69 155
30 11
164 43
81 28
53 132 53
102 82 123 102
193 24 193
8 178
100 181 199 100
157 71 157
147 40
134 120 134
13 106 13
15 15
32 32
107 107
76 76
93 93
63 63
47 47
45 45
138 138
64 64
41 41
61 61
121 121
87 87
48 48
140 140
148 148
59 59
139 139
109 109
22 22
6 6
