33 20 73 42 83 98 98 91 46 45 21 14 50 35 22 22 35 80 20 100 100 100 20 33 86 64 76 26 43 5 35 80 9 10 90 90 10 9 14 11 86 60 67 69 38 52 52 38 32 6 81 6 32 89 14 63 17 27 27 17 63 63 14 97 14 11 69 38 37 79 36 53 71 71 53 36 99 19 50 99 36 79 37 37 38 69 69 69 67 54 67 60 31 16 94 94 16 39 82 39 16 29 16 31 60 86 33
33
98 13
46 75
22 2 22
20 80 15 20
100 11 95 100
35 7 35
90 68
11 50
52 65 52
81 61
27 23
63 12 17 63
97 8 97
71 48
50 19
37 51
69 88 34 69
67 57 67
54 30 54
94 25 47 94
82 40 82
60 60
31 31
79 79
89 89
9 9
5 5
86 86
26 26
10 10
42 42
64 64
29 29
