Home141 Home109 Home20 Home149 Home88 Home11 Home49 Home47 Home150 Home36 Home103 Home156 Home45 Home156 Home163 Home170 Home165 Home79 Home110 Home40 Home83 Home27 Home111 Home34 Home178 Home100 Home67 Home42 Home32 Home42 Home7 Home24 Home43 Home24 Home170 Home101 Home87 Home135 Home120 Home89 Home3 Home157 Home92 Home105 Home52 Home11 Home22 Home114 Home73 Home73 Home73 Home28 Home35 Home17 Home25 Home66 Home91 Home115 Home120 Home69 Home179 Home44 Home96 Home29 Home29 Home154 Home128 Home6 Home163 Home156 Home160 Home30 Home51 Home147 Home63 Home44 Home53 Home164 Home53 Home174 Home86 Home5 Home5 Home78 Home122 Home143 Home82 Home26 Home4 Home26 Home121 Home75 Home81 Home130 Home134 Home62 Home62 Home7 Home42 Home131 Home16 Home128 Home65 Home89 Home89 Home119 Home119 Home134 Home2 Home2 Home97 Home53 Home109 Home145 Home15 Home53 Home44 Home34 Home34 Home176 Home52 Home52 Home8 Home5 Home35 Home6 Home74 Home25 Home92 Home9 Home12 Home140 Home31 Home67 Home6 Home131 Home2 Home64 Home95 Home76 Home105 Home152 Home73 Home28 Home126 Home20 Home109 Home141
71
Home141 Home15
Home49 Home136
Home32 Home125 Home32
Home101 Home4
Home11 Home13 Home11
Home73 Home106 Home114 Home161
Home179 Home69
Home29 Home37 Home48
Home5 Home124 Home167 Home5
Home78 Home144
Home4 Home177
Home130 Home81
Home62 Home152 Home62
Home7 Home127 Home7
Home16 Home112 Home16
Home65 Home60
Home89 Home3 Home89
Home119 Home55
Home2 Home132
Home53 Home97 Home53
Home145 Home171
Home44 Home63 Home44
Home34 Home173 Home34
Home52 Home176
Home92 Home25 Home92
Home140 Home50
Home131 Home172 Home131
Home152 Home105
Home28 Home1
Home157 Home157
Home110 Home110
Home154 Home154
Home91 Home91
Home20 Home20
Home126 Home126
Home88 Home88
Home31 Home31
Home35 Home35
Home122 Home122
Home156 Home156
Home149 Home149
Home164 Home164
Home45 Home45
Home82 Home82
Home76 Home76
Home83 Home83
Home147 Home147
Home100 Home100
Home51 Home51
Home143 Home143
Home135 Home135
Home47 Home47
Home86 Home86
Home134 Home134
Home64 Home64
Home128 Home128
Home165 Home165
Home27 Home27
Home36 Home36
Home103 Home103
Home74 Home74
Home120 Home120
Home170 Home170
Home67 Home67
Home75 Home75
Home66 Home66
Home26 Home26
Home96 Home96
Home43 Home43
Home111 Home111
Home87 Home87
