K AL AX A CK CV R E AU H AZ BJ BM AW AK A C AI P BQ Q BE G BT M AH B A BV AG BY D AF J D H AR E C C CS B F AS F AP U A CU AT B AJ BC N CA Z H CE CP B BZ B A CI AO CJ CM BI I BB AC O C BU BS CC BF B W B AQ BA AB A BN BK CD B BO AA Y BG X L E C C F CN CF S F D AN D BP E C G AY E CQ CT BR BL G B BX AD A
86
H CO CL H
C BW AE AM BH BD C
A AV V CB A
F CG CR F
G T G
B CH B
D D
E E
I I
J J
K K
L L
M M
N N
O O
P P
Q Q
R R
S S
U U
W W
X X
Y Y
Z Z
AA AA
AB AB
AC AC
AD AD
AF AF
AG AG
AH AH
AI AI
AJ AJ
AK AK
AL AL
AN AN
AO AO
AP AP
AQ AQ
AR AR
AS AS
AT AT
AU AU
AW AW
AX AX
AY AY
AZ AZ
BA BA
BB BB
BC BC
BE BE
BF BF
BG BG
BI BI
BJ BJ
BK BK
BL BL
BM BM
BN BN
BO BO
BP BP
BQ BQ
BR BR
BS BS
BT BT
BU BU
BV BV
BX BX
BY BY
BZ BZ
CA CA
CC CC
CD CD
CE CE
CF CF
CI CI
CJ CJ
CK CK
CM CM
CN CN
CP CP
CQ CQ
CS CS
CT CT
CU CU
CV CV
