lllIl1I 11IIII1 11Il1l1 l1IllI1 1llI111 lll1I1l lIllIll 11lI11I lll1111 11lII11 1l1lIlI l1lll11 l1Ill11 l1lllll lI1l111 1I11Ill ll111ll 11111lI lI1Ill1 Il11II1 l1IIl1l I11111l l1IIl1l 1I1l1Il 1IlIl1I 1lllIII I1ll1II IlI1Il1 I11I111 ll111ll 11lI11I 1I1IIIl III1llI lII111l I1Ill1I 1ll1ll1 lIlllIl 11lI11I 1l11lII 11I1llI IlI1II1 lI11III Il1Il1I IIlIllI I11lIlI Ill1I11 III111I IlI1II1 1I1I1lI l1I111I 1lIl11I l1IIl1l 1Il1lIl I1lIlII Ill11II I1lIlII Ill11I1 l1III1I l1IIl1l I1llII1 l1IIl1l 1111I11 111lI1I 111l1II IlIl1I1 IIlI1lI lIIl11l II11l1l lIl111I l1IIl1l IlIIIIl l1IIl1l IIl1l1I I1llll1 l1IIl1l lIIlII1 1lllIII 1I1I1l1 II1Il1I Ill11I1 llIIII1 l1l1l1l I11I11l l1IIl1l I111I1I 11Il111 l1IIl1l I11lIlI l1l11l1 11lI11I llI1lII I1lIlII lllllII l1IIl1l 1I1lllI lllIl1I
50
11IIII1 11IIII1
l1IllI1 l1IllI1
1llI111 1llI111
lll1I1l lll1I1l
lIllIll lIllIll
1l1lIlI 1l1lIlI
l1lll11 l1lll11
l1Ill11 l1Ill11
l1lllll l1lllll
lI1l111 lI1l111
1I11Ill 1I11Ill
11111lI 11111lI
l1IIl1l l1IIl1l
I11111l I11111l
1I1l1Il 1I1l1Il
1IlIl1I 1IlIl1I
I1ll1II I1ll1II
IlI1Il1 IlI1Il1
I11I111 I11I111
ll111ll ll111ll
III1llI III1llI
lII111l lII111l
11lI11I 11lI11I
1l11lII 1l11lII
IlI1II1 IlI1II1
lI11III lI11III
Il1Il1I Il1Il1I
IIlIllI IIlIllI
Ill1I11 Ill1I11
III111I III111I
1I1I1lI 1I1I1lI
l1I111I l1I111I
1lIl11I 1lIl11I
Ill11II Ill11II
I1llII1 I1llII1
111lI1I 111lI1I
lIIl11l lIIl11l
II11l1l II11l1l
lIl111I lIl111I
IIl1l1I IIl1l1I
I1llll1 I1llll1
lIIlII1 lIIlII1
1I1I1l1 1I1I1l1
II1Il1I II1Il1I
llIIII1 llIIII1
I11I11l I11I11l
I111I1I I111I1I
l1l11l1 l1l11l1
llI1lII llI1lII
1I1lllI 1I1lllI
