IIII1I1 II1I1Il I1I1111 IIllIl1 IIII1ll IIIllll IIl11ll llIIl1l 11lI11I l1IlIl1 11IIl1I IIII1ll l1IlIII III1lII 1IlII1I Il1I11l 1IlII1I I1I11I1 IIII1ll lIIIllI IlllI11 IIIlI1l IIlIIII IIIlI1l lI1l1II 11I1Ill lIlllll 11I1Ill 1lI11l1 1lIIl11 II111I1 lll1lII 11I1lll 1IIlIIl lI11l1l 1ll1llI 11I1Ill IIIlI1l lll1lII 1l111II lll1lII I1I111I IIlIlI1 IIllIl1 IIl1l11 lll1lII I11IIlI lll1lII lII1I11 lll1lII IIII1I1
25
II1I1Il II1I1Il
I1I1111 I1I1111
IIllIl1 IIllIl1
11lI11I 11lI11I
l1IlIl1 l1IlIl1
11IIl1I 11IIl1I
IIII1ll IIII1ll
l1IlIII l1IlIII
III1lII III1lII
1IlII1I 1IlII1I
lIIIllI lIIIllI
IlllI11 IlllI11
IIlIIII IIlIIII
lI1l1II lI1l1II
lIlllll lIlllll
1lI11l1 1lI11l1
II111I1 II111I1
11I1lll 11I1lll
1IIlIIl 1IIlIIl
lI11l1l lI11l1l
11I1Ill 11I1Ill
I1I111I I1I111I
IIlIlI1 IIlIlI1
I11IIlI I11IIlI
lII1I11 lII1I11
