36 20 76 20 36 53 21 53 36 24 80 24 36 3 91 3 36 96 35 96 36 48 36 99 58 99 36 52 89 52 36 67 66 67 36 72 10 72 36 28 16 28 36 62 34 62 36 71 36 33 73 33 36 23 18 23 36 90 50 90 36 38 11 38 36 63 44 63 36 86 25 86 36 82 7 82 36 68 4 68 36 79 74 79 36 5 36 30 36 56 36 43 36 26 6 26 36 92 36 46 45 46 36 27 61 27 36 57 17 57 36 37 36 41 36 47 0 47 36 12 77 12 36 93 40 93 36 49 59 49 36 42 36 98 36 15 36 29 36 78 36 51 36 19 36 88 36 81 36 55 36 32 60 32 39 32 36 65 36
50
76 76
21 21
80 80
91 91
35 35
48 48
58 58
89 89
66 66
10 10
16 16
34 34
71 71
73 73
18 18
50 50
11 11
44 44
25 25
7 7
4 4
74 74
5 5
30 30
56 56
43 43
6 6
92 92
45 45
61 61
17 17
37 37
41 41
0 0
77 77
40 40
59 59
42 42
98 98
15 15
29 29
78 78
51 51
19 19
88 88
81 81
55 55
60 60
39 39
65 65
