50 164 50 40 50 152 27 152 50 97 88 97 50 181 50 6 161 6 50 37 80 37 50 83 50 145 177 145 50 113 50 93 89 93 50 171 144 171 50 106 53 106 50 94 125 94 50 2 23 2 50 192 118 192 50 61 50 172 50 102 50 162 50 119 157 119 50 173 121 173 50 187 50 9 50 133 50 73 153 73 50 129 50 126 50 148 50 115 50 180 50 79 69 79 50 38 50 169 50 22 101 22 50 185 50 100 195 100 50 71 50 120 50 57 50 136 50 49 50 197 50 63 99 63 50 75 54 75 50 18 50 111 50 105 44 105 50 132 25 132 50 39 1 39 50 76 50 137 124 137 50 70 110 70 50 21 31 21 50 3 29 3 50 12 85 12 50 178 141 178 50 138 50 182 50 87 77 87 50 41 50 127 50 128 50 134 50 65 198 65 50 199 143 199 50 142 50 11 176 11 50 64 30 64 50 90 123 90 50 14 50 16 117 16 50 149 82 149 50 86 50 15 51 15 50 34 112 34 50 167 78 167 50 10 50 156 50 163 146 163 50 186 50 45 55 45 50 4 50 56 50 47 50 179 50 92 50 108 50 13 50 139 50 7 50 96 50 36 50 81 50 107 50 0 50 170 50 147 50 109 62 109 84 109 50
100
164 164
40 40
27 27
88 88
181 181
161 161
80 80
83 83
177 177
113 113
89 89
144 144
53 53
125 125
23 23
118 118
61 61
172 172
102 102
162 162
157 157
121 121
187 187
9 9
133 133
153 153
129 129
126 126
148 148
115 115
180 180
69 69
38 38
169 169
101 101
185 185
195 195
71 71
120 120
57 57
136 136
49 49
197 197
99 99
54 54
18 18
111 111
44 44
25 25
1 1
76 76
124 124
110 110
31 31
29 29
85 85
141 141
138 138
182 182
77 77
41 41
127 127
128 128
134 134
198 198
143 143
142 142
176 176
30 30
123 123
14 14
117 117
82 82
86 86
51 51
112 112
78 78
10 10
156 156
146 146
186 186
55 55
4 4
56 56
47 47
179 179
92 92
108 108
13 13
139 139
7 7
96 96
36 36
81 81
107 107
0 0
170 170
147 147
62 62
84 84
