Satish ENMF PYD9SISJI KRM4B 92R432 3YAJ48L8DT AK5DQ3 3YAJ48L8DT 92R432 KRM4B VFRT26 1BZLEM U0958 TAI8UPP PTL1QU OK29GJ BBFYA9B OXWYDF NSBI 2J5C Z6H98 ER2YSPML1C Z6H98 2J5C JTT8198QPE 4INC2D8SDN JTT8198QPE 2J5C NSBI OXWYDF BBFYA9B OK29GJ UVP4WIKK OK29GJ PTL1QU TAI8UPP U0958 8U5UW BVNZ FS1RWBVR7 BVNZ 399VM5PU6 BVNZ 8U5UW U0958 1BZLEM YXBMACC VPQ3SCZD ZRYV5F 1ILZRYDHY WZ1MC3189 KSHB2KG RQ6902O3P TBFPZEBP ICTGXV TBFPZEBP RQ6902O3P KSHB2KG WZ1MC3189 1ILZRYDHY ZRYV5F VPQ3SCZD 9XFF VPQ3SCZD YXBMACC 1BZLEM VFRT26 KRM4B PYD9SISJI ENMF R6VBAVZ0B PTWCQ ZY9VPYMXA PZMGYZL LGBBG 00P07 AGSA2I 00P07 LGBBG PZMGYZL ZY9VPYMXA PTWCQ R6VBAVZ0B ENMF Satish
25
PYD9SISJI PYD9SISJI
KRM4B KRM4B
92R432 92R432
VFRT26 VFRT26
1BZLEM 1BZLEM
PTL1QU PTL1QU
BBFYA9B BBFYA9B
OXWYDF OXWYDF
NSBI NSBI
Z6H98 Z6H98
ER2YSPML1C ER2YSPML1C
4INC2D8SDN 4INC2D8SDN
UVP4WIKK UVP4WIKK
FS1RWBVR7 FS1RWBVR7
399VM5PU6 399VM5PU6
YXBMACC YXBMACC
ZRYV5F ZRYV5F
WZ1MC3189 WZ1MC3189
KSHB2KG KSHB2KG
ICTGXV ICTGXV
9XFF 9XFF
R6VBAVZ0B R6VBAVZ0B
PTWCQ PTWCQ
ZY9VPYMXA ZY9VPYMXA
PZMGYZL PZMGYZL
