92 8 79 26 0 26 71 26 6 99 9 74 11 74 9 91 5 12 50 12 5 91 29 82 29 43 29 21 29 91 9 2 52 64 52 2 95 2 9 99 6 26 79 8 38 25 73 76 49 63 20 53 44 75 62 59 62 75 44 80 60 40 7 40 60 36 60 80 44 70 65 86 17 86 65 70 44 53 20 63 49 84 16 46 10 35 34 14 15 54 31 77 31 41 56 1 47 1 57 1 56 41 31 54 15 14 34 94 34 35 10 46 16 24 30 67 30 27 30 24 16 84 49 76 73 25 22 23 32 83 32 23 22 25 38 8 89 8 92 37 92
50
92 92
79 79
26 26
71 71
6 6
9 9
74 74
11 11
91 91
12 12
50 50
29 29
82 82
43 43
21 21
2 2
95 95
38 38
25 25
73 73
76 76
20 20
44 44
75 75
59 59
80 80
60 60
40 40
36 36
65 65
84 84
16 16
46 46
14 14
15 15
54 54
31 31
77 77
41 41
56 56
47 47
57 57
94 94
24 24
30 30
67 67
22 22
83 83
89 89
37 37
