129 83 130 36 83 92 137 9 161 80 84 101 4 11 4 81 158 141 50 13 111 142 111 30 66 107 100 105 192 105 157 29 157 195 85 6 51 56 99 156 95 59 25 196 140 151 114 108 125 42 21 61 26 128 190 177 65 0 145 15 0 82 0 160 27 126 39 178 26 163 64 72 97 96 63 96 76 96 87 33 5 40 88 2 91 20 191 53 49 155 17 8 48 123 57 150 121 171 121 143 16 188 61 79 152 14 110 10 31 55 194 23 32 98 109 46 180 12 103 12 89 137 197 92 183 47 62 47 58 47 116 44 86 174 45 175 30 184 30 122 50 189 63 129
100
180 180
161 161
142 142
121 121
11 11
5 5
150 150
53 53
97 97
189 189
2 2
87 87
95 95
183 183
128 128
65 65
17 17
174 174
122 122
40 40
48 48
110 110
23 23
125 125
36 36
158 158
101 101
56 56
63 63
84 84
195 195
50 50
123 123
33 33
160 160
100 100
98 98
152 152
137 137
156 156
55 55
130 130
15 15
163 163
184 184
62 62
29 29
175 175
51 51
107 107
92 92
103 103
145 145
0 0
49 49
171 171
126 126
16 16
114 114
188 188
155 155
91 91
21 21
157 157
88 88
58 58
61 61
196 196
96 96
177 177
191 191
99 99
85 85
178 178
26 26
194 194
89 89
76 76
59 59
8 8
105 105
6 6
39 39
66 66
109 109
151 151
108 108
25 25
14 14
190 190
13 13
44 44
81 81
9 9
64 64
82 82
4 4
192 192
57 57
197 197
