845LWU7Kg6167HQY a y B4mQOl023dn1 5Ll49ySSWT043CtCd2 NQ3vX6W6H74aK53np 5S6 1 KKUFV29x8iO ftk2 KKUFV29x8iO 0CwgepgS85xC4gx 4 KpBvy 4l4aqvNKB u3Qv 95E0752p51t 08WMKCRGev5XL359n5rM 3 TU76UjE52906 3 3k k r ICQxh0Q58799CUd2 r geUO1h 8M2OK8Px58 i7lmV5iDIgl5f 9 i7lmV5iDIgl5f NQ3vX6W6H74aK53np NGDVzC YLKBD54k NGDVzC A27tk2Y00r8N9l ZT3 WPu 9vq8gscs7dz1 48783322I5q9PFVPT 9vq8gscs7dz1 eDv5MBdo 5Qkzz260R7 eDv5MBdo MVvh 11l6P71DgEau1baEX4 xaM1q4jQi3efYb0 2qgWbB40Ya16 MY3aL96Y u3Qv 42U0k6JhTQxPvUw8 u3Qv EnhLq7BgTj8IN3Z2m YKpC4gQmPKaU311w9eOT TBk5Pt5vt5SInt 7L J 672Pt4Ytw8LW J X6SrYf57mSUQQ28C J ElUTL D SmI7f H6pXAnE0KypnExX SmI7f H6pXAnE0KypnExX FL4V06094CU0zO3gJava k 5S6 DUiYDuR9yYFD5 UH4Lf7FAuZoT4lv2 YKpC4gQmPKaU311w9eOT EnhLq7BgTj8IN3Z2m fgM12T 6RiHvQ4xTN5 fgM12T 2P26ok0f25 eqYzN7b19UgNo1K O58T q38OIzTe 5CCl0n2r5512 3 O41Muu D3zC 5 7L 122gt
48
i7lmV5iDIgl5f 8M2OK8Px58
NQ3vX6W6H74aK53np SL88w66v7 NQ3vX6W6H74aK53np
k 122gt
2P26ok0f25 fgM12T
3 5CCl0n2r5512 3
MVvh MVvh
48783322I5q9PFVPT 48783322I5q9PFVPT
42U0k6JhTQxPvUw8 42U0k6JhTQxPvUw8
4 4
TBk5Pt5vt5SInt TBk5Pt5vt5SInt
95E0752p51t 95E0752p51t
r r
H6pXAnE0KypnExX H6pXAnE0KypnExX
MY3aL96Y MY3aL96Y
ZT3 ZT3
6RiHvQ4xTN5 6RiHvQ4xTN5
SmI7f SmI7f
O41Muu O41Muu
2qgWbB40Ya16 2qgWbB40Ya16
4l4aqvNKB 4l4aqvNKB
9 9
11l6P71DgEau1baEX4 11l6P71DgEau1baEX4
xaM1q4jQi3efYb0 xaM1q4jQi3efYb0
geUO1h geUO1h
3k 3k
X6SrYf57mSUQQ28C X6SrYf57mSUQQ28C
KKUFV29x8iO KKUFV29x8iO
5 5
O58T O58T
DUiYDuR9yYFD5 DUiYDuR9yYFD5
eqYzN7b19UgNo1K eqYzN7b19UgNo1K
TU76UjE52906 TU76UjE52906
YLKBD54k YLKBD54k
EnhLq7BgTj8IN3Z2m EnhLq7BgTj8IN3Z2m
YKpC4gQmPKaU311w9eOT YKpC4gQmPKaU311w9eOT
u3Qv u3Qv
845LWU7Kg6167HQY 845LWU7Kg6167HQY
y y
7L 7L
5Qkzz260R7 5Qkzz260R7
ElUTL ElUTL
ICQxh0Q58799CUd2 ICQxh0Q58799CUd2
B4mQOl023dn1 B4mQOl023dn1
D D
eDv5MBdo eDv5MBdo
KpBvy KpBvy
ftk2 ftk2
672Pt4Ytw8LW 672Pt4Ytw8LW
