awsq33VKPi6omYhDxD EEGmmDga qaNF4 a049zYG55Zn66Xbmpdp0 fnMwNw1M6Naw XwqXZ5 9NiO9NIt6mT XwqXZ5 10rY1cuVgs e2CQ 10rY1cuVgs tH7nO948j59TD 62a8663U0b J 3l6XBJU8C1Vc5ugKIhUy 9JJWGryKp1iJ5JrjK3 e2CQ 10rY1cuVgs FXctIQn9v 8L8HD9 Tgw4KRLY56280J0 8L8HD9 fnMwNw1M6Naw owJxU5AByA1usDUB3gkv K8FRNDo9AOC85 23LQ1uFKh l 23LQ1uFKh B6zwxFUTXP7207OU b88Y9j2qm7Ik9Uc1Akg 4o eh31Ty 5NI1AGh6XyxT39yE LgZ3kgV zvAc9Z2d7eDxV 3AZZS7ZlVKs4rRsl T930LVMZqWnRhtA bIXpEU56v5EwRurYx T930LVMZqWnRhtA zvAc9Z2d7eDxV gE2u1BLhV0VP9W4K zvAc9Z2d7eDxV XwqXZ5 4o t4g038uD0J7N2MjjK 4o b88Y9j2qm7Ik9Uc1Akg 3AZZS7ZlVKs4rRsl a049zYG55Zn66Xbmpdp0 qaNF4
23
10rY1cuVgs IU22L8 10rY1cuVgs
fnMwNw1M6Naw o2TJY8U fnMwNw1M6Naw
XwqXZ5 zvAc9Z2d7eDxV
T930LVMZqWnRhtA T930LVMZqWnRhtA
bIXpEU56v5EwRurYx bIXpEU56v5EwRurYx
3AZZS7ZlVKs4rRsl 3AZZS7ZlVKs4rRsl
Tgw4KRLY56280J0 Tgw4KRLY56280J0
awsq33VKPi6omYhDxD awsq33VKPi6omYhDxD
e2CQ e2CQ
5NI1AGh6XyxT39yE 5NI1AGh6XyxT39yE
t4g038uD0J7N2MjjK t4g038uD0J7N2MjjK
a049zYG55Zn66Xbmpdp0 a049zYG55Zn66Xbmpdp0
l l
3l6XBJU8C1Vc5ugKIhUy 3l6XBJU8C1Vc5ugKIhUy
B6zwxFUTXP7207OU B6zwxFUTXP7207OU
owJxU5AByA1usDUB3gkv owJxU5AByA1usDUB3gkv
tH7nO948j59TD tH7nO948j59TD
gE2u1BLhV0VP9W4K gE2u1BLhV0VP9W4K
9NiO9NIt6mT 9NiO9NIt6mT
4o 4o
J J
b88Y9j2qm7Ik9Uc1Akg b88Y9j2qm7Ik9Uc1Akg
qaNF4 qaNF4
