AyBBdkPvTTt19wqt 0b 3505 0b 4932 jxDm QE9dXn5y6j2YYh eZEbm QE9dXn5y6j2YYh iT7 TMULg iT7 QE9dXn5y6j2YYh jxDm 6c1qFsEg9xI 2mk9O8P6 SdP9W8WRSw kg8257p31rTQvRWjGF NU7gnWcAs4nq66FS E76twn5gNBei01uh2PkH 2a5Zkf5zd4Va3 Q P6C89a32 2P201UD8Q EL5n1KQ3kn Ut7hqt9A EL5n1KQ3kn Q2PY RYtkT5 usTG0We6G9WDs7Dk RYtkT5 8Qe2lSUyQa RYtkT5 Q2PY 3 3z4E IEtn6zEV03H3 pwvBbQ870l3Io2K iFF184 pwvBbQ870l3Io2K IEtn6zEV03H3 r9qUrqog71Fz9gx d5P0NXv8 tbwtQej 2T6osNpb4 6qc68848myvIqoZWw 2l90gxx61rTb0CbF 5tQKcAo3 ymzG1qC7YsJFFmeog nOMN589D7t0QjhnBj3wn 5nYY46YfUGovj XMV256fk Tk46 Le6BO3R d Le6BO3R b817BTo6GdPc96ig2 wUtvmN9V14Vw0fcE01F ywj3aNhyxUH wUtvmN9V14Vw0fcE01F 1utCvCS3yEzt0HBbKt I4640OD Ja 8s3AAaGRDoeQCE9 q7Ehaiz je0uE0UV r9qUrqog71Fz9gx x60I798qq0Sq6Xdc9s0 SdP9W8WRSw PdNbuD3b97N264 L46h8MG90TBpA8v9 PdNbuD3b97N264 d c2m39UUoMb 2P201UD8Q c3x9Cmq8W5oa57mjASv 2P201UD8Q Fe5xMwq0a8 MEv16358FQ yd7324WTF aCCE yd7324WTF MEv16358FQ E76twn5gNBei01uh2PkH 2a5Zkf5zd4Va3 O73Lh6 Han188Ox EnmWLiDA9NE89oNUTbx CDuc4XdY7zp TMULg iT7 WD8QxBAx49P Q 336P8 J68F52raS3n1L6ZYK x60I798qq0Sq6Xdc9s0 MjwmiyLlZn thypPB22BchO3Od9 MjwmiyLlZn 68ZC6T1G2o9Q95CKs MjwmiyLlZn x60I798qq0Sq6Xdc9s0 0IBy7AQ154pMIDBr2E 8kQ991Y80Dy 4B5uWNh7Dl3lRP khC P6C89a32 Q 2mk9O8P6 8kQ991Y80Dy 0IBy7AQ154pMIDBr2E 2mk9O8P6 Ut7hqt9A Fe5xMwq0a8 MEv16358FQ Rf0x16WtfDv 5nYY46YfUGovj 7tAK5gvusa66TB8HH7nq nw566uv 1CYyNxk8m7fToc6XLW7T mmF 1wF6 P6C89a32 2P201UD8Q 6v326555i1Io5Z IEtn6zEV03H3 I4640OD Ja 36Y155M7F1ZG8 JbMQX8p9 AcC1Sh8w37Px0m 8w6aRuq J68F52raS3n1L6ZYK x60I798qq0Sq6Xdc9s0 O7W5C8z8H93l Ru0A1pKIpZYWG A 1e90fR0FtB7Ev156y Iqcp2LHc0iz446x59 RYtkT5 Q2PY P GXFdnTo0Mk b6DdFnSk8qdk45 6nB9xzJ7b5115Qu5 b19692 2qbTYSv3J EL5n1KQ3kn Q2PY JBYT6heC6yE4 GXFdnTo0Mk 7DmqFE 360B15fOiy1XBl 1MHxxU Ja 360B15fOiy1XBl 360B15fOiy1XBl MEv16358FQ Rf0x16WtfDv dQnWD4K3Y uF131buM7L27 0Lw86e dUdv 0Lw86e I6 o83v2nI1sQs I6 6v326555i1Io5Z 2P201UD8Q Nstvw8dF9rhja 1MHxxU 920ucA0jXEv o88qO93T 2T6osNpb4 2P201UD8Q c2m39UUoMb 2YlhGrefFhV6JLtw 5tQKcAo3 o 7d2Q05crlPi o A6gMJKsUfUSuEI76 o 5tQKcAo3 q 8tvL5MpO9J735t q 1CYyNxk8m7fToc6XLW7T gv3T5z4 98E9ia5 89ukpivGhdck21Krrh40 8w6aRuq s8xx0T2h EL5n1KQ3kn 2qbTYSv3J QyqY4vHYw8HuZ1xqo LK1h2AhdhXWb7Czrr d c2m39UUoMb w22P6su70O6jf3FJ EL5n1KQ3kn EL5n1KQ3kn Ut7hqt9A EL5n1KQ3kn 2qbTYSv3J FR3SCSFtuk055ORI T4EKg4Vc Rf0x16WtfDv MEv16358FQ yd7324WTF aCCE yd7324WTF DqfU93360y3I66U0 9q06155efQSN DqfU93360y3I66U0 Tk46 88e7 gv3T5z4 98E9ia5 KIOJyBXM922ydZA5 7DmqFE ymzG1qC7YsJFFmeog T8C17MZ6g69gmQ FKWv88jkw79me jxDm vRH6pA1I75N1 1MHxxU w22P6su70O6jf3FJ
86
jxDm vRH6pA1I75N1 jxDm
SdP9W8WRSw qGr382CkPK997QVHAL SdP9W8WRSw
iT7 9o4t
2mk9O8P6 v
Ut7hqt9A XQxkrBxnI p772t3OLqj Ut7hqt9A
5nYY46YfUGovj XMV256fk 5nYY46YfUGovj
IEtn6zEV03H3 e1M0JsNJ5 IEtn6zEV03H3
Iqcp2LHc0iz446x59 1e90fR0FtB7Ev156y
EL5n1KQ3kn PELS5 659Cx MJ2l1N0ojTC
360B15fOiy1XBl TByQ7zH089 hG8udpL53V
MEv16358FQ L7Mfs3034VwaB7kd3Z MEv16358FQ
2P201UD8Q 6v326555i1Io5Z 2P201UD8Q
2T6osNpb4 85682ijoufq1DW 2T6osNpb4
d 2Et5UN6ZJ19iz d
aCCE QqvW51K9Cm aCCE
Rf0x16WtfDv Rf0x16WtfDv
d5P0NXv8 d5P0NXv8
ywj3aNhyxUH ywj3aNhyxUH
khC khC
7DmqFE 7DmqFE
thypPB22BchO3Od9 thypPB22BchO3Od9
6qc68848myvIqoZWw 6qc68848myvIqoZWw
b19692 b19692
FR3SCSFtuk055ORI FR3SCSFtuk055ORI
JBYT6heC6yE4 JBYT6heC6yE4
3z4E 3z4E
KIOJyBXM922ydZA5 KIOJyBXM922ydZA5
4B5uWNh7Dl3lRP 4B5uWNh7Dl3lRP
o83v2nI1sQs o83v2nI1sQs
1wF6 1wF6
nOMN589D7t0QjhnBj3wn nOMN589D7t0QjhnBj3wn
RYtkT5 RYtkT5
Q2PY Q2PY
E76twn5gNBei01uh2PkH E76twn5gNBei01uh2PkH
4932 4932
q7Ehaiz q7Ehaiz
MjwmiyLlZn MjwmiyLlZn
usTG0We6G9WDs7Dk usTG0We6G9WDs7Dk
L46h8MG90TBpA8v9 L46h8MG90TBpA8v9
q q
2YlhGrefFhV6JLtw 2YlhGrefFhV6JLtw
Q Q
pwvBbQ870l3Io2K pwvBbQ870l3Io2K
FKWv88jkw79me FKWv88jkw79me
b6DdFnSk8qdk45 b6DdFnSk8qdk45
iFF184 iFF184
9jWI53P36dh95 9jWI53P36dh95
uF131buM7L27 uF131buM7L27
36Y155M7F1ZG8 36Y155M7F1ZG8
8w6aRuq 8w6aRuq
89ukpivGhdck21Krrh40 89ukpivGhdck21Krrh40
T8C17MZ6g69gmQ T8C17MZ6g69gmQ
3 3
yd7324WTF yd7324WTF
gv3T5z4 gv3T5z4
eZEbm eZEbm
NU7gnWcAs4nq66FS NU7gnWcAs4nq66FS
2l90gxx61rTb0CbF 2l90gxx61rTb0CbF
Han188Ox Han188Ox
EnmWLiDA9NE89oNUTbx EnmWLiDA9NE89oNUTbx
920ucA0jXEv 920ucA0jXEv
Tk46 Tk46
9q06155efQSN 9q06155efQSN
b817BTo6GdPc96ig2 b817BTo6GdPc96ig2
P P
A6gMJKsUfUSuEI76 A6gMJKsUfUSuEI76
J68F52raS3n1L6ZYK J68F52raS3n1L6ZYK
6c1qFsEg9xI 6c1qFsEg9xI
r9qUrqog71Fz9gx r9qUrqog71Fz9gx
P6C89a32 P6C89a32
dUdv dUdv
c3x9Cmq8W5oa57mjASv c3x9Cmq8W5oa57mjASv
7d2Q05crlPi 7d2Q05crlPi
8Qe2lSUyQa 8Qe2lSUyQa
8tvL5MpO9J735t 8tvL5MpO9J735t
I4640OD I4640OD
O7W5C8z8H93l O7W5C8z8H93l
I6 I6
kg8257p31rTQvRWjGF kg8257p31rTQvRWjGF
3505 3505
68ZC6T1G2o9Q95CKs 68ZC6T1G2o9Q95CKs
TMULg TMULg
Le6BO3R Le6BO3R
nw566uv nw566uv
ymzG1qC7YsJFFmeog ymzG1qC7YsJFFmeog
1utCvCS3yEzt0HBbKt 1utCvCS3yEzt0HBbKt
