0 11 45 5 3 2 19 2 3 3 5 51 14 10 63 48 63 10 77 16 23 42 88 86 8 96 10 96 10 14 34 47 27 47 34 69 60 44 37 9 18 33 18 35 57 4 40 45 13 85 78 25 6 25 78 18 9 37 29 98 32 98 37 9 99 5 45 12 28 12 66 36 97 24 46 97 54 21 41 1 41 15 41 21 41 1 71 11 68 11 0 0 0 49 22 49 0
40
11 44 39 11
3 13 3
5 7 5
10 31 10
14 30 14
60 17
45 40 45
99 43
0 20 26 38 0
1 1
2 2
4 4
6 6
8 8
9 9
12 12
15 15
16 16
18 18
19 19
21 21
22 22
23 23
24 24
25 25
27 27
28 28
29 29
32 32
33 33
34 34
35 35
36 36
37 37
41 41
42 42
46 46
47 47
48 48
49 49
