0 43 0 59 0 62 0 86 0 90 79 4 79 90 0 112 50 9 64 9 80 9 107 22 46 22 109 5 13 17 21 17 33 2 27 2 36 56 36 2 65 3 12 139 16 57 1 57 18 42 10 122 14 29 14 61 70 61 14 122 10 42 48 42 145 95 145 114 145 42 18 82 18 198 6 51 30 103 20 53 20 126 60 126 20 103 30 51 47 51 96 51 6 58 68 85 136 85 68 58 118 77 118 58 6 198 18 57 142 199 39 199 142 57 16 197 23 89 26 108 54 24 63 55 63 24 84 87 84 97 84 24 173 88 173 24 54 98 54 108 26 89 73 99 32 25 166 25 32 143 32 99 73 89 23 197 16 139 12 153 66 153 12 3 65 2 78 2 158 40 49 121 11 75 11 121 49 40 100 35 124 93 38 93 124 35 184 69 184 35 100 134 44 134 100 40 158 2 33 7 76 34 125 175 91 175 125 34 76 7 105 19 105 7 149 8 67 71 148 94 148 71 67 8 128 45 128 8 149 167 149 7 33 72 28 41 28 72 83 72 33 74 33 17 92 17 13 5 109 31 109 22 107 81 107 9 50 112 0 123 15 123 0 137 37 137 52 137 0
100
0 0
43 43
59 59
62 62
86 86
90 90
79 79
4 4
50 50
9 9
64 64
80 80
22 22
46 46
5 5
13 13
17 17
21 21
33 33
2 2
27 27
36 36
56 56
65 65
3 3
12 12
16 16
57 57
1 1
18 18
42 42
10 10
14 14
29 29
61 61
70 70
48 48
95 95
82 82
6 6
51 51
30 30
20 20
53 53
60 60
47 47
96 96
58 58
68 68
85 85
77 77
39 39
23 23
89 89
26 26
54 54
24 24
63 63
55 55
84 84
87 87
97 97
88 88
98 98
73 73
99 99
32 32
25 25
66 66
78 78
40 40
49 49
11 11
75 75
35 35
93 93
38 38
69 69
44 44
7 7
76 76
34 34
91 91
19 19
8 8
67 67
71 71
94 94
45 45
72 72
28 28
41 41
83 83
74 74
92 92
31 31
81 81
15 15
37 37
52 52
