loc0 loc23 loc84 loc62 loc86 loc17 loc52 loc11 loc54 loc12 loc69 loc88 loc99 loc47 loc25 loc81 loc71 loc13 loc0 loc23 loc84 loc13 loc41 loc4 loc42 loc12 loc40 loc88 loc8 loc5 loc6 loc61 loc1 loc93 loc72 loc56 loc22 loc75 loc22 loc34 loc29 loc90 loc34 loc22 loc56 loc20 loc56 loc35 loc45 loc87 loc2 loc33 loc2 loc33 loc48 loc36 loc91 loc24 loc48 loc12 loc89 loc15 loc48 loc36 loc48 loc48 loc24 loc21 loc89 loc0
31
loc13 loc79
loc84 loc28 loc84
loc4 loc65
loc93 loc26 loc93
loc22 loc34 loc62
loc34 loc51
loc2 loc49 loc40
loc91 loc39 loc91
loc48 loc31 loc35 loc16 loc7 loc48
loc15 loc24
loc8 loc8
loc29 loc29
loc6 loc6
loc21 loc21
loc45 loc45
loc61 loc61
loc69 loc69
loc81 loc81
loc20 loc20
loc54 loc54
loc75 loc75
loc33 loc33
loc90 loc90
loc42 loc42
loc25 loc25
loc23 loc23
loc72 loc72
loc86 loc86
loc52 loc52
loc88 loc88
loc99 loc99
