22 3 36 3 99 2 63 1 12 1 14 4 48 7 23 7 48 4 87 4 14 85 14 1 39 1 58 1 73 1 63 2 88 0 72 0 81 13 79 13 81 0 62 9 83 6 83 9 55 9 8 29 8 90 8 69 8 65 8 47 8 9 62 20 15 20 62 0 21 0 37 10 32 10 92 16 92 10 59 10 74 10 37 0 31 0 66 0 93 0 88 2 43 2 42 2 99 3 78 3 60 5 46 5 19 5 95 5 53 5 60 3 41 3 89 3 75 3 97 3 22
40
36 36
2 2
12 12
23 23
87 87
85 85
39 39
58 58
73 73
72 72
79 79
83 83
6 6
55 55
29 29
90 90
69 69
65 65
47 47
15 15
21 21
32 32
16 16
59 59
74 74
31 31
66 66
93 93
43 43
42 42
78 78
5 5
46 46
19 19
95 95
53 53
41 41
89 89
75 75
97 97
