69 7 36 16 2 39 8 163 12 197 6 21 3 15 11 104 1 146 147 97 112 171 190 4 37 134 4 44 186 10 148 82 52 45 2 160 26 23 24 119 2 13 90 150 83 121 5 132 2 33 191 192 185 198 28 133 3 110 58 3 50 100 170 1 59 19 46 87 1 118 1 92 0 102 17 162 6 106 63 1 98 14 99 166 2 9 18 7 53 194 2 80 71 72 81 74 165 188 0 193 22 51 113 195 0 64 0 31 1 30 158 128 149 2 25 56 77 167 27 117 131 115 135 127 101 69
80
36 36
16 16
163 163
197 197
11 11
104 104
146 146
147 147
97 97
112 112
171 171
190 190
37 37
134 134
44 44
186 186
148 148
82 82
52 52
2 2
160 160
26 26
24 24
119 119
90 90
150 150
83 83
121 121
5 5
132 132
33 33
191 191
192 192
185 185
198 198
133 133
110 110
58 58
50 50
100 100
1 1
59 59
46 46
87 87
118 118
162 162
106 106
63 63
14 14
99 99
166 166
53 53
194 194
80 80
71 71
72 72
81 81
74 74
165 165
188 188
193 193
51 51
113 113
195 195
64 64
31 31
30 30
158 158
128 128
149 149
25 25
56 56
77 77
27 27
117 117
131 131
115 115
135 135
127 127
101 101
