74 81 123 109 161 11 99 137 97 100 73 125 98 125 103 147 95 147 103 125 73 146 8 42 142 42 8 141 61 141 129 22 8 115 8 146 18 34 7 80 7 34 52 130 32 27 103 147 34 94 163 94 34 138 116 70 79 175 155 175 165 64 24 167 24 64 90 64 17 64 165 171 143 198 120 21 76 21 31 21 76 56 76 112 114 112 76 154 76 166 14 59 60 70 122 66 25 44 107 159 50 102 65 91 131 53 37 152 16 152 37 178 37 53 131 200 101 65 170 63 57 86 128 86 57 194 136 184 122 66 50 66 122 26 193 51 77 51 190 51 199 133 54 146 122 143 170 63 139 63 174 63 170 172 5 48 132 48 71 35 35 60 59 14 14 39 151 33 33 33 76 56 151 130 198 100 63 115 148 105 117 3 43 158 43 187 75 4 75 142 176 142 28 14 6 89 6 121 111 121 13 1 13 1 1 28 113 28 113 150 39 32 32 127 114 47 198 100 100 100 73 152 16 140 181 20 96 184 154 18 1
83
125 157 125
146 45 54 146
103 27 103
102 23
35 12
14 118 39 14
33 83 108
56 135 56
100 72 134 173 100
142 179 142
1 192 47
28 58 88
32 130 32
114 127 114
152 198 152
4 4
5 5
11 11
16 16
17 17
18 18
20 20
31 31
42 42
44 44
50 50
51 51
52 52
53 53
59 59
60 60
61 61
63 63
66 66
73 73
76 76
77 77
80 80
81 81
86 86
89 89
90 90
91 91
94 94
95 95
96 96
97 97
98 98
99 99
105 105
107 107
109 109
111 111
112 112
113 113
115 115
116 116
120 120
123 123
128 128
129 129
132 132
133 133
136 136
138 138
139 139
140 140
143 143
154 154
155 155
158 158
161 161
163 163
165 165
167 167
171 171
174 174
178 178
184 184
190 190
193 193
199 199
200 200
