73 96 15 48 13 40 16 85 16 40 28 91 78 91 81 91 28 40 13 48 32 1 19 18 76 37 86 31 66 31 86 37 76 18 19 1 68 4 74 4 7 84 7 4 69 98 9 71 9 57 44 49 44 57 9 98 69 23 69 4 68 92 33 11 33 82 33 92 68 1 77 14 17 56 17 93 64 90 25 90 64 93 17 10 17 51 17 14 77 45 88 22 29 83 55 34 58 39 80 21 3 21 80 39 58 34 55 83 29 22 88 27 2 94 53 94 2 27 88 100 60 46 75 46 99 62 12 43 20 43 12 62 65 62 99 46 60 100 88 45 77 1 50 61 50 1 32 48 15 79 15 96 38 5 38 8 38 24 38 96 73
50
96 96
15 15
48 48
13 13
85 85
91 91
78 78
81 81
1 1
19 19
18 18
76 76
86 86
66 66
68 68
74 74
84 84
98 98
9 9
71 71
57 57
44 44
49 49
33 33
11 11
82 82
77 77
14 14
93 93
90 90
25 25
10 10
22 22
29 29
83 83
34 34
21 21
27 27
94 94
53 53
100 100
46 46
75 75
99 99
12 12
65 65
50 50
79 79
5 5
8 8
