AA DT CX DU CX AN CY DW CY AN AD DN CT AM CW DQ CW DP CW AM CT DN CV AM CT DN AD AD AD AN CX DT AA AC AA AB AE AO AP AO AQ AO AE AB AH BM BP CE BW AI BW CE BP BM AH BN BS FF BS BN AH AB AG BC BJ BC BK FE DZ EC EB EA FC EA EI FB EI EA EB EC DX DY DX EC EE ED EP ED EE EF EL EW EX EY EX EW EL EF EN EQ EO EQ EN EF EH EJ EZ EJ EH FA EH EF EE EC DZ FE BK BC AG BB BI BB BH BB AG BA BF BA BG BA BE BA AG AB AF AB AA
41
AN DV AN
DN DR
AD AK AL AD
CX DS
AA AJ AA
AB BD AB
AC AC
AE AE
AF AF
AG AG
AH AH
AI AI
AM AM
AO AO
AP AP
AQ AQ
BE BE
BF BF
BG BG
BH BH
BI BI
BJ BJ
BK BK
DP DP
DQ DQ
DT DT
DU DU
DW DW
DX DX
DY DY
DZ DZ
EN EN
EO EO
EP EP
EX EX
EY EY
EZ EZ
FA FA
FB FB
FC FC
FF FF
