112 123 8 73 109 103 65 113 168 86 129 172 97 2 4 189 91 26 120 37 15 136 169 110 31 25 18 66 149 121 133 83 52 81 164 174 152 107 49 23 101 77 146 84 127 126 29 69 61 155 147 82 20 53 50 135 70 183 34 191 72 47 177 63 171 12 180 106 78 181 122 184 134 24 198 140 42 56 48 9 79 54 51 32 124 90 178 43 194 157 188 137 105 21 44 182 19 75 92 114 170 17 131 163 68 160 154 76 167 187 88 99 41 6 27 46 158 148 11 71 190 36 175 192 85 33 197 159 156 14 162 199 80 98 64 186 130 58 89 59 141 57 119 150 144 165 138 30 40 13 143 60 94 95 28 117 125 166 153 0 104 35 102 115 151 118 96 112
100
123 123
8 8
73 73
109 109
168 168
129 129
172 172
97 97
120 120
136 136
169 169
66 66
149 149
121 121
83 83
52 52
81 81
174 174
152 152
107 107
49 49
23 23
146 146
84 84
127 127
126 126
29 29
69 69
147 147
20 20
53 53
70 70
183 183
34 34
72 72
171 171
78 78
181 181
184 184
24 24
42 42
56 56
9 9
54 54
124 124
194 194
157 157
188 188
105 105
21 21
44 44
182 182
75 75
114 114
170 170
17 17
131 131
163 163
68 68
160 160
154 154
187 187
99 99
41 41
6 6
27 27
158 158
11 11
71 71
190 190
36 36
85 85
33 33
14 14
162 162
80 80
64 64
130 130
58 58
59 59
119 119
144 144
165 165
138 138
40 40
13 13
143 143
60 60
94 94
95 95
28 28
117 117
166 166
0 0
104 104
35 35
102 102
151 151
118 118
96 96
