5 73 32 17 44 59 41 28 77 55 91 13 39 65 4 1 20 85 48 24 14 99 27 19 15 61 66 57 98 21 29 69 86 87 51 64 35 93 16 92 68 18 6 75 40 76 50 11 81 7 25 26 62 60 45 70 2 30 36 53 67 95 0 96 10 82 12 90 63 54 37 84 33 23 89 3 31 9 78 38 88 97 83 43 5
50
5 5
73 73
32 32
17 17
41 41
28 28
77 77
55 55
91 91
39 39
1 1
24 24
14 14
15 15
61 61
29 29
86 86
35 35
92 92
18 18
6 6
75 75
76 76
50 50
11 11
81 81
7 7
25 25
26 26
60 60
45 45
70 70
2 2
53 53
67 67
96 96
10 10
12 12
90 90
84 84
33 33
89 89
3 3
31 31
9 9
38 38
88 88
97 97
83 83
43 43
