Soda loc21 loc18 loc63 loc10 loc86 loc96 loc86 loc63 loc12 loc61 loc23 loc63 loc12 loc92 loc53 loc29 loc95 loc28 loc13 loc55 loc53 loc92 loc12 loc63 loc57 loc79 loc22 loc43 loc26 loc67 loc90 loc45 loc19 loc45 loc20 loc49 loc20 loc45 loc32 loc45 loc66 loc36 loc97 loc48 loc45 loc19 loc71 loc33 loc50 loc6 loc44 loc40 loc39 loc40 loc44 loc6 Soda loc64 loc8 loc31 loc41 loc31 loc8 loc17 loc83 loc91 loc68 loc91 loc83 loc64 Soda
41
loc63 loc72 loc30
loc86 loc99 loc86
loc29 loc55 loc29
loc55 loc13
loc20 loc73 loc20
loc45 loc48 loc81 loc93 loc45
loc48 loc97
loc50 loc33
loc44 loc89 loc44
loc41 loc38 loc41
loc57 loc57
loc21 loc21
loc79 loc79
loc18 loc18
loc71 loc71
loc19 loc19
loc90 loc90
loc67 loc67
loc26 loc26
loc43 loc43
loc49 loc49
loc32 loc32
loc66 loc66
loc36 loc36
loc17 loc17
loc8 loc8
loc83 loc83
loc31 loc31
loc91 loc91
loc68 loc68
loc40 loc40
loc39 loc39
loc23 loc23
loc61 loc61
loc12 loc12
loc92 loc92
loc53 loc53
loc96 loc96
loc10 loc10
loc28 loc28
loc95 loc95
