Soda loc3 loc64 loc199 loc80 loc179 loc90 loc2 loc92 loc57 loc157 loc57 loc72 loc75 loc137 loc40 loc137 loc75 loc92 loc4 loc82 loc43 loc27 loc180 loc10 loc95 loc12 loc8 loc15 loc8 loc101 loc12 loc22 loc183 loc10 loc41 loc77 loc173 loc107 loc173 loc77 loc60 loc68 loc192 loc87 loc52 loc196 loc51 loc103 loc51 loc196 loc61 loc113 loc142 loc196 loc52 loc47 loc164 loc115 loc99 loc9 loc33 loc134 loc35 loc194 loc55 loc147 loc38 loc193 loc111 loc8 loc37 loc8 loc111 loc11 loc30 loc39 loc30 loc111 loc128 loc31 loc24 loc198 loc28 loc166 loc198 loc24 loc31 loc111 loc114 loc122 loc131 loc26 loc21 loc8 loc27 loc43 loc50 loc83 loc94 loc17 loc23 loc74 loc13 loc34 loc14 loc88 loc14 loc34 loc32 loc34 loc84 loc97 loc84 loc34 loc94 loc17 loc129 loc104 loc163 loc42 loc171 loc42 loc163 loc42 loc177 loc45 loc179 loc53 loc25 loc53 loc25 loc106 loc36 loc145 loc156 loc6 loc172 loc106 Soda
78
loc157 loc59 loc157
loc40 loc20 loc40
loc43 loc65
loc8 loc79 loc141 loc188 loc8
loc10 loc165 loc10
loc107 loc146 loc107
loc60 loc100
loc192 loc170 loc192
loc52 loc126
loc51 loc155 loc51
loc142 loc7 loc142
loc196 loc185
loc111 loc181 loc111
loc30 loc136 loc30
loc166 loc109
loc14 loc121 loc14
loc34 loc189 loc118 loc138 loc34
loc84 loc167 loc84
loc17 loc94 loc17
loc163 loc154 loc163
loc179 loc151
loc53 loc140 loc58 loc53
loc36 loc172 loc36
loc45 loc45
loc82 loc82
loc90 loc90
loc50 loc50
loc83 loc83
loc13 loc13
loc74 loc74
loc23 loc23
loc88 loc88
loc32 loc32
loc97 loc97
loc72 loc72
loc57 loc57
loc75 loc75
loc137 loc137
loc42 loc42
loc171 loc171
loc80 loc80
loc199 loc199
loc64 loc64
loc3 loc3
Soda Soda
loc106 loc106
loc25 loc25
loc6 loc6
loc156 loc156
loc145 loc145
loc193 loc193
loc11 loc11
loc101 loc101
loc28 loc28
loc122 loc122
loc147 loc147
loc128 loc128
loc15 loc15
loc77 loc77
loc41 loc41
loc183 loc183
loc26 loc26
loc55 loc55
loc95 loc95
loc114 loc114
loc131 loc131
loc180 loc180
loc173 loc173
loc194 loc194
loc35 loc35
loc38 loc38
loc37 loc37
loc9 loc9
loc24 loc24
loc61 loc61
loc39 loc39
loc103 loc103
loc22 loc22
