Soda Soda loc48 Soda loc43 loc38 loc1 loc11 loc1 loc10 loc2 loc22 loc41 loc15 loc14 loc15 loc37 loc39 loc9 loc4 loc16 loc3 loc20 loc45 loc46 loc31 loc29 loc19 loc8 loc1 loc25 loc18 loc42 loc23 loc13 loc0 loc38 loc43 Soda
24
Soda loc17
loc43 loc30
loc1 loc5 loc1
loc2 loc2
loc25 loc25
loc20 loc20
loc4 loc4
loc46 loc46
loc8 loc8
loc14 loc14
loc3 loc3
loc22 loc22
loc16 loc16
loc48 loc48
loc31 loc31
loc11 loc11
loc45 loc45
loc19 loc19
loc29 loc29
loc15 loc15
loc12 loc12
loc10 loc10
loc9 loc9
loc42 loc42
