LL VX OM JA OM BM FM BM OM AU RG BE TK BE RG JP UU ED KL ED UU JP RG OV FG BR FG DM FG XK FG EF FG HN FG OV RG XU YK XU TV XU RG SX EQ SX QN SX RG AU BI AU OM EC OM XT OM VX VE IY NO KV HA KV NO QI NO IY VE GE VE VY VE VX LJ XA LJ NF LJ VX QP NZ RL JR RL AR RL NZ TH WS SB WS TH NT TH EY TH NZ XN JD XN NZ HG AH HG NZ DU NZ AW NZ YT NZ QP VX LL
37
JA JA
BM BM
FM FM
TK TK
UU UU
KL KL
FG FG
BR BR
DM DM
XK XK
EF EF
HN HN
XU XU
YK YK
TV TV
EQ EQ
QN QN
EC EC
XT XT
KV KV
HA HA
QI QI
GE GE
VY VY
NF NF
RL RL
JR JR
AR AR
TH TH
WS WS
SB SB
NT NT
EY EY
XN XN
DU DU
AW AW
YT YT
