LM SA GU NM SL KH SL WX SL YD SL NM MF NM GR NM PJ NM PN NM TG NM XG NM GU IA NR RN QG RN NR IA GU JR GU OX RV LQ NS EQ NS LQ MB LQ OO LQ RV QJ RV CY RV NL RV TO RV OX GU YI GU WH GU CG GU FM WE SJ YV QN CW FT TK FT CW VY CW QN UX WJ MP ZG MP UO MP WJ KT PH KT WJ UX QN NP ZR DC ZR NP QN GB QN DR QN HS QN QC QN YV KF XM IV XM FH XM VF XM KF LF KF FU KF YV KV YV KL YV SJ UL SJ WE DQ WE UQ WE PS WE FM GU SA PX SA LM
37
SL SL
WX WX
YD YD
MF MF
GR GR
PJ PJ
PN PN
TG TG
XG XG
IA IA
QG QG
EQ EQ
QJ QJ
CY CY
NL NL
TO TO
WH WH
CG CG
SJ SJ
CW CW
FT FT
VY VY
ZG ZG
UO UO
DC DC
DR DR
HS HS
QC QC
IV IV
FH FH
VF VF
LF LF
FU FU
KL KL
UQ UQ
PS PS
PX PX
