0 84 6 84 0 31 51 24 51 16 8 57 74 12 74 57 8 95 9 95 8 16 51 34 44 34 42 55 14 13 14 55 42 48 42 34 51 31 4 19 39 45 39 19 4 47 4 21 89 5 89 64 2 26 2 78 69 38 52 38 77 36 77 38 69 15 69 78 2 20 97 72 68 22 29 22 68 11 18 11 68 72 75 40 49 83 65 46 65 25 65 83 41 83 49 40 75 72 35 70 17 70 35 54 35 28 33 59 80 98 23 98 80 85 32 85 80 59 7 1 10 1 7 59 33 28 30 28 35 72 97 82 97 37 3 37 97 20 2 61 27 50 27 61 2 64 89 21 4 31 43 31 0
50
6 6
31 31
24 24
16 16
8 8
12 12
9 9
34 34
44 44
42 42
14 14
13 13
48 48
4 4
19 19
39 39
45 45
47 47
21 21
5 5
2 2
26 26
38 38
36 36
15 15
20 20
22 22
29 29
11 11
18 18
40 40
49 49
46 46
25 25
41 41
35 35
17 17
28 28
33 33
23 23
32 32
7 7
1 1
10 10
30 30
37 37
3 3
27 27
50 50
43 43
