0 74 16 24 91 67 74 0 13 106 86 139 37 47 76 125 17 39 29 114 76 132 95 132 43 109 163 7 59 29 5 174 125 28 2 53 151 55 30 166 89 51 34 144 0 13 30 176 62 22 82 196 18 32 77 25 3 48 49 46 102 111 70 111 78 42 120 93 21 6 25 19 94 40 64 11 124 140 62 12 62 83 68 121 188 87 79 68 89 167 110 26 63 138 94 130 52 133 4 74 171 44 27 30 9 98 8 114 146 77 36 46 44 41 54 45 56 122 41 147 35 78 111 70 55 30 9 135 5 65 5 86 8 34 145 58 103 100 73 169 66 194 97 20 123 72 177 92 100 31 104 3 90 12 90 88 144 0 71 83 28 8 60 67 3 42 5 27 113 99 21 93 16 113 27 44 27 144 0
76
0 2 57 63
24 87 24
106 50
29 59 29
125 17
2 28
53 54 53
111 75 78
120 96
124 11
140 81
12 10 90 23 12
121 68
87 14
68 79
167 89
77 80 77
44 46 69 44
41 19 41
9 85 9
86 5 86
145 20
100 73 61 100
169 84
20 97
177 92 33
83 71 83
8 38 8
67 60 67
5 42
113 15 1
21 99 21
16 93 16
3 3
4 4
6 6
7 7
13 13
18 18
22 22
25 25
26 26
27 27
30 30
31 31
32 32
34 34
35 35
36 36
37 37
39 39
40 40
43 43
45 45
47 47
48 48
49 49
51 51
52 52
55 55
56 56
58 58
62 62
64 64
65 65
66 66
70 70
72 72
74 74
76 76
82 82
88 88
91 91
94 94
95 95
98 98
