75 55 68 59 24 3 28 11 5 21 5 73 5 11 86 25 9 25 93 63 91 63 98 69 99 90 44 56 98 63 46 63 93 4 52 4 47 64 2 36 74 1 49 48 84 32 42 58 48 49 79 65 79 49 48 86 48 58 67 8 12 18 81 94 82 94 82 92 19 81 18 13 7 66 27 34 19 81 64 40 76 18 62 77 83 43 83 77 70 29 80 97 28 54 23 57 67 59 68 21 92 82 0 73 5 44 5 73 0
45
75 89 75
86 31 86
64 87 64
21 26 21
73 96 73
94 94
76 76
97 97
13 13
36 36
80 80
57 57
69 69
3 3
4 4
82 82
98 98
52 52
74 74
46 46
48 48
25 25
42 42
47 47
55 55
29 29
91 91
84 84
49 49
92 92
77 77
81 81
43 43
7 7
34 34
90 90
56 56
58 58
59 59
44 44
65 65
62 62
9 9
12 12
32 32
