48 68 14 116 155 3 65 5 51 180 135 147 38 165 34 50 133 93 13 165 38 98 67 50 15 137 15 99 102 110 102 99 152 29 152 85 39 85 92 149 74 66 191 45 70 133 50 25 90 25 42 9 130 126 92 177 178 189 117 189 178 177 158 177 178 113 182 113 69 113 78 185 168 20 168 46 168 109 139 185 190 185 78 138 199 138 176 86 72 108 47 102 47 108 72 186 72 108 47 187 7 154 53 154 115 10 159 195 179 195 159 120 121 40 16 98 38 165 175 7 78 119 8 162 123 162 196 121 40 121 196 141 129 9 130 197 61 173 163 171 73 171 163 173 58 118 145 118 58 173 88 127 193 194 193 98 103 57 151 45 107 87 43 101 43 2 23 2 43 87 15 99 37 22 36 55 47 84 47 55 36 147 135 84 135 181 113 135 180 156 0 143 167 143 31 162 134 164 77 19 77 81 35 81 148 21 79 33 77 114 157 114 80 47 55 83 64 106 6 11 6 106 64 32 0
94
50 133
102 170
98 16 52 98
9 136 9
15 56
135 60 135
113 181 113
180 149 180
162 125
199 199
73 73
143 143
20 20
93 93
154 154
141 141
151 151
109 109
107 107
118 118
126 126
157 157
115 115
66 66
175 175
167 167
11 11
85 85
197 197
191 191
58 58
123 123
177 177
196 196
38 38
110 110
34 34
5 5
148 148
163 163
158 158
147 147
190 190
186 186
46 46
182 182
19 19
176 176
48 48
90 90
152 152
21 21
10 10
23 23
25 25
164 164
36 36
78 78
84 84
79 79
64 64
108 108
145 145
103 103
193 193
185 185
117 117
29 29
194 194
42 42
119 119
179 179
101 101
3 3
88 88
138 138
171 171
40 40
7 7
39 39
165 165
87 87
137 137
35 35
156 156
69 69
155 155
129 129
74 74
53 53
2 2
55 55
67 67
120 120
