gucdicwxmb epdwcjuvdr vugkhjygfe vkrlpmybdj zpjhxyylhb koawdpgqdx zpjhxyylhb rnpokwoqgt iwdghbmiai rnpokwoqgt jqtguzxxsl evdoyagqfp gkcfktyute zjbarjhmau xawkqmfmmx smwxdupkdv ouxenssqdu rnpokwoqgt wtlzrefwav siatqqydwf tvuprbwofb siatqqydwf yiwwdwbzth oggftsricu qzdrdcxoib wtyqwjwskq gwnccktgki ztplgyvqhm gwnccktgki seeyrseflx gjmmikaxih zpjhxyylhb koawdpgqdx aokbiptbzc psiebvskfb zumetrybth psiebvskfb xtvbrolacp chjuuxuacs jedsthbmzo lkvobxyfca lbuiysostx eysfgfavho wtyqwjwskq qzdrdcxoib vugkhjygfe ahqdrcepub vugkhjygfe epdwcjuvdr gucdicwxmb
21
rnpokwoqgt rnpokwoqgt
ahqdrcepub ahqdrcepub
xawkqmfmmx xawkqmfmmx
lkvobxyfca lkvobxyfca
iwdghbmiai iwdghbmiai
psiebvskfb psiebvskfb
vkrlpmybdj vkrlpmybdj
yiwwdwbzth yiwwdwbzth
zjbarjhmau zjbarjhmau
seeyrseflx seeyrseflx
ztplgyvqhm ztplgyvqhm
oggftsricu oggftsricu
tvuprbwofb tvuprbwofb
gkcfktyute gkcfktyute
zumetrybth zumetrybth
zpjhxyylhb zpjhxyylhb
koawdpgqdx koawdpgqdx
evdoyagqfp evdoyagqfp
vugkhjygfe vugkhjygfe
wtyqwjwskq wtyqwjwskq
epdwcjuvdr epdwcjuvdr
