mdyuzxshey mysadifwma mdyuzxshey vkrlpmybdj zmfuudfatm vkrlpmybdj tvcolajnao ouxenssqdu qydclznxrd cmdqzmgvfi zpybghfdbe psiebvskfb bswhowadhl oegfbrwyrp lbuiysostx oegfbrwyrp tgbmxdmvwe oegfbrwyrp bswhowadhl zpybghfdbe lndsfxewdc mswyvpdrsy hkempoemlv ixyurvbpvu syxecaxosc qgfchcatzi oggftsricu lnicnhmajr owusjcmdkp ljhmnbaicr ebqxbaqnmm zumetrybth jatkaoyfxb bnmegnfgii jatkaoyfxb zumetrybth ebqxbaqnmm ljhmnbaicr owusjcmdkp oewptytlja knfzsnhzvx xftptyrlvl yiwwdwbzth jqtguzxxsl yiwwdwbzth wtyqwjwskq yiwwdwbzth xftptyrlvl jedsthbmzo oewptytlja nwlccbonas oewptytlja owusjcmdkp lnicnhmajr chjuuxuacs euqbrkzdsw wtjzgzopuw eysfgfavho phknwbtipl kdujdjjwot zjbarjhmau bulywvvpni zjbarjhmau kdujdjjwot phknwbtipl hadchvmijq wynbxuuxru epdwcjuvdr wynbxuuxru hadchvmijq xplqpgpbvq lkvobxyfca fznfvsgjhc yhpfnjjqmm fznfvsgjhc hkempoemlv ixyurvbpvu gwnccktgki ixyurvbpvu optviwhmbr ixyurvbpvu siatqqydwf ahqdrcepub lazlsvgukx ahqdrcepub siatqqydwf ixyurvbpvu uooysjrxsb seeyrseflx vugkhjygfe seeyrseflx uooysjrxsb ixyurvbpvu hkempoemlv mswyvpdrsy lndsfxewdc zpybghfdbe cmdqzmgvfi qfbvncxldf cmdqzmgvfi tmrnpjqnxx wtlzrefwav jrmlkfexfk gllungmori rkyixxpcbx eooyfwmxln rkyixxpcbx gllungmori jrmlkfexfk wtlzrefwav hsjqtjkukk smwxdupkdv aokbiptbzc koawdpgqdx xywdziunpr koawdpgqdx unihwwnyqz qepegujmaa xtvbrolacp qepegujmaa unihwwnyqz koawdpgqdx smwxdupkdv hsjqtjkukk wtlzrefwav tmrnpjqnxx cmdqzmgvfi qydclznxrd ouxenssqdu tvcolajnao qcktwemqbm tvcolajnao vkrlpmybdj mdyuzxshey
49
mdyuzxshey mdyuzxshey
mysadifwma mysadifwma
vkrlpmybdj vkrlpmybdj
zmfuudfatm zmfuudfatm
qydclznxrd qydclznxrd
cmdqzmgvfi cmdqzmgvfi
psiebvskfb psiebvskfb
lbuiysostx lbuiysostx
tgbmxdmvwe tgbmxdmvwe
lndsfxewdc lndsfxewdc
mswyvpdrsy mswyvpdrsy
lnicnhmajr lnicnhmajr
owusjcmdkp owusjcmdkp
ljhmnbaicr ljhmnbaicr
ebqxbaqnmm ebqxbaqnmm
zumetrybth zumetrybth
jatkaoyfxb jatkaoyfxb
bnmegnfgii bnmegnfgii
oewptytlja oewptytlja
knfzsnhzvx knfzsnhzvx
xftptyrlvl xftptyrlvl
jqtguzxxsl jqtguzxxsl
wtyqwjwskq wtyqwjwskq
jedsthbmzo jedsthbmzo
nwlccbonas nwlccbonas
euqbrkzdsw euqbrkzdsw
kdujdjjwot kdujdjjwot
zjbarjhmau zjbarjhmau
bulywvvpni bulywvvpni
hadchvmijq hadchvmijq
wynbxuuxru wynbxuuxru
lkvobxyfca lkvobxyfca
fznfvsgjhc fznfvsgjhc
gwnccktgki gwnccktgki
optviwhmbr optviwhmbr
ahqdrcepub ahqdrcepub
lazlsvgukx lazlsvgukx
seeyrseflx seeyrseflx
vugkhjygfe vugkhjygfe
qfbvncxldf qfbvncxldf
wtlzrefwav wtlzrefwav
gllungmori gllungmori
rkyixxpcbx rkyixxpcbx
eooyfwmxln eooyfwmxln
aokbiptbzc aokbiptbzc
koawdpgqdx koawdpgqdx
qepegujmaa qepegujmaa
xtvbrolacp xtvbrolacp
qcktwemqbm qcktwemqbm
