evdoyagqfp xawkqmfmmx xftptyrlvl fluzhooehk xftptyrlvl qbiylslccb xftptyrlvl mysadifwma xftptyrlvl jqtguzxxsl optviwhmbr vfdsalrajq optviwhmbr ivugtsvtqb optviwhmbr jqtguzxxsl smwxdupkdv jqtguzxxsl wynbxuuxru qzdrdcxoib voaumgrcuj qzdrdcxoib wynbxuuxru lazlsvgukx bbczvyonym lazlsvgukx wynbxuuxru epdwcjuvdr eooyfwmxln fczruomdab ummqduagjn stdiixwrjc owusjcmdkp sinegnctim jfccyptuug tgkujfknod bswhowadhl ljhmnbaicr qgfchcatzi yriqtwavfx uhalgukdzb yriqtwavfx rkyixxpcbx yriqtwavfx gucdicwxmb yriqtwavfx uhalgukdzb kwbnyneokj wirlbujvjm phknwbtipl zivwgfcxqi euqbrkzdsw zivwgfcxqi phknwbtipl gkcfktyute xkasbvrrxd gkcfktyute rlxmdzqomd cmdqzmgvfi qgfchcatzi cmdqzmgvfi rlxmdzqomd gkcfktyute phknwbtipl fdgcygwgjf rnpokwoqgt bpbbtoptwg opmnfgpclg tgbmxdmvwe lcrihrmoqu tgbmxdmvwe opmnfgpclg bpbbtoptwg rfcbhdtwvm byyqgjwsrp wtjzgzopuw wkwwcqjtxf lkvtxfwozs gjmmikaxih jrusiskazm vkrlpmybdj jrusiskazm gjmmikaxih byyqgjwsrp qxfgqgbbdn byyqgjwsrp rfcbhdtwvm bpbbtoptwg ybdknfjgrw epdwcjuvdr epdwcjuvdr wynbxuuxru oegfbrwyrp ebqxbaqnmm xwrvhrxnqy xifuopshzj xwrvhrxnqy pbefrggyje wtlzrefwav bimtbhwsby ijbfzrqwct bbwcqzwyoz nwlccbonas xguvjomcdt nwlccbonas itbfnxnauh nwlccbonas bbwcqzwyoz ijbfzrqwct bimtbhwsby chjuuxuacs afortwurqt ahqdrcepub gbdejcnknd ahqdrcepub wtyqwjwskq kijbyyuzhd wtyqwjwskq kvfpaspidv zpjhxyylhb bswhowadhl xsjzeyxnpw ymvlfsdhbu aokbiptbzc ymvlfsdhbu xsjzeyxnpw opmnfgpclg bpbbtoptwg rnpokwoqgt oownpsyviv oavtmpaqji ichabbvkhm jrusiskazm vkrlpmybdj lndsfxewdc kyrhqthnvz lnicnhmajr aruwdskzta vugkhjygfe xywdziunpr oggftsricu xywdziunpr vugkhjygfe guuudgvhny vugkhjygfe aruwdskzta lnicnhmajr xychpimpzb sipmuleqch wtlzrefwav mdyuzxshey wtlzrefwav afrdrejwtp wtlzrefwav sipmuleqch xychpimpzb bulywvvpni xychpimpzb lnicnhmajr kyrhqthnvz lndsfxewdc eqdxeqvtsb xnppuesbrr gllungmori qxuqrfzzob gllungmori xnppuesbrr hxkhivkhyl scesbtewjx jrmlkfexfk osdeymjeil qiqnnrlapz qpxtrjvxpe tmatbexcil byyqgjwsrp wtjzgzopuw wkwwcqjtxf koawdpgqdx pdljcbluhp ljhmnbaicr bswhowadhl zpjhxyylhb jwcdeoubpx hofbtczdgp pwgublhwxg pymtnhypxd jrmlkfexfk osdeymjeil jrmlkfexfk seeyrseflx czvqvijjlb nbjyrygtdh czvqvijjlb seeyrseflx hkempoemlv seeyrseflx czvqvijjlb nbjyrygtdh cpwyxulkjm nbjyrygtdh ymvlfsdhbu lazlsvgukx bbczvyonym bbczvyonym mdyuzxshey wtlzrefwav pbefrggyje xzwkhxkxjr cttlxdtaiw zmfuudfatm afortwurqt ahqdrcepub wtyqwjwskq kijbyyuzhd idfvjoquhh xqwyvbvueh tvcolajnao xqwyvbvueh vqakgbtmpu eaozvwjoso ldnozwuuuq eaozvwjoso dnmgxnhbgi uhalgukdzb kwbnyneokj qpxtrjvxpe tmatbexcil byyqgjwsrp ahqdrcepub gbdejcnknd ahqdrcepub byyqgjwsrp euqbrkzdsw jedsthbmzo wwqchwdmtx pcilmgdrgc ivgbjyugdu pcilmgdrgc qepegujmaa ixyurvbpvu qfbvncxldf ixyurvbpvu yiwwdwbzth ixyurvbpvu qepegujmaa etdxtwotzh qepegujmaa koawdpgqdx psiebvskfb koawdpgqdx qepegujmaa pcilmgdrgc wwqchwdmtx pcilmgdrgc jqtguzxxsl wynbxuuxru epdwcjuvdr eooyfwmxln
91
xftptyrlvl kvxwqiryyu uooysjrxsb bnmegnfgii
epdwcjuvdr kgktiatgjn
wynbxuuxru tmrnpjqnxx wynbxuuxru
byyqgjwsrp tmatbexcil byyqgjwsrp
bbczvyonym hsjqtjkukk bbczvyonym
pbefrggyje ouxenssqdu pbefrggyje
afortwurqt zmfuudfatm afortwurqt
kwbnyneokj qiqnnrlapz
gbdejcnknd vnzypgtlkj gbdejcnknd
oavtmpaqji oavtmpaqji
vugkhjygfe vugkhjygfe
qxfgqgbbdn qxfgqgbbdn
jrmlkfexfk jrmlkfexfk
lnicnhmajr lnicnhmajr
jrusiskazm jrusiskazm
qgfchcatzi qgfchcatzi
itbfnxnauh itbfnxnauh
xguvjomcdt xguvjomcdt
xawkqmfmmx xawkqmfmmx
uhalgukdzb uhalgukdzb
wkwwcqjtxf wkwwcqjtxf
fluzhooehk fluzhooehk
yiwwdwbzth yiwwdwbzth
ldnozwuuuq ldnozwuuuq
bbwcqzwyoz bbwcqzwyoz
wwqchwdmtx wwqchwdmtx
hofbtczdgp hofbtczdgp
gucdicwxmb gucdicwxmb
smwxdupkdv smwxdupkdv
qfbvncxldf qfbvncxldf
xwrvhrxnqy xwrvhrxnqy
wtlzrefwav wtlzrefwav
euqbrkzdsw euqbrkzdsw
mysadifwma mysadifwma
oggftsricu oggftsricu
kyrhqthnvz kyrhqthnvz
xnppuesbrr xnppuesbrr
mdyuzxshey mdyuzxshey
guuudgvhny guuudgvhny
qpxtrjvxpe qpxtrjvxpe
ichabbvkhm ichabbvkhm
hkempoemlv hkempoemlv
fdgcygwgjf fdgcygwgjf
vkrlpmybdj vkrlpmybdj
vfdsalrajq vfdsalrajq
lcrihrmoqu lcrihrmoqu
rnpokwoqgt rnpokwoqgt
evdoyagqfp evdoyagqfp
tvcolajnao tvcolajnao
cttlxdtaiw cttlxdtaiw
etdxtwotzh etdxtwotzh
tgkujfknod tgkujfknod
zivwgfcxqi zivwgfcxqi
rkyixxpcbx rkyixxpcbx
qepegujmaa qepegujmaa
seeyrseflx seeyrseflx
voaumgrcuj voaumgrcuj
qxuqrfzzob qxuqrfzzob
optviwhmbr optviwhmbr
aruwdskzta aruwdskzta
stdiixwrjc stdiixwrjc
cpwyxulkjm cpwyxulkjm
pdljcbluhp pdljcbluhp
oegfbrwyrp oegfbrwyrp
xychpimpzb xychpimpzb
xkasbvrrxd xkasbvrrxd
bimtbhwsby bimtbhwsby
psiebvskfb psiebvskfb
scesbtewjx scesbtewjx
ahqdrcepub ahqdrcepub
eooyfwmxln eooyfwmxln
bswhowadhl bswhowadhl
kijbyyuzhd kijbyyuzhd
xqwyvbvueh xqwyvbvueh
afrdrejwtp afrdrejwtp
ymvlfsdhbu ymvlfsdhbu
lndsfxewdc lndsfxewdc
lkvtxfwozs lkvtxfwozs
osdeymjeil osdeymjeil
tgbmxdmvwe tgbmxdmvwe
nwlccbonas nwlccbonas
xywdziunpr xywdziunpr
pcilmgdrgc pcilmgdrgc
xifuopshzj xifuopshzj
bulywvvpni bulywvvpni
ivugtsvtqb ivugtsvtqb
aokbiptbzc aokbiptbzc
ivgbjyugdu ivgbjyugdu
nbjyrygtdh nbjyrygtdh
kvfpaspidv kvfpaspidv
eqdxeqvtsb eqdxeqvtsb
