AwxIeucriHjf27FhspG yWzqUasT3R6D74kKJru LKpfxPqdJvaI8C0We3z 2oDxBYX4AFTcdsuyjS7 ORVoYgr9pvTkjDEn3z1 SgEu94o85QKaBwRnUqk iYI8LowClq2xG0XWSdZ v8rJpjBE2GMRcaD7w4V PyJKts960QpjhTLD2OE 8CRHxDVKFZsYB6tMpik dLzEgnCZKowbF2kJImP qR1w8vWKJ9GTMoIVHEe N4xuWFlCoSegmctI20M ZDtoyidIR6aqQwg1rfL r7atW26zvHYEAjxZB5I 9k3KERBOiDm5tSLWTuV p39vLN8ZTmldOHc7FQq RZydCPMgeNYjxh8sAGI ZiPlEIqjAW0gpVoJsT6 tW8U5JQYoGLH1fxkDly XfrmtaWRUdFACN809yS 1pEvPaYSub2mW8eItUO JX3fUkTlirV92nytHdI IxZGeW9SUK2QcXf7aJs 81enwCUSxbBZOYdyVNm oXD0mSLKMYy5gjbW7s3 gkIdtam3XO0GhSfHMn2 oqS8bChDzaEOsTV2FZp Z67LKcAUNbXP0xGtue2 4LxtbrVK16vaZhMqPTf sP8cQuHBaxI7wkL0VTS p80UhzCbyXmZiGjNTVY JOjfABw83oFCiaXDvMs SILZWArv6k7FcGhyeb5 3WN1qBmcvAExjdM6Gr7 SWcTa048zDXHmAk67vq UhV08bJKBApcNP4O7xl TwZjBSskDY4E9OdRuXv 32iUhWwbaRQdpGN6CP9 JcQAO3uxterl9IUwhKB sho45SEzbYFQpR1CwZm 4WPDhRB2vq5G1CNxpiz 8XdiGJQuvDq0O45cAa3 TD1lnWQY5GcdEjtfVzs Nji35abpK0CTUSlWGuA OzSVlAJPB8pD7McueaG IlfLurGFiMO9W3wUAXR bXmHFcCtVZPv4oxBweM 8aKYx2SdqPRjFvi6yr4 KJwAq0SmfUlOGo8Pbeh YwUVh34Ex8t6JsD0lOX YGXI1rZAFH5vM9hOLdu PAGrNvthUc84px5JbWS cFIs9wHJQY1qAmfKbLZ w4L9W3TiU2vmdEZozyC LKpfxPqdJvaI8C0We3z N5rjMo2s1ZAEJL6U4pv pWqv5bzYdQrxn3whCGt s8AWPE5NaizcVDYlfFp B9T7Ksodli4UERSnIqF GdpO4y3ZR5mzHVrDTN9 MKdyYb8tGeSZJfovuFX K6xJOLByQWIzDFvngbo FUz60V5Q7f34LuoyCvK H5W1Z0mh4LNI9BjDgp3 aGXM5NfbYTsxiSQvB3H 8k6dAwsMG4NnfBOevUL qhxzpBY9Ge3TsiJDCRH lVYgEuIbtUKZ9BpSWJh 4UQn5xAspDyPj87rKfe 3CAIMmiE7lgcFeBJnOx I6Srv8cPQsFqxiR2TGo f0JPGEvKuMcqjgi5XlZ hSCJQcfq7GH0wKLZMIT H361sN2bytgnSrlFL8V lABR6kMjiTFNOJICevX UOJYNErnTlG5F1mQCZw yfojKR4t2HQN6IZaeG9 pGtsClAKocBL74SudH0 ta6yde8CnSmqTiLhMbw f1VyRETclzY830eXJ2Q ytaHPFEmwDcQ3oOhSAG yWzqUasT3R6D74kKJru 3pCXV1u4BYUgb80iSNL UgK3PTASYB4QORlJ0bG i1X8bBqcpaOv7PtxHzy 9kAz3lcOVx7Yyjh45dQ Xg1vud0DImw24fbLhOt fy9C21Rwu3n8IVYxbQS ZNKhdweXGfSnYqF6z1l MxPw0tBF9auZHDR5NLg 8dt5mq27eksALHIuQgh 5bm8s6gOuPLxM2cIGXE pvKFVR9lnN1JTAzYwk5 AFb1IsaYEMdpOjguCzq VAqupUTJ93w46Ixk2LR dhXvUkRL28FGAxDyIYB DRs1litXOcAQoN2M5F8 5J0hvsL3DnmVMC2zwor CjAJ7W0LVI1qz3B5Oos 9NEzRHYaUiBb5GPSKWA KdmOqJzTZ14iH6NnR70 NCitHRhmgX02L7OSpdJ Kziaen3V8Um1wETpYt7 o6MzHStgmr1jW3AFUlI Px5tLshYW2Qz3OfpKZG YdfrPxpi4hmXIq2Ss9c ZbLed95SUxqPAVGltNu 59tMKRoCYOdJD4Igf8N ZU4OFqH2PfgLpEJVSG6 u6NmRbBjavFMC89JWQy iUX4csaTrwqf6Cpzbyn Y4pFOJ6VP8bxu9lNyeH SMpBnYlLGWZCf5mhOb3 iEFbnXL3WCYzGIBsQyg 3eU0yIswmKxLq6Yg7Tu YPlLw8UTgi3t0zdEmRB AwxIeucriHjf27FhspG l8EFJZci17KdbnTx9Ch CrwBY4qKI0eOiAjtvzZ ORVoYgr9pvTkjDEn3z1 Vg0kNJFdohWGvTLBXqH bCKdV7zvcx1wDkTaAEq KJwAq0SmfUlOGo8Pbeh 4RPkH7Dc2lSytIEjdvZ KJwAq0SmfUlOGo8Pbeh eqi0fKTM2RdD6zkSAEr KJwAq0SmfUlOGo8Pbeh EyCHsSP5XZrQR0L23jf KJwAq0SmfUlOGo8Pbeh C7gXPVA3YZ2QWdsUkGx KJwAq0SmfUlOGo8Pbeh mqAocERyYrzi36U5pTt KJwAq0SmfUlOGo8Pbeh Jlkixpd2cLWGKCrVSmf KJwAq0SmfUlOGo8Pbeh ou7YpydAjD9Tzn0MSEv KJwAq0SmfUlOGo8Pbeh J1VXRSak3EBr6AGsmz7 KJwAq0SmfUlOGo8Pbeh 5Sgq2KH8U61EC0W3VNR KJwAq0SmfUlOGo8Pbeh pdb3WuP0IFN8hwBkH69 KJwAq0SmfUlOGo8Pbeh GpTdeJ4jlQkvCMFtiU8 KJwAq0SmfUlOGo8Pbeh VMPr01qNctRo2GspAdh KJwAq0SmfUlOGo8Pbeh BS8iY9aPlgh1QqrIpVd KJwAq0SmfUlOGo8Pbeh J6ComdZW9qLG5V7D2Qb KJwAq0SmfUlOGo8Pbeh jIi2sVXxaTR5vQNo6uH KJwAq0SmfUlOGo8Pbeh CN1OwEHxoMR8mP7VXyj KJwAq0SmfUlOGo8Pbeh wdEaysuC74BJzk6lPtZ KJwAq0SmfUlOGo8Pbeh uhaSszxK8v16PtwWV50 KJwAq0SmfUlOGo8Pbeh VmTt9Ek3YP0ioL4huqK KJwAq0SmfUlOGo8Pbeh BMxnoGrf91mOZwU8P3C KJwAq0SmfUlOGo8Pbeh 5Hz2glV7fhLTxX0iEyu KJwAq0SmfUlOGo8Pbeh LgX3GoqbTpRCdhOElKA KJwAq0SmfUlOGo8Pbeh KtuJ8324zFfxhcgNUO0 KJwAq0SmfUlOGo8Pbeh EwF5nLVG0tZTx9dWU1D KJwAq0SmfUlOGo8Pbeh 8XNwOR4jem9hBP3VKuk KJwAq0SmfUlOGo8Pbeh XBQSWe7pwDs2Ik8lnAv KJwAq0SmfUlOGo8Pbeh XMuchaoDbgs8v65ECIF KJwAq0SmfUlOGo8Pbeh vBQ8qjbgmCfZIxY2zJP KJwAq0SmfUlOGo8Pbeh uFkwq6pWAKVEXdDRGQb KJwAq0SmfUlOGo8Pbeh 2SbQ735yxpaYRJGdLNt KJwAq0SmfUlOGo8Pbeh ciYOlIwSpvHz3ybj2mV KJwAq0SmfUlOGo8Pbeh Ou5bfz3rmJwxCBhTatL KJwAq0SmfUlOGo8Pbeh srXSIvPOWTzJ7opbjGc KJwAq0SmfUlOGo8Pbeh YPlLw8UTgi3t0zdEmRB IlfLurGFiMO9W3wUAXR M7vKqQH6U3sGneYpBmr IlfLurGFiMO9W3wUAXR NCitHRhmgX02L7OSpdJ NXV1D2dbScZ4y9pUtqW 6OhBRdtHjncfMpQmIAY kC0UP5yi37XTohZLezu 3vJrsYkiK0pXWohaF5j 3WN1qBmcvAExjdM6Gr7 0l5Q4wHKrGTtYmko6uB 3WN1qBmcvAExjdM6Gr7 SILZWArv6k7FcGhyeb5 JOjfABw83oFCiaXDvMs EtZy03uSNxdF1kcjeG7 JOjfABw83oFCiaXDvMs p80UhzCbyXmZiGjNTVY mxbN18fatelypn20FLZ p80UhzCbyXmZiGjNTVY SBXYtjvfK32xzIsAgbu YdfrPxpi4hmXIq2Ss9c Z67LKcAUNbXP0xGtue2 DZKQ08WnbkSIqz2rAm6 6OhBRdtHjncfMpQmIAY 81enwCUSxbBZOYdyVNm sOhbeTrPJkB5zIDlpEx 81enwCUSxbBZOYdyVNm qhxzpBY9Ge3TsiJDCRH XHfCu7qLi0aIveTUmlM 3vJrsYkiK0pXWohaF5j LdUAKJjGy23PM8pSE0H iEFbnXL3WCYzGIBsQyg FhQNEw3VjK7YeUgT8rm p39vLN8ZTmldOHc7FQq OFnyj64xurghSV8Cz13 iEFbnXL3WCYzGIBsQyg weiO89Us3SIvoaPtrB0 ILEw3dp8bC7yilBnYuX ZyajO0zqmgFGd4PUlik ILEw3dp8bC7yilBnYuX yWzqUasT3R6D74kKJru wJPGQIr4Njpk7Re6sbX yWzqUasT3R6D74kKJru NWGQdEXnhM5gUqcJ13T yWzqUasT3R6D74kKJru AwxIeucriHjf27FhspG
100
AwxIeucriHjf27FhspG AwxIeucriHjf27FhspG
yWzqUasT3R6D74kKJru yWzqUasT3R6D74kKJru
LKpfxPqdJvaI8C0We3z LKpfxPqdJvaI8C0We3z
2oDxBYX4AFTcdsuyjS7 2oDxBYX4AFTcdsuyjS7
ORVoYgr9pvTkjDEn3z1 ORVoYgr9pvTkjDEn3z1
SgEu94o85QKaBwRnUqk SgEu94o85QKaBwRnUqk
iYI8LowClq2xG0XWSdZ iYI8LowClq2xG0XWSdZ
v8rJpjBE2GMRcaD7w4V v8rJpjBE2GMRcaD7w4V
PyJKts960QpjhTLD2OE PyJKts960QpjhTLD2OE
8CRHxDVKFZsYB6tMpik 8CRHxDVKFZsYB6tMpik
dLzEgnCZKowbF2kJImP dLzEgnCZKowbF2kJImP
qR1w8vWKJ9GTMoIVHEe qR1w8vWKJ9GTMoIVHEe
N4xuWFlCoSegmctI20M N4xuWFlCoSegmctI20M
ZDtoyidIR6aqQwg1rfL ZDtoyidIR6aqQwg1rfL
r7atW26zvHYEAjxZB5I r7atW26zvHYEAjxZB5I
9k3KERBOiDm5tSLWTuV 9k3KERBOiDm5tSLWTuV
p39vLN8ZTmldOHc7FQq p39vLN8ZTmldOHc7FQq
RZydCPMgeNYjxh8sAGI RZydCPMgeNYjxh8sAGI
ZiPlEIqjAW0gpVoJsT6 ZiPlEIqjAW0gpVoJsT6
tW8U5JQYoGLH1fxkDly tW8U5JQYoGLH1fxkDly
XfrmtaWRUdFACN809yS XfrmtaWRUdFACN809yS
1pEvPaYSub2mW8eItUO 1pEvPaYSub2mW8eItUO
JX3fUkTlirV92nytHdI JX3fUkTlirV92nytHdI
IxZGeW9SUK2QcXf7aJs IxZGeW9SUK2QcXf7aJs
81enwCUSxbBZOYdyVNm 81enwCUSxbBZOYdyVNm
oXD0mSLKMYy5gjbW7s3 oXD0mSLKMYy5gjbW7s3
gkIdtam3XO0GhSfHMn2 gkIdtam3XO0GhSfHMn2
oqS8bChDzaEOsTV2FZp oqS8bChDzaEOsTV2FZp
Z67LKcAUNbXP0xGtue2 Z67LKcAUNbXP0xGtue2
4LxtbrVK16vaZhMqPTf 4LxtbrVK16vaZhMqPTf
sP8cQuHBaxI7wkL0VTS sP8cQuHBaxI7wkL0VTS
p80UhzCbyXmZiGjNTVY p80UhzCbyXmZiGjNTVY
JOjfABw83oFCiaXDvMs JOjfABw83oFCiaXDvMs
SILZWArv6k7FcGhyeb5 SILZWArv6k7FcGhyeb5
3WN1qBmcvAExjdM6Gr7 3WN1qBmcvAExjdM6Gr7
SWcTa048zDXHmAk67vq SWcTa048zDXHmAk67vq
UhV08bJKBApcNP4O7xl UhV08bJKBApcNP4O7xl
TwZjBSskDY4E9OdRuXv TwZjBSskDY4E9OdRuXv
32iUhWwbaRQdpGN6CP9 32iUhWwbaRQdpGN6CP9
JcQAO3uxterl9IUwhKB JcQAO3uxterl9IUwhKB
sho45SEzbYFQpR1CwZm sho45SEzbYFQpR1CwZm
4WPDhRB2vq5G1CNxpiz 4WPDhRB2vq5G1CNxpiz
8XdiGJQuvDq0O45cAa3 8XdiGJQuvDq0O45cAa3
TD1lnWQY5GcdEjtfVzs TD1lnWQY5GcdEjtfVzs
Nji35abpK0CTUSlWGuA Nji35abpK0CTUSlWGuA
OzSVlAJPB8pD7McueaG OzSVlAJPB8pD7McueaG
IlfLurGFiMO9W3wUAXR IlfLurGFiMO9W3wUAXR
bXmHFcCtVZPv4oxBweM bXmHFcCtVZPv4oxBweM
8aKYx2SdqPRjFvi6yr4 8aKYx2SdqPRjFvi6yr4
KJwAq0SmfUlOGo8Pbeh KJwAq0SmfUlOGo8Pbeh
4RPkH7Dc2lSytIEjdvZ 4RPkH7Dc2lSytIEjdvZ
eqi0fKTM2RdD6zkSAEr eqi0fKTM2RdD6zkSAEr
EyCHsSP5XZrQR0L23jf EyCHsSP5XZrQR0L23jf
C7gXPVA3YZ2QWdsUkGx C7gXPVA3YZ2QWdsUkGx
mqAocERyYrzi36U5pTt mqAocERyYrzi36U5pTt
Jlkixpd2cLWGKCrVSmf Jlkixpd2cLWGKCrVSmf
ou7YpydAjD9Tzn0MSEv ou7YpydAjD9Tzn0MSEv
J1VXRSak3EBr6AGsmz7 J1VXRSak3EBr6AGsmz7
5Sgq2KH8U61EC0W3VNR 5Sgq2KH8U61EC0W3VNR
pdb3WuP0IFN8hwBkH69 pdb3WuP0IFN8hwBkH69
GpTdeJ4jlQkvCMFtiU8 GpTdeJ4jlQkvCMFtiU8
VMPr01qNctRo2GspAdh VMPr01qNctRo2GspAdh
BS8iY9aPlgh1QqrIpVd BS8iY9aPlgh1QqrIpVd
J6ComdZW9qLG5V7D2Qb J6ComdZW9qLG5V7D2Qb
jIi2sVXxaTR5vQNo6uH jIi2sVXxaTR5vQNo6uH
CN1OwEHxoMR8mP7VXyj CN1OwEHxoMR8mP7VXyj
wdEaysuC74BJzk6lPtZ wdEaysuC74BJzk6lPtZ
uhaSszxK8v16PtwWV50 uhaSszxK8v16PtwWV50
VmTt9Ek3YP0ioL4huqK VmTt9Ek3YP0ioL4huqK
BMxnoGrf91mOZwU8P3C BMxnoGrf91mOZwU8P3C
5Hz2glV7fhLTxX0iEyu 5Hz2glV7fhLTxX0iEyu
LgX3GoqbTpRCdhOElKA LgX3GoqbTpRCdhOElKA
KtuJ8324zFfxhcgNUO0 KtuJ8324zFfxhcgNUO0
EwF5nLVG0tZTx9dWU1D EwF5nLVG0tZTx9dWU1D
8XNwOR4jem9hBP3VKuk 8XNwOR4jem9hBP3VKuk
XBQSWe7pwDs2Ik8lnAv XBQSWe7pwDs2Ik8lnAv
XMuchaoDbgs8v65ECIF XMuchaoDbgs8v65ECIF
vBQ8qjbgmCfZIxY2zJP vBQ8qjbgmCfZIxY2zJP
uFkwq6pWAKVEXdDRGQb uFkwq6pWAKVEXdDRGQb
2SbQ735yxpaYRJGdLNt 2SbQ735yxpaYRJGdLNt
ciYOlIwSpvHz3ybj2mV ciYOlIwSpvHz3ybj2mV
Ou5bfz3rmJwxCBhTatL Ou5bfz3rmJwxCBhTatL
srXSIvPOWTzJ7opbjGc srXSIvPOWTzJ7opbjGc
M7vKqQH6U3sGneYpBmr M7vKqQH6U3sGneYpBmr
NXV1D2dbScZ4y9pUtqW NXV1D2dbScZ4y9pUtqW
kC0UP5yi37XTohZLezu kC0UP5yi37XTohZLezu
0l5Q4wHKrGTtYmko6uB 0l5Q4wHKrGTtYmko6uB
EtZy03uSNxdF1kcjeG7 EtZy03uSNxdF1kcjeG7
mxbN18fatelypn20FLZ mxbN18fatelypn20FLZ
SBXYtjvfK32xzIsAgbu SBXYtjvfK32xzIsAgbu
DZKQ08WnbkSIqz2rAm6 DZKQ08WnbkSIqz2rAm6
sOhbeTrPJkB5zIDlpEx sOhbeTrPJkB5zIDlpEx
XHfCu7qLi0aIveTUmlM XHfCu7qLi0aIveTUmlM
LdUAKJjGy23PM8pSE0H LdUAKJjGy23PM8pSE0H
FhQNEw3VjK7YeUgT8rm FhQNEw3VjK7YeUgT8rm
OFnyj64xurghSV8Cz13 OFnyj64xurghSV8Cz13
weiO89Us3SIvoaPtrB0 weiO89Us3SIvoaPtrB0
ZyajO0zqmgFGd4PUlik ZyajO0zqmgFGd4PUlik
wJPGQIr4Njpk7Re6sbX wJPGQIr4Njpk7Re6sbX
NWGQdEXnhM5gUqcJ13T NWGQdEXnhM5gUqcJ13T
