0 6 5 15 55 37 55 15 58 100 101 100 58 15 96 12 138 139 138 12 96 15 5 116 117 116 5 6 0 11 14 11 35 90 182 183 182 90 184 90 35 11 83 167 168 167 83 169 83 11 130 131 130 11 179 180 179 11 181 11 0 18 9 17 25 49 194 195 194 49 196 49 25 94 126 127 126 94 25 124 125 124 25 17 47 152 153 152 47 154 47 164 165 164 47 166 47 17 78 185 186 185 78 187 78 17 9 19 9 57 136 137 136 57 188 189 188 57 190 57 9 161 162 161 9 163 9 18 102 103 102 18 0 33 1 7 69 110 111 110 69 7 1 155 156 155 1 157 1 33 4 77 13 16 23 21 140 141 140 21 142 21 23 36 23 45 173 174 173 45 175 45 23 16 32 3 32 16 13 41 112 113 112 41 122 123 122 41 13 77 4 84 24 84 132 133 132 84 143 144 143 84 145 84 4 33 10 26 38 34 120 121 120 34 38 146 147 146 38 148 38 26 158 159 158 26 160 26 10 28 87 8 31 53 176 177 176 53 178 53 31 118 119 118 31 8 87 20 87 149 150 149 87 151 87 28 10 114 115 114 10 197 198 197 10 199 10 33 0 40 2 63 60 108 109 108 60 128 129 128 60 63 2 40 134 135 134 40 0 46 27 39 44 104 105 104 44 39 106 107 106 39 27 46 170 171 170 46 172 46 0 54 191 192 191 54 193 54 0
100
100 100
101 101
138 138
139 139
116 116
117 117
182 182
183 183
184 184
167 167
168 168
169 169
130 130
131 131
179 179
180 180
181 181
194 194
195 195
196 196
126 126
127 127
124 124
125 125
152 152
153 153
154 154
164 164
165 165
166 166
185 185
186 186
187 187
136 136
137 137
188 188
189 189
190 190
161 161
162 162
163 163
102 102
103 103
110 110
111 111
155 155
156 156
157 157
140 140
141 141
142 142
173 173
174 174
175 175
112 112
113 113
122 122
123 123
132 132
133 133
143 143
144 144
145 145
120 120
121 121
146 146
147 147
148 148
158 158
159 159
160 160
176 176
177 177
178 178
118 118
119 119
149 149
150 150
151 151
114 114
115 115
197 197
198 198
199 199
108 108
109 109
128 128
129 129
134 134
135 135
104 104
105 105
106 106
107 107
170 170
171 171
172 172
191 191
192 192
193 193
