0 15 32 9 41 27 21 76 77 76 21 78 21 27 34 14 48 79 80 79 48 81 48 97 98 97 48 99 48 14 70 71 70 14 72 14 34 46 5 49 85 86 85 49 87 49 5 91 92 91 5 93 5 46 34 27 41 29 44 12 94 95 94 12 96 12 44 29 41 9 42 50 51 50 42 9 6 56 57 56 6 9 32 17 19 24 2 4 30 11 68 69 68 11 30 4 2 10 66 67 66 10 2 39 23 62 63 62 23 39 2 73 74 73 2 75 2 24 19 54 55 54 19 82 83 82 19 84 19 17 32 52 53 52 32 15 0 16 3 22 1 60 61 60 1 22 3 36 3 37 40 64 65 64 40 88 89 88 40 90 40 37 3 16 58 59 58 16 0
50
76 76
77 77
78 78
79 79
80 80
81 81
97 97
98 98
99 99
70 70
71 71
72 72
85 85
86 86
87 87
91 91
92 92
93 93
94 94
95 95
96 96
50 50
51 51
56 56
57 57
68 68
69 69
66 66
67 67
62 62
63 63
73 73
74 74
75 75
54 54
55 55
82 82
83 83
84 84
52 52
53 53
60 60
61 61
64 64
65 65
88 88
89 89
90 90
58 58
59 59
