0 70 4 24 44 84 44 89 44 24 4 30 9 39 9 60 63 60 9 30 85 5 95 98 52 51 52 98 95 5 8 5 85 87 86 87 85 30 33 30 4 45 35 10 12 81 12 11 12 10 13 10 35 37 88 47 46 47 88 37 35 38 17 16 17 38 35 55 14 54 14 55 58 42 58 55 57 55 35 45 48 45 4 69 99 69 4 79 34 50 25 65 20 15 75 77 76 77 75 15 18 15 20 23 20 65 67 96 97 96 67 65 68 32 31 32 68 65 25 27 25 28 25 50 34 79 90 2 90 92 90 79 4 80 49 80 82 80 83 80 4 40 4 94 29 94 4 70 72 71 72 70 0
50
4 4
44 44
84 84
89 89
39 39
60 60
63 63
85 85
5 5
52 52
51 51
8 8
86 86
33 33
81 81
11 11
13 13
37 37
88 88
46 46
16 16
55 55
54 54
58 58
42 42
57 57
48 48
99 99
79 79
65 65
20 20
76 76
18 18
23 23
67 67
97 97
68 68
32 32
31 31
28 28
90 90
92 92
80 80
49 49
82 82
83 83
40 40
94 94
29 29
71 71
