0 3 0 75 4 30 29 79 150 20 150 152 150 4 184 124 4 30 32 30 4 94 14 39 35 37 36 37 35 38 35 125 128 117 166 117 168 165 59 19 84 149 99 104 17 16 17 104 64 7 146 7 176 7 5 135 52 135 138 135 109 119 129 72 129 139 180 182 181 182 180 22 20 100 10 45 170 5 190 192 190 170 172 170 55 58 55 155 185 187 185 10 12 66 67 123 67 66 12 11 12 10 13 10 15 4 154 9 24 49 160 162 161 162 160 137 136 137 135 70 40 2 28 2 40 43 40 90 54 69 179 74 189 4 80 82 108 102 106 102 100 90 92 91 92 90 115 77 186 42 41 42 186 132 141 132 131 132 186 77 101 77 116 22 20 25 27 65 68 65 27 118 115 34 89 114 159 4 95 145 148 145 175 60 50 85 87 85 195 62 60 120 47 183 47 120 122 120 4 134 140 142 140 143 97 95 4 164 144 195 197 195 75 78 75 110 44 105 55 57 56 57 110 113 110 130 133 130 0
100
3 3
30 30
79 79
20 20
152 152
184 184
124 124
32 32
94 94
39 39
35 35
37 37
36 36
38 38
125 125
128 128
166 166
168 168
149 149
99 99
104 104
17 17
16 16
64 64
135 135
52 52
138 138
129 129
72 72
139 139
180 180
182 182
181 181
100 100
192 192
172 172
55 55
58 58
187 187
12 12
66 66
67 67
123 123
11 11
13 13
15 15
154 154
160 160
161 161
136 136
2 2
28 28
43 43
54 54
69 69
179 179
74 74
189 189
82 82
108 108
102 102
92 92
91 91
186 186
42 42
41 41
132 132
141 141
131 131
101 101
116 116
25 25
27 27
65 65
68 68
118 118
114 114
159 159
95 95
145 145
148 148
87 87
120 120
47 47
183 183
122 122
134 134
142 142
97 97
144 144
195 195
197 197
78 78
110 110
44 44
105 105
57 57
56 56
113 113
133 133
