loc0 loc103 loc31 loc139 loc10 loc153 loc153 loc1 loc111 loc111 loc111 loc72 loc102 loc48 loc189 loc189 loc189 loc102 loc120 loc120 loc129 loc157 loc157 loc157 loc129 loc3 loc183 loc183 loc66 loc102 loc54 loc135 loc27 loc108 loc63 loc108 loc135 loc135 loc135 loc153 loc91 loc127 loc64 loc109 loc127 loc127 loc55 loc172 loc172 loc55 loc127 loc19 loc118 loc20 loc128 loc74 loc110 loc92 loc110 loc110 loc110 loc74 loc128 loc2 loc118 loc118 loc38 loc113 loc29 loc113 loc77 loc131 loc32 loc131 loc131 loc14 loc149 loc113 loc137 loc73 loc136 loc136 loc199 loc19 loc145 loc112 loc40 loc103 loc76 loc104 loc149 loc59 loc158 loc62 loc116 loc98 loc116 loc152 loc179 loc179 loc107 loc26 loc107 loc107 loc107 loc107 loc107 loc80 loc125 loc176 loc149 loc149 loc104 loc50 loc103 loc58 loc103 loc94 loc166 loc79 loc115 loc34 loc115 loc43 loc160 loc16 loc124 loc88 loc124 loc61 loc124 loc97 loc133 loc52 loc105 loc78 loc105 loc42 loc105 loc105 loc105 loc15 loc132 loc24 loc114 loc87 loc123 loc123 loc123 loc114 loc114 loc24 loc195 loc150 loc133 loc105 loc52 loc160 loc160 loc115 loc166 loc13 loc103 loc0
75
loc153 loc45 loc90 loc36
loc111 loc39 loc12 loc22
loc189 loc99 loc57
loc102 loc66 loc84
loc120 loc75 loc49
loc129 loc4 loc21
loc157 loc67 loc85
loc183 loc6
loc135 loc81 loc9 loc18
loc109 loc46
loc127 loc19
loc172 loc55 loc82
loc110 loc47 loc11
loc118 loc2 loc65
loc113 loc5 loc41
loc131 loc83 loc56
loc136 loc37 loc100
loc199 loc28
loc149 loc68 loc86
loc116 loc80
loc152 loc44
loc179 loc17 loc89
loc107 loc53 loc35 loc71 loc8
loc125 loc23
loc104 loc95
loc124 loc7
loc105 loc96 loc60 loc51
loc123 loc93 loc30
loc114 loc33
loc133 loc69
loc160 loc70
loc115 loc25
loc1 loc1
loc3 loc3
loc10 loc10
loc13 loc13
loc14 loc14
loc15 loc15
loc16 loc16
loc20 loc20
loc24 loc24
loc26 loc26
loc27 loc27
loc29 loc29
loc31 loc31
loc32 loc32
loc34 loc34
loc38 loc38
loc40 loc40
loc42 loc42
loc43 loc43
loc48 loc48
loc50 loc50
loc52 loc52
loc54 loc54
loc58 loc58
loc59 loc59
loc61 loc61
loc62 loc62
loc63 loc63
loc64 loc64
loc72 loc72
loc73 loc73
loc74 loc74
loc76 loc76
loc77 loc77
loc78 loc78
loc79 loc79
loc87 loc87
loc88 loc88
loc91 loc91
loc92 loc92
loc94 loc94
loc97 loc97
loc98 loc98
