loc0 loc58 loc13 loc58 loc58 loc58 loc39 loc57 loc12 loc57 loc33 loc60 loc60 loc15 loc51 loc78 loc7 loc61 loc16 loc53 loc35 loc53 loc17 loc89 loc41 loc95 loc86 loc77 loc26 loc71 loc71 loc53 loc70 loc76 loc70 loc0 loc66 loc30 loc66 loc4 loc64 loc18 loc54 loc36 loc90 loc27 loc99 loc39 loc58 loc22 loc70 loc43 loc52 loc85 loc0 loc67 loc32 loc68 loc5 loc59 loc50 loc59 loc47 loc56 loc11 loc65 loc65 loc10 loc55 loc37 loc55 loc28 loc55 loc1 loc73 loc82 loc65 loc65 loc2 loc67 loc0
43
loc58 loc40 loc49 loc31
loc60 loc6 loc21
loc51 loc42
loc78 loc24
loc89 loc8
loc95 loc23
loc71 loc44
loc53 loc26
loc76 loc25
loc66 loc48 loc3
loc54 loc9
loc99 loc45
loc52 loc34
loc67 loc14
loc65 loc20 loc46 loc29 loc38
loc73 loc19
loc1 loc1
loc2 loc2
loc4 loc4
loc5 loc5
loc7 loc7
loc10 loc10
loc11 loc11
loc12 loc12
loc13 loc13
loc15 loc15
loc16 loc16
loc17 loc17
loc18 loc18
loc22 loc22
loc27 loc27
loc28 loc28
loc30 loc30
loc32 loc32
loc33 loc33
loc35 loc35
loc36 loc36
loc37 loc37
loc39 loc39
loc41 loc41
loc43 loc43
loc47 loc47
loc50 loc50
