85 24 0 65 6 35 6 65 18 57 18 65 61 8 61 75 34 75 61 65 0 24 81 24 43 72 11 36 28 36 94 26 2 52 2 26 32 31 83 16 66 3 47 3 91 3 29 98 29 3 66 71 70 22 70 99 56 99 70 68 70 71 66 60 96 60 66 16 83 13 83 31 32 86 32 25 23 25 14 55 14 45 14 48 80 48 14 17 14 38 14 25 32 10 93 30 74 50 74 82 51 82 87 88 62 90 4 42 92 42 53 42 69 42 4 27 4 44 4 90 62 7 21 37 49 46 78 46 49 73 15 73 49 37 21 76 21 7 62 64 62 88 87 82 74 30 93 10 32 26 94 36 11 89 12 89 79 89 11 72 5 1 5 72 77 72 43 24 85 54 85
50
0 0
35 35
57 57
8 8
34 34
81 81
43 43
11 11
28 28
94 94
52 52
31 31
16 16
47 47
91 91
98 98
71 71
22 22
99 99
56 56
68 68
96 96
13 13
86 86
23 23
55 55
45 45
48 48
80 80
17 17
38 38
93 93
50 50
51 51
87 87
92 92
53 53
69 69
27 27
44 44
7 7
37 37
46 46
15 15
76 76
64 64
79 79
1 1
77 77
54 54
