99 176 103 52 22 58 102 58 22 52 76 105 131 159 106 108 62 73 62 128 164 95 24 194 40 2 86 181 86 168 86 2 112 71 192 71 112 2 146 2 63 2 47 2 40 194 24 95 19 184 19 1 19 33 139 12 139 33 19 95 183 95 164 128 80 11 80 128 62 108 106 159 131 105 76 161 76 52 92 52 167 154 122 48 13 54 129 29 196 137 150 137 85 127 85 186 85 174 85 137 185 45 41 45 185 137 196 29 129 28 129 54 61 135 101 88 101 135 8 60 8 135 61 54 13 87 16 190 16 197 179 37 23 182 21 78 21 191 165 191 21 182 23 5 138 133 113 64 59 64 113 7 18 43 66 43 56 96 132 96 157 172 157 119 157 96 56 43 97 43 18 7 111 7 113 51 113 170 113 30 113 124 113 114 113 133 138 20 138 5 23 37 53 162 0 162 53 37 180 37 179 197 16 148 16 17 16 87 13 48 26 199 39 199 42 199 26 198 72 74 166 84 160 195 46 144 169 104 31 82 31 104 130 104 169 144 46 55 46 120 171 120 46 27 116 117 116 107 118 4 118 107 49 10 57 193 142 156 70 156 142 193 57 10 49 125 49 123 49 107 158 81 100 69 173 69 83 69 25 69 100 81 9 81 126 38 187 68 187 38 126 81 158 107 163 107 94 107 116 27 46 195 160 84 166 74 72 198 26 48 122 154 149 154 167 52 103 176 188 175 15 175 32 152 6 79 178 14 35 14 178 79 6 75 6 152 90 152 32 98 115 98 36 155 110 151 110 155 36 98 32 34 32 175 188 176 99
100
99 99
103 103
22 22
102 102
131 131
106 106
73 73
164 164
24 24
40 40
181 181
168 168
112 112
192 192
146 146
63 63
47 47
184 184
1 1
33 33
12 12
183 183
80 80
161 161
92 92
167 167
122 122
150 150
127 127
186 186
174 174
185 185
41 41
28 28
61 61
88 88
8 8
190 190
78 78
165 165
5 5
59 59
18 18
66 66
56 56
132 132
172 172
119 119
97 97
111 111
51 51
170 170
30 30
124 124
114 114
20 20
53 53
0 0
180 180
148 148
17 17
26 26
39 39
42 42
166 166
160 160
169 169
82 82
130 130
55 55
171 171
27 27
117 117
4 4
10 10
142 142
70 70
125 125
123 123
158 158
100 100
173 173
83 83
25 25
9 9
126 126
68 68
163 163
94 94
149 149
188 188
15 15
178 178
35 35
75 75
90 90
98 98
155 155
151 151
34 34
