81 34 78 101 36 189 36 101 78 124 78 166 78 156 78 110 130 110 78 178 78 49 78 158 78 145 89 145 78 157 95 157 78 165 78 43 78 35 78 184 78 57 78 21 111 123 111 21 78 199 78 164 78 74 78 45 78 9 107 9 78 162 78 87 78 1 159 1 78 192 17 192 78 84 78 197 78 46 78 70 78 138 78 41 78 90 78 109 78 183 78 80 78 76 78 34 167 126 170 126 42 126 97 126 65 126 153 126 167 56 167 34 48 34 88 34 188 34 161 115 161 34 171 135 171 34 15 132 15 34 102 34 168 195 168 34 85 34 182 34 100 34 141 34 92 34 27 34 18 34 23 34 33 34 152 34 121 34 93 34 200 34 12 34 67 16 108 16 67 34 191 34 8 34 71 34 52 34 125 34 196 34 86 34 179 34 127 34 69 34 96 34 24 34 58 34 38 103 38 34 14 34 20 34 64 34 59 34 117 34 150 34 148 53 148 34 154 34 180 34 198 34 77 34 81
100
81 81
34 34
78 78
36 36
189 189
124 124
166 166
156 156
130 130
178 178
49 49
158 158
145 145
89 89
95 95
165 165
43 43
35 35
184 184
57 57
123 123
199 199
164 164
74 74
45 45
9 9
107 107
162 162
87 87
1 1
159 159
17 17
84 84
197 197
46 46
70 70
138 138
41 41
90 90
109 109
183 183
80 80
76 76
167 167
126 126
170 170
42 42
97 97
65 65
153 153
56 56
48 48
88 88
188 188
161 161
115 115
135 135
132 132
195 195
85 85
182 182
100 100
141 141
92 92
27 27
18 18
23 23
33 33
152 152
121 121
93 93
200 200
12 12
16 16
108 108
191 191
8 8
71 71
52 52
125 125
196 196
86 86
179 179
127 127
69 69
96 96
24 24
58 58
103 103
14 14
20 20
64 64
59 59
117 117
150 150
53 53
154 154
180 180
198 198
77 77
