63 37 15 76 12 84 94 11 83 68 96 45 78 23 43 50 20 64 81 69 66 93 25 33 44 89 62 19 42 21 74 99 34 9 87 92 24 47 36 73 1 55 98 48 27 18 59 58 17 3 82 90 53 14 77 70 80 72 35 65 86 97 85 67 52 8 40 39 71 49 38 4 63
50
63 63
37 37
15 15
12 12
11 11
83 83
45 45
78 78
23 23
43 43
50 50
20 20
64 64
81 81
69 69
93 93
33 33
89 89
19 19
21 21
74 74
99 99
34 34
9 9
87 87
24 24
47 47
36 36
48 48
27 27
18 18
59 59
58 58
17 17
3 3
53 53
14 14
70 70
80 80
72 72
35 35
65 65
86 86
97 97
85 85
67 67
52 52
71 71
38 38
4 4
