10 50 81 80 79 78 77 76 75 74 73 72 71 70 69 68 67 66 65 64 63 62 61 60 96 97 98 94 99 59 58 57 56 55 90 91 92 88 93 54 53 52 84 85 86 87 51 50 10 16 17 18 24 21 22 23 31 25 4 1 2 3 27 5 44 20 0 19 30 28 7 33 32 40 36 43 34 42 41 6 9 8 38 35 39 37 14 11 12 13 29 15 10
47
62 62
61 61
96 96
97 97
98 98
99 99
59 59
58 58
57 57
56 56
90 90
91 91
92 92
93 93
54 54
53 53
52 52
84 84
85 85
86 86
87 87
51 51
21 21
22 22
23 23
25 25
1 1
2 2
3 3
5 5
7 7
32 32
36 36
43 43
34 34
42 42
41 41
6 6
8 8
38 38
35 35
39 39
37 37
11 11
12 12
29 29
15 15
