0 4 77 56 50 93 68 1 84 66 44 38 22 72 99 85 90 30 13 26 0 40 19 14 33 81 36 37 20 21 31 43 5 15 76 58 45 83 29 24 27 64 18 23 53 32 94 42 12 88 59 17 6 7 69 34 51 8 67 11 47 39 35 10 25 80 63 71 41 16 46 82 9 28 0 57 3 0 52 49 2 48 0
50
4 4
50 50
1 1
44 44
38 38
22 22
30 30
13 13
26 26
40 40
19 19
14 14
33 33
36 36
37 37
20 20
21 21
31 31
43 43
5 5
15 15
45 45
29 29
24 24
27 27
18 18
23 23
32 32
42 42
12 12
17 17
6 6
7 7
34 34
8 8
11 11
47 47
39 39
35 35
10 10
25 25
41 41
16 16
46 46
9 9
28 28
3 3
49 49
2 2
48 48
