0 91 127 109 187 180 115 76 28 42 116 55 31 97 176 44 33 0 117 79 143 0 189 51 181 46 155 38 87 5 62 17 89 161 45 70 108 7 139 20 35 56 0 103 99 78 9 0 86 0 27 133 49 195 186 68 150 75 53 0 39 81 84 158 6 96 157 93 178 94 10 43 74 37 47 2 30 83 71 21 13 191 95 66 4 32 179 144 119 73 14 114 29 136 52 193 197 85 16 101 26 69 40 59 11 1 34 23 60 63 159 138 113 135 82 0 12 168 90 80 24 104 92 54 149 177 18 102 192 57 170 156 110 15 3 58 111 48 100 124 172 22 183 67 25 64 146 19 50 36 77 41 72 125 65 61 88 8 0 98 0
100
91 91
76 76
28 28
42 42
55 55
31 31
97 97
44 44
33 33
79 79
51 51
46 46
38 38
87 87
5 5
62 62
17 17
89 89
45 45
70 70
7 7
20 20
35 35
56 56
99 99
78 78
9 9
86 86
27 27
49 49
68 68
75 75
53 53
39 39
81 81
84 84
6 6
96 96
93 93
94 94
10 10
43 43
74 74
37 37
47 47
2 2
30 30
83 83
71 71
21 21
13 13
95 95
66 66
4 4
32 32
73 73
14 14
29 29
52 52
85 85
16 16
26 26
69 69
40 40
59 59
11 11
1 1
34 34
23 23
60 60
63 63
82 82
12 12
90 90
80 80
24 24
92 92
54 54
18 18
57 57
15 15
3 3
58 58
48 48
100 100
22 22
67 67
25 25
64 64
19 19
50 50
36 36
77 77
41 41
72 72
65 65
61 61
88 88
8 8
98 98
