Soda B C Soda E F Soda H I J K Soda N O Soda Q R Soda T U Soda W X Soda Z AA Soda AC AD Soda AF AG Soda AI AJ Soda AN AO Soda AS AT Soda AV AW AX AY AZ Soda BC BD Soda BI BJ Soda BN BO BP BQ Soda BS BT BU Soda BW BX Soda BZ CA Soda CZ DA Soda DC DD Soda DI DJ Soda DO DP DQ Soda DT DU DV DW DX DY DZ Soda EZ FA Soda FC FD Soda FF FG Soda FI FJ Soda FQ FR Soda FT FU Soda FW FX Soda GB GC Soda GE GF Soda GH GI GJ GK Soda GO Soda
47
C C
F F
I I
K K
O O
R R
U U
X X
AA AA
AD AD
AG AG
AJ AJ
AO AO
AT AT
AW AW
AX AX
AZ AZ
BD BD
BJ BJ
BO BO
BQ BQ
BT BT
BU BU
BX BX
CA CA
DA DA
DD DD
DJ DJ
DO DO
DQ DQ
DT DT
DU DU
DW DW
DX DX
DZ DZ
FA FA
FD FD
FG FG
FJ FJ
FR FR
FU FU
FX FX
GC GC
GF GF
GI GI
GK GK
GO GO
