99 85 35 57 1 57 48 22 26 22 42 12 11 12 42 31 19 31 44 9 73 9 44 31 42 22 62 27 62 22 48 54 21 54 56 24 56 54 48 20 48 57 35 95 34 72 77 74 16 74 77 78 46 78 77 94 4 29 28 5 28 29 15 29 4 33 41 33 4 94 59 94 77 72 34 95 82 67 23 67 8 67 82 90 7 39 64 43 64 39 81 18 55 83 17 60 17 65 17 83 3 83 55 18 10 14 66 71 53 40 53 71 66 14 93 37 32 37 93 14 10 18 81 25 47 70 30 45 30 70 47 25 81 39 7 90 82 95 35 6 35 79 49 79 35 85 87 92 13 0 13 36 13 92 87 85 61 38 69 2 69 38 61 85 99
50
35 35
1 1
48 48
22 22
26 26
42 42
12 12
11 11
31 31
19 19
44 44
9 9
27 27
21 21
24 24
20 20
34 34
16 16
46 46
4 4
29 29
28 28
5 5
15 15
33 33
41 41
23 23
8 8
7 7
39 39
43 43
18 18
17 17
3 3
10 10
14 14
40 40
37 37
32 32
25 25
47 47
30 30
45 45
6 6
49 49
13 13
0 0
36 36
38 38
2 2
