0 4 5 6 7 8 9 12 13 14 15 14 33 34 35 36 37 38 42 43 42 44 45 48 47 48 49 50 52 54 58 59 60 59 58 62 64 73 64 63 62 70 71 65 72 76 77 78 79 80 81 83 86 85 17 19 18 17 21 20 32 23 25 26 28 30 28 27 28 26 23 32 20 19 17 90 82 80 79 78 77 76 74 72 66 62 58 54 55 54 56 54 52 50 49 44 42 38 33 14 11 9 10 31 28 0
34
49 53
3 3
4 4
7 7
8 8
10 10
13 13
15 15
18 18
19 19
20 20
21 21
25 25
27 27
30 30
35 35
36 36
37 37
42 42
43 43
47 47
48 48
55 55
56 56
59 59
60 60
63 63
70 70
71 71
73 73
74 74
78 78
80 80
86 86
