0 1 2 3 2 4 5 6 7 8 9 12 11 14 13 16 15 16 13 14 92 93 95 97 120 101 102 105 106 105 108 105 107 ViksNode 112 116 117 116 118 33 34 35 34 36 34 33 37 39 40 41 42 43 42 44 45 48 45 44 46 47 46 44 49 50 52 54 58 61 60 61 58 59 58 62 64 73 64 62 63 62 66 70 71 65 72 76 77 78 79 80 81 83 86 85 84 90 17 19 17 18 17 21 20 32 23 25 23 26 28 30 28 27 28 26 23 32 20 21 17 90 84 85 86 83 81 80 79 78 77 76 72 74 72 65 71 70 66 67 66 62 58 54 55 54 56 54 52 50 49 51 53 51 49 44 42 41 40 39 37 33 118 116 112 115 113 115 114 115 112 110 111 109 125 126 125 109 111 110 112 ViksNode 128 129 130 129 128 ViksNode 107 105 102 101 104 101 100 122 121 122 123 122 100 99 100 101 120 97 95 93 96 93 92 94 92 14 11 12 10 12 9 8 7 6 5 4 2 1 0
45
3 3
4 4
7 7
8 8
13 13
15 15
106 106
108 108
117 117
35 35
36 36
37 37
42 42
43 43
48 48
47 47
60 60
59 59
73 73
63 63
70 70
71 71
78 78
80 80
86 86
19 19
18 18
21 21
20 20
25 25
30 30
27 27
74 74
55 55
56 56
53 53
113 113
114 114
130 130
104 104
121 121
123 123
99 99
94 94
10 10
