yZx4F8OpIk5Ar2sBMJAx ixBQklcj47gZLpsoK0Z1 3NlcmlomZH13bXyH9A3z ixBQklcj47gZLpsoK0Z1 ylc14u4guzQsG1HGoIaW ixBQklcj47gZLpsoK0Z1 BoPjxvlt26bTwBLbfnZh ixBQklcj47gZLpsoK0Z1 Ux0fPXy37kADOkMzDLQ2 ixBQklcj47gZLpsoK0Z1 OX2sgS0EKma0KPRXo24b ixBQklcj47gZLpsoK0Z1 OLNsB9xLMpVZMUaTLkU7 ixBQklcj47gZLpsoK0Z1 1nX5xj0493ZNrFPUOVt9 ixBQklcj47gZLpsoK0Z1 K5SbR7BNjzxCUkAdrGa5 ixBQklcj47gZLpsoK0Z1 9RASC8iIlFoW2F9PoUXZ ixBQklcj47gZLpsoK0Z1 pyuAeTbcVcifrFis8Hjk ixBQklcj47gZLpsoK0Z1 3Nm0UHOvSd34D8rM2yZH ixBQklcj47gZLpsoK0Z1 TIQTzk08mTKB7r8LXluj ixBQklcj47gZLpsoK0Z1 E0w68ygm8mlxdWmjUSMA ixBQklcj47gZLpsoK0Z1 KdV5bt367BMwPhG3obI3 ixBQklcj47gZLpsoK0Z1 j8a5XYXH6AK0uHrNRime ixBQklcj47gZLpsoK0Z1 O3Hkka0xTn4TYlQWkSEt ixBQklcj47gZLpsoK0Z1 73lJNME3ed7CVENNhT28 ixBQklcj47gZLpsoK0Z1 oNRzekgjmcfhwbUnE9E5 ixBQklcj47gZLpsoK0Z1 xfBJiQuas9xv3hIOUe8o ixBQklcj47gZLpsoK0Z1 t3p35rQwuMfICpxwBTRV ixBQklcj47gZLpsoK0Z1 MjcrC2MkSyccg6AM7KMW ixBQklcj47gZLpsoK0Z1 YCHj3zwS8C1T4iIu3mub ixBQklcj47gZLpsoK0Z1 sYiNL7uSzhZbFuuuJ7Ov ixBQklcj47gZLpsoK0Z1 iPYb45Axawv8d5E4ZUWT ixBQklcj47gZLpsoK0Z1 a37twrOQlX8ckvFplsbJ ixBQklcj47gZLpsoK0Z1 sI5I68bj40h6dFM0JU7L ixBQklcj47gZLpsoK0Z1 brD3Sp7VWuo0VotesZDK ixBQklcj47gZLpsoK0Z1 SxhNwhmBZW56skeskoXT ixBQklcj47gZLpsoK0Z1 uwJup2WiLVChmnkelhR8 ixBQklcj47gZLpsoK0Z1 coccrxCAACMV0GSxD2xc ixBQklcj47gZLpsoK0Z1 c2xoK29xdkQaHgutY5NS ixBQklcj47gZLpsoK0Z1 e6PVUjjd6ajldcTPycA6 ixBQklcj47gZLpsoK0Z1 Jl9fGpEEaLR4lmSJYVKz ixBQklcj47gZLpsoK0Z1 tg1w5Br4i5001iky5uAt ixBQklcj47gZLpsoK0Z1 bSPdwFdSvkSaDMkIhhIm ixBQklcj47gZLpsoK0Z1 u3rvHKE2Cknh2L20VX31 ixBQklcj47gZLpsoK0Z1 evP9W9Sp0JotOHAnvl9E ixBQklcj47gZLpsoK0Z1 2GGOgT8kgyBmX858M38j ixBQklcj47gZLpsoK0Z1 mhfSTNs1vGxIVkKDB1R9 ixBQklcj47gZLpsoK0Z1 Z5A3tROaNW2mCwf9Mwns ixBQklcj47gZLpsoK0Z1 u8Sh3uzUVF2pFMTdyMgE ixBQklcj47gZLpsoK0Z1 YXB7UTVLkwJ3CJcMVTzW ixBQklcj47gZLpsoK0Z1 p1HQ9bUXYQS3CJ4AN6us ixBQklcj47gZLpsoK0Z1 k4TDiYyIyLOxd2S09stN ixBQklcj47gZLpsoK0Z1 hCu50otWd5xV17Ex0c3a ixBQklcj47gZLpsoK0Z1 xjrY90FEcI7klV7sjO39 ixBQklcj47gZLpsoK0Z1 MMuVzSLYdkYJSnZzYgpt ixBQklcj47gZLpsoK0Z1 4vVzhXxSoe23m0D4crAQ ixBQklcj47gZLpsoK0Z1 aUS8Ma4u9DWG5rGkGMu3 ixBQklcj47gZLpsoK0Z1 yZx4F8OpIk5Ar2sBMJAx
50
ixBQklcj47gZLpsoK0Z1 ixBQklcj47gZLpsoK0Z1
3NlcmlomZH13bXyH9A3z 3NlcmlomZH13bXyH9A3z
ylc14u4guzQsG1HGoIaW ylc14u4guzQsG1HGoIaW
BoPjxvlt26bTwBLbfnZh BoPjxvlt26bTwBLbfnZh
Ux0fPXy37kADOkMzDLQ2 Ux0fPXy37kADOkMzDLQ2
OX2sgS0EKma0KPRXo24b OX2sgS0EKma0KPRXo24b
OLNsB9xLMpVZMUaTLkU7 OLNsB9xLMpVZMUaTLkU7
1nX5xj0493ZNrFPUOVt9 1nX5xj0493ZNrFPUOVt9
K5SbR7BNjzxCUkAdrGa5 K5SbR7BNjzxCUkAdrGa5
9RASC8iIlFoW2F9PoUXZ 9RASC8iIlFoW2F9PoUXZ
pyuAeTbcVcifrFis8Hjk pyuAeTbcVcifrFis8Hjk
3Nm0UHOvSd34D8rM2yZH 3Nm0UHOvSd34D8rM2yZH
TIQTzk08mTKB7r8LXluj TIQTzk08mTKB7r8LXluj
E0w68ygm8mlxdWmjUSMA E0w68ygm8mlxdWmjUSMA
KdV5bt367BMwPhG3obI3 KdV5bt367BMwPhG3obI3
j8a5XYXH6AK0uHrNRime j8a5XYXH6AK0uHrNRime
O3Hkka0xTn4TYlQWkSEt O3Hkka0xTn4TYlQWkSEt
73lJNME3ed7CVENNhT28 73lJNME3ed7CVENNhT28
oNRzekgjmcfhwbUnE9E5 oNRzekgjmcfhwbUnE9E5
xfBJiQuas9xv3hIOUe8o xfBJiQuas9xv3hIOUe8o
t3p35rQwuMfICpxwBTRV t3p35rQwuMfICpxwBTRV
MjcrC2MkSyccg6AM7KMW MjcrC2MkSyccg6AM7KMW
YCHj3zwS8C1T4iIu3mub YCHj3zwS8C1T4iIu3mub
sYiNL7uSzhZbFuuuJ7Ov sYiNL7uSzhZbFuuuJ7Ov
iPYb45Axawv8d5E4ZUWT iPYb45Axawv8d5E4ZUWT
a37twrOQlX8ckvFplsbJ a37twrOQlX8ckvFplsbJ
sI5I68bj40h6dFM0JU7L sI5I68bj40h6dFM0JU7L
brD3Sp7VWuo0VotesZDK brD3Sp7VWuo0VotesZDK
SxhNwhmBZW56skeskoXT SxhNwhmBZW56skeskoXT
uwJup2WiLVChmnkelhR8 uwJup2WiLVChmnkelhR8
coccrxCAACMV0GSxD2xc coccrxCAACMV0GSxD2xc
c2xoK29xdkQaHgutY5NS c2xoK29xdkQaHgutY5NS
e6PVUjjd6ajldcTPycA6 e6PVUjjd6ajldcTPycA6
Jl9fGpEEaLR4lmSJYVKz Jl9fGpEEaLR4lmSJYVKz
tg1w5Br4i5001iky5uAt tg1w5Br4i5001iky5uAt
bSPdwFdSvkSaDMkIhhIm bSPdwFdSvkSaDMkIhhIm
u3rvHKE2Cknh2L20VX31 u3rvHKE2Cknh2L20VX31
evP9W9Sp0JotOHAnvl9E evP9W9Sp0JotOHAnvl9E
2GGOgT8kgyBmX858M38j 2GGOgT8kgyBmX858M38j
mhfSTNs1vGxIVkKDB1R9 mhfSTNs1vGxIVkKDB1R9
Z5A3tROaNW2mCwf9Mwns Z5A3tROaNW2mCwf9Mwns
u8Sh3uzUVF2pFMTdyMgE u8Sh3uzUVF2pFMTdyMgE
YXB7UTVLkwJ3CJcMVTzW YXB7UTVLkwJ3CJcMVTzW
p1HQ9bUXYQS3CJ4AN6us p1HQ9bUXYQS3CJ4AN6us
k4TDiYyIyLOxd2S09stN k4TDiYyIyLOxd2S09stN
hCu50otWd5xV17Ex0c3a hCu50otWd5xV17Ex0c3a
xjrY90FEcI7klV7sjO39 xjrY90FEcI7klV7sjO39
MMuVzSLYdkYJSnZzYgpt MMuVzSLYdkYJSnZzYgpt
4vVzhXxSoe23m0D4crAQ 4vVzhXxSoe23m0D4crAQ
aUS8Ma4u9DWG5rGkGMu3 aUS8Ma4u9DWG5rGkGMu3
