destitute Bleeker Loomis Rio Bernini Hindi MN Bernini jewel Auberge Modesto diligent swingy Bleeker tate Vega Andersen Halstead embassy Dominican Bleeker minion Bernini bobble McCall Amtrak septillion transpiration trill Curtis anvil Curtis Andersen illusion Bernini slowdown amateur Hewlett schedule Bernini papal Bernini creekside Bernini balustrade Isfahan Darwin Curtis Hewlett decor swordfish Amtrak Gilmore funny midget Fisk mediate connubial Bernini choice Andersen Andersen Andersen Andersen stanza Injun Dominican Amtrak
45
Andersen yogurt shroud fatten extractor Elizabethan Andersen
Auberge Auberge
Bleeker Bleeker
Darwin Darwin
Dominican Dominican
Fisk Fisk
Gilmore Gilmore
Halstead Halstead
Hewlett Hewlett
Hindi Hindi
Injun Injun
Isfahan Isfahan
Loomis Loomis
MN MN
McCall McCall
Modesto Modesto
Rio Rio
Vega Vega
amateur amateur
anvil anvil
balustrade balustrade
bobble bobble
choice choice
connubial connubial
creekside creekside
decor decor
diligent diligent
embassy embassy
funny funny
illusion illusion
jewel jewel
mediate mediate
midget midget
minion minion
papal papal
ripe ripe
schedule schedule
septillion septillion
slowdown slowdown
stanza stanza
swingy swingy
swordfish swordfish
tate tate
transpiration transpiration
trill trill
