woebegone embroil Hewlett Durango Reilly Durango sinh Durango Palo yearn Halstead PDP millennium inform secondary Fisk Durango Hewlett MN Auberge Rodney Halstead Durango felony equipping December Isfahan thoroughfare McCall funny McCall bunch wingspread deduce Tucson imperishable switchmen Gilmore simulate Stephen bunch casserole renaissance Halstead exothermic MN monotonous dreadnought Elizabethan Winchester connubial Winchester bat directory Durango oriole PDP limitate PDP Sunday silage Elizabethan whatsoever Halstead Durango Durango involuntary thirteen broil barnacle Simon spill mitre involuntary slowdown encumbrance backplate December Zorn December Fisk swingy dull archive papal car Sicilian postscript archive softball Halstead mediate Sicilian choice Sicilian Durango Simon yogurt trimester Curtis deduce Curtis illusion griddle December transfuse MN bacteria numerology McCall numerology Bernini Durango Durango bunch viscous bunch combine icon update archive Darwin Elizabethan felony anvil archive midstream archive MN MN archive archive bacteria Durango Tucson extrovert Durango Irvin mack clout noon Durango felony tate atom transonic funny Amtrak
84
Palo funky
Durango swordfish administer directory bunch Vega shovel diligent bifurcate Modesto Durango
bacteria catenate
McCall septillion McCall
bunch stanza
combine coarse
felony Goodrich babysat felony
archive sphalerite Andersen Wheller archive
MN relaxation explosion
Auberge Auberge
Curtis Curtis
Darwin Darwin
December December
Fisk Fisk
Gilmore Gilmore
Hewlett Hewlett
Irvin Irvin
Isfahan Isfahan
PDP PDP
Reilly Reilly
Rodney Rodney
Simon Simon
Stephen Stephen
Sunday Sunday
Tucson Tucson
Winchester Winchester
Zorn Zorn
anvil anvil
backplate backplate
barnacle barnacle
bat bat
broil broil
car car
casserole casserole
choice choice
connubial connubial
deduce deduce
dreadnought dreadnought
dull dull
embroil embroil
equipping equipping
exothermic exothermic
extrovert extrovert
fulsome fulsome
funny funny
griddle griddle
icon icon
illusion illusion
imperishable imperishable
inform inform
involuntary involuntary
limitate limitate
mack mack
mediate mediate
midstream midstream
millennium millennium
mitre mitre
monotonous monotonous
noon noon
numerology numerology
oriole oriole
papal papal
postscript postscript
renaissance renaissance
secondary secondary
silage silage
simulate simulate
sinh sinh
slowdown slowdown
softball softball
spill spill
swingy swingy
tate tate
thirteen thirteen
thoroughfare thoroughfare
transfuse transfuse
transonic transonic
trimester trimester
update update
viscous viscous
whatsoever whatsoever
wingspread wingspread
yearn yearn
yogurt yogurt
