exothermic felony Irvin decor shovel trill combine confrontation Dominican yogurt swordfish wafer Halstead namesake McCall Andersen combine FPC brook Hewlett Bleeker amateur Bernini Tucson Bernini Injun Curtis involuntary anvil embroil barnacle schedule extrovert sacrifice McCall Halstead midget tate coarse FPC choice Halstead lordosis Injun Iowa exothermic
25
felony felony
Irvin Irvin
decor decor
shovel shovel
trill trill
combine combine
yogurt yogurt
swordfish swordfish
wafer wafer
namesake namesake
McCall McCall
Andersen Andersen
FPC FPC
amateur amateur
Bernini Bernini
Tucson Tucson
Injun Injun
Curtis Curtis
extrovert extrovert
sacrifice sacrifice
Halstead Halstead
midget midget
coarse coarse
lordosis lordosis
Iowa Iowa
