Loc35 Loc31 Loc46 Loc0 Loc7 Loc2 Loc34 Loc51 Loc58 Loc37 Loc2 Loc81 Loc0 Loc78 Loc89 Loc4 Loc92 Loc0 Loc80 Loc62 Loc22 Loc0 Loc24 Loc0 Loc74 Loc86 Loc84 Loc77 Loc47 Loc15 Loc0 Loc79 Loc90 Loc10 Loc25 Loc2 Loc63 Loc0 Loc41 Loc64 Loc52 Loc71 Loc48 Loc65 Loc0 Loc28 Loc70 Loc1 Loc44 Loc23 Loc67 Loc0 Loc97 Loc33 Loc1 Loc54 Loc95 Loc35
44
Loc0 Loc73 Loc93 Loc66 Loc39 Loc13 Loc0
Loc1 Loc14 Loc1
Loc24 Loc24
Loc89 Loc89
Loc77 Loc77
Loc65 Loc65
Loc84 Loc84
Loc79 Loc79
Loc86 Loc86
Loc74 Loc74
Loc97 Loc97
Loc23 Loc23
Loc67 Loc67
Loc78 Loc78
Loc48 Loc48
Loc71 Loc71
Loc58 Loc58
Loc46 Loc46
Loc31 Loc31
Loc41 Loc41
Loc7 Loc7
Loc70 Loc70
Loc10 Loc10
Loc33 Loc33
Loc62 Loc62
Loc54 Loc54
Loc95 Loc95
Loc25 Loc25
Loc51 Loc51
Loc28 Loc28
Loc22 Loc22
Loc37 Loc37
Loc15 Loc15
Loc81 Loc81
Loc4 Loc4
Loc92 Loc92
Loc52 Loc52
Loc34 Loc34
Loc63 Loc63
Loc80 Loc80
Loc47 Loc47
Loc44 Loc44
Loc64 Loc64
Loc90 Loc90
