1 9 38 90 38 43 50 43 17 96 17 27 63 27 19 54 19 37 68 37 30 95 30 6 56 6 7 28 7 7 18 36 18 18 44 44 31 40 71 40 12 52 12 11 78 11 23 55 23 25 86 25 13 58 13 39 69 39 32 80 32 5 76 5 29 73 29 2 57 2 42 59 42 10 65 10 24 53 24 45 75 45 35 87 35 4 67 4 26 51 26 48 88 48 14 89 14 34 62 34 41 94 41 47 93 47 21 61 21 46 82 46 33 72 33 15 20 15 15 1 8 66 8 16 49 16 22 81 22 3 92 3 1
45
7 60 74
18 83 70
44 77
31 91
15 64 85
1 79
49 49
50 50
51 51
52 52
53 53
54 54
55 55
56 56
57 57
58 58
59 59
61 61
62 62
63 63
65 65
66 66
67 67
68 68
69 69
71 71
72 72
73 73
75 75
76 76
78 78
80 80
81 81
82 82
84 84
86 86
87 87
88 88
89 89
90 90
92 92
93 93
94 94
95 95
96 96
