ctUVEJSyNR Z82QDWb0Pr aU8DhVMUfY U5XdtBFGOe aU8DhVMUfY Z82QDWb0Pr T3o9dNVbcG TDmNOuGJBk pxgZ5VHtpD MzId8uwrPz 1AtHE9Fk5J MzId8uwrPz txD9e6zJ8c VbPBW7rmhF BtCEVbHoQI I4iTN5KXjB BtCEVbHoQI lraBaKP2We vZijjgnvKU gLI8ArV2Ui jKpmFoejPZ 6lpxgUxCxO jKpmFoejPZ gLI8ArV2Ui vZijjgnvKU lraBaKP2We BtCEVbHoQI VbPBW7rmhF UphA2uAaYC vzXeZbLrSW UphA2uAaYC VbPBW7rmhF MuYreynm57 f91pUtm9EZ MuYreynm57 osdKgXyg1e MuYreynm57 VbPBW7rmhF txD9e6zJ8c MzId8uwrPz sY3UqAEMG3 8Jejdr7ynm 7d3UA4fKWz 8Jejdr7ynm aUbShUrdkZ RLF9v27sOQ aUbShUrdkZ 8Jejdr7ynm QwY2G6aX6c 8Jejdr7ynm sY3UqAEMG3 oPQmRUijH5 sY3UqAEMG3 HG8olhhcTZ sY3UqAEMG3 MzId8uwrPz N4DMbR59L3 qg08r1Pg6g uVIshS2g8a zUWT7uduzq uVIshS2g8a VBTKstUXwG 8UaR4YpZys VBTKstUXwG OhLW7kGQcM VBTKstUXwG uVIshS2g8a qg08r1Pg6g N4DMbR59L3 MzId8uwrPz pxgZ5VHtpD TDmNOuGJBk T3o9dNVbcG Z82QDWb0Pr HTp005294X IU0Ia8127Z HTp005294X Z82QDWb0Pr ctUVEJSyNR
25
Z82QDWb0Pr Z82QDWb0Pr
U5XdtBFGOe U5XdtBFGOe
T3o9dNVbcG T3o9dNVbcG
TDmNOuGJBk TDmNOuGJBk
MzId8uwrPz MzId8uwrPz
BtCEVbHoQI BtCEVbHoQI
I4iTN5KXjB I4iTN5KXjB
gLI8ArV2Ui gLI8ArV2Ui
6lpxgUxCxO 6lpxgUxCxO
UphA2uAaYC UphA2uAaYC
vzXeZbLrSW vzXeZbLrSW
MuYreynm57 MuYreynm57
f91pUtm9EZ f91pUtm9EZ
osdKgXyg1e osdKgXyg1e
8Jejdr7ynm 8Jejdr7ynm
7d3UA4fKWz 7d3UA4fKWz
RLF9v27sOQ RLF9v27sOQ
QwY2G6aX6c QwY2G6aX6c
oPQmRUijH5 oPQmRUijH5
HG8olhhcTZ HG8olhhcTZ
qg08r1Pg6g qg08r1Pg6g
zUWT7uduzq zUWT7uduzq
VBTKstUXwG VBTKstUXwG
8UaR4YpZys 8UaR4YpZys
IU0Ia8127Z IU0Ia8127Z
