g3ylJsdLuC BUMLJo6sc3 jPXsbXPNMq j98kcW9qGB bsEkAY2K41 vUu8ijgxxf yvMowGbkvn vUu8ijgxxf 9LabQjTqkn uqBwmUCwgE u4FAx2sHZm 2OsmeZV9xh u4FAx2sHZm g2I4si69gU Qu2MUNKITj yU6iUY8YgO XOxGPscMMG WcyuqGYOzU oWmQcQwHPo 2eMl9AO5o8 emYRLTiyj9 LeZK9UvMT9 vnZBjkVngj oVMPVsMWrZ WYEDqSuNRX oEdovEhrWM YpRs8m6oyX 2S929yZddP YpRs8m6oyX FmtLnHv2HY GQ4F0g3Mdj XW1Wn7EqpN rCoEuOa7EU eV8Vk47Uma x7iq98BiN3 IGpxjveim7 TSSOUimHPg oCk2Yieytb dC48GQHGzO 1TfvXd6dPZ dC48GQHGzO RN0bCAV6rQ pk0Vh75DnH 2fevl06VRg 33omYiVXOD oCk2Yieytb Tk8ERvdKxF WAi18jd2vJ S8BtTu4yH9 WAi18jd2vJ PY68abXYga KO0qxEFqYe 1QXjsHNYao KO0qxEFqYe Cqa6jMOeIY fXy828RCG4 uIf3wnJUdn Tk8ERvdKxF oCk2Yieytb 33omYiVXOD 5SSy593K31 qqiMfzDvYA vLjEFrUVJv qjDSEKmZMW jBYJ7v19BQ qjDSEKmZMW FqFik17fFH XW1Wn7EqpN GQ4F0g3Mdj fXy828RCG4 VpC9l6m3bG YAqGe4tKAP 33omYiVXOD oCk2Yieytb uqBwmUCwgE 0mnwiU4XrT u4LnQNaaiz 0mnwiU4XrT 0SQlBVJ1YY fWIjO8yhE3 EG1t1o8YrR 8KtuAXHUy3 EG1t1o8YrR fWIjO8yhE3 KHDeTTvJC1 fWIjO8yhE3 s3eMpsYH00 Pijq8aHqIR qnkfLCmfDn QTNhZIciNJ CSjLrGbUz3 xtp1B5q0W1 CSjLrGbUz3 QTNhZIciNJ h5Si5BAPN0 QTNhZIciNJ 9LabQjTqkn dMOAUqH7Z3 qnkfLCmfDn Pijq8aHqIR lfdanPGo3c Pijq8aHqIR nFqfAnhO3U 0hs3CNDF4L nFqfAnhO3U 9LabQjTqkn vUu8ijgxxf euuICgBLD4 r8njDwxc2t euuICgBLD4 nFqfAnhO3U TBzLS0OAYU nFqfAnhO3U Pijq8aHqIR fXy828RCG4 KUJdxKVZFO 7g0Idy1nzK 03xK87sjTf nKHFs5cKTX 03xK87sjTf 7g0Idy1nzK KUJdxKVZFO 0wTk0mYkLH KUJdxKVZFO fXy828RCG4 Pijq8aHqIR s3eMpsYH00 oIVQ2qkgnR bhojeHeddF z8wUSSybzM j98kcW9qGB jPXsbXPNMq BUMLJo6sc3 srT70dfQEr 1N2P3Sa7im srT70dfQEr 1N2P3Sa7im 1TfvXd6dPZ u4FAx2sHZm uqBwmUCwgE 0mnwiU4XrT wRn7Oi1bcW 0mnwiU4XrT 0SQlBVJ1YY Pz3egMzKU8 0SQlBVJ1YY 7ZWqK2F5XG 2O61j91J3T bserQRNqfz Q2bVxDrpEx oEdovEhrWM CUEWGmB7Gt dMOAUqH7Z3 9LabQjTqkn vUu8ijgxxf bsEkAY2K41 vUu8ijgxxf DJYFSgxecW t25XjDwQhD 8ZKCAWlImg tubjzjzUpV 8ZKCAWlImg z9nRKYQ1ub 8ZKCAWlImg tubjzjzUpV 1KJyArncTt XlU2fx0ZPn BNkM7qaRNw yky49wE4YG Pv5LMSkQii yky49wE4YG YAqGe4tKAP yky49wE4YG YAqGe4tKAP 33omYiVXOD LeZK9UvMT9 emYRLTiyj9 2eMl9AO5o8 QrJxLpX875 dj8JMfo3hX 4znnlMjVra MXIvZpEPtW 2nSOTVmvxV TP2TNyk7wl 2nSOTVmvxV yky49wE4YG 723MhcLxt0 7wS9dKOnJR qjDSEKmZMW vLjEFrUVJv fWIjO8yhE3 uvoepIQg9n IA0Uf143OT uvoepIQg9n IA0Uf143OT JD3uem81Lg 2q1lo9tSYb CxfzSa2YOV M2hatQPY96 vnZBjkVngj oVMPVsMWrZ g2I4si69gU MXIvZpEPtW 4znnlMjVra MXIvZpEPtW 4TTtdOaCTp PcFJuErB3q FvzkpZRSj8 Oiowits7js 12ECENJIev Oiowits7js 12ECENJIev HHHZ1vC1rP WvFZJEkTrw aEo62SfMqH j98kcW9qGB jPXsbXPNMq BUMLJo6sc3 TSSOUimHPg TSSOUimHPg BUMLJo6sc3 fecMfiAuGC BUMLJo6sc3 TSSOUimHPg oCk2Yieytb uqBwmUCwgE
89
TSSOUimHPg mwzQG3SxnO 97ZNlakBoq LCKLTNE1vp
GQ4F0g3Mdj TyL7NE2puV GQ4F0g3Mdj
uqBwmUCwgE bWDewy6WbV
vUu8ijgxxf onlLq65Azx KpxiCfRqh3 Q1N77BLmyb vUu8ijgxxf
jPXsbXPNMq bhojeHeddF jPXsbXPNMq
1N2P3Sa7im K05xB79KZo
1TfvXd6dPZ mbSdju1TJK 1TfvXd6dPZ
YAqGe4tKAP WRd4lScvm6 YAqGe4tKAP
emYRLTiyj9 LeZK9UvMT9 emYRLTiyj9
fWIjO8yhE3 gZXiityEnU
g2I4si69gU IT4pKw3giW g2I4si69gU
4TTtdOaCTp biWuM2iRnz
lfdanPGo3c lfdanPGo3c
S8BtTu4yH9 S8BtTu4yH9
0wTk0mYkLH 0wTk0mYkLH
qjDSEKmZMW qjDSEKmZMW
12ECENJIev 12ECENJIev
oCk2Yieytb oCk2Yieytb
CUEWGmB7Gt CUEWGmB7Gt
s3eMpsYH00 s3eMpsYH00
YpRs8m6oyX YpRs8m6oyX
TBzLS0OAYU TBzLS0OAYU
XW1Wn7EqpN XW1Wn7EqpN
WcyuqGYOzU WcyuqGYOzU
uIf3wnJUdn uIf3wnJUdn
Pz3egMzKU8 Pz3egMzKU8
z9nRKYQ1ub z9nRKYQ1ub
h5Si5BAPN0 h5Si5BAPN0
CxfzSa2YOV CxfzSa2YOV
Pijq8aHqIR Pijq8aHqIR
WAi18jd2vJ WAi18jd2vJ
oEdovEhrWM oEdovEhrWM
uvoepIQg9n uvoepIQg9n
0mnwiU4XrT 0mnwiU4XrT
5SSy593K31 5SSy593K31
yvMowGbkvn yvMowGbkvn
u4LnQNaaiz u4LnQNaaiz
QrJxLpX875 QrJxLpX875
yky49wE4YG yky49wE4YG
Pv5LMSkQii Pv5LMSkQii
2O61j91J3T 2O61j91J3T
idQHxtSnxr idQHxtSnxr
Oiowits7js Oiowits7js
KUJdxKVZFO KUJdxKVZFO
oIVQ2qkgnR oIVQ2qkgnR
RN0bCAV6rQ RN0bCAV6rQ
tubjzjzUpV tubjzjzUpV
03xK87sjTf 03xK87sjTf
M2hatQPY96 M2hatQPY96
bsEkAY2K41 bsEkAY2K41
WvFZJEkTrw WvFZJEkTrw
dj8JMfo3hX dj8JMfo3hX
aEo62SfMqH aEo62SfMqH
r8njDwxc2t r8njDwxc2t
IA0Uf143OT IA0Uf143OT
BNkM7qaRNw BNkM7qaRNw
pk0Vh75DnH pk0Vh75DnH
xtp1B5q0W1 xtp1B5q0W1
fecMfiAuGC fecMfiAuGC
FvzkpZRSj8 FvzkpZRSj8
KHDeTTvJC1 KHDeTTvJC1
oWmQcQwHPo oWmQcQwHPo
4znnlMjVra 4znnlMjVra
qnkfLCmfDn qnkfLCmfDn
CSjLrGbUz3 CSjLrGbUz3
t25XjDwQhD t25XjDwQhD
JD3uem81Lg JD3uem81Lg
TP2TNyk7wl TP2TNyk7wl
7g0Idy1nzK 7g0Idy1nzK
723MhcLxt0 723MhcLxt0
oVMPVsMWrZ oVMPVsMWrZ
nKHFs5cKTX nKHFs5cKTX
Tk8ERvdKxF Tk8ERvdKxF
dMOAUqH7Z3 dMOAUqH7Z3
yU6iUY8YgO yU6iUY8YgO
wRn7Oi1bcW wRn7Oi1bcW
XlU2fx0ZPn XlU2fx0ZPn
QTNhZIciNJ QTNhZIciNJ
0hs3CNDF4L 0hs3CNDF4L
srT70dfQEr srT70dfQEr
BUMLJo6sc3 BUMLJo6sc3
2OsmeZV9xh 2OsmeZV9xh
x7iq98BiN3 x7iq98BiN3
fXy828RCG4 fXy828RCG4
1QXjsHNYao 1QXjsHNYao
jBYJ7v19BQ jBYJ7v19BQ
2S929yZddP 2S929yZddP
u4FAx2sHZm u4FAx2sHZm
8KtuAXHUy3 8KtuAXHUy3
