6Zg7j6t8kt ka4cgDWgq7 HpRVhY9Btb OF1HL5xl4P KpPj50fAfy OND9LnuOus eQGeDFyUBy 97dvK2Az7S GSDEYlNcCM ka4cgDWgq7 MImiDijd1o VWD9Yy5Xrg zH4Z0p0Ftj 2Xeaya9zol NgxnYo41LY I1RTFIGWhc NULo72dPyj OGWcs2X8pk 8pgnfE3xKu ReGEuwhnqY 1iUrZ2N0MA s8EkvbOYAX 79JJ9GZF8c fhmE7A9rVl 0gqiqztWgj 4ViGHxfdlc SDcTVr32JM 1iUrZ2N0MA ESDdDChkYw 1aPtXDhYtV wXTrLT9dUx dojrtYXceT wXTrLT9dUx GSDEYlNcCM 1iUrZ2N0MA UgxUR9jKcJ Ma7DUhMrCQ pm1Yq2dCLL iyQiEnpG35 pm1Yq2dCLL xKltif8n2P l4hZbrGnD5 4ViGHxfdlc MpRNDD0glq lrFRnKniRv ka4cgDWgq7 M9d0z6OccV gSP0irArmo M9d0z6OccV gSP0irArmo N08DpqDewo gSP0irArmo 1iUrZ2N0MA pm1Yq2dCLL uXkvSfF7Kv pm1Yq2dCLL 1iUrZ2N0MA DFUEuoVNn7 oRs9wR3IGE 8pgnfE3xKu dqEsxDzQkU vCSWEyz4PC TH1GgoG5GU I1RTFIGWhc SDcTVr32JM I1RTFIGWhc pzbJYPJ1Je I1RTFIGWhc YrPP1U1r20 7cteJXIZM1 YrPP1U1r20 ckEVpwA8CD YQKcyMibnc ckEVpwA8CD YrPP1U1r20 I1RTFIGWhc SDcTVr32JM cqCbnI2bkr b3jUAAPOlA cqCbnI2bkr NgxnYo41LY 4lUeyqYb0U J6nn6V6pVr dyS1o5lQHD OpwMnuSGmp dyS1o5lQHD J6nn6V6pVr VlwfpLcOHZ vD4d0BZ03p zH4Z0p0Ftj HpRVhY9Btb GSDEYlNcCM 97dvK2Az7S ViIGFkuCy7 97dvK2Az7S Dkc5CxJ6RV 97dvK2Az7S GSDEYlNcCM J6nn6V6pVr fbxiHLAsv4 ECFKqOm791 OR78sPVsV9 EZQ9HUGjRN 5wb0VR04nl PzwBWrPM7w DFUEuoVNn7 H0NdoJawvz 4JtfcKJvHu H0NdoJawvz oQb2PqTM8x Iroa6leixY PzwBWrPM7w DFUEuoVNn7 oRs9wR3IGE OR78sPVsV9 4RZs4XFvF9 G05S6XZiBa 1koyFI8rlU Octagmmhko TH1GgoG5GU OF1HL5xl4P HpRVhY9Btb YZKJeBb8Pe VlwfpLcOHZ rCrtLJTXdv tvKOOMQ7Sv rCrtLJTXdv fbxiHLAsv4 ECFKqOm791 wXTrLT9dUx 6Zg7j6t8kt
50
ka4cgDWgq7 ka4cgDWgq7
KpPj50fAfy KpPj50fAfy
97dvK2Az7S 97dvK2Az7S
GSDEYlNcCM GSDEYlNcCM
VWD9Yy5Xrg VWD9Yy5Xrg
zH4Z0p0Ftj zH4Z0p0Ftj
NgxnYo41LY NgxnYo41LY
I1RTFIGWhc I1RTFIGWhc
OGWcs2X8pk OGWcs2X8pk
8pgnfE3xKu 8pgnfE3xKu
s8EkvbOYAX s8EkvbOYAX
79JJ9GZF8c 79JJ9GZF8c
fhmE7A9rVl fhmE7A9rVl
0gqiqztWgj 0gqiqztWgj
ESDdDChkYw ESDdDChkYw
1aPtXDhYtV 1aPtXDhYtV
wXTrLT9dUx wXTrLT9dUx
dojrtYXceT dojrtYXceT
UgxUR9jKcJ UgxUR9jKcJ
iyQiEnpG35 iyQiEnpG35
4ViGHxfdlc 4ViGHxfdlc
MpRNDD0glq MpRNDD0glq
lrFRnKniRv lrFRnKniRv
M9d0z6OccV M9d0z6OccV
N08DpqDewo N08DpqDewo
uXkvSfF7Kv uXkvSfF7Kv
oRs9wR3IGE oRs9wR3IGE
vCSWEyz4PC vCSWEyz4PC
TH1GgoG5GU TH1GgoG5GU
YrPP1U1r20 YrPP1U1r20
7cteJXIZM1 7cteJXIZM1
ckEVpwA8CD ckEVpwA8CD
YQKcyMibnc YQKcyMibnc
cqCbnI2bkr cqCbnI2bkr
b3jUAAPOlA b3jUAAPOlA
4lUeyqYb0U 4lUeyqYb0U
OpwMnuSGmp OpwMnuSGmp
vD4d0BZ03p vD4d0BZ03p
Dkc5CxJ6RV Dkc5CxJ6RV
fbxiHLAsv4 fbxiHLAsv4
EZQ9HUGjRN EZQ9HUGjRN
H0NdoJawvz H0NdoJawvz
4JtfcKJvHu 4JtfcKJvHu
Iroa6leixY Iroa6leixY
4RZs4XFvF9 4RZs4XFvF9
G05S6XZiBa G05S6XZiBa
1koyFI8rlU 1koyFI8rlU
Octagmmhko Octagmmhko
YZKJeBb8Pe YZKJeBb8Pe
tvKOOMQ7Sv tvKOOMQ7Sv
