1 1eX K 1cM K 1bF K 1bC K 1cJ K 1aX K 1eA K 1cU K 1bW K 1dT K 1dD K 1dS K 1aK K 1bK K 1eG K 1cP K 1aB K 1aA K 1aT K 1aN K 1dF K 1aI K 1cZ K 1dP K 1eC K 1bB K 1bQ K 1bD K 1bG K 1cQ K 1aP K 1bU K 1eX 1eO Y 1eO 1dG 1eO 1aS 1eO 1aL 1eO 1eX B 1cV B 1eX 1eM 1aU 1eM 1eX 2 1aJ 1bX 1aJ 1bT 1aJ 1dH 1aJ 1aE 1aJ 1dZ 1aJ 1cF 1aJ 1aZ 1aJ 1cE 1aJ 1bL 1aJ 1eE 1aJ 1aM 1aJ 1dI 1aJ 1aY 1aJ 1dV 1aJ 1eB 1aJ 1aC 1aJ 1dC 1aJ 1dY 1aJ 1aQ 1aJ 2 1dE 2 1eX 1eJ 1eX 1cC 1eX 1dW 1eX 1eI 1eX 1cX 1eX 1bY 1eX 1bO 1eX 1cY 1eX 1bR 1eX 1bE 1eX 1cB 1eX 1dK 1eX 1eH 1eX 1cW 1eX 1dA 1eX 1cO 1eX 1bJ 1eX 1dR 1eX 1aW 1eX 1cK 1eX 1dM 1eX 1cI 1eX 1dO 1eX 1bV 1eX 1cR 1eX 1cH 1eX 1bN 1eX 1dN 1eX 1cD 1eX 1bA 1eX 1aR 1eX 1dJ 1eX 1cT 1eX 1cN 1eX 1bM 1eX 1bS 1eX 1eF 1eX 1eD 1eX 1aV 1eX 1cG 1eX 1bP 1eX 1bH 1eX 1cS 1eX 1
100
1 1
1bF 1bF
1bC 1bC
1cJ 1cJ
1aX 1aX
1eA 1eA
1cU 1cU
1bW 1bW
1dT 1dT
1dD 1dD
1dS 1dS
1aK 1aK
1bK 1bK
1eG 1eG
1cP 1cP
1aB 1aB
1aA 1aA
1aT 1aT
1aN 1aN
1dF 1dF
1aI 1aI
1cZ 1cZ
1dP 1dP
1eC 1eC
1bB 1bB
1bQ 1bQ
1bD 1bD
1bG 1bG
1cQ 1cQ
1aP 1aP
1bU 1bU
1dG 1dG
1aS 1aS
1aL 1aL
1cV 1cV
1aU 1aU
1aJ 1aJ
1bX 1bX
1bT 1bT
1dH 1dH
1aE 1aE
1dZ 1dZ
1cF 1cF
1aZ 1aZ
1cE 1cE
1bL 1bL
1eE 1eE
1aM 1aM
1dI 1dI
1aY 1aY
1dV 1dV
1eB 1eB
1aC 1aC
1dC 1dC
1dY 1dY
1aQ 1aQ
1dE 1dE
1eJ 1eJ
1cC 1cC
1dW 1dW
1eI 1eI
1cX 1cX
1bY 1bY
1bO 1bO
1cY 1cY
1bR 1bR
1bE 1bE
1cB 1cB
1dK 1dK
1eH 1eH
1cW 1cW
1dA 1dA
1cO 1cO
1bJ 1bJ
1dR 1dR
1aW 1aW
1cK 1cK
1dM 1dM
1cI 1cI
1dO 1dO
1bV 1bV
1cR 1cR
1cH 1cH
1bN 1bN
1dN 1dN
1cD 1cD
1bA 1bA
1aR 1aR
1dJ 1dJ
1cT 1cT
1cN 1cN
1bM 1bM
1bS 1bS
1eF 1eF
1eD 1eD
1aV 1aV
1cG 1cG
1bP 1bP
1bH 1bH
1cS 1cS
