1 x l 1aW 1bK 1aQ e 1aL 1aJ 1 1bG 1 1aU 1 A 1 1aR 1aK E 1bB 8 1aY 1aA P 1bI 1aN Q 9 3 1aI 1bC 1aB 1aG 1 G 1 7 1 K C 1bL 1aA 1aT 1aA N I H 1aA V 1bA 1aC R 1aC 1aB 1aG 1aZ 1aA L 1aB 1aK 1aX J B T 1bM 1aK 1aD 1bF 1aL 1bH 1aG 1aF 1aC 1aA 1aC 1aV 1aF 5 1aE S 1
50
1aW 1aW
1bK 1bK
1aQ 1aQ
1aL 1aL
1aJ 1aJ
1bG 1bG
1aU 1aU
A A
1aR 1aR
E E
1bB 1bB
8 8
1aY 1aY
P P
1bI 1bI
1aN 1aN
Q Q
9 9
1bC 1bC
1aG 1aG
G G
7 7
K K
C C
1bL 1bL
1aT 1aT
N N
I I
H H
V V
1bA 1bA
R R
1aB 1aB
1aZ 1aZ
L L
1aK 1aK
1aX 1aX
J J
B B
T T
1bM 1bM
1aD 1aD
1bF 1bF
1bH 1bH
1aF 1aF
1aC 1aC
1aA 1aA
1aV 1aV
5 5
S S
