5 95 90 13 88 72 10 78 83 61 22 75 30 49 66 91 14 27 76 87 37 99 62 15 55 7 37 40 75 37 36 12 82 67 11 9 62 28 73 50 58 35 57 85 50 43 40 16 45 6 76 47 17 19 92 1 38 42 81 62 23 40 74 84 18 80 20 69 6 76 96 52 44 28 46 70 18 97 28 51 4 79 77 34 56 40 59 60 18 41 98 37 39 12 64 93 75 53 77 86 0 94 7 24 5
50
5 5
95 95
13 13
88 88
78 78
22 22
30 30
91 91
14 14
27 27
87 87
99 99
15 15
55 55
40 40
75 75
36 36
82 82
67 67
11 11
62 62
85 85
43 43
45 45
6 6
47 47
92 92
1 1
42 42
81 81
23 23
74 74
84 84
69 69
76 76
52 52
44 44
46 46
97 97
4 4
34 34
60 60
18 18
98 98
39 39
64 64
93 93
53 53
0 0
24 24
