153 170 32 170 24 134 143 158 96 128 50 128 96 158 119 158 143 9 156 9 109 99 109 104 47 120 36 120 84 21 184 18 184 21 161 21 84 120 47 58 113 58 47 30 34 30 47 106 93 12 129 157 129 54 129 12 93 106 47 104 176 95 77 53 145 178 45 155 195 155 60 0 139 43 139 138 61 138 131 154 130 180 70 39 80 140 80 39 70 180 130 73 197 73 130 154 131 138 139 0 60 112 60 155 45 178 145 53 77 95 176 104 109 29 192 5 192 69 118 68 118 69 192 29 109 9 125 79 172 26 181 136 181 146 75 16 144 117 135 194 135 117 144 110 22 86 13 196 76 124 76 7 76 196 13 86 4 86 22 110 144 16 75 67 28 72 89 20 89 74 89 49 167 49 44 49 89 72 28 59 152 59 126 59 28 67 75 182 75 146 181 26 172 133 91 19 186 52 186 83 92 171 92 82 149 148 149 193 179 193 149 82 92 169 35 90 23 151 17 48 103 98 88 98 2 100 56 191 14 163 78 189 8 189 147 189 78 163 14 191 56 100 160 37 160 100 127 100 2 98 122 98 103 48 3 48 17 187 17 198 42 198 17 151 23 90 40 90 35 169 92 83 105 83 186 19 91 41 108 81 108 41 91 137 177 137 91 133 190 71 11 168 150 168 11 71 190 133 172 79 125 9 143 134 24 170 15 183 188 183 15 170 153
100
153 153
170 170
134 134
96 96
128 128
50 50
119 119
156 156
99 99
47 47
120 120
36 36
21 21
184 184
161 161
58 58
113 113
34 34
93 93
12 12
129 129
95 95
77 77
53 53
145 145
178 178
195 195
60 60
0 0
43 43
138 138
61 61
131 131
180 180
70 70
140 140
197 197
112 112
29 29
192 192
5 5
118 118
68 68
79 79
172 172
26 26
136 136
146 146
16 16
135 135
194 194
86 86
13 13
196 196
124 124
7 7
4 4
28 28
89 89
20 20
74 74
49 49
167 167
152 152
126 126
182 182
19 19
52 52
83 83
171 171
179 179
169 169
35 35
90 90
23 23
98 98
88 88
2 2
56 56
163 163
8 8
147 147
160 160
37 37
127 127
122 122
3 3
187 187
42 42
40 40
41 41
108 108
81 81
137 137
177 177
11 11
168 168
150 150
15 15
188 188
