htb26qt qvfndvc zjj1dm8s l8yypbh zjj1dm8s ligw3mffc fgkuly81y aq2rero4e mucolb1r ay5sahonq84 mucolb1r aq2rero4e 8jea4n4ez aq2rero4e fgkuly81y pmyqr fgkuly81y czpcwszblx 89ladcv uzsjpl5f5 5nsjpxd 52oycn21v a5u8g4sej yx6dguko a5u8g4sej 52oycn21v 5nsjpxd uzsjpl5f5 89ladcv mw8g2qjo1 89ladcv czpcwszblx hwu8dv9jgknbm czpcwszblx fgkuly81y ligw3mffc aplkk57cpzm 44yverx ben42py9 tmyhwxa tq8pgw7ge id5491f19 t4iedm k9f3w9 bmq8ez5t k9f3w9 t4iedm itrx5fucdq t4iedm gd5ct4 t4iedm id5491f19 zou7sx9w id5491f19 6u4sf1gi id5491f19 tq8pgw7ge tmyhwxa ben42py9 nd9xavj ben42py9 44yverx ic2r4blmm9 44yverx aplkk57cpzm ligw3mffc gxy4oc4 ushjdkdhm9 5612qqmh xpxnortd 29vqtk3x itbc25it1yep 2hzpyd yg6hizqty 2hzpyd itbc25it1yep 4lvyha1 iffsi 4lvyha1 itbc25it1yep q42s9z886w5 itbc25it1yep b8apl2kn qq3mi 7hz6j8 zjh83ae yhp7wbv9 zjh83ae 7hz6j8 qq3mi tpuaixp z4kx8k9 y3eg7gqq6 z4kx8k9 h1gz5hzz z4kx8k9 ysiw8m4l z4kx8k9 hipbkq7s74z 1jhmm8m85 hipbkq7s74z z4kx8k9 tpuaixp qq3mi u8tp4tq og6n7bgq8h 59yzvtv og6n7bgq8h p9mtts og6n7bgq8h u8tp4tq kxhc6t8tu 8m3pascg vl6czuab 37v6d vl6czuab 8m3pascg 5b63nad1 8m3pascg kxhc6t8tu oafxqw 9egqgrh7x4e kwtb3cg 9egqgrh7x4e oafxqw kxhc6t8tu u8tp4tq art44ncra u8tp4tq qq3mi nm7ud qq3mi b8apl2kn grn3uqx9y b8apl2kn itbc25it1yep 4w6uhigzl itbc25it1yep 29vqtk3x siimi45 eb3m8w2lan f92ere3 tjwldi f92ere3 eb3m8w2lan c9c2oc6rv 5xz8hm5sa3 6k7du 5xz8hm5sa3 c9c2oc6rv eb3m8w2lan siimi45 tu8xxomxhi pt2n7hl hyc885fvjls fej54ps5j hyc885fvjls pt2n7hl hq5mh8mi pt2n7hl yhvc7zg pt2n7hl euhqqqmdpe pt2n7hl tu8xxomxhi hc2hf5t8 tu8xxomxhi siimi45 3khitn6 siimi45 29vqtk3x xpxnortd t6fnmkuk t6jinp 9sp3riwrk66 k3qywmpr 9sp3riwrk66 g2g6fxcwr2l 9sp3riwrk66 t6jinp 87jxa m5r6ali 4nwqnlye ynuam4f8 1161ildqnj piawzpgtzz9 1161ildqnj ynuam4f8 4nwqnlye m5r6ali 87jxa 52a3fj2zh 87jxa t6jinp fl6nxu2p a8cy4e1t8 x73l73jp 4wptk69oipw 1ca2x2cnc 4wptk69oipw x73l73jp cou34kvbi x73l73jp dlkmpx x73l73jp a8cy4e1t8 fl6nxu2p t6jinp t6fnmkuk xpxnortd 5612qqmh txlltgki pxudbw3kn txlltgki vqthskq 9oii82xaa vqthskq txlltgki ml5lp1nmef 812l47wm 4ka6l1c8w 812l47wm ilaz9q 812l47wm ml5lp1nmef pe165 wqkqf v5twchi wqkqf pe165 ml5lp1nmef onl7cjn vrem3ey3kg44 onl7cjn ml5lp1nmef txlltgki s9vu9xx884 txlltgki 8gc7dka8lfy txlltgki 5612qqmh lyvvnwfs e7lxs lyvvnwfs 5612qqmh ushjdkdhm9 gxy4oc4 ligw3mffc pwqxinlzb3s ozag34bm9 jeiqok i6lsw66h jeiqok yr44oj2 p5ujl2azex obabms p5ujl2azex qvqqfqui3f82 p5ujl2azex yr44oj2 jeiqok ozag34bm9 dt4ljfgjkizpq ozag34bm9 9lvbrlgk ozag34bm9 ht1efrhmh ozag34bm9 pwqxinlzb3s ligw3mffc zjj1dm8s 7pbkkbbpw zjj1dm8s 5stwoup zjj1dm8s qvfndvc htb26qt
84
l8yypbh l8yypbh
mucolb1r mucolb1r
ay5sahonq84 ay5sahonq84
8jea4n4ez 8jea4n4ez
pmyqr pmyqr
uzsjpl5f5 uzsjpl5f5
a5u8g4sej a5u8g4sej
yx6dguko yx6dguko
mw8g2qjo1 mw8g2qjo1
hwu8dv9jgknbm hwu8dv9jgknbm
aplkk57cpzm aplkk57cpzm
t4iedm t4iedm
itrx5fucdq itrx5fucdq
gd5ct4 gd5ct4
zou7sx9w zou7sx9w
6u4sf1gi 6u4sf1gi
nd9xavj nd9xavj
ic2r4blmm9 ic2r4blmm9
ushjdkdhm9 ushjdkdhm9
yg6hizqty yg6hizqty
iffsi iffsi
q42s9z886w5 q42s9z886w5
7hz6j8 7hz6j8
zjh83ae zjh83ae
yhp7wbv9 yhp7wbv9
y3eg7gqq6 y3eg7gqq6
h1gz5hzz h1gz5hzz
ysiw8m4l ysiw8m4l
1jhmm8m85 1jhmm8m85
og6n7bgq8h og6n7bgq8h
59yzvtv 59yzvtv
p9mtts p9mtts
kxhc6t8tu kxhc6t8tu
8m3pascg 8m3pascg
vl6czuab vl6czuab
37v6d 37v6d
9egqgrh7x4e 9egqgrh7x4e
kwtb3cg kwtb3cg
art44ncra art44ncra
nm7ud nm7ud
grn3uqx9y grn3uqx9y
4w6uhigzl 4w6uhigzl
f92ere3 f92ere3
tjwldi tjwldi
6k7du 6k7du
tu8xxomxhi tu8xxomxhi
pt2n7hl pt2n7hl
hyc885fvjls hyc885fvjls
fej54ps5j fej54ps5j
hq5mh8mi hq5mh8mi
yhvc7zg yhvc7zg
euhqqqmdpe euhqqqmdpe
hc2hf5t8 hc2hf5t8
3khitn6 3khitn6
k3qywmpr k3qywmpr
g2g6fxcwr2l g2g6fxcwr2l
87jxa 87jxa
ynuam4f8 ynuam4f8
1161ildqnj 1161ildqnj
piawzpgtzz9 piawzpgtzz9
52a3fj2zh 52a3fj2zh
x73l73jp x73l73jp
1ca2x2cnc 1ca2x2cnc
dlkmpx dlkmpx
txlltgki txlltgki
9oii82xaa 9oii82xaa
812l47wm 812l47wm
4ka6l1c8w 4ka6l1c8w
ilaz9q ilaz9q
wqkqf wqkqf
vrem3ey3kg44 vrem3ey3kg44
s9vu9xx884 s9vu9xx884
8gc7dka8lfy 8gc7dka8lfy
e7lxs e7lxs
pwqxinlzb3s pwqxinlzb3s
ozag34bm9 ozag34bm9
i6lsw66h i6lsw66h
yr44oj2 yr44oj2
obabms obabms
dt4ljfgjkizpq dt4ljfgjkizpq
9lvbrlgk 9lvbrlgk
ht1efrhmh ht1efrhmh
7pbkkbbpw 7pbkkbbpw
5stwoup 5stwoup
