index97 index1 index39 index51 index2 index1 index44 index68 index7 index33 index73 index0 index49 index11 index0 index1 index3 index15 index31 index48 index26 index57 index78 index0 index9 index1 index94 index76 index3 index27 index32 index35 index3 index70 index59 index0 index29 index43 index0 index42 index52 index0 index2 index6 index41 index85 index0 index1 index3 index4 index22 index4 index3 index13 index72 index0 index14 index0 index97
40
index1 index63 index79 index8 index60 index23 index1
index3 index25 index38 index10 index91 index3
index4 index24
index0 index58 index0
index2 index2
index6 index6
index7 index7
index9 index9
index11 index11
index13 index13
index14 index14
index15 index15
index22 index22
index26 index26
index27 index27
index29 index29
index31 index31
index32 index32
index33 index33
index35 index35
index39 index39
index41 index41
index42 index42
index43 index43
index44 index44
index48 index48
index49 index49
index51 index51
index52 index52
index57 index57
index59 index59
index68 index68
index70 index70
index72 index72
index73 index73
index76 index76
index78 index78
index85 index85
index94 index94
index97 index97
