index155 index66 index5 index52 index32 index199 index112 index12 index9 index190 index2 index116 index2 index15 index131 index99 index0 index20 index6 index106 index1 index55 index56 index1 index129 index2 index100 index156 index5 index108 index6 index63 index0 index172 index0 index21 index157 index1 index109 index167 index49 index0 index158 index58 index5 index118 index88 index152 index114 index18 index121 index57 index31 index0 index89 index0 index10 index134 index50 index40 index83 index1 index186 index1 index42 index169 index19 index0 index95 index0 index60 index0 index115 index130 index96 index26 index1 index11 index90 index159 index23 index86 index22 index87 index14 index142 index124 index198 index44 index67 index164 index1 index0 index150 index4 index126 index141 index128 index133 index39 index0 index2 index30 index62 index69 index24 index174 index37 index0 index137 index81 index170 index1 index165 index1 index47 index97 index125 index110 index3 index0 index144 index0 index155
94
index5 index92 index5
index0 index17 index196 index143 index25 index113 index107
index2 index27
index3 index3
index4 index4
index6 index6
index9 index9
index10 index10
index11 index11
index14 index14
index15 index15
index18 index18
index19 index19
index20 index20
index21 index21
index22 index22
index23 index23
index24 index24
index26 index26
index30 index30
index31 index31
index32 index32
index37 index37
index39 index39
index40 index40
index42 index42
index44 index44
index47 index47
index49 index49
index50 index50
index52 index52
index55 index55
index56 index56
index57 index57
index58 index58
index60 index60
index62 index62
index63 index63
index66 index66
index67 index67
index69 index69
index81 index81
index83 index83
index86 index86
index87 index87
index88 index88
index89 index89
index90 index90
index95 index95
index96 index96
index97 index97
index99 index99
index100 index100
index106 index106
index108 index108
index109 index109
index110 index110
index112 index112
index114 index114
index115 index115
index116 index116
index118 index118
index121 index121
index124 index124
index125 index125
index126 index126
index128 index128
index129 index129
index130 index130
index131 index131
index133 index133
index134 index134
index137 index137
index141 index141
index142 index142
index144 index144
index150 index150
index152 index152
index155 index155
index156 index156
index157 index157
index158 index158
index159 index159
index164 index164
index165 index165
index167 index167
index169 index169
index170 index170
index172 index172
index174 index174
index186 index186
index190 index190
index198 index198
index199 index199
