M2S9flVUcYP2sJdh8LXf wYRR07UrNAdstlFcx7n2 C1CVSQIxudgISqBvCOoA sH3pvLOfMUrEGUrmsHCu tuE7UekaxGUib4idWtYa 93aDiM8K0XhtiVcCVKi2 X9TJsvmT50zYeG0q6XSG Bc6dudheE3WGLxP0iDdK MtQDjkLToWj4d53MMhKG icN9hCSgyAan3sGfngmv MtQDjkLToWj4d53MMhKG nbZglhhmYQAPQz4eETaj Pqf0Sn4UvsBLaxz7WO4n EtrZREkmL456viQQJ9Rb S8uMGvUglWyhnfV5Wzdp dKH5OdpmJKCU83bbXVxZ Kfu1pc3YPMGebW7Iu8ex zbFdxZAJcbci5gs01pnM lxlEsWbbqG2dcyvjsLTA zD7ErBenXxsG4D9b5TEV jgcWqrcniA4q9WNs9xkc sZojFweTE55bBWYz0Tda 9Jr76N4fnNot7SNYqBKG sZojFweTE55bBWYz0Tda v0QJIKD4q7sFXrzFSb6J 8KfYYXeMqM0D4nShLOzi 4bQwji0D4wyEDLd54MWv zc2cVu7aHW2Uc4Z1tHon Yj14cJHLteGLwnT0JCVo oWxP87H6AXwFzF0dpB9d 7TbbztQ90wmMzxjLFXzq 5gumrx48u1yPpF6ivPOI vxiwkV1b5fV2sGCBFsRQ gZVNRDm5p6aX5QEEX8UG QJuDebBKjW74ipndfA4c yHMPX8vHctuUweyLluyz sZojFweTE55bBWYz0Tda jgcWqrcniA4q9WNs9xkc cdaizmjQrCe5Vnwy3JQF 9GrchmlNCDIapQ9OnEYh tVhIJJgs0kEFaQx1hdWm tUowOUG1V7iCXBCMR0AT sZojFweTE55bBWYz0Tda 0uvEfLgT4s8ImTk9VWBt jgcWqrcniA4q9WNs9xkc 48nWZMVqWDxfH9uMf2U3 PbYOO88SokShsv7XrgBm vodEvdIApqt0N3TZsbxN cdaizmjQrCe5Vnwy3JQF tVhIJJgs0kEFaQx1hdWm pNXWB5geApaSjbsCCT4J 6t76eBKiZ6qd2L92px9I PZrpdQAa8H8tkrajh08J lxlEsWbbqG2dcyvjsLTA sGymQi0ZOpCowisPJkWe Y9NkTxuGcG1D46t8mZ67 ZBeXR80522AAM5P7qeaG m1IYiQsUBuvvpTv7yWXO MtQDjkLToWj4d53MMhKG ag5vZ07KPwCr1Lpz8zM0 Dc1wEVV3kuOZotG6pNlL LNMZej67uy0Whvqp5OR1 MtQDjkLToWj4d53MMhKG JajH9BPb1gw5kQ2oTRnP Dt5YfbjQq6VoKnyw6Zav i2zuTkgDKtYA8Q9KejMN k7k4sHxeh1pR4sOjcVuj yHMPX8vHctuUweyLluyz dOKaHsIcDX32wPXAX2Gt uy6RcQAYd3ATM1Icq3my LxEzX08MG9T8knIYbul0 wMERbIWoRIf6BT6nQKYQ yZPIHwySFuIdRJCMzjnz ECCnzlgsMEvTYjNwAlfM Eu0wGcDBBrgvePzHfqrS Kfu1pc3YPMGebW7Iu8ex zdtRVpQ9lVyEhNj9Evpp Jjat3uJ5XboI9kZe0522 L8bxdxuDa5issn2PiN3u sZojFweTE55bBWYz0Tda fmFrd4vggNac5TkiFJAd Z8MZ2JfftjeVVnGFSOQe PbYOO88SokShsv7XrgBm W4IxjYZtRN88GGSV9Uoc PbYOO88SokShsv7XrgBm NMTjl1jsvrb7y2ggdCSc XmlH4l2BXG35TF70bZqZ MtQDjkLToWj4d53MMhKG M7SD6FC2BzrEV1z9ajVv H59EihDjhfpS7ToXFM3L E84Fbb1fDMRXU6XgwbS0 2qerVVbMKjJpuQmQ9aqr sHkjJnMiMEPb4htMPUMQ RV5D5yksO9rCY6rkv8aJ 3TWDD9k8g0eTVq52a62Z 5jhNGHh0Et1Lidy4vCpq wpBgd82GxlO3hr1i0lHL tVhIJJgs0kEFaQx1hdWm 6t76eBKiZ6qd2L92px9I PbYOO88SokShsv7XrgBm Z0DuoZMcx6oyDPWFznMK M2S9flVUcYP2sJdh8LXf
50
M2S9flVUcYP2sJdh8LXf M2S9flVUcYP2sJdh8LXf
sH3pvLOfMUrEGUrmsHCu sH3pvLOfMUrEGUrmsHCu
93aDiM8K0XhtiVcCVKi2 93aDiM8K0XhtiVcCVKi2
Bc6dudheE3WGLxP0iDdK Bc6dudheE3WGLxP0iDdK
nbZglhhmYQAPQz4eETaj nbZglhhmYQAPQz4eETaj
Pqf0Sn4UvsBLaxz7WO4n Pqf0Sn4UvsBLaxz7WO4n
EtrZREkmL456viQQJ9Rb EtrZREkmL456viQQJ9Rb
S8uMGvUglWyhnfV5Wzdp S8uMGvUglWyhnfV5Wzdp
dKH5OdpmJKCU83bbXVxZ dKH5OdpmJKCU83bbXVxZ
Kfu1pc3YPMGebW7Iu8ex Kfu1pc3YPMGebW7Iu8ex
zD7ErBenXxsG4D9b5TEV zD7ErBenXxsG4D9b5TEV
9Jr76N4fnNot7SNYqBKG 9Jr76N4fnNot7SNYqBKG
v0QJIKD4q7sFXrzFSb6J v0QJIKD4q7sFXrzFSb6J
8KfYYXeMqM0D4nShLOzi 8KfYYXeMqM0D4nShLOzi
4bQwji0D4wyEDLd54MWv 4bQwji0D4wyEDLd54MWv
oWxP87H6AXwFzF0dpB9d oWxP87H6AXwFzF0dpB9d
5gumrx48u1yPpF6ivPOI 5gumrx48u1yPpF6ivPOI
vxiwkV1b5fV2sGCBFsRQ vxiwkV1b5fV2sGCBFsRQ
gZVNRDm5p6aX5QEEX8UG gZVNRDm5p6aX5QEEX8UG
yHMPX8vHctuUweyLluyz yHMPX8vHctuUweyLluyz
jgcWqrcniA4q9WNs9xkc jgcWqrcniA4q9WNs9xkc
9GrchmlNCDIapQ9OnEYh 9GrchmlNCDIapQ9OnEYh
tUowOUG1V7iCXBCMR0AT tUowOUG1V7iCXBCMR0AT
0uvEfLgT4s8ImTk9VWBt 0uvEfLgT4s8ImTk9VWBt
48nWZMVqWDxfH9uMf2U3 48nWZMVqWDxfH9uMf2U3
vodEvdIApqt0N3TZsbxN vodEvdIApqt0N3TZsbxN
cdaizmjQrCe5Vnwy3JQF cdaizmjQrCe5Vnwy3JQF
pNXWB5geApaSjbsCCT4J pNXWB5geApaSjbsCCT4J
PZrpdQAa8H8tkrajh08J PZrpdQAa8H8tkrajh08J
m1IYiQsUBuvvpTv7yWXO m1IYiQsUBuvvpTv7yWXO
LNMZej67uy0Whvqp5OR1 LNMZej67uy0Whvqp5OR1
Dt5YfbjQq6VoKnyw6Zav Dt5YfbjQq6VoKnyw6Zav
k7k4sHxeh1pR4sOjcVuj k7k4sHxeh1pR4sOjcVuj
dOKaHsIcDX32wPXAX2Gt dOKaHsIcDX32wPXAX2Gt
uy6RcQAYd3ATM1Icq3my uy6RcQAYd3ATM1Icq3my
LxEzX08MG9T8knIYbul0 LxEzX08MG9T8knIYbul0
yZPIHwySFuIdRJCMzjnz yZPIHwySFuIdRJCMzjnz
ECCnzlgsMEvTYjNwAlfM ECCnzlgsMEvTYjNwAlfM
Eu0wGcDBBrgvePzHfqrS Eu0wGcDBBrgvePzHfqrS
zdtRVpQ9lVyEhNj9Evpp zdtRVpQ9lVyEhNj9Evpp
Jjat3uJ5XboI9kZe0522 Jjat3uJ5XboI9kZe0522
L8bxdxuDa5issn2PiN3u L8bxdxuDa5issn2PiN3u
fmFrd4vggNac5TkiFJAd fmFrd4vggNac5TkiFJAd
Z8MZ2JfftjeVVnGFSOQe Z8MZ2JfftjeVVnGFSOQe
W4IxjYZtRN88GGSV9Uoc W4IxjYZtRN88GGSV9Uoc
NMTjl1jsvrb7y2ggdCSc NMTjl1jsvrb7y2ggdCSc
XmlH4l2BXG35TF70bZqZ XmlH4l2BXG35TF70bZqZ
H59EihDjhfpS7ToXFM3L H59EihDjhfpS7ToXFM3L
tVhIJJgs0kEFaQx1hdWm tVhIJJgs0kEFaQx1hdWm
Z0DuoZMcx6oyDPWFznMK Z0DuoZMcx6oyDPWFznMK
