hC71hIuyRaST3AiaSZqg cXmjc3Wu4kjM1IHGgfA5 m0W1PzAhoOpYXaJ0LLW5 Wf6tYlitgmZKoXfughsS Tgouk8HApNFShyYjQedR l0FfsrqWcvxMXnkTPBHi Ca5sYccbD9TUz7JLHrcf FE29I03FH1qEyEvIQNGT UQEmoPmHSH2FlTDuXOEx VkEnPX1CQCoh4CxlXSlf lrXvsaItMucJuqzZylSg btiXecpJBKmrIHtQ7jPA 4wWd3kvalFkda9M583i7 Wvcwm6VpeYnZXpTH3IZP YygsiZkXDS9oQ07w4psX UE66Ok3YtceUJCwuX3xr SbMznZDIZs7TTEfAUGt3 v0QCMKnmfkXllH4nQHen D3gODzQIzHZRe5A487BX WV8Z5wDVbRdJmbJjyC7p COVfDobG5VcfcSxLDUch iS3QMNvYa0RbuZKbJowP OAcbYkMyAi1Iu0vWaaFc Z2YJKymsE6JEohxl2CgC kITtdSORrLGuHqAl2YGb EEWjQ3rZ3GM9oucA2vc5 6KcltWtleWJ6izN3XL0F VkEnPX1CQCoh4CxlXSlf ZUt08qPkISJA3VT4fdsK 5doygtE58PVlrfBbaaxD Wvcwm6VpeYnZXpTH3IZP xTqag3TRSmD8TI7ozU6T ivvO5yUvAxjOjLiwMPV4 qzhMj5jvroYQ0sxm9D9f qyWH5Ui5kFJGpXM7i2RZ aGWdv30UuUFiszMErlJF ymIUUgCvgB7r5le0Mh11 P6PcaiimLTne6w5m7SJi RNtZ6m1O9hQj2ovJiJE3 nOsoIFzZBhdd6bjP45Ba Wvcwm6VpeYnZXpTH3IZP Z2YJKymsE6JEohxl2CgC 2TderjwrXrNV2UBZ77eD LI8fhHKJlh7mQx1nNK0m IWOalMs6IXX5Ln6F9Eov 2QgUKFj4HV0dn5Ia55tj QYsTJmc2IUi36H1YK47s m54EIZlfduVsUOzACS5b gZCyL2MJze1aowodommu iuuWW5781KuHBsKkyWMa 4Vpgk6JikqRWfmTLGFMS khygntR9CTz08DjsR0la Tgouk8HApNFShyYjQedR sCcEFmBkhTop4sycKzuM 9WdSftrlWeJdclTkQ4Ss Dv6lwBgjbbZceuQXFzFf 9WdSftrlWeJdclTkQ4Ss qmJjxb5ffqkJdxtR9mHb uwYFKqdXzHrDjwNLVxGZ lVjpvSHc5hBrS7dzTmI1 Mufarp9xGx29xj0P1ijS MCc3yEIO8tXzzu5ZknlT 85xSse1gOLjILYSRUgB9 f67LrguccbwZw0aXriuu 3pFVvt0XFh3JvOGqpp1y b9q1t3OMZ6dXE5R6ca5w vXrEXAmThLoQVXFImZcg 7DZfG4yobV0xCcSaxf27 5E8wNso5HkheqEVi0Uhr 6jnt0RQvUBeXBhrLOwzh EnQuMk7pVZUnmn2BboBv QHOT9LWV0s6xVVreglDh SbMznZDIZs7TTEfAUGt3 g6Fit1BcwBIbAAJnBKGn OBEPyJuvhH0Z9VoT2UNC h52UeNen88U7Y4iFuOF7 z0rRwRZbA1TaaAgS8PYu 7DZfG4yobV0xCcSaxf27 1Oc2bGjHzXrMLiYLik5Z VHkCxqV9Ecgzij51DFic OLGSBuAPLZmdhTN6ApoS 7DZfG4yobV0xCcSaxf27 u8OLHMd8iqOiUbQQ7wxA 8w6JkwNghwwfzVWZlMG6 1uTE034Q24DWmybWBbX4 RNtZ6m1O9hQj2ovJiJE3 JuSdCG8HSUzwufkmRvTN 8IUV6HBSYn47shRwVW5F 1ae7bJScGomdGEdgag5b aGWdv30UuUFiszMErlJF tlptthCZhNn9sCWA6nK3 qsQI3bptDcBOGz4nQEL5 EqrhH8oFQmMRN10foGjV fxnnXXAtldMGBgqECnVx DmIjX4adnoqSEDmx2f39 PqB0lgs9Brze4wJGQzAM FE29I03FH1qEyEvIQNGT oakCd1HozhO35GtImcF2 mkGdh9qd7uj9x5W3Koxj Wvcwm6VpeYnZXpTH3IZP EfhuR5UGBxqkoqdQBn2E fzCA3w8Mu664WC0yRZb5 1uTE034Q24DWmybWBbX4 4MuL6AbQo2ozZ4x7psrd KqTw626stjcdChciHrJ6 m2kNeowjoX6iaPduqLLc MCc3yEIO8tXzzu5ZknlT kuIwHVHn49UEM4TprHKr CMQ0OeWc1jOFVxmSr3hH 3MmCPAjYheu6g9TkIxDm 1wSeohNTb1oCspxe2x4j fHaNehOegdlwymJ5Tbvp uwYFKqdXzHrDjwNLVxGZ WgneGAZv4qtDq8Q5DYZf uwYFKqdXzHrDjwNLVxGZ jLS4UljOCe6h8LwAOGRX 24YcTAlCtPoNC11H3BAQ NWAZrSnr0i1Dj5TA6dLc fuNQ8Sfy86k6zaBQjwEz KkJFwKldxLItiBZ9EoaZ euZ15YwFUeCb42J4vvX6 wqyhoOJuJuNfuZ1c9ZhU 6KcltWtleWJ6izN3XL0F Wvcwm6VpeYnZXpTH3IZP RiZJXix70KkeQI5YZY9j WWEBxNNG20y6nEEMPvzN QDFrfZgHiHMBgGJy1v64 RDnAjQbgrCahBSBieO1p dsEyS8WvuzfBZPrbbzZx 63EFNMvLteBrV7Lj9nA4 CITGt2jOx7Lecs3CtylJ ObIUeV1Y9WxgQVINEZzj NqvNOj5h3GSbJm5NawjL 61VEe5QpRdEG1AHTZmSn XEhAPaVgnAiGpIfFTnuy RP9IQz70eEvTJVIHw5Lv l5OFQGDhW1xJJ8ERuglz 9WdSftrlWeJdclTkQ4Ss CgUyoeVDFzkf0g6EiF8w nmwnnNlPCMIjajSEo2R3 C5aQkckiWq5qVUhbiI57 oakCd1HozhO35GtImcF2 yXrak2UUHdgFCsCWvgfp uwYFKqdXzHrDjwNLVxGZ R22TNV5lr1tmI44FcHvv CJPsPFylFkMPqvXrW58O kvWSRFx5cBJAdKv02AAn RSJQdRAK7H6zYHVeXyPj fm9EBymrV0VSOljfjrTQ rW1b1NT9NaRlIIxoT8XF Udew7VNFg6dndWFd4Xv7 qtHpIO00aVjMjk7M0v9K k3PQRnKD222tnpAYeJ4O eULKHiriYHElwEbrQo2X FE29I03FH1qEyEvIQNGT laRDyozSdXcFtmdQ5VqD FE29I03FH1qEyEvIQNGT W5rNQea9NsCafaUbLgWC jGNThQH3U9Qqi91Eop7X 61VEe5QpRdEG1AHTZmSn cXmjc3Wu4kjM1IHGgfA5 aGWdv30UuUFiszMErlJF gY86LqbQLTIYrcgU8Crt nP45x6vSjSYCI8DDOBiZ bw0K7NVh1sgqlnescYkX 3MmCPAjYheu6g9TkIxDm ddzqPXECnHQT4a4RIpSF 3MmCPAjYheu6g9TkIxDm tb41LamjPxrSZBTCVL4N IC3wlDskAWyf0o1M61kl 1uTE034Q24DWmybWBbX4 D3gODzQIzHZRe5A487BX g5fwwkfUKem4JdibLkXM PFAHK1LPbENiUm01N8B0 xtgYSd34f56WAH3CCBpW ElLrRzuv43VPHSxgF9aR 8X2kWfVN7ACYeLRlwU5k t9sTQNaMU9o2HF5pm7xT 7DZfG4yobV0xCcSaxf27 yMXdJdorJpzOHHt9uIfg oq1GulTWdKtwAlNIQxnY 2dfprAgHp3T6RrgooKgP nnG2z19YXqYOoAxMQkFV 72cxNTZ1Tw5teVGiR2xj Wvcwm6VpeYnZXpTH3IZP Mi1upMhcgP7iV16OWKN5 NXZByMrsstrrXRLxVcyg gZiMcGUkLd8qaWleLH1T uwYFKqdXzHrDjwNLVxGZ qsbRHSDlSHG3Ep5gugbq 3MmCPAjYheu6g9TkIxDm uJlmjikTUoEO48jGpFMW TrUW9m3qjkTMvqHNRot0 zbsjvfwSdNExCnTFLo8x 9WdSftrlWeJdclTkQ4Ss c2cBpUI19bqo5IjxQzNs m6rR2iEESZqKqRpPfrCl x81SdeDfzbsk8wgCHcJT 468JV90VoJDfHRf7bwGC 2YL9dYowMkTTxjU0fVal uwYFKqdXzHrDjwNLVxGZ hC71hIuyRaST3AiaSZqg
100
cXmjc3Wu4kjM1IHGgfA5 cXmjc3Wu4kjM1IHGgfA5
Wf6tYlitgmZKoXfughsS Wf6tYlitgmZKoXfughsS
Ca5sYccbD9TUz7JLHrcf Ca5sYccbD9TUz7JLHrcf
UQEmoPmHSH2FlTDuXOEx UQEmoPmHSH2FlTDuXOEx
btiXecpJBKmrIHtQ7jPA btiXecpJBKmrIHtQ7jPA
4wWd3kvalFkda9M583i7 4wWd3kvalFkda9M583i7
YygsiZkXDS9oQ07w4psX YygsiZkXDS9oQ07w4psX
v0QCMKnmfkXllH4nQHen v0QCMKnmfkXllH4nQHen
COVfDobG5VcfcSxLDUch COVfDobG5VcfcSxLDUch
OAcbYkMyAi1Iu0vWaaFc OAcbYkMyAi1Iu0vWaaFc
EEWjQ3rZ3GM9oucA2vc5 EEWjQ3rZ3GM9oucA2vc5
VkEnPX1CQCoh4CxlXSlf VkEnPX1CQCoh4CxlXSlf
5doygtE58PVlrfBbaaxD 5doygtE58PVlrfBbaaxD
qyWH5Ui5kFJGpXM7i2RZ qyWH5Ui5kFJGpXM7i2RZ
ymIUUgCvgB7r5le0Mh11 ymIUUgCvgB7r5le0Mh11
P6PcaiimLTne6w5m7SJi P6PcaiimLTne6w5m7SJi
nOsoIFzZBhdd6bjP45Ba nOsoIFzZBhdd6bjP45Ba
Z2YJKymsE6JEohxl2CgC Z2YJKymsE6JEohxl2CgC
2TderjwrXrNV2UBZ77eD 2TderjwrXrNV2UBZ77eD
LI8fhHKJlh7mQx1nNK0m LI8fhHKJlh7mQx1nNK0m
IWOalMs6IXX5Ln6F9Eov IWOalMs6IXX5Ln6F9Eov
2QgUKFj4HV0dn5Ia55tj 2QgUKFj4HV0dn5Ia55tj
QYsTJmc2IUi36H1YK47s QYsTJmc2IUi36H1YK47s
Tgouk8HApNFShyYjQedR Tgouk8HApNFShyYjQedR
sCcEFmBkhTop4sycKzuM sCcEFmBkhTop4sycKzuM
Dv6lwBgjbbZceuQXFzFf Dv6lwBgjbbZceuQXFzFf
lVjpvSHc5hBrS7dzTmI1 lVjpvSHc5hBrS7dzTmI1
Mufarp9xGx29xj0P1ijS Mufarp9xGx29xj0P1ijS
b9q1t3OMZ6dXE5R6ca5w b9q1t3OMZ6dXE5R6ca5w
vXrEXAmThLoQVXFImZcg vXrEXAmThLoQVXFImZcg
7DZfG4yobV0xCcSaxf27 7DZfG4yobV0xCcSaxf27
6jnt0RQvUBeXBhrLOwzh 6jnt0RQvUBeXBhrLOwzh
QHOT9LWV0s6xVVreglDh QHOT9LWV0s6xVVreglDh
g6Fit1BcwBIbAAJnBKGn g6Fit1BcwBIbAAJnBKGn
OBEPyJuvhH0Z9VoT2UNC OBEPyJuvhH0Z9VoT2UNC
z0rRwRZbA1TaaAgS8PYu z0rRwRZbA1TaaAgS8PYu
1Oc2bGjHzXrMLiYLik5Z 1Oc2bGjHzXrMLiYLik5Z
OLGSBuAPLZmdhTN6ApoS OLGSBuAPLZmdhTN6ApoS
8w6JkwNghwwfzVWZlMG6 8w6JkwNghwwfzVWZlMG6
1uTE034Q24DWmybWBbX4 1uTE034Q24DWmybWBbX4
RNtZ6m1O9hQj2ovJiJE3 RNtZ6m1O9hQj2ovJiJE3
JuSdCG8HSUzwufkmRvTN JuSdCG8HSUzwufkmRvTN
8IUV6HBSYn47shRwVW5F 8IUV6HBSYn47shRwVW5F
1ae7bJScGomdGEdgag5b 1ae7bJScGomdGEdgag5b
EqrhH8oFQmMRN10foGjV EqrhH8oFQmMRN10foGjV
DmIjX4adnoqSEDmx2f39 DmIjX4adnoqSEDmx2f39
FE29I03FH1qEyEvIQNGT FE29I03FH1qEyEvIQNGT
mkGdh9qd7uj9x5W3Koxj mkGdh9qd7uj9x5W3Koxj
fzCA3w8Mu664WC0yRZb5 fzCA3w8Mu664WC0yRZb5
4MuL6AbQo2ozZ4x7psrd 4MuL6AbQo2ozZ4x7psrd
KqTw626stjcdChciHrJ6 KqTw626stjcdChciHrJ6
kuIwHVHn49UEM4TprHKr kuIwHVHn49UEM4TprHKr
1wSeohNTb1oCspxe2x4j 1wSeohNTb1oCspxe2x4j
WgneGAZv4qtDq8Q5DYZf WgneGAZv4qtDq8Q5DYZf
jLS4UljOCe6h8LwAOGRX jLS4UljOCe6h8LwAOGRX
24YcTAlCtPoNC11H3BAQ 24YcTAlCtPoNC11H3BAQ
NWAZrSnr0i1Dj5TA6dLc NWAZrSnr0i1Dj5TA6dLc
fuNQ8Sfy86k6zaBQjwEz fuNQ8Sfy86k6zaBQjwEz
wqyhoOJuJuNfuZ1c9ZhU wqyhoOJuJuNfuZ1c9ZhU
6KcltWtleWJ6izN3XL0F 6KcltWtleWJ6izN3XL0F
RDnAjQbgrCahBSBieO1p RDnAjQbgrCahBSBieO1p
dsEyS8WvuzfBZPrbbzZx dsEyS8WvuzfBZPrbbzZx
63EFNMvLteBrV7Lj9nA4 63EFNMvLteBrV7Lj9nA4
NqvNOj5h3GSbJm5NawjL NqvNOj5h3GSbJm5NawjL
l5OFQGDhW1xJJ8ERuglz l5OFQGDhW1xJJ8ERuglz
CgUyoeVDFzkf0g6EiF8w CgUyoeVDFzkf0g6EiF8w
nmwnnNlPCMIjajSEo2R3 nmwnnNlPCMIjajSEo2R3
C5aQkckiWq5qVUhbiI57 C5aQkckiWq5qVUhbiI57
oakCd1HozhO35GtImcF2 oakCd1HozhO35GtImcF2
yXrak2UUHdgFCsCWvgfp yXrak2UUHdgFCsCWvgfp
R22TNV5lr1tmI44FcHvv R22TNV5lr1tmI44FcHvv
RSJQdRAK7H6zYHVeXyPj RSJQdRAK7H6zYHVeXyPj
rW1b1NT9NaRlIIxoT8XF rW1b1NT9NaRlIIxoT8XF
eULKHiriYHElwEbrQo2X eULKHiriYHElwEbrQo2X
laRDyozSdXcFtmdQ5VqD laRDyozSdXcFtmdQ5VqD
W5rNQea9NsCafaUbLgWC W5rNQea9NsCafaUbLgWC
61VEe5QpRdEG1AHTZmSn 61VEe5QpRdEG1AHTZmSn
aGWdv30UuUFiszMErlJF aGWdv30UuUFiszMErlJF
bw0K7NVh1sgqlnescYkX bw0K7NVh1sgqlnescYkX
ddzqPXECnHQT4a4RIpSF ddzqPXECnHQT4a4RIpSF
IC3wlDskAWyf0o1M61kl IC3wlDskAWyf0o1M61kl
g5fwwkfUKem4JdibLkXM g5fwwkfUKem4JdibLkXM
PFAHK1LPbENiUm01N8B0 PFAHK1LPbENiUm01N8B0
xtgYSd34f56WAH3CCBpW xtgYSd34f56WAH3CCBpW
t9sTQNaMU9o2HF5pm7xT t9sTQNaMU9o2HF5pm7xT
yMXdJdorJpzOHHt9uIfg yMXdJdorJpzOHHt9uIfg
oq1GulTWdKtwAlNIQxnY oq1GulTWdKtwAlNIQxnY
2dfprAgHp3T6RrgooKgP 2dfprAgHp3T6RrgooKgP
nnG2z19YXqYOoAxMQkFV nnG2z19YXqYOoAxMQkFV
72cxNTZ1Tw5teVGiR2xj 72cxNTZ1Tw5teVGiR2xj
Mi1upMhcgP7iV16OWKN5 Mi1upMhcgP7iV16OWKN5
NXZByMrsstrrXRLxVcyg NXZByMrsstrrXRLxVcyg
gZiMcGUkLd8qaWleLH1T gZiMcGUkLd8qaWleLH1T
qsbRHSDlSHG3Ep5gugbq qsbRHSDlSHG3Ep5gugbq
3MmCPAjYheu6g9TkIxDm 3MmCPAjYheu6g9TkIxDm
TrUW9m3qjkTMvqHNRot0 TrUW9m3qjkTMvqHNRot0
zbsjvfwSdNExCnTFLo8x zbsjvfwSdNExCnTFLo8x
x81SdeDfzbsk8wgCHcJT x81SdeDfzbsk8wgCHcJT
468JV90VoJDfHRf7bwGC 468JV90VoJDfHRf7bwGC
2YL9dYowMkTTxjU0fVal 2YL9dYowMkTTxjU0fVal
