ZfI6StUliqd8YxBr0zVp Z6746tUNXH05XsKVq5bc 4gVQx4yn8gZ0TQBRafbQ SI1jqone3x4IZwZ6qVW6 98jc4TOf5CFD5ooRLXKs WEpQsV1SPLNjRDFxWGJw RnnCc8OgQLqPe5HvvbS3 QGzcn6XPemZ0IhmCJCmq ufkSgxNAeRAXQFn3w6eB cC9SZGtAtirSBnbvLWzt uYmver98TgwbkIsM8XgU 5JVto9dbOz4Lu3AeAOZD uYmver98TgwbkIsM8XgU gX6xMy6pWnenI68kwgcu 9Hcyk2NqhBwOpTXRywvA gj1PIUxoUprs5rKMLNpv BFat56YSkekx77JCOMI4 PliCEYTca2VSVL723rNz zs8puphf0SbuOBS6XpM9 ip0vmcqzxYgrY2Mc3Bu9 Fa64KRccvM4rqOgxBKtu zFahEplFbW4f2V6jQTmi mMagcNSN7U8s7oy3e0j4 Hxhi6IYOb3B8uxHbGYVt MraBcGvDEL68zyTsBDgx oeCop1Abe4Jnm8NehklA 35F0RBMuajlA1MclJpfz cQGIpn2T5vI9Au4mrGii ZBTm8fkarNXg3vLUAnt8 gGXF4imn3IOLlYGD81XA sxZzRXnVfKw2KrspKPg1 Z38PT2VWeDoNiuh4rc0v Af4sQnaDf5G2yrOfmk45 QUmdpeJNwq8Od3rclrVL uYmver98TgwbkIsM8XgU RnnCc8OgQLqPe5HvvbS3 cQGIpn2T5vI9Au4mrGii QBaUzVWA62rnfcsnEShZ StkHQE53VtJb6hSwpApg UoiNiYnewh16WNDFqvYW zFahEplFbW4f2V6jQTmi PliCEYTca2VSVL723rNz 4yYsNk20bqSMlyASIn37 a5U0eplwXr4BNJCc524G YzWX8RqUW0YPFsebUKYP 35F0RBMuajlA1MclJpfz ZfI6StUliqd8YxBr0zVp
25
ZfI6StUliqd8YxBr0zVp ZfI6StUliqd8YxBr0zVp
Z6746tUNXH05XsKVq5bc Z6746tUNXH05XsKVq5bc
SI1jqone3x4IZwZ6qVW6 SI1jqone3x4IZwZ6qVW6
98jc4TOf5CFD5ooRLXKs 98jc4TOf5CFD5ooRLXKs
WEpQsV1SPLNjRDFxWGJw WEpQsV1SPLNjRDFxWGJw
QGzcn6XPemZ0IhmCJCmq QGzcn6XPemZ0IhmCJCmq
cC9SZGtAtirSBnbvLWzt cC9SZGtAtirSBnbvLWzt
5JVto9dbOz4Lu3AeAOZD 5JVto9dbOz4Lu3AeAOZD
uYmver98TgwbkIsM8XgU uYmver98TgwbkIsM8XgU
gX6xMy6pWnenI68kwgcu gX6xMy6pWnenI68kwgcu
gj1PIUxoUprs5rKMLNpv gj1PIUxoUprs5rKMLNpv
BFat56YSkekx77JCOMI4 BFat56YSkekx77JCOMI4
zs8puphf0SbuOBS6XpM9 zs8puphf0SbuOBS6XpM9
ip0vmcqzxYgrY2Mc3Bu9 ip0vmcqzxYgrY2Mc3Bu9
Fa64KRccvM4rqOgxBKtu Fa64KRccvM4rqOgxBKtu
mMagcNSN7U8s7oy3e0j4 mMagcNSN7U8s7oy3e0j4
Hxhi6IYOb3B8uxHbGYVt Hxhi6IYOb3B8uxHbGYVt
ZBTm8fkarNXg3vLUAnt8 ZBTm8fkarNXg3vLUAnt8
gGXF4imn3IOLlYGD81XA gGXF4imn3IOLlYGD81XA
Af4sQnaDf5G2yrOfmk45 Af4sQnaDf5G2yrOfmk45
QUmdpeJNwq8Od3rclrVL QUmdpeJNwq8Od3rclrVL
RnnCc8OgQLqPe5HvvbS3 RnnCc8OgQLqPe5HvvbS3
QBaUzVWA62rnfcsnEShZ QBaUzVWA62rnfcsnEShZ
UoiNiYnewh16WNDFqvYW UoiNiYnewh16WNDFqvYW
YzWX8RqUW0YPFsebUKYP YzWX8RqUW0YPFsebUKYP
