Chattanooga Cleveland NewOrleans ElPaso Dayton Plano Fresno GrandRapids Fresno OuterHaven Hollywood Louisville SanJose Greensboro PembrokePines Gilbert Denton SanJose Montgomery Orlando Plano Salem Mesa Portland JerseyCity Buffalo JerseyCity Mobile Olathe Montgomery Worcester Portland Mesquite ElkGrove Savannah FortLauderdale Miami Sacramento Huntsville Tacoma Oxnard Phoenix LittleRock Fremont Honolulu Miramar Tampa FortCollins PortStLucie Vancouver Denver Peoria Corona Lubbock Louisville Jerusalem NewportNews Minneapolis Garland Naperville Chicago SantaAna HuntingtonBeach Jackson Brownsville KansasCity WinstonSalem Cincinnati LongBeach GrandPrairie Aurora LosAngeles Albuquerque LosAngeles Albuquerque Waco Modesto Paterson Berkeley Knoxville Berkeley FortWayne Bridgeport Boston SanJose LosAngeles Springfield Spokane SanJose Munich DesMoines NewportNews Alexandria Henderson Mesquite SanFrancisco Honolulu Portland SanBernardino Boise Sunnyvale StPetersburg Toledo StPetersburg Clarksville Jacksonville Hayward Phoenix SanDiego Sunnyvale Lakewood Augusta SantaClarita Hayward Akron RanchoCucamonga TianamenSquare Ontario NewportNews Minneapolis Newark NewOrleans Irvine Norfolk Raleigh Norfolk Irvine OklahomaCity Lincoln Madison Joliet NewOrleans SantaAna OklahomaCity Fontana Irvine Syracuse SanJose Washington SaintPaul Washington Chicago Irvine Providence Palmdale FortCollins Pomona Escondido Riverside Indianapolis Riverside Scottsdale OverlandPark Surprise Anchorage Midland Tucson Cincinnati Stockton Richmond Fayetteville BatonRouge Bakersfield Salinas Murfreesboro Charlotte Murfreesboro Houston Reno Rochester Phoenix GardenGrove Toledo Bakersfield Oceanside Lakewood Detroit Vancouver Austin Scottsdale Tempe Aurora GrandPrairie Phoenix Oxnard Memphis Tulsa Montgomery Macon LittleRock Shreveport LittleRock CapeCoral Anaheim Orange Frisco KansasCity Boston Munich Aurora Fayetteville Aurora Lexington Baltimore Aurora LosAngeles SanJose Glendale Memphis SanAntonio Memphis Roseville MorenoValley Anaheim ChulaVista Arlington Oakland LasVegas NewYork SantaClarita Henderson Denver Tallahassee Detroit ColoradoSprings Amarillo Yonkers Fayetteville FortWorth VirginiaBeach Glendale Lancaster MorenoValley Durham Yonkers Fayetteville Wichita Waco LongBeach McAllen Arlington SiouxFalls CorpusChristi ElPaso Chattanooga
100
Cleveland Cleveland
ElPaso ElPaso
Plano Plano
GrandRapids GrandRapids
Louisville Louisville
Denton Denton
Orlando Orlando
Salem Salem
Buffalo Buffalo
Olathe Olathe
Worcester Worcester
Savannah Savannah
FortLauderdale FortLauderdale
Tacoma Tacoma
Oxnard Oxnard
Fremont Fremont
Honolulu Honolulu
PortStLucie PortStLucie
Corona Corona
Lubbock Lubbock
NewportNews NewportNews
Naperville Naperville
Chicago Chicago
Jackson Jackson
Brownsville Brownsville
Cincinnati Cincinnati
GrandPrairie GrandPrairie
LosAngeles LosAngeles
Waco Waco
Paterson Paterson
Knoxville Knoxville
Berkeley Berkeley
Boston Boston
Springfield Springfield
Spokane Spokane
DesMoines DesMoines
Alexandria Alexandria
SanFrancisco SanFrancisco
SanBernardino SanBernardino
Boise Boise
Toledo Toledo
Jacksonville Jacksonville
SanDiego SanDiego
SantaClarita SantaClarita
Hayward Hayward
Akron Akron
Ontario Ontario
Newark Newark
Raleigh Raleigh
Irvine Irvine
Lincoln Lincoln
Madison Madison
Joliet Joliet
SantaAna SantaAna
Fontana Fontana
Syracuse Syracuse
SaintPaul SaintPaul
Washington Washington
Pomona Pomona
Indianapolis Indianapolis
Riverside Riverside
Scottsdale Scottsdale
Surprise Surprise
Anchorage Anchorage
Midland Midland
Richmond Richmond
BatonRouge BatonRouge
Bakersfield Bakersfield
Murfreesboro Murfreesboro
Charlotte Charlotte
GardenGrove GardenGrove
Oceanside Oceanside
Vancouver Vancouver
Austin Austin
Tempe Tempe
Phoenix Phoenix
LittleRock LittleRock
Shreveport Shreveport
CapeCoral CapeCoral
Orange Orange
Frisco Frisco
KansasCity KansasCity
Aurora Aurora
Fayetteville Fayetteville
Lexington Lexington
Baltimore Baltimore
SanJose SanJose
Memphis Memphis
SanAntonio SanAntonio
Anaheim Anaheim
ChulaVista ChulaVista
NewYork NewYork
Henderson Henderson
Tallahassee Tallahassee
Yonkers Yonkers
FortWorth FortWorth
Glendale Glendale
Durham Durham
Wichita Wichita
McAllen McAllen
