SaintPaul Garland Newark Scottsdale Honolulu Memphis Louisville Irving Anaheim Seattle Wichita Boston Wichita Seattle VirginiaBeach StPetersburg Henderson StPetersburg Milwaukee Columbus Glendale Hialeah OklahomaCity Hialeah Glendale Columbus Milwaukee StPetersburg Cincinnati ChulaVista Charlotte Phoenix Durham SantaAna Pittsburgh SantaAna Durham WinstonSalem Durham Phoenix Charlotte Irvine Buffalo Oakland Philadelphia SanFrancisco Stockton Houston Stockton SanFrancisco Philadelphia Oakland Buffalo Irvine Fremont Chandler Fremont Irvine Charlotte ChulaVista Baltimore Albuquerque BatonRouge FortWorth BatonRouge Albuquerque FortWayne Anchorage FortWayne Albuquerque Baltimore Mesa Indianapolis Mesa Baltimore LongBeach Greensboro Dallas Greensboro LongBeach Baltimore ChulaVista SanDiego SanJose SanDiego ColoradoSprings SanDiego ChulaVista JerseyCity Toledo Tampa Toledo Atlanta Toledo JerseyCity Laredo JerseyCity Richmond Minneapolis Lincoln Minneapolis Bakersfield Minneapolis Richmond JerseyCity Lexington Fresno Spokane Fresno Plano LosAngeles ElPaso LosAngeles Austin SanAntonio Austin LosAngeles Plano Fresno KansasCity Norfolk Denver Detroit Tucson Raleigh Tucson Detroit Denver Norfolk KansasCity Miami Omaha Aurora Omaha Miami KansasCity NewOrleans KansasCity Fresno Chesapeake Fresno Lexington JerseyCity ChulaVista Cincinnati StPetersburg Lubbock StPetersburg VirginiaBeach Seattle Anaheim Irving Louisville Madison Louisville Memphis Honolulu Scottsdale Newark Garland SaintPaul
50
Newark Newark
Scottsdale Scottsdale
Honolulu Honolulu
Memphis Memphis
StPetersburg StPetersburg
Henderson Henderson
Milwaukee Milwaukee
Columbus Columbus
Glendale Glendale
Hialeah Hialeah
OklahomaCity OklahomaCity
Cincinnati Cincinnati
Charlotte Charlotte
Phoenix Phoenix
Durham Durham
SantaAna SantaAna
Pittsburgh Pittsburgh
WinstonSalem WinstonSalem
Stockton Stockton
Houston Houston
Chandler Chandler
Baltimore Baltimore
FortWorth FortWorth
FortWayne FortWayne
Anchorage Anchorage
Indianapolis Indianapolis
LongBeach LongBeach
Dallas Dallas
SanDiego SanDiego
SanJose SanJose
JerseyCity JerseyCity
Tampa Tampa
Atlanta Atlanta
Laredo Laredo
Lincoln Lincoln
Bakersfield Bakersfield
Lexington Lexington
Spokane Spokane
Plano Plano
ElPaso ElPaso
Austin Austin
SanAntonio SanAntonio
Denver Denver
Tucson Tucson
Raleigh Raleigh
Aurora Aurora
NewOrleans NewOrleans
Chesapeake Chesapeake
Lubbock Lubbock
Madison Madison
