Jacksonville Atlanta Louisville Arlington Portland Seattle LasVegas Charlotte SanFrancisco Atlanta Atlanta Atlanta Jacksonville Milwaukee Tulsa ColoradoSprings Chicago Philadelphia Chicago ColoradoSprings Tulsa OklahomaCity Phoenix OklahomaCity FortWorth SanJose Indianapolis Indianapolis SanJose Baltimore Philadelphia Oakland Tulsa Detroit Columbus Seattle Seattle Columbus Detroit Detroit Tulsa Jacksonville Washington Austin Raleigh Raleigh Indianapolis SanJose Indianapolis LosAngeles ElPaso Nashville Milwaukee Jacksonville
18
Atlanta SanFrancisco Fresno Atlanta
Milwaukee Tucson
ColoradoSprings VirginiaBeach
SanJose Boston LongBeach SanJose
Indianapolis LosAngeles Indianapolis
Oakland Albuquerque
Seattle LasVegas Seattle
Detroit Columbus
Jacksonville Minneapolis Jacksonville
Raleigh Memphis
Philadelphia Philadelphia
FortWorth FortWorth
Portland Portland
Tulsa Tulsa
Phoenix Phoenix
ElPaso ElPaso
Austin Austin
Louisville Louisville
