Porterton Dianashire Burgessview Williamfort Moodyburgh Gregoryberg Smithfort Gregoryberg Moodyburgh Heatherberg Thomasborough Heatherberg Moodyburgh Williamfort Thomasville Lopezburgh Byrdfurt Lopezburgh Thomasville Williamfort Williamport Ashleystad Holthaven Ashleystad Codyton Ashleystad Williamport Williamfort Burgessview Marcusburgh Matthewburgh Bondfort Shawnmouth Bondfort Adamview Bondfort Matthewburgh Virginiastad Robinsonmouth Virginiastad Matthewburgh Marcusburgh Tylerbury Paultown Tylerbury Jamestown Tylerbury Marcusburgh Fletcherland Willisfurt Fletcherland Kingview Williamschester Kingview Fletcherland Marcusburgh Burgessview Billton Banksburgh Simmonsburgh Michaelville Simmonsburgh Banksburgh Yvonneborough Parkermouth Yvonneborough Banksburgh Billton Burgessview Dianashire Ashleyborough Paulburgh Walltown Callahantown Maryport Callahantown Walltown Johnberg Walltown Scotttown Jacksonview Scotttown Walltown Paulburgh Robertsstad Toddtown Swansonshire Toddtown Robertsstad Paulburgh Ashleyborough Clarkberg Reevestown Judithview Michaelview Judithview Reevestown Clarkberg Burtonview Murphyside Bakertown Murphyside Burtonview Clarkberg Ashleyborough Osborneville Payneview Barnesmouth Harrisport Barnesmouth Payneview Jacksonville Jennifertown Jacksonville Payneview Teresafort Smithtown Teresafort Payneview Osborneville Christophermouth Shawnhaven Christophermouth Osborneville Ashleyborough Dianashire Porterton Wallton Davisstad Newmanburgh Gallowaymouth Rioshaven Gallowaymouth Newmanburgh Davisstad Leechester Castanedachester Leechester Pettyton Bondmouth Pettyton Leechester Davisstad Jacksonton Singletonton Clarkbury Singletonton Jacksonton Davisstad Wallton Danielleport Melissaview Cheyennefurt Watsonville Cheyennefurt Melissaview Campbellhaven Annberg Campbellhaven Melissaview Danielleport Cooperton Lopezborough Waltersmouth Lopezborough Cooperton Danielleport Scottburgh Laurenbury Haleview Laurenbury Scottburgh Danielleport Wallton Derekmouth Geraldside Michellehaven Ramosborough Michellehaven Cranemouth Michellehaven Geraldside Joseport Hallborough Joseport Gabrielburgh Joseport Geraldside Derekmouth Charlesberg Weberbury Kimberlyburgh Weberbury Charlesberg Sethland Ellisstad Sethland Charlesberg Kevinberg Patriciabury Kevinberg Adamside Kevinberg Charlesberg Derekmouth Jeffreyfort Garytown Audreyfort Garytown Jeffreyfort Johnsonchester Nealfurt Johnsonchester Jeffreyfort Derekmouth Wallton Porterton
52
Smithfort Millerborough Smithfort
Thomasborough Masseyside Ortegaberg Thomasborough
Lopezburgh Leahmouth
Byrdfurt Garciamouth Loweryborough Byrdfurt
Holthaven Vickiville Holthaven
Codyton Ryanside Mindyview Codyton
Shawnmouth Buckleyside Priceville Shawnmouth
Adamview Harrisborough Adamview
Robinsonmouth Horneside Robinsonmouth
Virginiastad Johnsonberg
Paultown Hansonbury
Jamestown Wilsonstad
Willisfurt Ortizberg
Williamschester Mirandaview Williamschester
Michaelville Williamland Michaelville
Parkermouth Shawnfort Parkermouth
Maryport Combsville Reynoldsview Maryport
Johnberg Williamshire
Jacksonview Danielville Jacksonview
Swansonshire Abigailhaven Swansonshire
Michaelview Clarenceview Michaelview
Bakertown Derekville Jameston Bakertown
Barnesmouth Clarkborough
Harrisport Brendaview Harrisport
Jacksonville Christopherhaven
Jennifertown Feliciaville Jennifertown
Smithtown Abigailville Jacksonland Smithtown
Teresafort Calvinton
Shawnhaven Dannyside Candaceborough
Rioshaven Josephstad Rioshaven
Castanedachester Suttonville
Bondmouth Mercedesmouth Taylorton Bondmouth
Pettyton Jonesfurt
Clarkbury Jermaineton Clarkbury
Cheyennefurt Thompsonshire
Watsonville Christyland Robertomouth Watsonville
Annberg Houstonchester Dyerport Annberg
Waltersmouth Adamport Adkinsberg
Haleview Hallstad Haleview
Ramosborough Fordhaven Ramosborough
Cranemouth Joneschester Cranemouth
Hallborough Kylieview Hallborough
Gabrielburgh Hodgesstad Gabrielburgh
Weberbury Clarkport
Kimberlyburgh Candiceland Kimberlyburgh
Sethland Tannerhaven
Ellisstad Osbornemouth Ellisstad
Patriciabury Troyfort Thomasmouth Patriciabury
Adamside Andrewschester Bradberg Adamside
Audreyfort Patriciaside Audreyfort
Johnsonchester Susanfort
Nealfurt Nealfurt
