Hernandezville Beckyshire Derekton Thomaschester Mcfarlandville Thomaschester Derekton Wallaceville Morenoside Wallaceville Derekton Beckyshire Ponceville Mcculloughchester Crystalchester Smithmouth Crystalchester Mcculloughchester Jonestown Barbarachester Jonestown Kellyfort Jonestown Mcculloughchester Ponceville Bridgesville Riveramouth Bradshawside Riveramouth Martinton Riveramouth Bridgesville Dennisstad Wilsonburgh Dennisstad Bridgesville Esparzaberg Thomasburgh Esparzaberg Kristinbury Esparzaberg Bridgesville Ponceville Garymouth Camposstad Donaldstad Camposstad Garymouth Christophertown Crystaltown Christophertown Garymouth Ponceville Beckyshire Hernandezville Joelview Mitchellchester Lopezmouth Heathermouth Lopezview Heathermouth Lopezmouth Dixonton Keithton Dixonton Francesmouth Dixonton Lopezmouth Mitchellchester Sheabury Maysfort Sheabury Mitchellchester Joelview Farmerside Gabriellabury Courtneyfurt Gabriellabury Murphyberg Gabriellabury Farmerside Ryanton Williamsmouth Mcdonaldmouth Williamsmouth Ryanton Farmerside Ralphtown Garciaport Charlesburgh Garciaport Ralphtown Stricklandbury Tylermouth Stricklandbury Ralphtown Farmerside Joelview Downsville Richardhaven Tammychester Richardhaven Downsville Williammouth Haasville Williammouth Downsville Joelview Hernandezville
26
Mcfarlandville Belindamouth
Morenoside Johnport Amberfurt
Smithmouth Robertborough Smithmouth
Barbarachester Jonesberg Barbarachester
Kellyfort Tinatown Pittsland Kellyfort
Bradshawside Wandaside Bradshawside
Martinton Brianland Deborahfort Martinton
Wilsonburgh Josephton Harristown Wilsonburgh
Thomasburgh Sanchezland Johnsonmouth Thomasburgh
Kristinbury Allenberg Kristinbury
Donaldstad Thomastown Donaldstad
Camposstad Williamsville
Crystaltown Johnsontown Crystaltown
Heathermouth Emilymouth
Lopezview Robertsfort Lopezview
Keithton Aprilstad Andrewland Keithton
Francesmouth Richardville Francesmouth
Maysfort Huynhton
Courtneyfurt Morrisbury Contrerasland
Murphyberg Hendersonchester
Williamsmouth Johnstonmouth
Mcdonaldmouth Adkinsfurt Mcdonaldmouth
Charlesburgh Angelaview Charlesburgh
Tylermouth Deanstad Tylermouth
Tammychester Rebeccaton Tammychester
Haasville Haasville
