A0 A1 A5 C2 A5 A1 A6 A1 B0 A1 B4 D7 B4 A1 B7 A1 B8 A1 C3 A1 C6 A1 C8 A1 D6 A1 F0 A1 A0 A2 A9 A3 B9 A3 C4 A3 D0 A3 D5 A3 D8 A3 E4 A3 E5 A3 A9 A2 B1 E8 B1 A2 B2 A2 C7 A2 E1 A2 E9 A2 A0 A4 B3 A4 B5 A4 A0 A8 A7 A8 A0 B6 A0 C0 A0 C1 A0 C5 A0 C9 A0 D1 A0 D2 A0 D3 A0 D4 A0 D9 A0 E0 A0 E2 A0 E3 A0 E6 A0 E7 A0
50
A1 A1
A5 A5
C2 C2
A6 A6
B0 B0
B4 B4
D7 D7
B7 B7
B8 B8
C3 C3
C6 C6
C8 C8
D6 D6
F0 F0
A2 A2
A9 A9
A3 A3
B9 B9
C4 C4
D0 D0
D5 D5
D8 D8
E4 E4
E5 E5
B1 B1
E8 E8
B2 B2
C7 C7
E1 E1
E9 E9
A4 A4
B3 B3
B5 B5
A8 A8
A7 A7
B6 B6
C0 C0
C1 C1
C5 C5
C9 C9
D1 D1
D2 D2
D3 D3
D4 D4
D9 D9
E0 E0
E2 E2
E3 E3
E6 E6
E7 E7
