A0 A4 B0 C8 B0 A4 B1 J7 B1 A4 C0 A4 C6 A4 E4 A4 E9 A4 G0 A4 I7 A4 A0 A6 A1 A2 A8 A2 B4 A5 G2 A5 I1 A5 J3 A5 B4 A2 B5 A3 C5 A3 C7 A3 D1 A3 D7 A3 E1 A3 E3 A3 G3 A3 H2 A3 I3 A3 I5 A3 I8 A3 J0 A3 B5 A2 B8 A2 D0 A2 D4 A2 D9 A2 E2 A2 E5 A2 E7 A2 F1 A2 F2 A2 G1 A2 G4 A2 G8 A2 H1 A2 H7 A2 I0 A2 J1 A2 J6 A2 A1 A7 D8 A7 H8 A7 A1 A9 A1 B2 A1 B7 A1 B9 A1 C2 A1 C4 A1 D2 A1 F3 A1 F4 A1 F7 A1 F9 A1 H6 A1 I6 A1 J4 A1 J5 A1 J8 A1 J9 A1 A6 B3 A6 D3 A6 K0 A6 A0 B6 A0 C1 A0 C3 A0 C9 A0 D5 A0 D6 A0 E0 A0 E6 A0 E8 A0 F0 A0 F5 A0 F6 A0 F8 A0 G5 A0 G6 A0 G7 A0 G9 A0 H0 A0 H3 A0 H4 A0 H5 A0 H9 A0 I2 A0 I4 A0 I9 A0 J2 A0
100
A4 A4
B0 B0
C8 C8
B1 B1
J7 J7
C0 C0
C6 C6
E4 E4
E9 E9
G0 G0
I7 I7
A6 A6
A1 A1
A2 A2
A8 A8
B4 B4
A5 A5
G2 G2
I1 I1
J3 J3
B5 B5
A3 A3
C5 C5
C7 C7
D1 D1
D7 D7
E1 E1
E3 E3
G3 G3
H2 H2
I3 I3
I5 I5
I8 I8
J0 J0
B8 B8
D0 D0
D4 D4
D9 D9
E2 E2
E5 E5
E7 E7
F1 F1
F2 F2
G1 G1
G4 G4
G8 G8
H1 H1
H7 H7
I0 I0
J1 J1
J6 J6
A7 A7
D8 D8
H8 H8
A9 A9
B2 B2
B7 B7
B9 B9
C2 C2
C4 C4
D2 D2
F3 F3
F4 F4
F7 F7
F9 F9
H6 H6
I6 I6
J4 J4
J5 J5
J8 J8
J9 J9
B3 B3
D3 D3
K0 K0
B6 B6
C1 C1
C3 C3
C9 C9
D5 D5
D6 D6
E0 E0
E6 E6
E8 E8
F0 F0
F5 F5
F6 F6
F8 F8
G5 G5
G6 G6
G7 G7
G9 G9
H0 H0
H3 H3
H4 H4
H5 H5
H9 H9
I2 I2
I4 I4
I9 I9
J2 J2
