0 23 88 64 50 123 126 94 126 123 39 123 50 34 57 4 60 54 49 54 60 4 57 25 57 34 78 36 78 14 78 34 132 119 55 90 55 119 132 34 50 7 50 64 139 48 139 63 139 64 15 33 130 103 130 33 76 84 76 33 15 194 61 194 28 185 151 42 157 45 157 42 151 128 176 170 37 170 176 173 44 134 62 12 5 182 70 155 156 16 156 155 70 182 5 75 5 198 10 71 10 137 158 137 10 198 106 196 17 79 107 26 65 98 91 98 77 98 47 142 180 142 22 142 51 13 51 100 169 100 51 142 47 98 65 26 107 175 11 175 120 175 107 79 56 67 96 27 96 67 56 79 149 144 149 79 17 196 8 30 8 196 87 95 87 18 87 196 106 198 5 41 5 59 97 31 140 68 140 145 66 145 140 86 140 31 2 31 97 59 32 59 5 74 141 21 93 21 141 80 154 125 3 125 154 80 183 43 183 80 141 74 5 12 53 20 81 20 53 12 62 134 44 173 85 1 58 1 69 1 85 173 176 83 40 83 9 52 9 6 24 131 163 131 24 46 24 89 147 177 29 177 82 177 147 89 24 6 9 195 9 83 176 35 176 128 19 128 179 92 179 99 179 128 151 185 38 185 28 194 72 194 15 64 88 23 0 73 0
100
0 0
23 23
88 88
64 64
50 50
94 94
39 39
34 34
57 57
4 4
60 60
54 54
49 49
25 25
78 78
36 36
14 14
55 55
90 90
7 7
48 48
63 63
15 15
33 33
76 76
84 84
61 61
28 28
42 42
45 45
37 37
44 44
62 62
12 12
5 5
70 70
16 16
75 75
10 10
71 71
17 17
79 79
26 26
65 65
98 98
91 91
77 77
47 47
22 22
51 51
13 13
11 11
56 56
67 67
96 96
27 27
8 8
30 30
87 87
95 95
18 18
41 41
59 59
97 97
31 31
68 68
66 66
86 86
2 2
32 32
74 74
21 21
93 93
80 80
3 3
43 43
53 53
20 20
81 81
85 85
1 1
58 58
69 69
83 83
40 40
9 9
52 52
6 6
24 24
46 46
89 89
29 29
82 82
35 35
19 19
92 92
99 99
38 38
72 72
73 73
