0 14 12 1 59 48 88 75 61 42 79 43 4 66 19 98 15 47 26 87 28 55 30 13 17 8 99 91 40 1 60 1 25 38 21 69 1 73 23 82 5 34 27 0 3 51 37 62 2 96 90 20 85 35 16 67 80 9 57 0 44 18 7 29 31 6 11 0 41 84 81 45 24 1 70 22 2 68 46 33 49 97 86 53 32 72 39 10 0 36 0
50
0 0
14 14
12 12
48 48
42 42
43 43
4 4
19 19
15 15
47 47
26 26
28 28
30 30
13 13
17 17
8 8
40 40
25 25
38 38
21 21
1 1
23 23
5 5
34 34
27 27
3 3
37 37
2 2
20 20
35 35
16 16
9 9
44 44
18 18
7 7
29 29
31 31
6 6
11 11
41 41
45 45
24 24
22 22
46 46
33 33
49 49
32 32
39 39
10 10
36 36
