AY BX AL BH AG B BR CG W AC CD BG CD V CD CE AT AB CV AR Y AR BW CS C CP C CS BW AO BW AR CV BL A BA A AA F CC AN AI AN CC F AZ X N U BJ U CQ H BY S CR S BY H CQ U N X AZ F AA A BL CV AB AT CE CD AC W CG BR BZ BR B AU BS AE BS J CK BK CF AK BF AK AQ AK CF BK AH T CI AJ BE BV E BV CB BP AW BU I CT Z CT AV AX O AX BC CU AM CU BO CU BC AX AV CT I BU AW BP CB BV BE AJ CI CM CI T AH CL AH BK CK CN Q CN CK AS CK P CK J BS AU CA BI CA AU B AG BH AL BX AY
50
AY AY
BX BX
B B
W W
CD CD
BG BG
V V
CE CE
AB AB
CV CV
CP CP
AO AO
BA BA
AA AA
F F
CC CC
AI AI
U U
BJ BJ
CQ CQ
H H
CR CR
BZ BZ
AU AU
AE AE
CK CK
CF CF
AK AK
BF BF
AQ AQ
AH AH
T T
BE BE
BP BP
AW AW
BU BU
I I
AV AV
AX AX
O O
CU CU
AM AM
BO BO
CM CM
CL CL
Q Q
AS AS
P P
CA CA
BI BI
