K H FS H B E FD EN BJ DV BF GL DP BX A GR CM D EO E EV EG AG GG A AF GC ED F X F L BB CW CK FH CJ GK E B FG BI P FJ BP GJ A EC DB A B EA EM CQ D BR F BQ DR C H FU EH FM DZ AB I CY A AW AH E B BG E R AS E BL B CF C F DC U G A DI DK EL DS DH GO V FI EK B A FO T FZ BY F A BO J FV B I G BA CB D Y EQ CE B A F GF CT GI H EJ K
87
B FR DX EU M FP B
C FX
H EZ AJ GD
F AM AN BE Z
A DG GE FE
I AX I
G G
L L
P P
R R
T T
U U
V V
X X
Y Y
AB AB
AF AF
AG AG
AH AH
AS AS
AW AW
BA BA
BB BB
BF BF
BG BG
BI BI
BJ BJ
BL BL
BO BO
BP BP
BQ BQ
BR BR
BX BX
BY BY
CB CB
CE CE
CF CF
CJ CJ
CK CK
CM CM
CQ CQ
CT CT
CW CW
CY CY
DB DB
DC DC
DH DH
DI DI
DK DK
DP DP
DR DR
DS DS
DV DV
DZ DZ
EA EA
EC EC
ED ED
EG EG
EH EH
EJ EJ
EK EK
EL EL
EM EM
EN EN
EO EO
EQ EQ
EV EV
FD FD
FG FG
FH FH
FI FI
FJ FJ
FM FM
FO FO
FS FS
FU FU
FV FV
FZ FZ
GC GC
GF GF
GG GG
GI GI
GJ GJ
GK GK
GL GL
GO GO
GR GR
