55 72 33 56 92 50 20 68 5 10 81 69 27 98 78 15 36 9 77 53 1 95 35 59 66 63 52 74 79 97 83 31 0 80 14 12 54 87 51 64 49 91 40 29 16 45 57 44 3 17 39 93 62 37 24 61 19 28 25 67 86 96 41 43 23 89 4 18 7 30 70 88 22 60 32 13 11 99 55
50
92 92
20 20
5 5
10 10
27 27
15 15
36 36
9 9
77 77
53 53
1 1
95 95
63 63
97 97
83 83
31 31
0 0
14 14
12 12
54 54
87 87
51 51
64 64
49 49
91 91
29 29
16 16
57 57
3 3
17 17
39 39
93 93
62 62
61 61
19 19
28 28
25 25
67 67
86 86
96 96
41 41
23 23
18 18
7 7
70 70
88 88
32 32
13 13
11 11
99 99
