89 68 12 69 181 100 113 108 123 112 199 87 61 122 175 102 143 10 114 8 125 72 148 13 58 14 40 187 178 62 144 49 111 76 128 15 198 82 34 65 147 90 35 153 50 115 29 4 127 101 169 78 27 48 9 66 191 129 75 80 88 140 19 106 77 132 195 160 179 119 70 192 136 3 64 31 6 180 155 107 18 47 161 16 118 1 131 91 139 189 182 177 98 197 142 188 104 110 172 5 170 83 54 11 20 109 183 130 21 190 145 39 81 38 167 41 37 168 124 59 99 44 94 86 173 56 151 53 96 67 24 23 85 162 28 32 146 149 33 121 25 103 73 133 194 141 46 51 156 154 60 45 135 95 97 79 36 74 193 89
100
12 12
69 69
100 100
112 112
199 199
61 61
122 122
102 102
114 114
125 125
148 148
13 13
58 58
187 187
178 178
144 144
49 49
111 111
128 128
82 82
65 65
147 147
29 29
4 4
127 127
101 101
169 169
78 78
27 27
48 48
9 9
191 191
75 75
80 80
88 88
140 140
132 132
195 195
160 160
179 179
70 70
192 192
136 136
3 3
64 64
31 31
6 6
155 155
107 107
18 18
16 16
118 118
1 1
189 189
98 98
197 197
188 188
172 172
5 5
83 83
11 11
109 109
183 183
130 130
21 21
190 190
39 39
81 81
38 38
41 41
37 37
124 124
59 59
99 99
44 44
94 94
86 86
173 173
56 56
151 151
96 96
23 23
85 85
32 32
146 146
149 149
33 33
121 121
25 25
73 73
133 133
194 194
141 141
51 51
156 156
135 135
97 97
79 79
36 36
193 193
