fmdhlepsteinstdnkill epsteindlsfdntmkillh dnkillepsteinlshdtfm epsteinkillmsftnddlh fkillepsteindlhdnsmt nltdmsfepsteinkilldh hnfdtmlepsteinkillds tdfepsteinnlhdkillsm lsdepsteinfmkillndth tlmsdhdnkillfepstein fmsepsteindntldhkill epsteindfhlmdnskillt dlnsthfmepsteinkilld dfdkillepsteinslmhnt slepsteinntkillhddfm dmepsteinfnhltkillsd stepsteinhkillfmnldd dmepsteinfnhltkillsd fshtdepsteinmldnkill dmdepsteinnhkilllsft epsteinfsddmthkillnl epsteinfsddmthkillnl epsteinfsddmthkillnl ntlepsteindmfdshkill killepsteinlhtfdsmdn epsteinlshkilldnfdmt flepsteindndhmtkills killdmnsfhldepsteint epsteintdkilllnfdhms ntlepsteindmfdshkill hdepsteinskillldtnfm lndsdkilltmepsteinhf fddsepsteinhnlkilltm fdshnmkillepsteinltd killnsfmhdepsteindtl epsteinkillnmsdhtdlf msfltdkillnepsteinhd ntlepsteindmfdshkill lthfkilldnsmepsteind epsteinskilldlndhmtf lthfkilldnsmepsteind hepsteinsddnfkillmlt killmlepsteindthnfsd dthepsteinkillmsldfn fshtdepsteinmldnkill lndsdkilltmepsteinhf fshtdepsteinmldnkill ftmnsldepsteinkillhd snfdlkillmtdhepstein killnsfmhdepsteindtl ddlmnftepsteinhskill epsteindlsfdntmkillh dnkillepsteinlshdtfm ndkillftdsmepsteinlh killdmnsfhldepsteint dfslntkillmepsteindh nepsteinlmdkilldhfts hnsdkilllftdmepstein ntlepsteindmfdshkill fddsepsteinhnlkilltm lhsepsteindtdnmkillf depsteinnlsfmhtkilld dmepsteinfnhltkillsd hkilldfepsteinmdlnts nfdhkilllsmtepsteind sldnhepsteindftkillm dfslntkillmepsteindh epsteinmhndfkilltdls hsdlepsteinmnkilldft hsndepsteindlmtkillf hsdlepsteinmnkilldft hkilldfepsteinmdlnts hnsdkilllftdmepstein dnkillepsteinlshdtfm mftkillepsteinndlhsd dnkillepsteinlshdtfm epsteindlsfdntmkillh fmdhlepsteinstdnkill
37
slepsteinntkillhddfm ndkillftdsmepsteinlh
epsteinfsddmthkillnl hnsdkilllftdmepstein tlsfdmdepsteinnhkill dhepsteindsnlkillfmt
killepsteinlhtfdsmdn dhkilllsepsteinmntdf killepsteinlhtfdsmdn
hepsteinsddnfkillmlt ddtmkillepsteinflsnh hepsteinsddnfkillmlt
fshtdepsteinmldnkill nkilltdhlmdepsteinsf hsdfepsteintlnkilldm fshtdepsteinmldnkill
killnsfmhdepsteindtl tmlepsteinsdnfkillhd killnsfmhdepsteindtl
ddlmnftepsteinhskill fepsteinhsntddkilllm ddlmnftepsteinhskill
dnkillepsteinlshdtfm lmhdtfdepsteinnkills lhepsteinkilldtnmfsd dnkillepsteinlshdtfm
dfslntkillmepsteindh nhmkilllsftepsteindd dfkilllmtepsteinhdsn
hnsdkilllftdmepstein depsteinnlsfmhtkilld
ntlepsteindmfdshkill killmlepsteindthnfsd ntlepsteindmfdshkill
lhsepsteindtdnmkillf lnsmkilltfdepsteindh
dmepsteinfnhltkillsd fhndskillepsteintldm dmepsteinfnhltkillsd
hkilldfepsteinmdlnts lndsdkilltmepsteinhf
msfltdkillnepsteinhd msfltdkillnepsteinhd
nfdhkilllsmtepsteind nfdhkilllsmtepsteind
epsteindlsfdntmkillh epsteindlsfdntmkillh
epsteinkillmsftnddlh epsteinkillmsftnddlh
fdshnmkillepsteinltd fdshnmkillepsteinltd
fmsepsteindntldhkill fmsepsteindntldhkill
killdmnsfhldepsteint killdmnsfhldepsteint
hdepsteinskillldtnfm hdepsteinskillldtnfm
epsteintdkilllnfdhms epsteintdkilllnfdhms
epsteindfhlmdnskillt epsteindfhlmdnskillt
lsdepsteinfmkillndth lsdepsteinfmkillndth
flepsteindndhmtkills flepsteindndhmtkills
nepsteinlmdkilldhfts nepsteinlmdkilldhfts
hsndepsteindlmtkillf hsndepsteindlmtkillf
nltdmsfepsteinkilldh nltdmsfepsteinkilldh
mftkillepsteinndlhsd mftkillepsteinndlhsd
dlnsthfmepsteinkilld dlnsthfmepsteinkilld
stepsteinhkillfmnldd stepsteinhkillfmnldd
epsteinskilldlndhmtf epsteinskilldlndhmtf
hnfdtmlepsteinkillds hnfdtmlepsteinkillds
tlmsdhdnkillfepstein tlmsdhdnkillfepstein
epsteinlshkilldnfdmt epsteinlshkilldnfdmt
epsteinmhndfkilltdls epsteinmhndfkilltdls
