dldkilltnmhfepsteins msddkilllthepsteinfn dlfdkilltepsteinhnms fhnmkillepsteinsdltd depsteinftndhmkillsl tldkillhsfnmepsteind depsteinlfnmkilldsht tsmdepsteinkillhfdln lkilldtnmsepsteindfh dhmkillfdltnsepstein mhdskillldftnepstein killtdslhfdepsteinnm shfnmltepsteindkilld killdldepsteinmfsthn epsteinfthkilldnslmd ntmdhepsteinsdkillfl fddsmepsteintnkillhl dhsepsteintlkillmfnd epsteinhdkillltsmfdn mkilldlshdtfepsteinn epsteinhnkillsldfdmt nmdhepsteinkilltfsld hsepsteinfkillnmddtl epsteindmshtfldnkill hmndfkillslepsteintd dkillldfepsteintsmnh dlshdtepsteinnkillfm tdnfmdhepsteinslkill epsteintfhndkilllmsd tdkillepsteinsmhdfnl sdndhepsteinltkillfm killmdshdtnflepstein fdskillndtmepsteinlh killmdshdtnflepstein fthlkillnepsteindsdm thnkillmddsepsteinfl fthlkillnepsteindsdm killfhdndtlepsteinsm lepsteindnhstfdmkill nftmskilldldepsteinh mdkillnlsdtepsteinhf lhsntdepsteindkillmf lmkillepsteintsndfhd hepsteinntdkillsdmfl depsteintkilllnmsfdh hepsteinntdkillsdmfl nfltdmkillsdepsteinh killhtdmdlnsfepstein hmdkilllnepsteinfsdt lsmftnepsteinkillhdd dflstmkillepsteindhn killdepsteinmfltdshn tsdnhkilllmepsteindf tdfkillslepsteinhdmn sldhnfmtdkillepstein tepsteinhsdkillmldfn shepsteinnkillftlddm msepsteintlhnfkilldd mdkillntepsteindfhsl tndskilldfepsteinmhl dkillnmsfhtlepsteind ndkillthdepsteinlsmf lkillfthdsepsteindnm hnddkilltslmfepstein thdlskillnfdmepstein dmtlsfhnkilldepstein dnldkillhmfstepstein killthsepsteindmlfdn depsteinslkillhdftmn killmfndshdtepsteinl mfndlsdepsteinhkillt fdmtdepsteinkilllsnh mdkilllfdnstepsteinh fkillepsteinndmdlhts dtsmdnlhfepsteinkill epsteinsnmflhtdkilld mhkillepsteinddlfsnt hdntepsteinkilllsdfm dkillnmhldstfepstein fsepsteindkillhmtdln epsteinlmkillfshnddt fsepsteindkillhmtdln skillthlfndepsteindm mkillthfdlnepsteinds killfsdndhtmepsteinl hnsepsteinmkillfddtl dhtepsteinkillsdflmn killepsteinfdlhdtnms skillmfepsteinthddnl dkillnmhldstfepstein epsteinshlkilldmnfdt dfdepsteintlnskillhm ldepsteindhkilltsmfn mfndlsdepsteinhkillt dsftepsteindhkillmnl sdlhfnmdepsteintkill dsftepsteindhkillmnl hlfdskilldnepsteintm dfkilllepsteinsnmhtd sdndhepsteinltkillfm fhdmnepsteindkillslt fmtnkilldepsteindhsl mkillldnhepsteinstfd fmtnkilldepsteindhsl killtdslhfdepsteinnm slepsteinkillfmddhtn depsteinlfnmkilldsht lhepsteintndkilldsmf depsteinlfnmkilldsht tsmdepsteinkillhfdln killfthnmsdlepsteind killtepsteinddhlmnsf ltfnsdhepsteinkilldm killtdmsdfhnepsteinl dhkillldsepsteintnmf epsteinfsltkillnhddm fmltddhnepsteinskill epsteinfsltkillnhddm killhdfnsepsteinmltd fdmtdepsteinkilllsnh epsteinldtnfmshdkill lepsteindsmnhftdkill hnddkilltslmfepstein thdlskillnfdmepstein lepsteinkilldhfmstnd thdlskillnfdmepstein hnddkilltslmfepstein lkillfthdsepsteindnm nsepsteinfmdkillhldt hnskillepsteintfdmld nsepsteinfmdkillhldt lkillfthdsepsteindnm dtnkillsepsteinmdfhl lkillfthdsepsteindnm dmldfhskillntepstein mfndlsdepsteinhkillt fdmtdepsteinkilllsnh mdkilllfdnstepsteinh lkillepsteintdshmfnd hdmndfepsteinstkilll nepsteindhkillltmsfd sndldftmkillepsteinh dhkillldsepsteintnmf depsteinftndhmkillsl hepsteinnfdmlsdtkill depsteinftndhmkillsl epsteindkilltlmnhsfd depsteinftndhmkillsl fthlkillnepsteindsdm hepsteinnfmtlkilldds ldfsmnepsteinkilltdh mndtkillepsteindlfhs dftkillhmldnepsteins ndshkilldmlepsteinft shfnmltepsteindkilld killtdslhfdepsteinnm mhdskillldftnepstein nmkilldepsteinhtldsf ltfnsdhepsteinkilldm tepsteinmdfldhnskill ltfnsdhepsteinkilldm dkillfepsteinnhdmtls depsteinlfnmkilldsht tldkillhsfnmepsteind msddkilllthepsteinfn dldkilltnmhfepsteins
100
dlfdkilltepsteinhnms dlfdkilltepsteinhnms
sdndhepsteinltkillfm sdndhepsteinltkillfm
tldkillhsfnmepsteind tldkillhsfnmepsteind
mdkillntepsteindfhsl mdkillntepsteindfhsl
mdkillnlsdtepsteinhf mdkillnlsdtepsteinhf
tsdnhkilllmepsteindf tsdnhkilllmepsteindf
tsmdepsteinkillhfdln tsmdepsteinkillhfdln
dhsepsteintlkillmfnd dhsepsteintlkillmfnd
fhdmnepsteindkillslt fhdmnepsteindkillslt
epsteintfhndkilllmsd epsteintfhndkilllmsd
fdskillndtmepsteinlh fdskillndtmepsteinlh
killhdfnsepsteinmltd killhdfnsepsteinmltd
killtdmsdfhnepsteinl killtdmsdfhnepsteinl
fmltddhnepsteinskill fmltddhnepsteinskill
fddsmepsteintnkillhl fddsmepsteintnkillhl
lepsteinkilldhfmstnd lepsteinkilldhfmstnd
lkilldtnmsepsteindfh lkilldtnmsepsteindfh
killmfndshdtepsteinl killmfndshdtepsteinl
mkillthfdlnepsteinds mkillthfdlnepsteinds
mdkilllfdnstepsteinh mdkilllfdnstepsteinh
fhnmkillepsteinsdltd fhnmkillepsteinsdltd
msepsteintlhnfkilldd msepsteintlhnfkilldd
fdmtdepsteinkilllsnh fdmtdepsteinkilllsnh
slepsteinkillfmddhtn slepsteinkillfmddhtn
dmtlsfhnkilldepstein dmtlsfhnkilldepstein
sdlhfnmdepsteintkill sdlhfnmdepsteintkill
hepsteinnfdmlsdtkill hepsteinnfdmlsdtkill
ndkillthdepsteinlsmf ndkillthdepsteinlsmf
dkillnmhldstfepstein dkillnmhldstfepstein
lkillepsteintdshmfnd lkillepsteintdshmfnd
lmkillepsteintsndfhd lmkillepsteintsndfhd
shfnmltepsteindkilld shfnmltepsteindkilld
mhkillepsteinddlfsnt mhkillepsteinddlfsnt
msddkilllthepsteinfn msddkilllthepsteinfn
lhsntdepsteindkillmf lhsntdepsteindkillmf
epsteinsnmflhtdkilld epsteinsnmflhtdkilld
dtsmdnlhfepsteinkill dtsmdnlhfepsteinkill
ldepsteindhkilltsmfn ldepsteindhkilltsmfn
depsteinftndhmkillsl depsteinftndhmkillsl
dfdepsteintlnskillhm dfdepsteintlnskillhm
depsteinlfnmkilldsht depsteinlfnmkilldsht
tndskilldfepsteinmhl tndskilldfepsteinmhl
killhtdmdlnsfepstein killhtdmdlnsfepstein
dmldfhskillntepstein dmldfhskillntepstein
fsepsteindkillhmtdln fsepsteindkillhmtdln
epsteinfthkilldnslmd epsteinfthkilldnslmd
skillmfepsteinthddnl skillmfepsteinthddnl
killfthnmsdlepsteind killfthnmsdlepsteind
epsteinhdkillltsmfdn epsteinhdkillltsmfdn
hepsteinntdkillsdmfl hepsteinntdkillsdmfl
depsteintkilllnmsfdh depsteintkilllnmsfdh
mhdskillldftnepstein mhdskillldftnepstein
hmdkilllnepsteinfsdt hmdkilllnepsteinfsdt
dlshdtepsteinnkillfm dlshdtepsteinnkillfm
ltfnsdhepsteinkilldm ltfnsdhepsteinkilldm
nfltdmkillsdepsteinh nfltdmkillsdepsteinh
tepsteinhsdkillmldfn tepsteinhsdkillmldfn
killdepsteinmfltdshn killdepsteinmfltdshn
mkillldnhepsteinstfd mkillldnhepsteinstfd
tdfkillslepsteinhdmn tdfkillslepsteinhdmn
killtdslhfdepsteinnm killtdslhfdepsteinnm
hnsepsteinmkillfddtl hnsepsteinmkillfddtl
hsepsteinfkillnmddtl hsepsteinfkillnmddtl
fmtnkilldepsteindhsl fmtnkilldepsteindhsl
tdkillepsteinsmhdfnl tdkillepsteinsmhdfnl
nftmskilldldepsteinh nftmskilldldepsteinh
sldhnfmtdkillepstein sldhnfmtdkillepstein
sndldftmkillepsteinh sndldftmkillepsteinh
hmndfkillslepsteintd hmndfkillslepsteintd
killthsepsteindmlfdn killthsepsteindmlfdn
dtnkillsepsteinmdfhl dtnkillsepsteinmdfhl
killtepsteinddhlmnsf killtepsteinddhlmnsf
lepsteindnhstfdmkill lepsteindnhstfdmkill
dhmkillfdltnsepstein dhmkillfdltnsepstein
nmdhepsteinkilltfsld nmdhepsteinkilltfsld
epsteinldtnfmshdkill epsteinldtnfmshdkill
thdlskillnfdmepstein thdlskillnfdmepstein
killdldepsteinmfsthn killdldepsteinmfsthn
ldfsmnepsteinkilltdh ldfsmnepsteinkilltdh
mkilldlshdtfepsteinn mkilldlshdtfepsteinn
epsteinlmkillfshnddt epsteinlmkillfshnddt
tepsteinmdfldhnskill tepsteinmdfldhnskill
lsmftnepsteinkillhdd lsmftnepsteinkillhdd
depsteinslkillhdftmn depsteinslkillhdftmn
dkillnmsfhtlepsteind dkillnmsfhtlepsteind
epsteindkilltlmnhsfd epsteindkilltlmnhsfd
ntmdhepsteinsdkillfl ntmdhepsteinsdkillfl
skillthlfndepsteindm skillthlfndepsteindm
dnldkillhmfstepstein dnldkillhmfstepstein
epsteinhnkillsldfdmt epsteinhnkillsldfdmt
nepsteindhkillltmsfd nepsteindhkillltmsfd
ndshkilldmlepsteinft ndshkilldmlepsteinft
dhtepsteinkillsdflmn dhtepsteinkillsdflmn
lhepsteintndkilldsmf lhepsteintndkilldsmf
mndtkillepsteindlfhs mndtkillepsteindlfhs
epsteindmshtfldnkill epsteindmshtfldnkill
dflstmkillepsteindhn dflstmkillepsteindhn
hnskillepsteintfdmld hnskillepsteintfdmld
dfkilllepsteinsnmhtd dfkilllepsteinsnmhtd
thnkillmddsepsteinfl thnkillmddsepsteinfl
