tepsteinfdkilldlmhns hdkillfmtslndepstein slepsteinftndkillmdh thmepsteinlkillfsndd mfskillnhlddtepstein dhlepsteindkillsmtnf lepsteinfdkillsdnmht nfdhepsteinltsdmkill lepsteinfdkillsdnmht dhlepsteindkillsmtnf killepsteintdldshfnm thsfnmkilldlepsteind ndlepsteinhdtskillfm ldnmepsteinhfstdkill nmhdkilltslepsteinfd hldmepsteindsnkilltf nmhdkilltslepsteinfd ldnmepsteinhfstdkill hepsteinnfstkilllmdd ldnmepsteinhfstdkill skilldnmlhdftepstein ldnmepsteinhfstdkill hfskillnepsteinldtdm killnfhdsdltepsteinm hfskillnepsteinldtdm ldnmepsteinhfstdkill ndlepsteinhdtskillfm thsfnmkilldlepsteind tskillepsteinhfmddnl thsfnmkilldlepsteind hdepsteinsmdtnflkill fnlskillhtepsteindmd hdepsteinsmdtnflkill thsfnmkilldlepsteind killepsteintdldshfnm nlhtdsdepsteinfmkill killepsteintdldshfnm dtepsteindnhmskillfl fnmhskilldepsteinltd msnepsteinfkillhtdld hkillmepsteinstdfdnl msnepsteinfkillhtdld snldmtkillfepsteindh epsteinthsdmndkillfl nkillsdtdhfmlepstein epsteinthsdmndkillfl snldmtkillfepsteindh msnepsteinfkillhtdld fnmhskilldepsteinltd dtepsteindnhmskillfl killepsteintdldshfnm dhlepsteindkillsmtnf mfskillnhlddtepstein epsteindsmnlfdtkillh mfskillnhlddtepstein thmepsteinlkillfsndd slepsteinftndkillmdh htskillepsteindnlfdm sltkillfndepsteinmhd ndlmhepsteintdskillf tmhsnfepsteinldkilld ndlmhepsteintdskillf sltkillfndepsteinmhd htskillepsteindnlfdm slepsteinftndkillmdh epsteinsdfmhltkillnd slepsteinftndkillmdh hdkillfmtslndepstein tepsteinfdkilldlmhns
25
thmepsteinlkillfsndd thmepsteinlkillfsndd
dhlepsteindkillsmtnf dhlepsteindkillsmtnf
lepsteinfdkillsdnmht lepsteinfdkillsdnmht
nfdhepsteinltsdmkill nfdhepsteinltsdmkill
killepsteintdldshfnm killepsteintdldshfnm
ndlepsteinhdtskillfm ndlepsteinhdtskillfm
hldmepsteindsnkilltf hldmepsteindsnkilltf
hepsteinnfstkilllmdd hepsteinnfstkilllmdd
skilldnmlhdftepstein skilldnmlhdftepstein
killnfhdsdltepsteinm killnfhdsdltepsteinm
tskillepsteinhfmddnl tskillepsteinhfmddnl
hdepsteinsmdtnflkill hdepsteinsmdtnflkill
fnlskillhtepsteindmd fnlskillhtepsteindmd
nlhtdsdepsteinfmkill nlhtdsdepsteinfmkill
fnmhskilldepsteinltd fnmhskilldepsteinltd
msnepsteinfkillhtdld msnepsteinfkillhtdld
hkillmepsteinstdfdnl hkillmepsteinstdfdnl
snldmtkillfepsteindh snldmtkillfepsteindh
epsteinthsdmndkillfl epsteinthsdmndkillfl
nkillsdtdhfmlepstein nkillsdtdhfmlepstein
epsteindsmnlfdtkillh epsteindsmnlfdtkillh
htskillepsteindnlfdm htskillepsteindnlfdm
ndlmhepsteintdskillf ndlmhepsteintdskillf
tmhsnfepsteinldkilld tmhsnfepsteinldkilld
epsteinsdfmhltkillnd epsteinsdfmhltkillnd
