149 000 001 002 013 024 015 006 005 004 014 013 024 025 035 027 018 029 028 038 037 036 046 047 048 038 028 029 019 009 008 007 016 026 025 024 023 022 032 033 034 033 034 024 031 024 013 002 001 000 010 020 030 020 010 000 149 060 062 054 053 050 051 052 056 058 056 066 056 053 054 059 054 063 065 063 072 073 085 074 075 076 077 078 079 078 083 078 077 076 081 076 080 076 075 074 086 087 089 087 086 084 088 084 072 063 090 091 092 097 092 093 094 098 096 097 090 063 064 063 054 062 070 071 068 071 070 069 067 070 062 060 149 100 107 116 107 100 105 108 145 114 118 115 117 126 122 121 124 123 135 136 135 123 125 140 142 140 119 116 115 118 127 132 127 118 114 145 146 145 108 105 109 111 109 105 100 101 102 104 103 101 100 149
36
006 006
037 037
048 048
026 026
031 031
060 060
054 054
053 053
050 050
056 056
066 066
059 059
065 065
085 085
078 078
079 079
083 083
081 081
080 080
086 086
089 089
088 088
091 091
097 097
096 096
064 064
068 068
069 069
067 067
115 115
126 126
123 123
142 142
111 111
104 104
103 103
