60 00 01 02 13 24 15 06 05 04 05 06 15 24 25 35 27 18 29 28 38 37 36 46 36 37 38 48 38 28 29 18 19 09 08 07 08 09 19 18 27 35 25 26 25 24 23 22 32 22 23 24 34 33 34 24 31 24 13 02 01 00 10 20 30 20 10 00 60 62 54 53 50 51 50 53 56 58 56 66 56 53 54 59 54 63 65 63 72 73 85 74 75 76 77 78 79 78 83 78 77 76 81 76 80 76 75 74 86 87 89 87 86 74 85 73 72 84 88 84 72 63 90 91 92 97 92 93 94 98 96 98 94 93 92 91 90 63 64 63 54 62 70 71 68 71 70 69 67 69 70 62 60
29
60 60
06 06
37 37
48 48
26 26
31 31
54 54
53 53
50 50
56 56
66 66
59 59
65 65
85 85
78 78
79 79
83 83
81 81
80 80
86 86
89 89
88 88
91 91
97 97
96 96
64 64
68 68
69 69
67 67
