start loc25 home81 loc25 home82 loc25 home83 loc25 home84 loc25 home85 loc25 home86 loc25 home87 loc25 home88 loc25 home89 loc25 loc24 loc23 loc22 loc21 loc20 loc19 loc106 home70 loc106 home71 loc106 home72 loc106 home73 loc106 home74 loc106 home75 loc106 home76 loc106 home77 loc106 loc106 loc106 loc17 loc16 loc15 loc14 loc13 loc12 loc11 loc10 loc9 loc8 loc7 loc6 loc6 loc6 loc6 loc6 loc6 loc6 loc6 loc6 loc6 loc6 loc6 loc5 loc4 loc3 loc1 loc1 loc1 loc1 loc1 loc1 loc1 loc1 start loc50 home90 loc50 home91 loc50 home92 loc50 home93 loc50 home94 loc50 home95 loc50 home96 loc50 home97 loc50 home98 loc50 home99 loc50 home100 loc50 start
32
loc106 home78 home79
loc6 home59 home60 home61 home62 home63 home64 home65 home66 home67 home68 home69
loc1 home51 home52 home53 home54 home55 home56 home57 home58
home70 home70
home71 home71
home72 home72
home73 home73
home74 home74
home75 home75
home76 home76
home77 home77
home80 home80
home81 home81
home82 home82
home83 home83
home84 home84
home85 home85
home86 home86
home87 home87
home88 home88
home89 home89
home90 home90
home91 home91
home92 home92
home93 home93
home94 home94
home95 home95
home96 home96
home97 home97
home98 home98
home99 home99
home100 home100
