FortCollins Harlingen Arlington Harlingen Knoxville Hemet Knoxville Harlingen FortCollins Akron FortSmith Arvada Glendale Columbia Barnstable Kenosha Dayton Augusta Dayton Kenosha Gilbert Jacksonville Gilbert Kenosha Barnstable Aberdeen Barnstable Brownsville Fayetteville Houma Fayetteville Appleton Fayetteville Brownsville Barnstable Columbia Glendale Arvada Leominster CathedralCity Leominster Arvada DaytonaBeach Davenport Albuquerque Davenport DaytonaBeach LakeCharles Chattanooga Burlington Indianapolis Burlington Garland GrandRapids Garland Burlington Chattanooga LakeCharles DaytonaBeach Arvada Fargo Charleston BonitaSprings Charleston Baltimore Hayward Hartford Aurora ClarkeCounty Independence Bellevue Lakeland Bellevue Independence ClarkeCounty Aurora Dallas Clarksville Bradenton Bridgeport McAllen Chicago Clearwater Evansville Danbury Evansville Clearwater Chicago McAllen Bridgeport Bradenton Clarksville Dallas LosAngeles Jefferson BatonRouge Cambridge Burbank Cambridge Honolulu ElkGrove Harrisburg Fontana Harrisburg ElkGrove Irvine ElkGrove Honolulu Cambridge Gastonia Fremont Gastonia Cambridge Buffalo Hollywood Buffalo Cambridge BatonRouge Jefferson LosAngeles Dallas Aurora Hartford Hayward Baltimore Charleston Fargo Arvada Hickory Inglewood Lansing DesMoines GreenBay Boston Bloomington Layton LasVegas Austin LasVegas Kennewick Anaheim Kennewick LasVegas Cleveland LasVegas Downey Carrollton Frederick Hampton Lafayette Lakewood Lafayette Hampton Frederick Carrollton Laredo GardenGrove CollegeStation Boise CollegeStation ElPaso CollegeStation GardenGrove Laredo Carrollton Fullerton KansasCity FortWorth Berkeley ElMonte Berkeley FortWorth KansasCity Canton DavidsonCounty Canton KansasCity CapeCoral KansasCity Fullerton JerseyCity Fullerton Carrollton Downey LasVegas Layton Denver Layton FortWayne Fairfield Joliet LasCruces Killeen LasCruces Joliet Fairfield Kaneohe Albany Bryan Hialeah Bryan CedarRapids Bryan Albany Lorain Albany Kaneohe Fairfield Lancaster Anchorage Lancaster Fairfield FortWayne Layton Bloomington ColoradoSprings ChulaVista Howell Flint DalyCity Durham Fitchburg Asheville Escondido LittleRock Huntington Greensboro Abilene Greensboro Huntington LittleRock Escondido Asheville Fitchburg Durham DalyCity Houston Fresno Kalamazoo Fresno Houston Beaumont Bethlehem Beaumont Houston DalyCity Flint Howell Lubbock Louisville Lubbock Howell ChulaVista ColoradoSprings Bloomington Boston Chandler Boston GreenBay DesMoines Lansing Inglewood Hickory Arvada Erie Arvada FortSmith FortWaltonBeach Kissimmee Amarillo Alexandria Amarillo Kissimmee AppleValley Corona Allentown Bremerton Denton Grayslake Denton Bremerton Henderson HuntingtonBeach Manchester Atlanta Manchester HuntingtonBeach BoiseCity Eugene BoiseCity HuntingtonBeach Henderson Bremerton Allentown Corona Detroit Lacey Brighton Lacey Irving Cary Irving Lacey Detroit Corona AppleValley Kissimmee FortWaltonBeach FortSmith Akron Elizabeth Akron FortCollins Cincinnati Bakersfield CorpusChristi AnnArbor CorpusChristi Bakersfield Cincinnati FortCollins Elkhart Champaign Elkhart FortCollins
100
FortCollins FortCollins
Harlingen Harlingen
Knoxville Knoxville
Hemet Hemet
Akron Akron
Arvada Arvada
Barnstable Barnstable
Augusta Augusta
Gilbert Gilbert
Jacksonville Jacksonville
Aberdeen Aberdeen
Brownsville Brownsville
Fayetteville Fayetteville
Appleton Appleton
Leominster Leominster
Albuquerque Albuquerque
Indianapolis Indianapolis
Garland Garland
GrandRapids GrandRapids
Fargo Fargo
BonitaSprings BonitaSprings
Baltimore Baltimore
Independence Independence
Bellevue Bellevue
Lakeland Lakeland
Dallas Dallas
Bradenton Bradenton
Chicago Chicago
Evansville Evansville
Danbury Danbury
Jefferson Jefferson
Burbank Burbank
Harrisburg Harrisburg
Fontana Fontana
Irvine Irvine
Fremont Fremont
Hollywood Hollywood
Hickory Hickory
Inglewood Inglewood
DesMoines DesMoines
Layton Layton
Austin Austin
Kennewick Kennewick
Anaheim Anaheim
Cleveland Cleveland
Carrollton Carrollton
Frederick Frederick
Hampton Hampton
Lafayette Lafayette
Lakewood Lakewood
CollegeStation CollegeStation
Boise Boise
ElPaso ElPaso
Berkeley Berkeley
ElMonte ElMonte
DavidsonCounty DavidsonCounty
CapeCoral CapeCoral
Denver Denver
Fairfield Fairfield
Joliet Joliet
LasCruces LasCruces
CedarRapids CedarRapids
Lorain Lorain
Lancaster Lancaster
Anchorage Anchorage
ColoradoSprings ColoradoSprings
DalyCity DalyCity
LittleRock LittleRock
Abilene Abilene
Houston Houston
Fresno Fresno
Kalamazoo Kalamazoo
Beaumont Beaumont
Bethlehem Bethlehem
Lubbock Lubbock
Louisville Louisville
Chandler Chandler
Erie Erie
FortWaltonBeach FortWaltonBeach
Amarillo Amarillo
Alexandria Alexandria
AppleValley AppleValley
Allentown Allentown
Bremerton Bremerton
Grayslake Grayslake
Henderson Henderson
Manchester Manchester
Atlanta Atlanta
BoiseCity BoiseCity
Eugene Eugene
Detroit Detroit
Lacey Lacey
Brighton Brighton
Irving Irving
Cary Cary
Elizabeth Elizabeth
Bakersfield Bakersfield
AnnArbor AnnArbor
Elkhart Elkhart
Champaign Champaign
