BatonRouge Bellevue Bloomington Buffalo AtlanticCity Brownsville AnnArbor Birmingham Bryan Bridgeport Beaumont Burbank Asheville Bremerton Abilene Athens Austin Alexandria Arvada Allentown Appleton Aurora Akron Augusta Bethlehem Albany Aberdeen BoiseCity Aberdeen BonitaSprings Amarillo Albuquerque Boston Boulder Albuquerque Baltimore AppleValley Atlanta Berkeley Barnstable Aberdeen BelAir Aberdeen Bradenton Cambridge Anchorage Aberdeen BatonRouge
25
BatonRouge BatonRouge
Buffalo Buffalo
AtlanticCity AtlanticCity
AnnArbor AnnArbor
Birmingham Birmingham
Bryan Bryan
Beaumont Beaumont
Burbank Burbank
Abilene Abilene
Arvada Arvada
Aurora Aurora
Bethlehem Bethlehem
Albany Albany
Aberdeen Aberdeen
BoiseCity BoiseCity
Amarillo Amarillo
Albuquerque Albuquerque
Boston Boston
Boulder Boulder
Atlanta Atlanta
Berkeley Berkeley
Barnstable Barnstable
Bradenton Bradenton
Cambridge Cambridge
Anchorage Anchorage
