CorpusChristi Downey Aberdeen CapeCoral Aberdeen ElPaso Akron DalyCity ClarkeCounty Cary CedarRapids Burbank Denver Albany ElMonte BonitaSprings Alexandria Birmingham Anchorage Davenport Buffalo Carrollton Aberdeen Bloomington Abilene Columbia Canton Bradenton Charleston Clearwater Bellevue BoiseCity Billings Danbury DavidsonCounty ColoradoSprings Chicago Denton Bremerton Appleton Aberdeen Bridgeport AppleValley Abilene ChulaVista Chandler Dayton Dallas Cleveland Brownsville Charlotte Corona Bryan Berkeley Albuquerque Columbus Albuquerque Arvada DesMoines Boulder Elizabeth Clarksville Chattanooga Escondido Aurora Arlington Augusta BatonRouge Chesapeake Durham Asheville Austin Detroit Beaumont Boise Amarillo Cincinnati Aberdeen Deltona Albany BelAir Elkhart Champaign Anaheim CathedralCity Abilene CorpusChristi
50
CorpusChristi CorpusChristi
Downey Downey
CapeCoral CapeCoral
ElPaso ElPaso
Akron Akron
DalyCity DalyCity
Denver Denver
ElMonte ElMonte
BonitaSprings BonitaSprings
Alexandria Alexandria
Davenport Davenport
Carrollton Carrollton
Bloomington Bloomington
Columbia Columbia
Canton Canton
Charleston Charleston
Clearwater Clearwater
BoiseCity BoiseCity
Danbury Danbury
ColoradoSprings ColoradoSprings
Chicago Chicago
Denton Denton
Bremerton Bremerton
Appleton Appleton
Bridgeport Bridgeport
AppleValley AppleValley
Chandler Chandler
Dallas Dallas
Brownsville Brownsville
Bryan Bryan
Albuquerque Albuquerque
Columbus Columbus
Arvada Arvada
Boulder Boulder
Elizabeth Elizabeth
Chattanooga Chattanooga
Escondido Escondido
Augusta Augusta
Durham Durham
Asheville Asheville
Austin Austin
Beaumont Beaumont
Amarillo Amarillo
Cincinnati Cincinnati
Deltona Deltona
BelAir BelAir
Elkhart Elkhart
Champaign Champaign
Anaheim Anaheim
CathedralCity CathedralCity
