152 50 153 183 4 111 168 9 184 1 85 96 7 58 112 0 54 11 53 13 181 3 126 3 45 4 7 8 136 11 37 10 9 92 166 81 0 89 60 4 0 18 12 18 121 4 145 26 95 35 13 51 130 180 41 149 12 94 13 38 3 42 3 143 151 163 21 79 2 90 116 5 56 5 113 5 182 11 165 134 10 0 2 78 31 14 20 12 101 139 65 144 13 1 97 27 5 171 1 0 142 28 1 21 20 8 105 4 0
68
7 175
9 73 9
0 172 66 0
14 170
12 31 12
1 157
21 87
8 169 8
142 142
28 28
97 97
116 116
89 89
105 105
79 79
45 45
112 112
56 56
134 134
37 37
163 163
41 41
35 35
95 95
171 171
111 111
139 139
78 78
165 165
143 143
81 81
58 58
50 50
92 92
166 166
85 85
149 149
5 5
130 130
182 182
121 121
168 168
60 60
27 27
183 183
90 90
65 65
96 96
145 145
126 126
113 113
13 13
42 42
94 94
136 136
184 184
180 180
144 144
53 53
181 181
151 151
2 2
153 153
51 51
101 101
54 54
38 38
75 75
