location34 location59 location89 location176 location83 location19 location98 location19 location126 location88 location126 location88 location142 location158 location39 location158 location142 location77 location116 location5 location181 location168 location79 location180 location79 location14 location75 location165 location71 location132 location168 location52 location137 location174 location55 location4 location32 location109 location144 location45 location28 location177 location12 location188 location24 location188 location143 location151 location183 location46 location17 location10 location76 location104 location130 location51 location63 location134 location92 location25 location12 location177 location68 location177 location2 location90 location2 location53 location92 location114 location60 location44 location63 location199 location83 location151 location108 location30 location163 location4 location23 location192 location34 location19 location197 location40 location165 location155 location165 location156 location177 location12 location37 location74 location183 location149 location159 location105 location175 location99 location97 location12 location124 location95 location123 location140 location179 location72 location115 location123 location95 location92 location25 location52 location182 location92 location134 location63 location11 location2 location100 location24 location64 location79 location61 location79 location61 location193 location166 location161 location116 location33 location79 location33 location159 location135 location79 location67 location167 location59 location34
64
location89 location3 location89
location126 location139 location21
location88 location15 location88
location142 location120 location142
location116 location86
location79 location96 location119 location9 location103 location0 location55 location79
location180 location164 location180
location14 location47
location168 location132
location188 location12 location188
location76 location111 location76
location92 location170 location92
location12 location52 location38
location177 location28 location187 location177
location53 location2
location4 location17
location23 location27 location23
location34 location192 location34
location40 location197
location155 location162 location155
location165 location125
location156 location107
location97 location157 location194 location189
location123 location121 location115
location72 location136 location72
location95 location131
location52 location105
location182 location91
location63 location172 location54
location2 location11
location24 location64 location24
location61 location117 location6
location161 location122 location161
location46 location46
location45 location45
location39 location39
location159 location159
location181 location181
location149 location149
location68 location68
location71 location71
location158 location158
location140 location140
location134 location134
location99 location99
location143 location143
location167 location167
location37 location37
location130 location130
location163 location163
location137 location137
location151 location151
location135 location135
location109 location109
location90 location90
location144 location144
location174 location174
location59 location59
location98 location98
location60 location60
location199 location199
location175 location175
location176 location176
location114 location114
