location12 location84 location19 location42 location36 location72 location0 location99 location58 location54 location98 location14 location52 location53 location89 location63 location55 location27 location47 location27 location55 location63 location97 location59 location28 location65 location79 location17 location23 location30 location49 location91 location13 location51 location67 location26 location1 location19 location8 location24 location68 location37 location83 location75 location38 location43 location87 location86 location32 location72 location18 location83 location26 location1 location60 location74 location60 location1 location19 location84 location12
23
location42 location71
location72 location94 location86 location72
location47 location27 location35
location63 location5 location63
location79 location16 location79
location17 location11
location91 location13 location31 location57
location67 location77 location67
location19 location26 location19
location68 location24
location12 location12
location1 location1
location51 location51
location49 location49
location36 location36
location60 location60
location0 location0
location87 location87
location89 location89
location14 location14
location28 location28
location74 location74
location54 location54
