WNYCV UUOP5 18R1B H7R17 WZTTJ PQ40E 91RFG TG5ZG UDC3C 1BUOS P3DJ7 X2AM4 KB443 BC3W4 H8ZPW YMTTJ KB443 EYREL QTZLJ F5YBY XRQ65 5I6U4 V11OW KB443 2KYXC LK2JB WH9QK XPFOM O0RCM DDBA4 1ACIU B8UZ8 KR27P 42QVU OE5TB XD7IR HHCET 65TK9 OC0MN WJHGG O0RCM XBRKQ H212X P3DJ7 FS0ES J501P RN3DW CHXFM 9HVLF KB443 URMBF X8T63 77EY5 KRLTG TNA9G NOBPR 2FT0Z Z2GJ8 7CXN0 ULCTZ GAXPM J2Z2N 2PD2W 1XUNX BO3AW 94GUW XDKMD 1NBGE OC0MN H796V EQWAL OC0MN 639ON GXYLV KGZCW HR8IA OE5TB 4O059 MB70R CUG55 O0RCM BGJ6Q BMC9X ZA57Z HZ80H 2CPYE F07YB QSI1X 1UWW5 XTUSM UGOIO K1ZSD WNYCV
50
UUOP5 UUOP5
18R1B 18R1B
91RFG 91RFG
TG5ZG TG5ZG
1BUOS 1BUOS
X2AM4 X2AM4
KB443 KB443
H8ZPW H8ZPW
YMTTJ YMTTJ
EYREL EYREL
QTZLJ QTZLJ
F5YBY F5YBY
XRQ65 XRQ65
5I6U4 5I6U4
V11OW V11OW
2KYXC 2KYXC
XPFOM XPFOM
1ACIU 1ACIU
B8UZ8 B8UZ8
42QVU 42QVU
XD7IR XD7IR
HHCET HHCET
65TK9 65TK9
XBRKQ XBRKQ
H212X H212X
9HVLF 9HVLF
URMBF URMBF
77EY5 77EY5
KRLTG KRLTG
2FT0Z 2FT0Z
7CXN0 7CXN0
ULCTZ ULCTZ
GAXPM GAXPM
BO3AW BO3AW
XDKMD XDKMD
1NBGE 1NBGE
EQWAL EQWAL
GXYLV GXYLV
HR8IA HR8IA
OE5TB OE5TB
CUG55 CUG55
BMC9X BMC9X
ZA57Z ZA57Z
HZ80H HZ80H
F07YB F07YB
QSI1X QSI1X
1UWW5 1UWW5
XTUSM XTUSM
UGOIO UGOIO
K1ZSD K1ZSD
