4HOMU DL8LT X180A LIRLU 2C63O LIRLU X180A DL8LT 4HSLO YJ67U K92O5 768ZF K92O5 YJ67U 4HSLO FRZVP WOEUE DCHO3 WOEUE FRZVP 4HSLO DL8LT ZRPB5 O9J47 Y4WG4 HV4Z2 XEEQB HV4Z2 SYV5N HV4Z2 WP2MA HV4Z2 Y4WG4 O9J47 PMFJ2 O9J47 ZRPB5 61QWU TY0L7 61QWU ZRPB5 DL8LT DDXG0 DL8LT 4HOMU JXLE1 4HOMU C7WKJ YK7ZR V8GEC 1X6L1 FMCVK PXCIN FMCVK WBT4L 2BUI5 WBT4L 6WOBI WBT4L 7GA8O WBT4L FMCVK 9WSXC FMCVK 1X6L1 JF7TT 0HZFS JF7TT DTPF4 TORQI 1F0YL BELQC BU58G TI35I 6NY7T BE5V8 2P5XR 4WDJE ELH5L B3Y9E UW44H 52MNN 4YS4G ZN2EP IZESQ ZN2EP 4YS4G SA6G0 4YS4G 52MNN UW44H VOCAC 1RS2N 945CN Q02X6 0D2BR Q02X6 Q5DAA ZZH8Z Q5DAA SKPO7 Q5DAA 3AIXW Q5DAA Q02X6 945CN 1RS2N KJDC0 N9H3X RU85S HZHRA RU85S N9H3X KJDC0 1RS2N 8A5FQ 1RS2N VOCAC UW44H B3Y9E M0J6A Y61KP M0J6A TBPBM M1HJR NPDI9 M1HJR ZHSBU M1HJR TBPBM OKGKQ A1QRL OKGKQ TBPBM M0J6A B3Y9E ELH5L EJSFK 58MIB IF7TL I0241 U2E9F 50J5H U2E9F I0241 IF7TL 58MIB 6ACGE KN0CP 0VPRW KN0CP KOYRV Z22CS 8CLEZ Z22CS KOYRV KN0CP 0U9HU H3R1V WZB33 H3R1V 0U9HU KC9RF 0U9HU KN0CP 6ACGE 58MIB EJSFK 1CTNO LLTLN 1CTNO EJSFK G5JK6 P2H5X BJ8X0 P419D WI88U EDSMH WI88U P419D BJ8X0 P2H5X G5JK6 FDYXL RVNGJ Q9MTE WXZHF Q9MTE RVNGJ FDYXL G5JK6 EJSFK ELH5L 4WDJE W2M5C Q7FCL W2M5C 4WDJE 2P5XR BE5V8 6NY7T CM5WA L87XM CM5WA 6NY7T TI35I RAAD4 2KXWI H0BTZ ZGZT5 AT3CI VHCFR W2H22 VHCFR AT3CI SHOOM AT3CI ZGZT5 QOBDK 76HUN PYPSO 8EXDQ PYPSO 76HUN QOBDK ZGZT5 HWKGJ LKP22 UX00P KY9LT V22SY I5ALT V22SY KY9LT UX00P MC71K UX00P H1LTE PTEKT C45HH BVMDZ C45HH PTEKT H1LTE OLLV9 H1LTE UX00P LKP22 HWKGJ T9O11 HWKGJ ZGZT5 H0BTZ 2KXWI RAAD4 9O1IZ FCYPJ 9O1IZ C5YOT 69BJO C5YOT 9O1IZ RAAD4 TI35I BU58G BELQC JIVZP L2PQE LEBVZ L2PQE JIVZP TCC7B JIVZP BELQC 1F0YL TORQI L2GJ5 TORQI DTPF4 JF7TT 1X6L1 53Y1R K50JQ I91NY UDYJK WCHWI 45JXE PTADN 45JXE WCHWI DOLRQ WCHWI UDYJK C8O6I UDYJK I91NY K50JQ 6OA3K CFGE5 796NN FC0PR 796NN CFGE5 6OA3K K50JQ 53Y1R 7U3JG 53Y1R 1X6L1 V8GEC YK7ZR C7WKJ OIPRN C7WKJ 4HOMU
100
X180A X180A
LIRLU LIRLU
2C63O 2C63O
YJ67U YJ67U
768ZF 768ZF
FRZVP FRZVP
DCHO3 DCHO3
ZRPB5 ZRPB5
XEEQB XEEQB
SYV5N SYV5N
WP2MA WP2MA
PMFJ2 PMFJ2
61QWU 61QWU
TY0L7 TY0L7
DDXG0 DDXG0
JXLE1 JXLE1
C7WKJ C7WKJ
V8GEC V8GEC
PXCIN PXCIN
2BUI5 2BUI5
6WOBI 6WOBI
7GA8O 7GA8O
9WSXC 9WSXC
DTPF4 DTPF4
TORQI TORQI
1F0YL 1F0YL
TI35I TI35I
BE5V8 BE5V8
4WDJE 4WDJE
ELH5L ELH5L
UW44H UW44H
52MNN 52MNN
ZN2EP ZN2EP
IZESQ IZESQ
SA6G0 SA6G0
1RS2N 1RS2N
945CN 945CN
0D2BR 0D2BR
Q5DAA Q5DAA
ZZH8Z ZZH8Z
SKPO7 SKPO7
3AIXW 3AIXW
RU85S RU85S
HZHRA HZHRA
Y61KP Y61KP
TBPBM TBPBM
M1HJR M1HJR
NPDI9 NPDI9
ZHSBU ZHSBU
A1QRL A1QRL
IF7TL IF7TL
50J5H 50J5H
6ACGE 6ACGE
0VPRW 0VPRW
KOYRV KOYRV
8CLEZ 8CLEZ
0U9HU 0U9HU
WZB33 WZB33
KC9RF KC9RF
LLTLN LLTLN
P419D P419D
WI88U WI88U
EDSMH EDSMH
WXZHF WXZHF
W2M5C W2M5C
Q7FCL Q7FCL
CM5WA CM5WA
RAAD4 RAAD4
AT3CI AT3CI
VHCFR VHCFR
W2H22 W2H22
SHOOM SHOOM
PYPSO PYPSO
8EXDQ 8EXDQ
HWKGJ HWKGJ
LKP22 LKP22
V22SY V22SY
MC71K MC71K
H1LTE H1LTE
C45HH C45HH
BVMDZ BVMDZ
OLLV9 OLLV9
T9O11 T9O11
FCYPJ FCYPJ
69BJO 69BJO
L2PQE L2PQE
LEBVZ LEBVZ
TCC7B TCC7B
L2GJ5 L2GJ5
53Y1R 53Y1R
K50JQ K50JQ
45JXE 45JXE
PTADN PTADN
DOLRQ DOLRQ
C8O6I C8O6I
6OA3K 6OA3K
CFGE5 CFGE5
FC0PR FC0PR
7U3JG 7U3JG
OIPRN OIPRN
