O2XJ9 SXCXT OLSL2 RQZSX JXXUO T5W7D PGY5W GNMDA 45DYM QQ4SP EI5ZM BXL4N F8JE7 YGEXQ TH1G8 MXX55 IY314 1P1UA N6XF7 C821A YUMDY S1W7I 0JUN2 NV2VY MXST9 8D0H4 2WIJP SKA5V TC4MB 49CGM ZCU97 DYG9M HMYFI XOPIR SZKKG FOXDK KU8EX Z6GW2 KPNHM O2XJ9
25
SXCXT SXCXT
JXXUO JXXUO
T5W7D T5W7D
GNMDA GNMDA
EI5ZM EI5ZM
YGEXQ YGEXQ
MXX55 MXX55
IY314 IY314
1P1UA 1P1UA
N6XF7 N6XF7
S1W7I S1W7I
0JUN2 0JUN2
NV2VY NV2VY
MXST9 MXST9
8D0H4 8D0H4
SKA5V SKA5V
TC4MB TC4MB
49CGM 49CGM
ZCU97 ZCU97
DYG9M DYG9M
XOPIR XOPIR
SZKKG SZKKG
FOXDK FOXDK
Z6GW2 Z6GW2
KPNHM KPNHM
