fab8g f5Qx2 Upoa8 pnHil cDkiZ pnHil l0HDP 3FUsL cQMFl I7fCS FW6DI 4cLlE H6HgM bepE0 H6HgM HaHFT H6HgM nScgp H6HgM CT8M8 H6HgM HKgVO H6HgM TtUXd 7J90B obqW1 H6HgM 1pNjr tcyH9 RgC1Q 4Dy05 B3NSd ZlgGe 4Dy05 yM9nQ o4F0A 4Dy05 TQZik KzS0e 4Dy05 gwQSf b4E7v 4Dy05 pesnn 4Dy05 5Ix1v wPPZK 77EXR Bw1D7 VUKiE F7m3U HigE0 3XMfZ Lqz0g zgyDJ c17Qf zgyDJ LBzlR 8xyrX zgyDJ dAx9s 0YoJb P5ucv zgyDJ f5Qx2 Gt2w1 77EXR g1WJz 4GEPG f5Qx2 guI5B f5Qx2 fab8g
50
Upoa8 4ORRk
pnHil sF84c cm8oa BWyM2 bD2TR O1QPI
I7fCS KWmhW
H6HgM rzyrR g1WJz G91ym Vjk2Z lJJK2 BJ1iC qchZ3 kCdcu uQK8T lJfgZ KB016 015ql fr0Bd L54Jg XDGuI x8KLa BybTG H6HgM
4Dy05 9ZatH ciJ7c RhMSo RnwlC G944F PpZP8 lcarA tEdSo 1xx4U AGorf 4b2sA aiycm 8tK4L GHmnJ DHhK9 eDWES 8PY0r
77EXR mgHYN
HigE0 Flgse
zgyDJ wiGnS Nbb6U 2Z0oU VIl39 1SvIs fhc2k adW6k n9AEE 9u8oD
f5Qx2 nRTkO wKKkJ iy8Ty Q0oXi tQXF5 f5Qx2
g1WJz 1OpM2
7J90B 7J90B
cDkiZ cDkiZ
guI5B guI5B
fab8g fab8g
gwQSf gwQSf
LBzlR LBzlR
Gt2w1 Gt2w1
1pNjr 1pNjr
KzS0e KzS0e
Bw1D7 Bw1D7
HaHFT HaHFT
4GEPG 4GEPG
b4E7v b4E7v
bepE0 bepE0
TQZik TQZik
FW6DI FW6DI
3XMfZ 3XMfZ
RgC1Q RgC1Q
0YoJb 0YoJb
pesnn pesnn
CT8M8 CT8M8
obqW1 obqW1
HKgVO HKgVO
cQMFl cQMFl
5Ix1v 5Ix1v
yM9nQ yM9nQ
l0HDP l0HDP
nScgp nScgp
o4F0A o4F0A
TtUXd TtUXd
F7m3U F7m3U
dAx9s dAx9s
ZlgGe ZlgGe
c17Qf c17Qf
P5ucv P5ucv
3FUsL 3FUsL
Lqz0g Lqz0g
8xyrX 8xyrX
B3NSd B3NSd
VUKiE VUKiE
