E5QfM 4HmGm lGTR3 VzbsN lGTR3 PqcOh lGTR3 hWCGd bgK6r lGTR3 Ln4EG lGTR3 wJ1Uh tmfyy HQft6 beqJL HQft6 f1Y6z HQft6 eo9RR HQft6 3rGcS 05SJr HQft6 JumrS KtuGJ JumrS 76Tmp GLYoA RDCRd OBe1t 4HmGm uUlBE jGP1H nRWIs sBCEV UAJ0O kK9KO 4HmGm lPMDV 8TDB7 i0LV1 4HmGm E5QfM
25
4HmGm 4HmGm
lGTR3 lGTR3
VzbsN VzbsN
PqcOh PqcOh
hWCGd hWCGd
bgK6r bgK6r
Ln4EG Ln4EG
wJ1Uh wJ1Uh
beqJL beqJL
f1Y6z f1Y6z
eo9RR eo9RR
3rGcS 3rGcS
05SJr 05SJr
KtuGJ KtuGJ
76Tmp 76Tmp
GLYoA GLYoA
uUlBE uUlBE
jGP1H jGP1H
nRWIs nRWIs
sBCEV sBCEV
UAJ0O UAJ0O
kK9KO kK9KO
lPMDV lPMDV
8TDB7 8TDB7
i0LV1 i0LV1
