10 59 1 41 54 89 3 31 69 13 83 82 83 4 63 95 94 62 35 68 39 11 77 76 44 5 67 98 7 66 97 47 22 78 79 31 28 61 93 60 23 23 81 27 55 36 15 53 30 52 49 73 72 41 87 51 33 50 86 38 91 56 9 57 47 74 75 74 3 22 64 26 96 20 18 41 0 3 17 2 2 47 41 2 29 10 58 10
47
23 60 80
15 90
30 88
26 65
41 84 85
3 71
2 70
10 92
50 50
51 51
52 52
53 53
54 54
55 55
56 56
57 57
58 58
59 59
61 61
62 62
63 63
64 64
66 66
67 67
68 68
69 69
72 72
73 73
74 74
75 75
76 76
77 77
78 78
79 79
81 81
82 82
83 83
86 86
87 87
89 89
91 91
93 93
94 94
95 95
96 96
97 97
98 98
