0 0 161 160 12 10 157 30 158 2 159 2 198 197 198 152 51 153 51 151 24 1 181 127 77 128 77 129 41 16 182 16 19 135 91 133 185 33 186 33 179 180 125 97 126 97 124 39 132 95 130 183 46 100 163 164 2 176 2 3 148 195 148 149 196 23 118 119 50 120 13 4 175 21 109 169 109 110 170 13 17 111 5 178 122 94 121 177 42 36 77 6 154 28 155 93 156 3 116 174 13 15 117 25 115 30 41 44 150 44 136 187 188 19 138 85 137 24 144 47 143 192 191 142 13 4 114 4 113 172 113 112 171 36 28 3 104 103 59 105 59 103 165 166 30 189 139 96 141 96 140 41 102 10 12 131 95 41 10 135 91 3 106 31 107 168 167 37 108 7 146 194 193 22 147 80 145 12 43 0
97
77 123
41 173 190 184
12 101
91 134
100 100
102 102
103 103
104 104
105 105
106 106
107 107
108 108
109 109
110 110
111 111
112 112
113 113
114 114
115 115
116 116
117 117
118 118
119 119
120 120
121 121
122 122
124 124
125 125
126 126
127 127
128 128
129 129
130 130
131 131
132 132
133 133
135 135
136 136
137 137
138 138
139 139
140 140
141 141
142 142
143 143
144 144
145 145
146 146
147 147
148 148
149 149
150 150
151 151
152 152
153 153
154 154
155 155
156 156
157 157
158 158
159 159
160 160
161 161
162 162
163 163
164 164
165 165
166 166
167 167
168 168
169 169
170 170
171 171
172 172
174 174
175 175
176 176
177 177
178 178
179 179
180 180
181 181
182 182
183 183
185 185
186 186
187 187
188 188
189 189
191 191
192 192
193 193
194 194
195 195
196 196
197 197
198 198
