0 2 5 12 25 52 52 52 25 51 51 51 25 12 26 53 53 53 26 54 54 54 26 12 5 11 24 50 50 50 24 49 99 99 49 49 24 11 23 47 95 95 95 47 96 96 96 47 23 48 97 97 97 48 98 98 98 48 23 11 5 2 6 14 29 59 59 59 29 60 60 60 29 14 30 61 61 61 30 62 62 62 30 14 6 13 27 55 55 55 27 56 56 56 27 13 28 57 57 57 28 58 58 58 28 13 6 2 0 1 4 9 19 40 81 81 81 40 82 82 82 40 19 39 80 80 80 39 79 79 79 39 19 9 20 42 86 86 86 42 85 85 85 42 20 41 84 84 84 41 83 83 83 41 20 9 4 10 22 45 91 91 91 45 92 92 92 45 22 46 93 93 93 46 94 94 94 46 22 10 21 43 87 87 87 43 88 88 88 43 21 44 89 89 89 44 90 90 90 44 21 10 4 1 3 7 15 31 63 63 63 31 64 64 64 31 15 32 65 65 65 32 66 66 66 32 15 7 16 34 69 69 69 34 70 70 70 34 16 33 68 68 68 33 67 67 67 33 16 7 3 8 17 35 72 72 72 35 71 71 71 35 17 36 74 74 74 36 73 73 73 36 17 8 18 38 78 78 78 38 77 77 77 38 18 37 75 75 75 37 76 153 76 37 18 8 3 1 0
52
52 106 105
51 104 103
53 108 107
54 109 110
50 101 102
99 199
49 100
95 191 192
96 193 194
97 196 195
98 197 198
59 120 119
60 122 121
61 123 124
62 126 125
55 112 111
56 113 114
57 116 115
58 117 118
81 164 163
82 165 166
80 162 161
79 160 159
86 173 174
85 171 172
84 169 170
83 167 168
91 183 184
92 185 186
93 187 188
94 189 190
87 175 176
88 177 178
89 180 179
90 182 181
63 128 127
64 130 129
65 131 132
66 133 134
69 140 139
70 142 141
68 138 137
67 135 136
72 145 146
71 144 143
74 149 150
73 147 148
78 157 158
77 156 155
75 152 151
76 154
153 153
