55 1 4 3 13 3 20 3 37 3 49 3 57 3 67 3 75 3 85 3 98 3 4 7 104 7 4 48 4 1 5 81 5 1 6 0 8 0 9 0 12 2 10 2 18 2 27 2 29 2 45 2 51 2 52 2 58 2 60 2 71 2 77 2 87 2 90 2 96 2 102 2 12 61 12 0 15 11 15 80 15 0 25 0 32 0 35 0 39 0 42 0 54 0 62 0 63 0 70 0 72 0 79 0 89 0 93 0 99 0 106 0 107 0 6 41 6 1 16 1 21 1 23 1 31 1 34 1 36 1 44 1 46 1 65 1 69 1 73 1 83 1 92 1 94 1 100 1 103 1 108 1 110 1 112 1 55
74
55 55
4 4
3 3
13 13
20 20
37 37
49 49
57 57
67 67
75 75
85 85
98 98
7 7
104 104
48 48
81 81
6 6
9 9
12 12
2 2
18 18
27 27
29 29
45 45
51 51
52 52
58 58
60 60
71 71
77 77
87 87
90 90
96 96
102 102
61 61
15 15
11 11
80 80
25 25
32 32
35 35
39 39
42 42
54 54
62 62
63 63
70 70
72 72
79 79
89 89
93 93
99 99
106 106
107 107
41 41
16 16
21 21
23 23
31 31
34 34
36 36
44 44
46 46
65 65
69 69
73 73
83 83
92 92
94 94
100 100
103 103
108 108
110 110
112 112
