Soda Cory Dwinelle Etcheverry RSF Etcheverry MLK Etcheverry Unit2 Etcheverry Dwinelle Wheeler Dwinelle Hertz Dwinelle MemorialStadium Dwinelle Morgan Dwinelle Mulford Dwinelle BC Dwinelle TheRoof Dwinelle Cory Haas Cory BWW Cory Soda Davis Stephans Davis Blackwell Davis Soda Doe Soda Barrows Soda Sproul Soda GBC Soda MainStacks Soda Wellman Soda Unit1 Soda Unit3 Soda Foothill Soda ClarkKerr Soda LakeMerrit Soda GoldenStatePark Soda
26
RSF RSF
MLK MLK
Unit2 Unit2
Wheeler Wheeler
Hertz Hertz
MemorialStadium MemorialStadium
Morgan Morgan
Mulford Mulford
BC BC
TheRoof TheRoof
Haas Haas
BWW BWW
Stephans Stephans
Blackwell Blackwell
Doe Doe
Barrows Barrows
Sproul Sproul
GBC GBC
MainStacks MainStacks
Wellman Wellman
Unit1 Unit1
Unit3 Unit3
Foothill Foothill
ClarkKerr ClarkKerr
LakeMerrit LakeMerrit
GoldenStatePark GoldenStatePark
