Soda Cory Jupiter Compton Cory Cory Cory Cory Cory ChezPanisse Evans Mars LosAngeles Ashby Davis Chino Tuxcacuesco NorthGate SanMiguel Bechtel SigmaKappa DeltaDelta Dwinelle AlphaCentauri BayStreet Dwinelle Emeryville SouthGate Dwinelle Guadalajara Tuhuamixtel Dwinelle Dwinelle Dwinelle FantasticComics Dwinelle VictoryPoint Etcheverry Soda Soda BerkeleyHillel Soda Soda Soda Gregoire Soda Perris Fontana Upland Soda Soda Soda Soda Soda Myto Soda Tang Soda BAMPFA Platano Soda Soda Irvine Soda
33
Cory SanBernardino Talpa Rasputin Tako Cancun
Dwinelle SanDiego Kips CREAM CafeTibet Riverside
Soda ChiOmega InternationalHouse BerkeleyHigh Venus Saturn Pomona Whittier Tijuana Jalisco ElGrullo MexicoCity TripleRock DKingGallery SantaBarbara Sacramento
SigmaKappa SigmaKappa
AlphaChi AlphaChi
DeltaDelta DeltaDelta
BerkeleyHillel BerkeleyHillel
Jupiter Jupiter
Mars Mars
AlphaCentauri AlphaCentauri
Gregoire Gregoire
BayStreet BayStreet
Emeryville Emeryville
Compton Compton
Ashby Ashby
Perris Perris
Fontana Fontana
Upland Upland
Chino Chino
SouthGate SouthGate
Guadalajara Guadalajara
SanMiguel SanMiguel
Tuxcacuesco Tuxcacuesco
Tuhuamixtel Tuhuamixtel
Myto Myto
Tang Tang
BAMPFA BAMPFA
Platano Platano
FantasticComics FantasticComics
LosAngeles LosAngeles
Irvine Irvine
VictoryPoint VictoryPoint
ChezPanisse ChezPanisse
