2 78 79 16 40 16 76 16 79 81 3 81 21 81 79 78 84 7 72 99 93 10 93 99 11 29 11 99 37 28 37 99 72 5 72 62 72 98 72 7 6 87 41 70 17 70 41 65 41 87 6 51 8 18 20 34 61 69 42 69 60 0 60 69 61 34 20 18 71 18 8 51 6 25 35 25 6 50 77 13 83 22 88 56 74 56 88 4 88 22 83 13 77 50 6 7 84 96 89 30 89 24 43 38 44 38 43 24 31 24 89 96 84 78 19 47 66 49 1 49 66 47 52 47 19 94 19 12 86 14 86 12 19 78 55 32 23 68 59 68 23 32 55 78 63 78 2 67 2 95 58 95 2
50
16 16
40 40
76 76
81 81
3 3
7 7
72 72
10 10
11 11
29 29
28 28
5 5
62 62
98 98
41 41
70 70
17 17
65 65
34 34
61 61
69 69
42 42
60 60
0 0
71 71
25 25
35 35
50 50
13 13
83 83
88 88
74 74
4 4
96 96
30 30
24 24
38 38
44 44
31 31
47 47
66 66
1 1
94 94
86 86
14 14
23 23
59 59
63 63
67 67
58 58
