5 4 33 137 42 165 7 121 34 133 68 195 56 118 113 197 149 90 72 60 2 51 159 85 28 180 139 88 40 155 96 175 22 42 123 97 20 61 120 158 45 14 59 80 42 186 112 82 129 146 129 27 0 53 199 166 122 166 32 69 141 49 30 25 174 101 1 123 171 104 83 117 136 170 17 105 79 105 17 24 69 147 13 70 26 179 114 178 70 10 77 189 103 0 77 143 77 198 140 77 196 184 196 76 34 62 36 11 36 91 150 130 64 37 177 37 38 191 74 31 61 51 194 50 62 106 47 43 0 138 69 153 69 183 51 61 138 116 134 50 10 130 95 23 99 23 102 55 102 76 34 9 34 76 81 19 151 58 52 162 126 54 48 54 126 157 93 11 63 165 173 165 94 109 84 168 1 119 75 30 58 152 97 6 38 193 29 78 179 78 100 98 164 55 192 18 190 16 190 93 86 44 86 85 18 144 119 71 119 67 41 68 15 156 83 20 35 188 110 14 135 40 75 39 89 154 187 33 46 12 16 92 39 94 5
100
33 33
137 137
42 42
34 34
133 133
68 68
56 56
149 149
2 2
159 159
28 28
180 180
96 96
22 22
123 123
61 61
158 158
14 14
80 80
146 146
53 53
199 199
122 122
32 32
25 25
174 174
101 101
1 1
171 171
104 104
83 83
170 170
105 105
17 17
26 26
178 178
10 10
189 189
103 103
77 77
143 143
140 140
196 196
184 184
11 11
91 91
64 64
37 37
177 177
31 31
194 194
47 47
43 43
138 138
69 69
153 153
183 183
51 51
116 116
50 50
99 99
55 55
102 102
9 9
76 76
81 81
151 151
52 52
162 162
48 48
157 157
63 63
173 173
168 168
75 75
58 58
152 152
193 193
78 78
179 179
100 100
164 164
192 192
18 18
16 16
44 44
85 85
71 71
67 67
41 41
156 156
20 20
188 188
110 110
135 135
39 39
154 154
187 187
46 46
92 92
