A42 A71 A61 A170 A66 A126 A66 A77 A1 A87 A183 A100 A183 A87 A50 A117 A50 A87 A183 A43 A183 A100 A78 A107 A101 A95 A169 A44 A120 A44 A5 A44 A166 A185 A56 A88 A13 A197 A98 A148 A192 A148 A98 A12 A139 A12 A124 A145 A124 A12 A98 A132 A147 A164 A154 A104 A118 A146 A31 A159 A130 A2 A67 A133 A51 A133 A157 A57 A176 A58 A35 A130 A2 A141 A135 A141 A2 A35 A58 A176 A57 A38 A57 A23 A15 A168 A125 A182 A102 A182 A125 A168 A15 A23 A15 A168 A54 A168 A125 A181 A125 A168 A7 A199 A63 A98 A197 A98 A0 A173 A103 A83 A6 A45 A6 A83 A119 A76 A187 A188 A167 A72 A165 A156 A60 A184 A60 A92 A60 A156 A165 A82 A65 A82 A165 A72 A37 A72 A114 A72 A167 A77 A115 A179 A115 A4 A7 A199 A36 A133 A67 A2 A39 A47 A128 A47 A39 A190 A73 A123 A73 A190 A39 A195 A32 A137 A32 A127 A196 A30 A63 A98 A63 A30 A90 A30 A196 A30 A189 A3 A189 A2 A67 A13 A197 A13 A67 A13 A70 A13 A150 A70 A13 A13 A88 A56 A185 A193 A40 A193 A20 A193 A108 A9 A167 A13 A67 A104 A9 A167 A13 A163 A43 A183 A87 A169 A28 A169 A95 A151 A17 A151 A95 A101 A13 A101 A106 A144 A106 A149 A39 A2 A67 A186 A64 A191 A46 A191 A64 A186 A34 A94 A34 A186 A121 A177 A95 A169 A44 A169 A64 A186 A143 A172 A143 A186 A111 A186 A25 A132 A98 A0
90
A100 A84 A100
A197 A142 A198
A199 A4
A98 A16 A98
A13 A136 A96 A75 A122 A13
A88 A113 A88
A104 A105
A183 A93 A183
A169 A194
A2 A33 A2
A44 A21
A179 A179
A118 A118
A20 A20
A65 A65
A82 A82
A102 A102
A148 A148
A78 A78
A139 A139
A58 A58
A42 A42
A196 A196
A51 A51
A72 A72
A106 A106
A159 A159
A185 A185
A70 A70
A39 A39
A90 A90
A127 A127
A32 A32
A176 A176
A120 A120
A130 A130
A40 A40
A94 A94
A117 A117
A5 A5
A181 A181
A71 A71
A167 A167
A23 A23
A124 A124
A95 A95
A9 A9
A37 A37
A76 A76
A111 A111
A177 A177
A3 A3
A30 A30
A132 A132
A143 A143
A172 A172
A184 A184
A144 A144
A123 A123
A45 A45
A192 A192
A57 A57
A0 A0
A43 A43
A7 A7
A154 A154
A35 A35
A126 A126
A103 A103
A107 A107
A189 A189
A54 A54
A182 A182
A137 A137
A17 A17
A46 A46
A67 A67
A34 A34
A145 A145
A28 A28
A64 A64
A193 A193
A187 A187
A77 A77
A191 A191
A38 A38
A92 A92
A128 A128
A114 A114
A135 A135
