ATG AUS CHE COG BLR BES AUT BLZ BLM BHR BLM BLZ AUT BFA BHS BFA AZE BRN BRB BRN AZE BFA AUT BES BLR COG BWA BTN ALA BTN COL CAF CHN BVT AIA BVT ASM ATA ASM BVT CHN CAF COL CHL AFG AGO ABW AGO AFG CHL CCK CAN BEL BGR BEL BDI BMU BRA BMU BDI BEL CAN COD CAN CMR CAN CCK CHL COL BTN BWA COG CHE AND ARM AND ALB ARG ALB AND CHE AUS ATG
25
BLR BLR
BLZ BLZ
BFA BFA
BHS BHS
BRB BRB
BTN BTN
ALA ALA
BVT BVT
AIA AIA
ATA ATA
CHL CHL
AFG AFG
AGO AGO
ABW ABW
CCK CCK
CAN CAN
BEL BEL
BGR BGR
BMU BMU
BRA BRA
COD COD
CMR CMR
AND AND
ARM ARM
ARG ARG
