DZA AGO GNB HND GEO HND DMA ATA ASM ATF ASM CYP CHN CAF BVT COL GRD CYM CXR DEU CRI DEU CZE DNK DJI DMA ATA GLP BGR BDI BMU BHS DOM CUW DNK ARE ALB ARG ALB GMB GUY AUS GUY GRC BRA BLM BES BLR CCK CMR BLM BOL BGD BMU BEN BMU BFA CIV HKG GRC GUY GTM COG HRV HMD ALA HMD GUM GRD GNQ GUY EST ETH GGY ERI GGY GIB FSM EGY ESH ECU GBR FRA FRO GHA GIN FIN GAB ESP AND ESP GIN FLK FIN AFG ABW AFG CYP CUB GUY BLZ BRB CAN CIV CHE COD BRN GNQ GRL HKG GAB GIB DZA
50
HND HND
GEO GEO
ATA ATA
ATF ATF
CAF CAF
BVT BVT
CYM CYM
CXR CXR
CZE CZE
DJI DJI
GLP GLP
BDI BDI
BHS BHS
DOM DOM
CUW CUW
DNK DNK
ARE ARE
ALB ALB
ARG ARG
AUS AUS
BLM BLM
BES BES
BLR BLR
CCK CCK
BGD BGD
BEN BEN
BFA BFA
GRC GRC
COG COG
HMD HMD
GRD GRD
GNQ GNQ
ERI ERI
FSM FSM
ECU ECU
GBR GBR
FRA FRA
FRO FRO
GHA GHA
FIN FIN
AND AND
FLK FLK
ABW ABW
CUB CUB
BRB BRB
CAN CAN
CHE CHE
COD COD
BRN BRN
HKG HKG
