COM MDG IDN COL SJM MAR MMR NPL PRY MOZ PRY NPL HKG HTI GUM REU CAN HUN SGS KAZ SGS SGP MKD HUN PAK GNQ PNG CHL JPN LBN LVA KOR KEN COM MWI ITA ISR NER MTQ NER COM REU SDN MEX POL PNG PLW NIU PER PRI PCN GMB NGA NFK ALA NFK JEY NGA FSM FIN GAB ETH EGY ERI GIN FSM NGA JEY PAN RUS PSE MLT CRI KGZ LAO GTM GNB KWT LTU LUX NIC ATF NIC ABW NIC AUS NIC IRL NIC LUX SEN LAO KNA CHE PYF CRI PRT ATG SLE HUN CAF CIV BVT LKA CPV NRU COM REU CZE DEU CXR DEU CZE CYM CYP CZE REU GLP MNE OMN PSE PHL POL ARE POL PYF MLI CPV LIE LTU IDN MHL MAC QAT HTI COK HND MAR SJM GRC SJM RWA SJM MCO SAU DOM DZA MYS IRN IRQ IOT IRQ SDN REU GLP MDA PAN REU AFG REU SGP SGS NZL CUW CUB MYT BRA MYT LUX SLE SLB ROU HRV HTI LBR LBY QAT SGP RUS PYF HMD PYF RUS BLZ BEN BLM BOL BHR BDI BEL BIH AZE BRA BES BHS BRB BMU NGA NFK ALB AND ARM MYT NER NCL EST GIB GHA GEO ESP GGY GBR FRA ESH ECU GHA GGY EGY MYS MYT MUS DJI DMA RWA SGS SHN CHN COD COG BWA SGS KHM SGS COM
100
IDN IDN
COL COL
MMR MMR
NPL NPL
PRY PRY
MOZ MOZ
HKG HKG
HTI HTI
GUM GUM
CAN CAN
KAZ KAZ
HUN HUN
PAK PAK
GNQ GNQ
JPN JPN
LBN LBN
KOR KOR
ITA ITA
NER NER
MTQ MTQ
REU REU
SDN SDN
MEX MEX
POL POL
PNG PNG
NIU NIU
GMB GMB
NFK NFK
ALA ALA
JEY JEY
FSM FSM
FIN FIN
GAB GAB
EGY EGY
GIN GIN
PAN PAN
PSE PSE
LAO LAO
KWT KWT
LUX LUX
NIC NIC
ABW ABW
AUS AUS
IRL IRL
KNA KNA
ATG ATG
CAF CAF
CIV CIV
LKA LKA
NRU NRU
DEU DEU
CXR CXR
CYP CYP
ARE ARE
MLI MLI
CPV CPV
LIE LIE
LTU LTU
MAC MAC
COK COK
HND HND
MAR MAR
GRC GRC
RWA RWA
DZA DZA
IRN IRN
IOT IOT
MDA MDA
AFG AFG
SGS SGS
NZL NZL
MYT MYT
HRV HRV
LBR LBR
RUS RUS
HMD HMD
BEN BEN
BLM BLM
BHR BHR
BDI BDI
AZE AZE
BHS BHS
BMU BMU
ALB ALB
ARM ARM
GIB GIB
GHA GHA
GEO GEO
ESP ESP
GBR GBR
FRA FRA
ESH ESH
ECU ECU
DJI DJI
DMA DMA
SHN SHN
CHN CHN
COD COD
COG COG
KHM KHM
