Soda 178 185 168 188 1 Soda Soda Soda 174 162 1 Soda 140 107 171 2 101 151 177 136 Soda 196 3 0 112 133 106 1 117 123 150 159 103 1 Soda 175 180 138 9 165 1 169 118 6 170 144 0 127 2 Soda 145 131 125 Soda 109 115 0 176 197 105 2 135 129 132 102 1 Soda 186 Soda 189 134 154 183 164 179 181 1 119 167 187 113 Soda 0 122 139 1 Soda 155 121 3 0 130 114 142 148 126 152 149 173 156 2 120 147 1 Soda 194 160 2 163 193 3 0 108 111 146 198 Soda
82
Soda 124 116 137 100 166 143 99 153 161 157 158 141 190
0 195 104 182 184 191 110
2 128 192
101 101
102 102
103 103
105 105
106 106
107 107
108 108
109 109
111 111
112 112
113 113
114 114
115 115
117 117
118 118
119 119
120 120
121 121
122 122
123 123
125 125
126 126
127 127
129 129
130 130
131 131
132 132
133 133
134 134
135 135
136 136
138 138
139 139
140 140
142 142
144 144
145 145
146 146
147 147
148 148
149 149
150 150
151 151
152 152
154 154
155 155
156 156
159 159
160 160
162 162
163 163
164 164
165 165
167 167
168 168
169 169
170 170
171 171
172 172
173 173
174 174
175 175
176 176
177 177
178 178
179 179
180 180
181 181
183 183
185 185
186 186
187 187
188 188
189 189
193 193
194 194
196 196
197 197
198 198
