90 200 50 195 50 108 119 162 49 144 10 132 183 86 30 62 109 120 178 94 31 154 92 125 50 8 98 174 13 160 65 5 151 93 54 126 55 72 56 96 113 90 63 171 76 68 148 24 128 91 40 133 51 178 69 135 58 48 8 169 128 81 162 190 19 72 16 140 98 97 98 100 70 193 189 193 191 161 71 130 61 136 25 82 4 188 87 185 78 15 196 105 2 196 75 67 142 123 166 150 57 183 89 197 11 0 118 157 187 73 128 138 12 96 143 175 6 196 167 47 117 192 59 175 152 104 83 33 180 159 14 101 21 164 23 118 52 106 194 149 20 121 39 88 198 84 165 90
30
195 195
10 10
132 132
125 125
93 93
54 54
55 55
113 113
91 91
133 133
51 51
135 135
48 48
169 169
81 81
190 190
97 97
70 70
189 189
191 191
82 82
89 89
12 12
6 6
167 167
59 59
101 101
20 20
88 88
84 84
