Soda 173 194 67 115 67 135 56 35 56 135 67 170 33 142 136 137 136 187 89 54 89 146 138 162 11 199 167 50 167 199 11 19 175 17 116 46 15 46 116 96 116 2 116 17 169 139 169 83 88 83 118 71 72 81 72 77 49 77 72 14 72 71 118 39 118 83 169 17 175 174 28 9 28 174 175 19 61 19 37 42 37 6 37 125 80 22 80 114 76 114 80 5 90 5 101 5 57 5 80 125 37 38 148 97 148 181 92 181 148 31 148 38 37 99 18 82 70 186 73 186 70 183 8 156 45 156 8 183 70 82 18 99 37 19 131 87 131 19 11 113 11 162 138 94 138 168 153 69 193 74 40 161 151 43 60 43 151 85 84 47 63 141 63 47 84 23 84 85 36 85 151 161 40 51 40 74 193 25 10 25 193 69 59 69 153 196 109 196 153 95 130 104 130 95 153 168 138 163 178 78 178 163 138 12 102 21 79 21 102 12 138 146 66 127 26 20 150 106 160 52 41 52 75 52 64 86 64 52 160 106 123 53 155 134 129 100 132 157 29 13 4 13 7 13 29 157 132 100 105 32 34 32 120 195 30 195 120 32 105 100 98 100 129 134 155 128 16 140 16 128 155 53 123 166 91 166 62 166 123 106 150 93 150 20 26 191 65 191 26 127 66 55 66 146 89 187 147 44 147 48 147 187 136 27 136 142 33 24 33 170 67 194 108 133 68 58 68 133 108 3 108 194 173 Soda
100
67 67
56 56
35 35
33 33
89 89
54 54
11 11
50 50
19 19
17 17
46 46
15 15
96 96
2 2
83 83
88 88
71 71
72 72
81 81
77 77
49 49
14 14
39 39
28 28
9 9
61 61
37 37
42 42
6 6
80 80
22 22
76 76
5 5
90 90
101 101
57 57
38 38
97 97
92 92
31 31
99 99
18 18
82 82
70 70
73 73
8 8
45 45
87 87
94 94
69 69
74 74
40 40
43 43
60 60
85 85
84 84
47 47
63 63
23 23
36 36
51 51
25 25
10 10
59 59
95 95
78 78
12 12
21 21
79 79
66 66
26 26
20 20
52 52
41 41
75 75
64 64
86 86
53 53
100 100
29 29
13 13
4 4
7 7
32 32
34 34
30 30
98 98
16 16
91 91
62 62
93 93
65 65
55 55
44 44
48 48
27 27
24 24
68 68
58 58
3 3
