Soda 14 37 26 4 28 48 67 89 78 2 7 36 84 5 34 49 39 77 43 55 97 76 19 21 Soda 80 81 35 30 25 70 79 44 61 22 20 91 6 17 9 66 23 52 15 62 29 93 13 33 50 3 68 8 Soda 7 24 18 Soda 16 31 2 46 2 47 45 12 32 11 75 58 64 38 40 4 92 98 83 41 96 27 6 51 10 100 42 Soda
50
14 14
37 37
26 26
4 4
28 28
48 48
2 2
36 36
5 5
34 34
49 49
39 39
43 43
19 19
21 21
35 35
30 30
25 25
44 44
22 22
20 20
6 6
17 17
9 9
23 23
15 15
29 29
13 13
33 33
50 50
3 3
8 8
7 7
24 24
18 18
16 16
31 31
46 46
47 47
45 45
12 12
32 32
11 11
38 38
40 40
41 41
27 27
51 51
10 10
42 42
