Wurster Class Stanley Hilgard Montgomery Tennessee Alabama Kleeberger Goldman Boston Massachusetts Sather Anthony Chan Barrows Simon Recreational Visitor Moses Hesse Salem California Moffitt Blackwell Brain Spieker Raleigh Oregon Observatory Maxwell Parking Vermont Simpson Indianapolis Honolulu Optometry Juneau Idaho McLaughlin Frank North Nevada Sutardja Florida Gilman Pitzer Cory Hazardous Silver Pennsylvania Wurster
50
Silver Silver
Boston Boston
Honolulu Honolulu
Alabama Alabama
Montgomery Montgomery
California California
Frank Frank
Hazardous Hazardous
Sutardja Sutardja
Recreational Recreational
Maxwell Maxwell
Sather Sather
Pennsylvania Pennsylvania
Visitor Visitor
Stanley Stanley
Massachusetts Massachusetts
Salem Salem
Hilgard Hilgard
Wurster Wurster
Vermont Vermont
Parking Parking
Optometry Optometry
Juneau Juneau
Class Class
Florida Florida
Raleigh Raleigh
Oregon Oregon
Simpson Simpson
Spieker Spieker
North North
Tennessee Tennessee
Nevada Nevada
Simon Simon
Moses Moses
McLaughlin McLaughlin
Pitzer Pitzer
Hesse Hesse
Indianapolis Indianapolis
Kleeberger Kleeberger
Chan Chan
Cory Cory
Goldman Goldman
Gilman Gilman
Blackwell Blackwell
Anthony Anthony
Moffitt Moffitt
Barrows Barrows
Brain Brain
Idaho Idaho
Observatory Observatory
