Rhode Life University Kentucky Annapolis McCone Davis South Campanile Genetics Cleary Warren Greenhouse CNMAT Clark Columbia Tang Morgan Mulford Utah Durham Foothill Doe Madison Edwards Soda Faculty Police Jones BART Montana Optometry Simon Illinois Boalt Sproul Wyoming Richmond Providence Insectary International Class Maryland Topeka Salt Mathematical Lower Tennessee Maxwell Hertz Bismarck Nashville Bowles California Florida Columbus Hargrove Iowa Brain Chvez Heating Etcheverry Hartford Energy Pennsylvania Martinez Golden Little Minnesota West Montgomery Denver Wisconsin Trenton Giannini Morrison Alabama Goldman Mississippi Durant Jacobs Moffitt Haste Barrows Hesse Observatory McLaughlin Concord Cyclotron Hearst Krutch Jefferson Recreational Stadium Blackwell Wickson Springer Hawaii Bancroft Baton Kleeberger Kroeber Botanical Cory Moses Austin Lansing Nevada Oregon LeConte Birge Chou Simpson Santa Berkeley Cheyenne East Harrisburg Michigan Silver Wurster Lawrence Valley Martin Grinnell Hellman Senior Olympia McEnerney Donner Rhode
100
Rhode Rhode
Life Life
University University
Kentucky Kentucky
Annapolis Annapolis
Campanile Campanile
Cleary Cleary
Warren Warren
CNMAT CNMAT
Clark Clark
Columbia Columbia
Tang Tang
Mulford Mulford
Utah Utah
Durham Durham
Foothill Foothill
Madison Madison
Edwards Edwards
Police Police
Jones Jones
BART BART
Montana Montana
Simon Simon
Illinois Illinois
Boalt Boalt
Sproul Sproul
Richmond Richmond
Providence Providence
Insectary Insectary
International International
Class Class
Maryland Maryland
Topeka Topeka
Salt Salt
Mathematical Mathematical
Lower Lower
Tennessee Tennessee
Maxwell Maxwell
Hertz Hertz
Nashville Nashville
Bowles Bowles
Florida Florida
Columbus Columbus
Hargrove Hargrove
Brain Brain
Chvez Chvez
Heating Heating
Etcheverry Etcheverry
Hartford Hartford
Energy Energy
Pennsylvania Pennsylvania
Little Little
Minnesota Minnesota
West West
Montgomery Montgomery
Wisconsin Wisconsin
Trenton Trenton
Morrison Morrison
Mississippi Mississippi
Durant Durant
Jacobs Jacobs
Moffitt Moffitt
Haste Haste
Barrows Barrows
Observatory Observatory
McLaughlin McLaughlin
Concord Concord
Hearst Hearst
Krutch Krutch
Jefferson Jefferson
Stadium Stadium
Blackwell Blackwell
Springer Springer
Hawaii Hawaii
Bancroft Bancroft
Baton Baton
Cory Cory
Moses Moses
Austin Austin
Lansing Lansing
Nevada Nevada
Oregon Oregon
LeConte LeConte
Birge Birge
Chou Chou
Simpson Simpson
Santa Santa
Berkeley Berkeley
Cheyenne Cheyenne
East East
Harrisburg Harrisburg
Michigan Michigan
Silver Silver
Valley Valley
Martin Martin
Grinnell Grinnell
Hellman Hellman
Olympia Olympia
McEnerney McEnerney
Donner Donner
