Donner Cyclotron Helena Santa Helena Cyclotron Brain McCone Brain Optometry Brain Cyclotron North Cyclotron Juneau Cyclotron Wurster Haste Wurster Cyclotron Hertz Gilman Foothill Ishi Illinois Topeka Illinois Ishi Little Minnesota Little Tallahassee Stadium Kansas Iowa Durham Doe Durham Iowa Kansas Stadium Recreational Phoenix Life Phoenix Recreational Stadium Tallahassee Little Old Little Ishi Foothill Gayley Foothill Gilman Hertz Cyclotron Haas Cyclotron Architects Cyclotron Providence Cyclotron Donner
25
Donner Donner
Cyclotron Cyclotron
Helena Helena
Santa Santa
McCone McCone
Optometry Optometry
North North
Juneau Juneau
Wurster Wurster
Haste Haste
Gilman Gilman
Foothill Foothill
Ishi Ishi
Illinois Illinois
Topeka Topeka
Minnesota Minnesota
Tallahassee Tallahassee
Iowa Iowa
Recreational Recreational
Phoenix Phoenix
Life Life
Old Old
Gayley Gayley
Haas Haas
Providence Providence
