100 31 15 27 70 36 33 12 11 10 76 121 110 106 77 38 35 38 77 106 110 121 76 10 11 12 69 12 33 36 28 36 70 27 15 30 16 59 25 22 60 61 16 59 90 170 168 162 167 162 168 169 163 169 168 170 90 59 16 61 14 34 7 39 78 37 78 39 151 123 151 39 7 34 103 13 29 43 72 40 8 9 6 9 8 40 72 43 45 26 45 44 2 17 1 54 1 17 2 46 142 131 50 19 47 48 49 48 47 19 50 133 134 135 139 135 134 133 141 20 136 188 21 56 57 56 21 188 136 20 141 133 50 131 130 129 144 42 3 41 145 146 127 146 148 146 145 41 73 74 6 9 8 40 72 43 45 44 4 71 5 71 4 44 2 17 1 48 53 18 55 58 98 94 95 96 187 182 185 93 185 182 189 95 94 98 58 55 18 53 23 51 23 53 52 53 18 55 24 55 58 100 86 85 87 85 164 165 104 156 153 115 111 113 120 109 118 109 120 113 116 155 108 65 102 65 108 155 112 82 159 161 181 186 184 193 191 192 189 95 94 98 58 100 86 102 84 83 84 102 86 100 88 32 178 32 88 100
64
31 31
15 15
27 27
36 36
33 33
12 12
11 11
10 10
121 121
28 28
30 30
16 16
59 59
25 25
22 22
60 60
14 14
34 34
7 7
39 39
37 37
13 13
29 29
43 43
40 40
8 8
9 9
6 6
26 26
45 45
44 44
2 2
17 17
1 1
54 54
46 46
50 50
19 19
47 47
48 48
49 49
20 20
21 21
56 56
57 57
42 42
3 3
41 41
4 4
5 5
58 58
182 182
55 55
18 18
53 53
23 23
51 51
52 52
24 24
165 165
153 153
111 111
192 192
32 32
