AY AZ AG AK AJ AK AG BC BD BA BD AI S AI BY AN T R P O P R T AN BY BG BF AM BE CT BE AM BF BG CA BG CB BG BF AI BD BC AG AZ AY AW AU AS AP AQ BL BK BJ BI BJ CD CC CD CF CD BJ BK BN BK BL AQ AO AQ AP V AP AS Z AS AU AB AD AX AD AE Y AC D F G F N H N M N K N F I F D X B A B X W AP AS AU AW AV BM BS CL CN CJ CK CJ CN CM CO CM CN CQ CP CS BZ BE BX BW BD BC AG AZ AY
40
AG AG
AJ AJ
BA BA
S S
T T
P P
O O
BG BG
BF BF
AM AM
CT CT
CA CA
CB CB
AS AS
AQ AQ
BJ BJ
BI BI
CC CC
BN BN
AO AO
V V
AD AD
AX AX
Y Y
D D
F F
G G
H H
M M
K K
I I
X X
B B
A A
AV AV
CN CN
CK CK
CO CO
CP CP
CS CS
