BukitBatokEast Simei KakiBukit BukitHoSwee Sembawang JooKoon SungeiRoad Tengah LeonieHill Gombak DowntownCore LowerSeletar AirportRoad CityHall Springleaf SwissClub Frankel Tengeh Safti GhimMoh AirportRoad CompassvaleTrafalgar GaliBatuMandai SembawangHills TanjongPagar SimpangNorth Bendemeer NeeSoon AirportRoad TanglinHalt Bayshore Hillcrest AirportRoad ChoaChuKang AirportRoad Tyersall AirportRoad KampongGlam RobertsonQuay Sudong Boulevard Redhill PearlsHill TiongBahruStation Geylang CliffordPier RiverValley BukitBatokEast
25
Simei Simei
Sembawang Sembawang
JooKoon JooKoon
SungeiRoad SungeiRoad
LeonieHill LeonieHill
DowntownCore DowntownCore
LowerSeletar LowerSeletar
CityHall CityHall
SwissClub SwissClub
Frankel Frankel
Tengeh Tengeh
Safti Safti
GhimMoh GhimMoh
GaliBatuMandai GaliBatuMandai
TanjongPagar TanjongPagar
SimpangNorth SimpangNorth
NeeSoon NeeSoon
Hillcrest Hillcrest
ChoaChuKang ChoaChuKang
Tyersall Tyersall
Sudong Sudong
Redhill Redhill
PearlsHill PearlsHill
TiongBahruStation TiongBahruStation
RiverValley RiverValley
