LeonieHill ChangiPoint SungeiKadut KampongUbi WoodlandsSouth HougangCentral Outram Sennett Outram MonksHill PasirRisCentralTown WaterwayEast GreenwoodPark Guilin GreenwoodPark Trafalgar Seletar ChangiBay PeoplesPark ChangiBay Yishun Phillip Yishun ChangiBay TanglinHalt MandaiEstate TuasBay MandaiEstate TanglinHalt ChangiBay Seletar Trafalgar GreenwoodPark WaterwayEast PasirRisCentralTown KampongGlam ClarkeQuay SungeiRoad Semakau Frankel FarrerPark Frankel Semakau SungeiRoad Cecil Pandan Woodgrove YishunCentral ClementiCentral ChangiWest ClementiCentral YishunCentral PunggolTownCentre YishunCentral Woodgrove Pandan Cecil PasirPanjang2 TanjongRhu GeylangBahru Springleaf GeylangBahru AirportRoad GeylangBahru TanjongRhu PasirPanjang2 Cecil TheWharves Townsville TheWharves Cecil SungeiRoad SembawangSprings PasirRisPark Sentosa Rochor NatureReserve Kranji NatureReserve Rochor Sentosa PasirRisPark SembawangSprings SungeiRoad Novena SingaporePolytechnic Novena Clementi Victoria Lavender SerangoonGarden Lavender Victoria LiuFang Victoria Clementi Novena TampinesWest PasirRisWestElias LoyangWest Mandai BukitBatokCentral Mandai LoyangWest PasirRisWestElias ChoaChuKangCentral LoyangEast ChoaChuKangCentral PasirRisWestElias TampinesWest YuhuaWestBoonLay TampinesWest Novena YioChuKangWest Novena SungeiRoad KallangWay AnchorvaleBuangkok YioChuKang MandaiWest NorthCoast MandaiWest YioChuKang Boulevard YioChuKang AnchorvaleBuangkok KallangWay SungeiRoad ClarkeQuay KampongGlam PasirRisCentralTown BishanEast PasirRisCentralTown MonksHill Outram HougangCentral JurongWestCentral HougangCentral WoodlandsSouth Gombak ConeyIsland CompassvaleTrafalgar Changi Ridout Changi CompassvaleTrafalgar ConeyIsland Gombak WoodlandsSouth KampongUbi Shipyard NeeSoon OrangeGrove DefuIndustrialPark Tyersall DefuIndustrialPark OrangeGrove NeeSoon Shipyard KampongUbi SungeiKadut ChangiPoint LeonieHill
50
SungeiKadut SungeiKadut
Outram Outram
Sennett Sennett
MonksHill MonksHill
GreenwoodPark GreenwoodPark
Guilin Guilin
Trafalgar Trafalgar
Yishun Yishun
Phillip Phillip
TanglinHalt TanglinHalt
TuasBay TuasBay
KampongGlam KampongGlam
SungeiRoad SungeiRoad
Semakau Semakau
FarrerPark FarrerPark
Woodgrove Woodgrove
ClementiCentral ClementiCentral
ChangiWest ChangiWest
PunggolTownCentre PunggolTownCentre
PasirPanjang2 PasirPanjang2
Springleaf Springleaf
AirportRoad AirportRoad
Townsville Townsville
SembawangSprings SembawangSprings
Sentosa Sentosa
Kranji Kranji
Novena Novena
SingaporePolytechnic SingaporePolytechnic
Victoria Victoria
SerangoonGarden SerangoonGarden
TampinesWest TampinesWest
BukitBatokCentral BukitBatokCentral
ChoaChuKangCentral ChoaChuKangCentral
LoyangEast LoyangEast
YuhuaWestBoonLay YuhuaWestBoonLay
KallangWay KallangWay
AnchorvaleBuangkok AnchorvaleBuangkok
YioChuKang YioChuKang
MandaiWest MandaiWest
NorthCoast NorthCoast
Boulevard Boulevard
BishanEast BishanEast
JurongWestCentral JurongWestCentral
ConeyIsland ConeyIsland
Ridout Ridout
Shipyard Shipyard
NeeSoon NeeSoon
OrangeGrove OrangeGrove
DefuIndustrialPark DefuIndustrialPark
Tyersall Tyersall
