YuhuaEast TelokBlangahDrive Sennett SerangoonGarden SingaporeRiver ChinaSquare Sentosa CityHall Simpang Mandai PasirRis SembawangStraits OneTreeHill HongKah UpperThomson Katong BoonTeck ClementiNorth SenokoSouth LoyangEast Kembangan Woodleigh EvertonPark ReservoirView PulauPunggolTimor Khatib SimpangNorth Paterson KianTeck AlexandraNorth Trafalgar Sentosa Shipyard ClarkeQuay BedokSouth Matilda PasirRisPark OrangeGrove PeoplesPark BayfrontSubzone TamanJurong ChangiPoint LorongChuan Kangkar JurongRiver Saujana BoatQuay BedokNorth HougangCentral DefuIndustrialPark ChoaChuKang BayfrontSubzone TanjongIrau Aljunied MountEmily SwissClub WestCoast TuasNorthPioneer Sentosa SouthernIslands HongKahNorth MountEmily Redhill Moulmein MountEmily GeylangEast MountEmily KebunBahru Tampines PengSiang BukitBatokWest SungeiKadut PasirPanjang1 YishunWest RochorCanal PayaLebarEast TohGuan PasirRisDrive Sentosa Museum Woodleigh MountPleasant BenoiSector BedokNorth PayaLebarNorth SembawangEast TuasPromenade BedokNorth ConeyIsland ShangriLa TiongBahru TuasBay Sentosa Tanglin Victoria Rochor PunggolField SembawangHills Dunearn UluPandan YioChuKangEast KeatHong BedokNorth Seletar Woodgrove PearlsHill Woodleigh SenokoNorth PasirPanjang2 SerangoonCentral Woodleigh BukitBatokSouth WoodlandsWest Northland Mountbatten Woodleigh KianTeck WoodlandsSouth Cairnhill Woodleigh LittleIndia DhobyGhaut Woodleigh BukitTimah Port Bangkit YioChuKang Sentosa Commonwealth KentRidge SembawangHills Chatsworth InstitutionHill SungeiKadut SungeiRoad WaterwayEast ClarkeQuay Kranji PangSua HougangEast TampinesNorth Sentosa Changi Sembawang EastCoast SembawangCentral NatureReserve ChangiWest BedokNorth JurongPort PeiChun DairyFarm SungeiKadut JooSengPayaLebar Woodleigh TanglinHalt MandaiEast BedokNorth ChengSan BoonLayPlace LowerSeletar Sengkang Brickworks KampongUbi TelokBlangahRise KallangWay PenjuruCrescent BukitBatokEast IstanaNegara SungeiKadut Geylang Sentosa JurongWestCentral ClementiWest Anson OneNorth Sentosa AngMoKioTownCentre Sentosa BedokNorth BayfrontSubzone ClementiCentral Midview Punggol MountEmily UpperPayaLebar TagoreSindo SerangoonNorth Serangoon Sentosa Geylang YuhuaEast
100
Sennett Sennett
SerangoonGarden SerangoonGarden
SingaporeRiver SingaporeRiver
ChinaSquare ChinaSquare
CityHall CityHall
Mandai Mandai
PasirRis PasirRis
SembawangStraits SembawangStraits
OneTreeHill OneTreeHill
HongKah HongKah
UpperThomson UpperThomson
ClementiNorth ClementiNorth
Kembangan Kembangan
EvertonPark EvertonPark
ReservoirView ReservoirView
PulauPunggolTimor PulauPunggolTimor
Khatib Khatib
SimpangNorth SimpangNorth
Paterson Paterson
AlexandraNorth AlexandraNorth
Trafalgar Trafalgar
Shipyard Shipyard
BedokSouth BedokSouth
Matilda Matilda
PasirRisPark PasirRisPark
OrangeGrove OrangeGrove
PeoplesPark PeoplesPark
BayfrontSubzone BayfrontSubzone
ChangiPoint ChangiPoint
Saujana Saujana
BoatQuay BoatQuay
HougangCentral HougangCentral
DefuIndustrialPark DefuIndustrialPark
ChoaChuKang ChoaChuKang
Aljunied Aljunied
TuasNorthPioneer TuasNorthPioneer
SouthernIslands SouthernIslands
HongKahNorth HongKahNorth
Moulmein Moulmein
GeylangEast GeylangEast
KebunBahru KebunBahru
Tampines Tampines
BukitBatokWest BukitBatokWest
RochorCanal RochorCanal
PayaLebarEast PayaLebarEast
TohGuan TohGuan
PasirRisDrive PasirRisDrive
Museum Museum
BenoiSector BenoiSector
TuasPromenade TuasPromenade
TiongBahru TiongBahru
TuasBay TuasBay
Tanglin Tanglin
PunggolField PunggolField
SembawangHills SembawangHills
UluPandan UluPandan
YioChuKangEast YioChuKangEast
KeatHong KeatHong
PearlsHill PearlsHill
SerangoonCentral SerangoonCentral
BukitBatokSouth BukitBatokSouth
WoodlandsWest WoodlandsWest
Northland Northland
Mountbatten Mountbatten
Cairnhill Cairnhill
DhobyGhaut DhobyGhaut
Port Port
YioChuKang YioChuKang
Commonwealth Commonwealth
KentRidge KentRidge
Chatsworth Chatsworth
InstitutionHill InstitutionHill
SungeiRoad SungeiRoad
WaterwayEast WaterwayEast
PangSua PangSua
TampinesNorth TampinesNorth
Sembawang Sembawang
EastCoast EastCoast
ChangiWest ChangiWest
JurongPort JurongPort
PeiChun PeiChun
DairyFarm DairyFarm
JooSengPayaLebar JooSengPayaLebar
MandaiEast MandaiEast
BoonLayPlace BoonLayPlace
LowerSeletar LowerSeletar
Brickworks Brickworks
TelokBlangahRise TelokBlangahRise
IstanaNegara IstanaNegara
SungeiKadut SungeiKadut
Sentosa Sentosa
JurongWestCentral JurongWestCentral
OneNorth OneNorth
AngMoKioTownCentre AngMoKioTownCentre
BedokNorth BedokNorth
Punggol Punggol
TagoreSindo TagoreSindo
SerangoonNorth SerangoonNorth
Serangoon Serangoon
Geylang Geylang
