139 18 11 85 2 38 2 85 11 127 22 41 112 41 22 42 59 17 3 26 16 186 140 19 26 3 81 3 104 4 6 191 54 21 79 21 113 173 34 4 84 4 148 71 26 3 134 38 74 7 60 12 43 14 15 31 25 31 15 142 15 14 24 138 24 14 43 12 146 183 32 74 36 8 36 8 178 1 47 32 62 32 66 90 9 184 119 89 119 89 1 172 143 30 144 37 5 37 87 123 130 112 130 37 177 2 38 44 38 101 11 18 57 18 139
58
38 39 44 134
2 72 98 182 153 157 2
11 147 127 11
42 176
17 64 69 187
16 65 77 108 16
19 67 156
26 48 198 26
81 122 81
3 96 111
6 71 101 125 188
79 114 79
34 173
4 75 145
84 189 84
25 141 25
31 131 31
15 118 128 15
14 23 27 14
12 105
36 165
62 33
32 152 32
90 58
9 78 9
1 106 1
30 13 30
5 35 82 95 158 5
37 109 130 37
112 91 112
44 161
142 142
47 47
146 146
85 85
8 8
18 18
74 74
43 43
184 184
60 60
113 113
123 123
57 57
144 144
191 191
148 148
119 119
138 138
104 104
22 22
41 41
178 178
7 7
21 21
89 89
186 186
172 172
