F8 M5 R9 I9 A7 J7 T1 P7 S7 N7 A6 R6 Q3 P6 C5 K7 A0 D5 B4 I4 F2 F7 D2 G4 H9 D7 R0 J1 P3 J7 S9 R5 N6 A5 J3 B1 H1 B1 N9 P6 P2 I2 B3 Q7 F6 R3 O3 G2 O2 R8 R4 J0 K9 C1 D4 E8 E7 A3 O4 C2 L9 I9 A7 C3 C8 F4 E8 M8 S8 R0 C4 B1 P9 L8 N2 J3 C4 B4 E4 B4 N6 B4 E4 J5 R7 B3 I2 T9 N0 G9 D8 T5 T8 H0 I8 S5 J2 I0 F1 B0 D5 A3 B2 S0 I0 J2 E2 Q1 D3 C2 S6 G6 E5 J7 A8 Q8 A8 D5 B0 P5 H6 N1 G6 E5 B2 A3 T0 H3 I9 H1 N2 E4 B4 C4 M0 D8 K5 H2 A2 I2 S5 G1 K1 A1 K1 O1 C8 C3 F8 E0 A3 D5 L7 C3 F8
78
P7 Q5 P7
Q3 R6 Q3
K7 R4
B4 I6 B4
I4 F9 L6 I4
J7 H5 E5
B1 N4 C4
P6 G0 P6
R4 R8
A7 K6
R0 I3 R0
C4 K3 B0 A2
N6 D9 N6
J5 H4
B3 E3 B3
A3 O5 B2 M5 A3
J2 O1 J2
Q1 E2
B0 A8
E5 S2
T0 A9 T0
I9 H3 I9
N2 K5 N2
E4 Q0 E4
K5 C0
A2 H2
C8 M6 C8
F8 N8
D8 D8
P9 P9
C2 C2
S7 S7
T8 T8
H6 H6
N0 N0
A0 A0
N1 N1
D4 D4
Q7 Q7
C3 C3
A1 A1
S9 S9
C1 C1
G4 G4
Q8 Q8
I2 I2
T1 T1
D3 D3
F1 F1
P2 P2
G6 G6
P5 P5
L9 L9
J0 J0
O2 O2
M0 M0
R9 R9
E8 E8
H0 H0
T9 T9
E7 E7
D5 D5
F2 F2
D7 D7
S8 S8
G9 G9
N7 N7
J1 J1
I8 I8
O3 O3
T5 T5
I0 I0
S0 S0
G1 G1
H1 H1
S5 S5
K1 K1
F6 F6
