J6 F9 A5 D1 H6 H8 H7 B4 J3 I4 F4 E6 J1 J4 E2 A1 B7 B1 E7 A9 A8 A7 H2 B6 G9 D7 D3 A5 B2 E4 F5 G1 C1 A2 H9 A2 D8 D9 H5 H4 I2 A0 A5 C9 I3 I0 J7 C2 A5 B1 E1 F7 G3 C8 F3 A5 A1 A7 C3 C6 A1 J5 B5 C4 C5 G8 H3 B8 A6 I9 B0 D6 F0 G0 E0 I5 G6 C6 J9 A1 F8 J8 B9 H0 E8 D0 B3 I7 J6
50
J6 J6
F9 F9
A5 A5
H8 H8
H7 H7
J4 J4
E2 E2
B7 B7
A9 A9
A8 A8
H2 H2
B6 B6
G9 G9
E4 E4
F5 F5
C1 C1
A2 A2
D8 D8
H5 H5
H4 H4
A0 A0
C9 C9
I3 I3
J7 J7
C2 C2
E1 E1
F7 F7
F3 F3
A7 A7
C3 C3
C6 C6
J5 J5
B5 B5
C4 C4
G8 G8
H3 H3
B0 B0
D6 D6
F0 F0
G0 G0
E0 E0
G6 G6
J9 J9
F8 F8
J8 J8
B9 B9
H0 H0
D0 D0
B3 B3
I7 I7
