Qwilfish Tropius Drapion Taillow Paras Taillow Drapion Vullaby Jumpluff Plusle Jumpluff Vullaby Drapion Tropius Shellos Xerneas Wailord Xerneas Shellos Tropius Qwilfish Drampa Phanpy Skiddo Noibat Simisear Sandile Meloetta Porygon2 Meloetta Inkay Vespiquen Inkay Meloetta Sandile Metapod Weezing Escavalier Weezing Metapod Sandile Simisear Slowbro Nincada Comfey Nincada Seaking Nincada Slowbro Simisear Noibat Terrakion Politoed Tornadus Kakuna Treecko Kakuna Lumineon Kakuna Tornadus Politoed Dewpider Whismur Bastiodon Whismur Dewpider Politoed Terrakion Metang Slurpuff Metang Crawdaunt Woobat Crawdaunt Metang Terrakion Scatterbug Tsareena Shellder Tsareena Scatterbug Terrakion Noibat Honedge Weepinbell Honedge Noibat Skiddo Skorupi Munna Swadloon Munna Skorupi Magnemite Yungoos Magnemite Skorupi Skiddo Phanpy Magmar Volcarona Steenee Volcarona Magmar Wartortle Zekrom Conkeldurr Zekrom Wartortle Magmar Phanpy Lotad Amoonguss Stufful Amoonguss Lotad Phanpy Drampa Froakie Bounsweet Froakie Drampa Gengar Tauros Gengar Drampa Qwilfish
64
Qwilfish Qwilfish
Tropius Tropius
Drapion Drapion
Taillow Taillow
Paras Paras
Vullaby Vullaby
Jumpluff Jumpluff
Plusle Plusle
Shellos Shellos
Xerneas Xerneas
Wailord Wailord
Drampa Drampa
Phanpy Phanpy
Skiddo Skiddo
Noibat Noibat
Simisear Simisear
Sandile Sandile
Meloetta Meloetta
Porygon2 Porygon2
Inkay Inkay
Vespiquen Vespiquen
Metapod Metapod
Weezing Weezing
Escavalier Escavalier
Slowbro Slowbro
Nincada Nincada
Comfey Comfey
Seaking Seaking
Terrakion Terrakion
Politoed Politoed
Tornadus Tornadus
Kakuna Kakuna
Treecko Treecko
Lumineon Lumineon
Dewpider Dewpider
Whismur Whismur
Bastiodon Bastiodon
Metang Metang
Slurpuff Slurpuff
Crawdaunt Crawdaunt
Woobat Woobat
Scatterbug Scatterbug
Tsareena Tsareena
Shellder Shellder
Honedge Honedge
Weepinbell Weepinbell
Skorupi Skorupi
Munna Munna
Swadloon Swadloon
Magnemite Magnemite
Yungoos Yungoos
Magmar Magmar
Volcarona Volcarona
Steenee Steenee
Wartortle Wartortle
Zekrom Zekrom
Conkeldurr Conkeldurr
Lotad Lotad
Amoonguss Amoonguss
Stufful Stufful
Froakie Froakie
Bounsweet Bounsweet
Gengar Gengar
Tauros Tauros
