Qwilfish Tropius Drapion Vullaby Jumpluff Vullaby Shellos Xerneas Shellos Drampa Phanpy Skiddo Noibat Simisear Sandile Meloetta Inkay Metapod Weezing Metapod Noibat Nincada Seaking Honedge Kakuna Dewpider Whismur Metapod Metang Crawdaunt Scatterbug Tsareena Scatterbug Honedge Skorupi Munna Swadloon Magnemite Shellos Magmar Volcarona Steenee Wartortle Zekrom Wartortle Lotad Amoonguss Dewpider Froakie Bounsweet Gengar Tauros Gengar Drampa Qwilfish
37
Drapion Taillow Drapion
Jumpluff Plusle Jumpluff
Xerneas Wailord
Meloetta Porygon2 Meloetta
Inkay Vespiquen Inkay
Weezing Escavalier Weezing
Nincada Comfey Nincada
Kakuna Treecko Kakuna
Whismur Bastiodon Whismur
Metang Slurpuff Metang
Crawdaunt Woobat Crawdaunt
Tsareena Shellder
Honedge Weepinbell Honedge
Shellos Magnemite Shellos
Zekrom Conkeldurr
Amoonguss Stufful Amoonguss
Volcarona Volcarona
Gengar Gengar
Qwilfish Qwilfish
Simisear Simisear
Metapod Metapod
Sandile Sandile
Steenee Steenee
Swadloon Swadloon
Tauros Tauros
Scatterbug Scatterbug
Vullaby Vullaby
Seaking Seaking
Magmar Magmar
Munna Munna
Skorupi Skorupi
Noibat Noibat
Froakie Froakie
Drampa Drampa
Bounsweet Bounsweet
Lotad Lotad
Skiddo Skiddo
