Latias Shelgon Latias Yanma Delphox Gible Marshtomp Gible Jigglypuff Gible Delphox Yanma Latias Zorua Wurmple Exeggutor Relicanth Aggron Vibrava Primeape Gengar Reshiram Gengar Primeape Raticate Unown Magearna Unown Raticate Primeape Vibrava Charmeleon Golisopod Charmeleon Vibrava Aggron Elgyem Aggron Voltorb Petilil Luvdisc Darumaka Staryu Darumaka Luvdisc Petilil Infernape Scolipede Infernape Noivern Talonflame Noivern Palkia Noivern Infernape Petilil Voltorb Aggron Relicanth Exeggutor Wurmple Bounsweet Wurmple Zorua Latias Dartrix Keldeo Dartrix Latias Toxicroak Corsola Toxicroak Latias
25
Shelgon Shelgon
Jigglypuff Jigglypuff
Wurmple Wurmple
Exeggutor Exeggutor
Relicanth Relicanth
Vibrava Vibrava
Primeape Primeape
Reshiram Reshiram
Raticate Raticate
Magearna Magearna
Charmeleon Charmeleon
Golisopod Golisopod
Elgyem Elgyem
Petilil Petilil
Luvdisc Luvdisc
Staryu Staryu
Infernape Infernape
Scolipede Scolipede
Noivern Noivern
Talonflame Talonflame
Palkia Palkia
Bounsweet Bounsweet
Dartrix Dartrix
Keldeo Keldeo
Toxicroak Toxicroak
