Burlington Independence Naperville Bridgeport Miramar Clarke Columbus Hampton Myrtle Louisville Chicago Merced Davenport Honolulu Killeen Prairie Amarillo Hayward Buffalo Cambridge Denver Rapids Cedar Chattanooga Greenville Julian McAllen Burlington
25
Buffalo Buffalo
Denver Denver
Naperville Naperville
Amarillo Amarillo
Myrtle Myrtle
Chicago Chicago
Merced Merced
Columbus Columbus
Honolulu Honolulu
Davenport Davenport
McAllen McAllen
Killeen Killeen
Prairie Prairie
Bridgeport Bridgeport
Chattanooga Chattanooga
Rapids Rapids
Hayward Hayward
Clarke Clarke
Miramar Miramar
Cedar Cedar
Cambridge Cambridge
Louisville Louisville
Independence Independence
Hampton Hampton
Greenville Greenville
