Myrtle Montgomery Lafayette Davidson Charles Bellevue Kansas Joliet Deltona Baton Hollywood Cedar Hesperia Champaign Brownsville Cambridge Brownsville Mobile Cary Albuquerque Canton Bradenton Jacksonville Grays Canton Dallas Chandler Hemet Monterey Plen Erie Huntsville Minneapolis Lexington Champaign Alexandria Honolulu Collins Kissimmee Harlingen Lorain Lansing Fayetteville Arvada Appleton Leominster Houma Bloomington Medford Cincinnati Chicago Brownsville Albany Barnstable Macon Cincinnati Prairie Canton Miramar Nashua Moreno Merced Aribel Abilene Hartford GreenBay Corpus Columbus ElPaso Vegas Bridgeport Lacey Huntington Muskegon Brownsville Kennewick Chesapeake Baltimore Collins Cathedral Brighton Huntington Denton Myrtle
50
Montgomery Montgomery
Davidson Davidson
Kansas Kansas
Joliet Joliet
Deltona Deltona
Hollywood Hollywood
Cedar Cedar
Champaign Champaign
Brownsville Brownsville
Mobile Mobile
Cary Cary
Albuquerque Albuquerque
Bradenton Bradenton
Grays Grays
Dallas Dallas
Chandler Chandler
Hemet Hemet
Plen Plen
Erie Erie
Huntsville Huntsville
Minneapolis Minneapolis
Lexington Lexington
Alexandria Alexandria
Kissimmee Kissimmee
Harlingen Harlingen
Lorain Lorain
Lansing Lansing
Appleton Appleton
Leominster Leominster
Houma Houma
Bloomington Bloomington
Medford Medford
Chicago Chicago
Albany Albany
Barnstable Barnstable
Macon Macon
Miramar Miramar
Nashua Nashua
Moreno Moreno
Merced Merced
Aribel Aribel
Abilene Abilene
Hartford Hartford
GreenBay GreenBay
Corpus Corpus
Bridgeport Bridgeport
Huntington Huntington
Muskegon Muskegon
Baltimore Baltimore
Cathedral Cathedral
