Monroe CSprings Naples CSprings Muskegon CSprings Lewisville Allentown Lewisville CSprings Monroe Berkeley Moreno Two Hampton Prairie Hampton Modesto Lauderdale Seven Lauderdale Modesto Hampton Two Melbourne Lacey Elizabeth Bloomington Corona Kansas Jackson Columbia Gilbert Columbia Jackson Kansas Corona Houston Arlington Bridgeport Abilene Charleston Johnson One Burlington Jefferson Myrtle Jefferson Burlington One Johnson Charleston Laredo Charleston Abilene Bridgeport Kailua Bridgeport Arlington Rapids Arlington Houston Atlanta Boise Madison Gulfport Huntsville Gulfport Cleveland Gulfport Madison Brownsville Madison Boise Aribel Naperville Havre Marysville Viejo Hesperia Clarke Irvine Hagerstown Antioch Hagerstown Irvine Clarke Hesperia McAllen Greenville Greensboro Greenville McAllen Hesperia Viejo Lincoln Lorain Boulder Cathedral Lancaster Cathedral Elkhart Huntington Elkhart Erie Elkhart Cathedral Killeen Cathedral Boulder Lorain Lincoln Viejo Marysville Minneapolis Anchorage Apple Fayetteville Apple Anchorage Daytona Anchorage Minneapolis Marysville Havre Naperville Concord Eight Athens Eight Concord Naperville Fitchburg Julian Fitchburg Naperville Aribel Augusta Eleven Denver Kennewick Denver Bradenton Denver Eleven Augusta Aribel Boise Albany Cambridge Albany Champaign Milwaukee Hialeah Mesa Hialeah Brighton Bethlehem Brighton Bremerton Bedford GreenBay Hickory Hartford Glendale Amarillo Mesquite Amarillo Birmingham Amarillo Glendale Hartford Hickory Ten Jacksonville Charlotte Kissimmee Charlotte Jacksonville Ten Lakeland Grays Aberdeen Lowell Aberdeen Grays Lakeland Ten Louisville Three Louisville Anaheim Louisville Ten Hickory Lafayette Hickory GreenBay Bedford Chula Bedford Bremerton Kenosha Honolulu Kenosha Baltimore Kenosha Bremerton Cary Bremerton Brighton Hialeah Milwaukee Dallas Milwaukee Champaign Albany Boise Atlanta Burbank Joliet Durham Joliet Burbank Atlanta Houston Corona Bloomington Elizabeth Irving Bakersfield Gastonia Chesapeake Asheville Carrollton Columbus Baton Columbus Carrollton Asheville Escondido Miami Corpus Miami Escondido Asheville Fairfield Asheville Chesapeake Manchester Chesapeake Gastonia Six Monterey Six Gastonia Bakersfield ElkGrove Evansville Nine Akron Nine Evansville Davidson Evansville ElkGrove Bakersfield Mobile Bakersfield Irving Elizabeth Lacey Melbourne Two Moreno Montgomery Merced Montgomery Detroit Montgomery Moreno Berkeley Monroe Clarksville Aurora Gainesville Hemet Hayward Denton Hayward Hemet Gainesville Aurora Duluth Dayton Fullerton Austin Fullerton Dayton Duluth Aurora Layton Canton Four Canton Leominster Canton Layton Aurora Vista Aurora Clarksville Monroe
100
Monroe Monroe
Naples Naples
Muskegon Muskegon
Lewisville Lewisville
Allentown Allentown
Hampton Hampton
Prairie Prairie
Modesto Modesto
Seven Seven
Melbourne Melbourne
Lacey Lacey
Elizabeth Elizabeth
Gilbert Gilbert
Arlington Arlington
Bridgeport Bridgeport
Abilene Abilene
Charleston Charleston
Johnson Johnson
Burlington Burlington
Laredo Laredo
Kailua Kailua
Rapids Rapids
Boise Boise
Huntsville Huntsville
Cleveland Cleveland
Brownsville Brownsville
Havre Havre
Viejo Viejo
Hesperia Hesperia
Clarke Clarke
Hagerstown Hagerstown
Antioch Antioch
Greensboro Greensboro
Boulder Boulder
Lancaster Lancaster
Elkhart Elkhart
Huntington Huntington
Erie Erie
Killeen Killeen
Anchorage Anchorage
Apple Apple
Fayetteville Fayetteville
Daytona Daytona
Athens Athens
Julian Julian
Denver Denver
Kennewick Kennewick
Bradenton Bradenton
Albany Albany
Cambridge Cambridge
Hialeah Hialeah
Mesa Mesa
Bethlehem Bethlehem
Bedford Bedford
Hickory Hickory
Hartford Hartford
Glendale Glendale
Amarillo Amarillo
Mesquite Mesquite
Birmingham Birmingham
Ten Ten
Jacksonville Jacksonville
Kissimmee Kissimmee
Lakeland Lakeland
Aberdeen Aberdeen
Lowell Lowell
Three Three
Anaheim Anaheim
Lafayette Lafayette
Kenosha Kenosha
Baltimore Baltimore
Cary Cary
Dallas Dallas
Irving Irving
Chesapeake Chesapeake
Asheville Asheville
Carrollton Carrollton
Baton Baton
Miami Miami
Corpus Corpus
Fairfield Fairfield
Manchester Manchester
Monterey Monterey
Akron Akron
Davidson Davidson
Mobile Mobile
Montgomery Montgomery
Merced Merced
Detroit Detroit
Clarksville Clarksville
Gainesville Gainesville
Hayward Hayward
Denton Denton
Dayton Dayton
Austin Austin
Layton Layton
Canton Canton
Four Four
Leominster Leominster
Vista Vista
