AF AZ BR AU BD DT CB BB BX CK AE BI AB CC AB CY BK BP BM DN AQ AG CG AM BO AA CV BS DD BN BA AS AK DB DK AP AJ BF AA AD CL BV DH BH CE AC CI DU AE BE CJ CD DF AE BY AO AA CH AW AB BW AT CS BT DV CZ DS BJ CA CM AA DQ CP DG CR CQ CU BQ AN AA CT DI AR AD AF
47
AU AU
BD BD
DT DT
BB BB
BI BI
CC CC
CY CY
BM BM
DN DN
AM AM
BO BO
CV CV
DD DD
AP AP
AJ AJ
BF BF
AD AD
CL CL
BV BV
BH BH
CE CE
AC AC
CI CI
DU DU
BE BE
CD CD
DF DF
AO AO
AA AA
CH CH
AW AW
BW BW
CS CS
BT BT
DV DV
CZ CZ
DS DS
BJ BJ
CM CM
DQ DQ
CP CP
DG DG
CR CR
CQ CQ
BQ BQ
AN AN
DI DI
