DK BG AJ CW BI AB AT CK ES HF BD CV EY GD HC CA AE FF BF BV AP DM AB DY GV EM HD CY DF AH GB AH CI ER CE HJ AB AU BH FG GE EB AA DB FC HE DZ GO CG CL FQ AD FW CR AA DN HB FZ FI AM FU GG CC CP BM CU GM DX FY CZ AF AN DC CS AF DA CD AY CO AV FS EG FT AO AG BL CF BR AK DG EF DJ BP AB GL AZ EC AB FA AA EN BW ED AC HI AC CJ AI DI EU EX BK AW AR BZ EP AC FH EA AL CX AA GK DL AB DU HA EW DE BJ BC BO AH GZ AB AA FB CM EH EL GT AG FD FP AA AQ ET AD GY BE GN CT DP AF GH BS GA GX AB FL CQ AB DO DT GR EO FN AA EJ AA DD AC BY EQ DK
94
CW CW
BI BI
AT AT
CK CK
ES ES
HF HF
EY EY
HC HC
CA CA
BF BF
BV BV
DM DM
GV GV
EM EM
HD HD
CY CY
DF DF
GB GB
CI CI
CE CE
HJ HJ
AU AU
BH BH
FG FG
EB EB
DB DB
HE HE
DZ DZ
CG CG
FW FW
CR CR
DN DN
HB HB
FZ FZ
AM AM
GG GG
CC CC
CP CP
BM BM
CU CU
DX DX
AN AN
CS CS
CD CD
AY AY
AV AV
FT FT
AO AO
AG AG
BL BL
BR BR
AK AK
EF EF
BP BP
AZ AZ
FA FA
EN EN
BW BW
ED ED
HI HI
DI DI
BZ BZ
EP EP
FH FH
EA EA
CX CX
DL DL
DU DU
EW EW
DE DE
BC BC
GZ GZ
AA AA
FB FB
CM CM
EL EL
GT GT
FD FD
FP FP
ET ET
GY GY
BE BE
GN GN
CT CT
DP DP
GX GX
AB AB
DO DO
DT DT
GR GR
EO EO
FN FN
DD DD
EQ EQ
