Soda ResidenceHalls LowerSproulPlaza AlumniHouse HaasPavilion CheitHall GiauqueHall BlackwellHall GiauqueHall GayleyRd GiauqueHall CheitHall BlumHall BirgeHall BlumHall CheitHall HaasPavilion KroeberHall FacultyClub EvansDiamond BarrowLane BarrowsHall BARTStation BarrowsHall MinorHall DonnerLab ChanShunAuditorium MinorHallAddition ChanShunAuditorium DonnerLab MinorHall BarrowsHall BarrowLane GoldmanField Cory GoldmanField LevineFrickeField EdwardsStadium BanwayBldg EdwardsStadium KoshlandHall ClearyHall EvansHall BotanicalGarden EvansHall ClearyHall KoshlandHall BerkeleyWayWest BrainImagingCenter BerkeleyWayWest KoshlandHall EdwardsStadium LeConteHall PoliceUC EyeCenter CyclotronRd EyeCenter PoliceUC LeConteHall EdwardsStadium CaliforniaHall EdwardsStadium LevineFrickeField GoldmanField BarrowLane EvansDiamond BerkeleyArtMuseum AnthonyHall Campanile AnthonyHall GilmanHall EastGate GilmanHall HilgardHall LewisHall BancroftLibrary BoaltHall BancroftLibrary LewisHall HilgardHall GilmanHall AnthonyHall ChouHall AnthonyHall BerkeleyArtMuseum CalvinLaboratory ClarkKerrCampus McConeHall CampbellHall EastAsianLibrary CampbellHall McConeHall ClarkKerrCampus CalvinLaboratory MLK BowlesHall HertzHall CNMAT HertzHall EtcheverryHall HertzHall BowlesHall MLK CalvinLaboratory BerkeleyArtMuseum DavisHall BerkeleyArtMuseum GianniniHall BerkeleyArtMuseum EvansDiamond FacultyClub ObservatoryHill EshlemanHall ObservatoryHill FacultyClub HearstFieldAnnex DurantHall HearstFieldAnnex FacultyClub KroeberHall HaasPavilion AlumniHouse HavilandHall DoeMemorialLibrary HavilandHall AlumniHouse IshiCourt BarkerHall IshiCourt AlumniHouse LowerSproulPlaza CareerCenter Insectary Dwinelle Insectary GoldmanPlaza Insectary CareerCenter VLSB CareerCenter LowerSproulPlaza ResidenceHalls Soda
40
AlumniHouse AlumniHouse
CheitHall CheitHall
BlackwellHall BlackwellHall
BlumHall BlumHall
BirgeHall BirgeHall
EvansDiamond EvansDiamond
BarrowLane BarrowLane
BarrowsHall BarrowsHall
BARTStation BARTStation
DonnerLab DonnerLab
ChanShunAuditorium ChanShunAuditorium
Cory Cory
EdwardsStadium EdwardsStadium
BanwayBldg BanwayBldg
BotanicalGarden BotanicalGarden
BerkeleyWayWest BerkeleyWayWest
BrainImagingCenter BrainImagingCenter
CyclotronRd CyclotronRd
CaliforniaHall CaliforniaHall
BerkeleyArtMuseum BerkeleyArtMuseum
AnthonyHall AnthonyHall
Campanile Campanile
EastGate EastGate
BancroftLibrary BancroftLibrary
BoaltHall BoaltHall
ChouHall ChouHall
CalvinLaboratory CalvinLaboratory
ClarkKerrCampus ClarkKerrCampus
CampbellHall CampbellHall
EastAsianLibrary EastAsianLibrary
CNMAT CNMAT
EtcheverryHall EtcheverryHall
DavisHall DavisHall
EshlemanHall EshlemanHall
DurantHall DurantHall
DoeMemorialLibrary DoeMemorialLibrary
BarkerHall BarkerHall
CareerCenter CareerCenter
Dwinelle Dwinelle
VLSB VLSB
