Soda SatherTower Moffitt MorganHall MorrisonHall MorganHall Moffitt SatherTower RSF SatherRd RSF SatherTower SatherGate NorthField MulfordHall NorthField SatherGate SatherTower Soda SeniorHall TangCenter SproulPlaza TangCenter SutardjaDaiHall Unit1 SutardjaDaiHall TangCenter SeniorHall WursterHall SeniorHall Soda Campanile AlumniHouse BanwayBldg BarkerHall BanwayBldg AlumniHouse BarrowLane Dwinelle BarrowLane AlumniHouse BarrowsHall CampbellHall CareerCenter CampbellHall BarrowsHall AlumniHouse Campanile Soda Jacobs HaasPavilion GreekTheatre EshlemanHall LeConteHall MemorialGlade LeConteHall MLK Lawrence MLK LeConteHall EshlemanHall EyeCenter EshlemanHall GreekTheatre HaasPavilion Jacobs Soda
18
MorganHall MorganHall
MorrisonHall MorrisonHall
SatherRd SatherRd
MulfordHall MulfordHall
SproulPlaza SproulPlaza
SutardjaDaiHall SutardjaDaiHall
Unit1 Unit1
WursterHall WursterHall
Campanile Campanile
BarkerHall BarkerHall
Dwinelle Dwinelle
CareerCenter CareerCenter
Jacobs Jacobs
LeConteHall LeConteHall
MemorialGlade MemorialGlade
MLK MLK
Lawrence Lawrence
EyeCenter EyeCenter
