McLaughlinHall MoffittLibrary RedwoodGroveBotanica McLaughlinHall DurantHall McLaughlinHall BotanicalGarden KroeberHall McLaughlinHall McLaughlinHall EnergyBiosciencesBui GrinnellNaturalArea EtcheverryHall McLaughlinHall EvansDiamond EastAsianStudiesInst WarrenHall HertzHall BancroftParkingStruc Library McLaughlinHall SeniorHall McLaughlinHall McLaughlinHall BerkeleyArtMuseumand ZellerbachHall SimpsonCenterforStud McLaughlinHall WitterRugbyField McLaughlinHall Unit3ResidentHall WomensFacultyClub EshlemanHall McLaughlinHall GiauqueHall SpiekerAquaticsCompl InsectaryGreenhouse McLaughlinHall LevineFrickeSoftball McLaughlinHall StrawberryCanyonRecr Romeos UCBerkeleyExtension CNMAT1750ArchSt McLaughlinHall CampusSharedServices StephensHall McLaughlinHall
33
McLaughlinHall CareerCenter MathematicalSciences SamsPad HasteStreetChildDeve VisitorCenter RecreationalSportsFa PublicAffairsOfficeo ResidentialStudentSe FacultyGlade LegendsAquaticCenter MagnesCollectionofJe JonesChildStudyCente GianniniHall AnnaHeadAlumnaeHall GoldmanSchool McLaughlinHall
CNMAT1750ArchSt CNMAT1750ArchSt
EvansDiamond EvansDiamond
WitterRugbyField WitterRugbyField
RedwoodGroveBotanica RedwoodGroveBotanica
UCBerkeleyExtension UCBerkeleyExtension
GrinnellNaturalArea GrinnellNaturalArea
SeniorHall SeniorHall
EastAsianStudiesInst EastAsianStudiesInst
Unit3ResidentHall Unit3ResidentHall
DurantHall DurantHall
BancroftParkingStruc BancroftParkingStruc
CampusSharedServices CampusSharedServices
StrawberryCanyonRecr StrawberryCanyonRecr
EshlemanHall EshlemanHall
InsectaryGreenhouse InsectaryGreenhouse
WarrenHall WarrenHall
MoffittLibrary MoffittLibrary
EtcheverryHall EtcheverryHall
StephensHall StephensHall
ZellerbachHall ZellerbachHall
HertzHall HertzHall
EnergyBiosciencesBui EnergyBiosciencesBui
BerkeleyArtMuseumand BerkeleyArtMuseumand
BotanicalGarden BotanicalGarden
SimpsonCenterforStud SimpsonCenterforStud
KroeberHall KroeberHall
GiauqueHall GiauqueHall
Library Library
Romeos Romeos
LevineFrickeSoftball LevineFrickeSoftball
SpiekerAquaticsCompl SpiekerAquaticsCompl
WomensFacultyClub WomensFacultyClub
