LegendsAquaticCenter DurantHall LegendsAquaticCenter GolbousPlace LegendsAquaticCenter ValleyLifeSciencesBu LegendsAquaticCenter MemorialGlade LegendsAquaticCenter EucalyptusGrove LegendsAquaticCenter CITRIS LegendsAquaticCenter LewisHall LegendsAquaticCenter NorthGateHall LegendsAquaticCenter SodaHall LegendsAquaticCenter LeConteHall LegendsAquaticCenter LevineFrickeSoftball LegendsAquaticCenter EllsworthParkingStru LegendsAquaticCenter GoldmanField LegendsAquaticCenter StarrEastAsianLibrar LegendsAquaticCenter LawSchool LegendsAquaticCenter NorthField LegendsAquaticCenter SoutheastAsianStudie LegendsAquaticCenter InvestigativeReporti LegendsAquaticCenter SatherTower LegendsAquaticCenter
20
LegendsAquaticCenter LegendsAquaticCenter
DurantHall DurantHall
GolbousPlace GolbousPlace
ValleyLifeSciencesBu ValleyLifeSciencesBu
MemorialGlade MemorialGlade
EucalyptusGrove EucalyptusGrove
CITRIS CITRIS
LewisHall LewisHall
NorthGateHall NorthGateHall
SodaHall SodaHall
LeConteHall LeConteHall
LevineFrickeSoftball LevineFrickeSoftball
EllsworthParkingStru EllsworthParkingStru
GoldmanField GoldmanField
StarrEastAsianLibrar StarrEastAsianLibrar
LawSchool LawSchool
NorthField NorthField
SoutheastAsianStudie SoutheastAsianStudie
InvestigativeReporti InvestigativeReporti
SatherTower SatherTower
