BerkeleyArtMuseumand LawSchool BancroftLibrary ArchitectsEngineersA BerkeleyArtMuseumand SpiekerAquaticsCompl MulfordHall BerkeleyArtMuseumand LawrenceHallofScienc HaasSchoolofBusiness UniversityHouse IRLE McConeHall BerkeleyArtMuseumand AnthonyHall Demography BarrowsHall LiKaShingCenter Library AlumniHouse BancroftDanceStudio PublicAffairsOfficeo HavilandHall MorrisonHall NorthField KoshlandHall SimpsonCenterforStud BerkeleyArtMuseumand PacificFilmArchiveBe BerkeleyArtMuseumand FacultyGlade Sebastians SutardjaDaiHall GolbousPlace UniversityHealthServ CoryHall BerkeleyArtMuseumand LawrenceBerkeleyNati EllsworthParkingStru MathematicalSciences BerkeleyArtMuseumand EnergyBiosciencesBui HearstMemorialMining LeConteHall BowlesHall BerkeleyArtMuseumand ManvilleHall BerkeleyArtMuseumand CesarEChavezStudentC GianniniHall BerkeleyArtMuseumand EdwardsTrackStadiumG ZellerbachHall BerkeleyArtMuseumand NaturalResourcesLabo BerkeleyArtMuseumand WellmanHall BerkeleyArtMuseumand EastAsianStudiesInst FoxCottage2350Bowdit SimonHall Unit1ResidentHall InternationalHouse LowerHearstParkingSt BerkeleyArtMuseumand
51
BerkeleyArtMuseumand LegendsAquaticCenter SatherTower CareerCenter FallProgramforFreshm WarrenHall ChancellorsEsplanade EvansDiamond InsectaryGreenhouse MariesHouse LatinAmericanStudies McLaughlinHall AcademicInnovationSt ObservatoryHill StanleyHall EvansHall GraduateTheologicalU KoretVisitorCenter MosesHall MartinezCommons UpperHearstParkingSt GoldmanField CheitHall ClarkKerrCampus FacultyClub CaliforniaHall HenryHWheelerBrainIm InvestigativeReporti BanwayBuilding MagnesCollectionofJe AHammock MaxwellFamilyFieldan BerkeleyArtMuseumand
FoxCottage2350Bowdit FoxCottage2350Bowdit
AnthonyHall AnthonyHall
SimpsonCenterforStud SimpsonCenterforStud
PublicAffairsOfficeo PublicAffairsOfficeo
BowlesHall BowlesHall
BancroftLibrary BancroftLibrary
McConeHall McConeHall
CesarEChavezStudentC CesarEChavezStudentC
LeConteHall LeConteHall
KoshlandHall KoshlandHall
GianniniHall GianniniHall
BancroftDanceStudio BancroftDanceStudio
HavilandHall HavilandHall
SutardjaDaiHall SutardjaDaiHall
Demography Demography
HearstMemorialMining HearstMemorialMining
AlumniHouse AlumniHouse
EnergyBiosciencesBui EnergyBiosciencesBui
PacificFilmArchiveBe PacificFilmArchiveBe
NorthField NorthField
ArchitectsEngineersA ArchitectsEngineersA
MulfordHall MulfordHall
FacultyGlade FacultyGlade
SpiekerAquaticsCompl SpiekerAquaticsCompl
ManvilleHall ManvilleHall
BarrowsHall BarrowsHall
HaasSchoolofBusiness HaasSchoolofBusiness
EdwardsTrackStadiumG EdwardsTrackStadiumG
InternationalHouse InternationalHouse
MathematicalSciences MathematicalSciences
GolbousPlace GolbousPlace
LawSchool LawSchool
IRLE IRLE
EastAsianStudiesInst EastAsianStudiesInst
Unit1ResidentHall Unit1ResidentHall
UniversityHouse UniversityHouse
SimonHall SimonHall
MorrisonHall MorrisonHall
EllsworthParkingStru EllsworthParkingStru
NaturalResourcesLabo NaturalResourcesLabo
Sebastians Sebastians
LawrenceHallofScienc LawrenceHallofScienc
LawrenceBerkeleyNati LawrenceBerkeleyNati
Library Library
LiKaShingCenter LiKaShingCenter
WellmanHall WellmanHall
CoryHall CoryHall
ZellerbachHall ZellerbachHall
LowerHearstParkingSt LowerHearstParkingSt
UniversityHealthServ UniversityHealthServ
