a d b c bg c b e b i b j b p b t b ae b am b aq b ar b aw b ba b bk b bs b bt b d a f a k cn k a l cp l a m a n a o a q a w a x a y a z a aa a ai a al a ap a av a bd a be a bi a bl a bm a bp a bq a bu a bw a bx a by a cb a ce a cg a ch a cj a cm a cr a
50
a a
d d
bg bg
i i
j j
p p
t t
ae ae
am am
aq aq
ar ar
aw aw
ba ba
bk bk
bs bs
bt bt
f f
cn cn
cp cp
m m
n n
o o
q q
w w
x x
y y
z z
aa aa
ai ai
al al
ap ap
av av
bd bd
be be
bi bi
bl bl
bm bm
bp bp
bq bq
bu bu
bw bw
bx bx
by by
cb cb
ce ce
cg cg
ch ch
cj cj
cm cm
cr cr
