Pantheon Spectre Kayn Skarner Jhin Kled Jhin Lux Jhin Skarner Bard Skarner Kayn Spectre Kalista Jayce Shyvana Ashe Shyvana Jayce Kalista Spectre Renekton Magnus Windranger Lucian Windranger Magnus Renekton Undying Morgana Undying Anivia Undying Renekton Spectre Pantheon Thresh Weaver LoneDruid Nautilus Nunu Ezreal Nunu MasterYi Nunu Nautilus LoneDruid Oracle LoneDruid Weaver Thresh Sona Malphite Sona Rammus LegionCommander BountyHunter NaturesProphet Sejuani Slark Sejuani NaturesProphet BountyHunter LegionCommander Rammus Chen SkywrathMage ChaosKnight Lich ChaosKnight SpiritBreaker Rumble SpiritBreaker Draven Jinx Draven Bristleback Tailyah Bristleback Maokai Bristleback Razor Bristleback Draven SpiritBreaker ChaosKnight Ziggs CentaurWarrunner Galio Phoenix Jax WraithKing Jax Phoenix Galio CentaurWarrunner Cassiopeia Bane TrollWarlord Bane Cassiopeia Talon NightStalker Talon Cassiopeia CentaurWarrunner Ziggs Akali Heimerdinger Akali Ziggs ChaosKnight Xerath ChaosKnight SkywrathMage Chen Rammus Disruptor KogMaw CrystalMaiden KogMaw Disruptor Rammus Sona Thresh Tiny Thresh Pantheon Ahri ArcWarden Ahri Pantheon
48
Spectre Spectre
Skarner Skarner
Jhin Jhin
Kled Kled
Lux Lux
Bard Bard
Jayce Jayce
Shyvana Shyvana
Ashe Ashe
Magnus Magnus
Lucian Lucian
Morgana Morgana
Anivia Anivia
LoneDruid LoneDruid
Nunu Nunu
Ezreal Ezreal
MasterYi MasterYi
Oracle Oracle
Malphite Malphite
BountyHunter BountyHunter
Slark Slark
ChaosKnight ChaosKnight
Lich Lich
SpiritBreaker SpiritBreaker
Rumble Rumble
Draven Draven
Jinx Jinx
Bristleback Bristleback
Tailyah Tailyah
Maokai Maokai
Ziggs Ziggs
CentaurWarrunner CentaurWarrunner
Galio Galio
Phoenix Phoenix
Jax Jax
WraithKing WraithKing
TrollWarlord TrollWarlord
Talon Talon
NightStalker NightStalker
Akali Akali
Heimerdinger Heimerdinger
Xerath Xerath
Disruptor Disruptor
KogMaw KogMaw
CrystalMaiden CrystalMaiden
Tiny Tiny
Ahri Ahri
ArcWarden ArcWarden
