Fizz Bane Orianna Kled Xayah Slark Trundle ShadowDemon CentaurWarrunner Magnus Jinx Nunu Syndra Venomancer BountyHunter Fiddlesticks VelKoz Warlock Huskar TrollWarlord Kayn Irelia Ryze Jayce Thresh FacelessVoid Beastmaster NightStalker Quinn KhaZix Mirana Medusa LoneDruid Cassiopeia SpiritBreaker Puck Tristana Brewmaster Techies Zilean Sniper Oracle Undying Janna JarvanIV Pantheon DeathProphet Katarina Nidalee Kennen Vladimir Rubick Rumble Zed StormSpirit Amumu Gragas Terrorblade Talon Tiny Lucian Chen Visage Timbersaw LeBlanc ShadowFiend Annie Heimerdinger Azir Rengar Leona Sona Yorick Nasus Viktor Ziggs Morphling WinterWyvern Omniknight Vi ShadowShaman Kassadin Ekko Slardar Sven Weaver Singed TahmKench Karma DrMundo Fizz
89
Thresh Thresh
Heimerdinger Heimerdinger
Huskar Huskar
Sven Sven
Nasus Nasus
Medusa Medusa
Tiny Tiny
Katarina Katarina
Terrorblade Terrorblade
KhaZix KhaZix
Slardar Slardar
Kassadin Kassadin
Gragas Gragas
Kennen Kennen
CentaurWarrunner CentaurWarrunner
Sniper Sniper
WinterWyvern WinterWyvern
Nidalee Nidalee
NightStalker NightStalker
Annie Annie
Singed Singed
Quinn Quinn
Ekko Ekko
Venomancer Venomancer
Karma Karma
Omniknight Omniknight
StormSpirit StormSpirit
BountyHunter BountyHunter
Warlock Warlock
Weaver Weaver
ShadowFiend ShadowFiend
DeathProphet DeathProphet
Fiddlesticks Fiddlesticks
Janna Janna
Undying Undying
Rengar Rengar
Fizz Fizz
Magnus Magnus
Visage Visage
TrollWarlord TrollWarlord
Kled Kled
Jinx Jinx
Syndra Syndra
Sona Sona
Azir Azir
LoneDruid LoneDruid
Zed Zed
Rubick Rubick
Morphling Morphling
Irelia Irelia
Techies Techies
Beastmaster Beastmaster
FacelessVoid FacelessVoid
VelKoz VelKoz
LeBlanc LeBlanc
Amumu Amumu
Pantheon Pantheon
ShadowDemon ShadowDemon
Puck Puck
SpiritBreaker SpiritBreaker
Bane Bane
Yorick Yorick
Vladimir Vladimir
Ryze Ryze
Mirana Mirana
Slark Slark
Orianna Orianna
Trundle Trundle
JarvanIV JarvanIV
Timbersaw Timbersaw
Jayce Jayce
Ziggs Ziggs
Tristana Tristana
Xayah Xayah
Cassiopeia Cassiopeia
Chen Chen
Viktor Viktor
Leona Leona
Oracle Oracle
Lucian Lucian
Vi Vi
Nunu Nunu
Brewmaster Brewmaster
ShadowShaman ShadowShaman
Talon Talon
Rumble Rumble
Zilean Zilean
TahmKench TahmKench
Kayn Kayn
