Zeus Bloodseeker Lulu Xayah Timbersaw Braum Timbersaw Sion Syndra Enchantress Leshrac Enchantress Syndra Sion Timbersaw Xayah Axe Xayah Lulu Twitch Jax Blitzcrank EmberSpirit Blitzcrank Dazzle Blitzcrank Jax Nocturne Jax Olaf Rammus Kled Renekton Slardar Renekton Kled Rammus TreantProtector Sven ElderTitan Sven TreantProtector Lycan TreantProtector Rammus Olaf Jax AncientApparition Jax Twitch Gragas Shen Gragas Twitch Lulu Bloodseeker Zeus
20
Zeus Zeus
Bloodseeker Bloodseeker
Lulu Lulu
Xayah Xayah
Braum Braum
Syndra Syndra
Leshrac Leshrac
Axe Axe
Twitch Twitch
Blitzcrank Blitzcrank
EmberSpirit EmberSpirit
Dazzle Dazzle
Nocturne Nocturne
Renekton Renekton
Slardar Slardar
TreantProtector TreantProtector
Sven Sven
ElderTitan ElderTitan
Lycan Lycan
Shen Shen
