0 2 3 4 5 4 3 2 0 7 9 10 72 67 63 59 57 59 63 67 72 10 26 28 27 28 12 30 31 14 47 45 42 45 47 48 49 50 93 50 49 92 90 44 43 91 43 80 88 80 99 16 15 14 17 18 19 18 17 14 15 16 99 16 76 40 31 30 33 41 81 41 33 30 12 73 69 65 69 73 12 28 29 34 38 75 95 96 97 98 83 82 87 84 37 39 35 39 37 84 87 82 83 99 16 15 14 13 12 11 71 68 64 68 71 11 10 8 7 8 74 66 62 58 56 52 55 54 55 52 56 58 62 66 74 8 7 0 23 0
75
0 1 21 22 0
5 6 5
9 24 9
57 51 57
27 77 27
42 86 42
93 89 93
91 46 91
88 94 88
19 20 19
14 13 14
99 85 83 99
76 78 76
31 40 31
30 32 30
33 36 33
81 79 81
65 61 70 65
64 60 64
7 25 7
54 53 54
2 2
3 3
4 4
8 8
10 10
11 11
12 12
15 15
16 16
17 17
18 18
23 23
26 26
28 28
29 29
34 34
35 35
37 37
38 38
39 39
41 41
43 43
44 44
45 45
47 47
48 48
49 49
50 50
52 52
55 55
56 56
58 58
59 59
62 62
63 63
66 66
67 67
68 68
69 69
71 71
72 72
73 73
74 74
75 75
80 80
82 82
84 84
87 87
90 90
92 92
95 95
96 96
97 97
98 98
