6 3 1 4 0 8 5 2 7 0 6 11 15 13 14 16 19 12 10 18 11 24 20 21 20 22 28 26 23 20 24 30 33 32 38 36 30 39 31 30 42 40 44 48 49 46 41 40 42 55 58 57 50 51 50 59 50 55 67 69 60 66 60 64 65 60 68 62 63 60 67 73 74 78 72 79 75 77 73 80 81 87 82 88 85 80 96 92 94 98 97 90 95 96 6
44
1 1
4 4
0 0
8 8
7 7
15 15
14 14
19 19
10 10
18 18
20 20
21 21
26 26
23 23
38 38
36 36
39 39
31 31
40 40
48 48
46 46
41 41
57 57
51 51
50 50
59 59
69 69
60 60
65 65
62 62
63 63
74 74
78 78
79 79
75 75
77 77
81 81
87 87
88 88
85 85
98 98
97 97
90 90
95 95
