L16 L8 L99 L138 L27 L63 L61 L103 L133 L68 L0 L144 L0 L131 L141 L129 L128 L0 L20 L92 L2 L79 L114 L84 L56 L70 L0 L8 L0 L0 L126 L104 L150 L87 L95 L2 L130 L1 L152 L9 L1 L83 L107 L89 L11 L1 L109 L21 L0 L76 L6 L139 L8 L125 L134 L35 L106 L53 L110 L4 L90 L119 L80 L151 L140 L12 L28 L52 L43 L142 L100 L145 L67 L47 L146 L22 L94 L85 L1 L3 L3 L153 L82 L62 L0 L0 L29 L5 L24 L1 L0 L1 L91 L1 L0 L149 L4 L143 L65 L40 L18 L5 L2 L0
78
L0 L77 L2 L101 L147 L124 L93 L7 L72
L8 L38 L8
L3 L74 L75
L1 L78 L1
L4 L4
L106 L106
L62 L62
L125 L125
L95 L95
L131 L131
L83 L83
L119 L119
L29 L29
L146 L146
L114 L114
L89 L89
L104 L104
L91 L91
L18 L18
L144 L144
L20 L20
L130 L130
L150 L150
L126 L126
L16 L16
L24 L24
L92 L92
L100 L100
L43 L43
L35 L35
L79 L79
L139 L139
L56 L56
L87 L87
L153 L153
L76 L76
L140 L140
L103 L103
L138 L138
L109 L109
L80 L80
L40 L40
L28 L28
L85 L85
L149 L149
L53 L53
L143 L143
L142 L142
L134 L134
L12 L12
L151 L151
L52 L52
L107 L107
L90 L90
L27 L27
L11 L11
L70 L70
L145 L145
L65 L65
L67 L67
L110 L110
L47 L47
L128 L128
L129 L129
L133 L133
L61 L61
L94 L94
L99 L99
L22 L22
L21 L21
L5 L5
L84 L84
L141 L141
L63 L63
L82 L82
L9 L9
L68 L68
L152 L152
