5 0 1 2 3 2 1 0 4 0 5 11 6 7 8 9 8 7 6 10 6 11 17 12 13 14 15 14 13 12 16 12 17 23 18 19 20 21 20 19 18 22 18 23 29 24 25 26 27 26 25 24 28 24 29 35 30 31 32 33 32 31 30 34 30 35 41 36 37 38 39 38 37 36 40 36 41 47 42 43 44 45 44 43 42 46 42 47 53 48 49 50 51 50 49 48 52 48 53 59 54 55 56 57 56 55 54 58 54 59 65 60 61 62 63 62 61 60 64 60 65 71 66 67 68 69 68 67 66 70 66 71 77 72 73 74 75 74 73 72 76 72 77 83 78 79 80 81 80 79 78 82 78 83 89 84 85 86 87 86 85 84 88 84 89 95 90 91 92 93 92 91 90 94 90 95 101 96 97 98 99 98 97 96 100 96 101 107 102 103 104 105 104 103 102 106 102 107 113 108 109 110 109 108 113 119 114 115 116 115 114 119 125 120 121 122 121 120 125 131 126 127 128 127 126 131 137 132 133 134 133 132 137 143 138 139 140 139 138 143 149 144 145 146 145 144 149 155 150 151 152 151 150 155 161 156 157 158 157 156 161 167 162 163 164 163 162 167 173 168 169 170 169 168 173 167 161 155 149 143 137 131 125 119 113 107 101 95 89 83 77 71 65 59 53 47 41 35 29 23 17 11 5 179 174 175 176 175 174 179 5
90
0 0
1 1
2 2
3 3
4 4
6 6
7 7
8 8
9 9
10 10
12 12
13 13
14 14
15 15
16 16
18 18
19 19
20 20
21 21
22 22
24 24
25 25
26 26
27 27
28 28
30 30
31 31
32 32
33 33
34 34
36 36
37 37
38 38
39 39
40 40
42 42
43 43
44 44
45 45
46 46
48 48
49 49
50 50
51 51
52 52
54 54
55 55
56 56
57 57
58 58
60 60
61 61
62 62
63 63
64 64
66 66
67 67
68 68
69 69
70 70
72 72
73 73
74 74
75 75
76 76
78 78
79 79
80 80
81 81
82 82
84 84
85 85
86 86
87 87
88 88
90 90
91 91
92 92
93 93
94 94
96 96
97 97
98 98
99 99
100 100
102 102
103 103
104 104
105 105
106 106
