0 2 90 143 90 94 90 2 0 4 10 6 5 6 7 76 84 83 84 76 88 95 88 76 104 102 110 102 104 76 7 6 9 8 9 133 131 142 131 133 9 6 11 15 21 16 23 28 85 28 23 31 36 44 36 31 100 105 113 114 113 105 100 31 23 141 23 16 21 15 22 15 127 15 11 18 11 6 10 13 115 125 115 13 10 17 25 17 10 135 10 4 12 19 24 29 30 63 71 69 71 63 30 29 24 109 24 19 26 32 40 118 87 93 97 89 97 93 99 106 111 117 111 106 122 120 122 106 99 93 87 118 40 32 26 19 60 65 60 19 12 20 27 33 27 35 43 42 46 45 46 42 73 77 78 77 73 42 43 47 43 51 53 51 43 54 56 64 68 64 72 64 91 103 98 96 101 96 98 103 91 64 137 64 56 138 56 54 43 35 27 20 129 128 129 20 12 4 49 50 58 62 67 70 67 75 80 119 123 119 126 134 126 119 80 75 82 81 86 81 82 75 132 75 67 62 146 62 58 66 58 50 49 55 49 4 0 108 1 38 34 39 34 38 1 149 148 149 1 108 0 145 0
100
0 0
143 143
94 94
4 4
10 10
5 5
7 7
76 76
84 84
83 83
95 95
104 104
110 110
9 9
8 8
133 133
131 131
142 142
11 11
15 15
16 16
23 23
28 28
85 85
31 31
36 36
44 44
105 105
113 113
114 114
141 141
22 22
127 127
18 18
13 13
125 125
25 25
135 135
12 12
19 19
24 24
29 29
30 30
69 69
109 109
26 26
32 32
40 40
118 118
93 93
97 97
89 89
111 111
117 117
122 122
120 120
60 60
65 65
27 27
33 33
35 35
43 43
42 42
45 45
73 73
77 77
78 78
47 47
51 51
53 53
56 56
64 64
68 68
98 98
96 96
101 101
137 137
138 138
128 128
49 49
62 62
67 67
70 70
75 75
80 80
119 119
123 123
134 134
82 82
81 81
86 86
132 132
146 146
66 66
55 55
108 108
34 34
39 39
148 148
145 145
