1 100 25 66 11 50 1 80 91 53 6 29 36 19 5 47 63 96 28 27 1 42 3 93 73 1 22 64 46 45 16 43 3 13 3 2 55 8 87 62 60 57 21 3 94 72 23 9 71 61 1 39 14 1 35 15 83 6 84 58 7 6 33 1 51 17 82 38 26 54 98 99 76 68 67 20 2 12 90 85 24 49 40 41 3 81 77 1
50
1 1
100 100
50 50
91 91
53 53
29 29
19 19
5 5
63 63
28 28
42 42
73 73
64 64
45 45
16 16
3 3
55 55
8 8
87 87
62 62
21 21
94 94
72 72
9 9
71 71
61 61
39 39
14 14
35 35
83 83
58 58
7 7
6 6
33 33
17 17
82 82
26 26
99 99
76 76
68 68
67 67
2 2
12 12
90 90
85 85
49 49
40 40
41 41
81 81
77 77
