1 54 116 64 176 65 18 177 27 155 23 82 81 24 192 108 144 25 1 110 146 31 149 121 56 49 158 59 194 13 5 183 86 88 20 119 135 197 87 127 70 8 17 111 2 74 1 195 67 188 9 131 113 78 100 53 2 164 129 89 136 162 140 2 35 8 2 36 199 47 138 180 60 72 34 159 84 161 40 11 8 6 165 1 137 148 3 97 112 21 151 2 147 90 191 181 68 94 114 32 38 122 4 92 163 6 28 71 178 52 2 189 62 77 12 142 123 2 4 186 4 73 120 152 93 57 66 150 172 5 190 44 143 79 4 126 98 6 103 118 109 76 128 156 117 7 132 42 3 33 14 45 9 170 184 166 91 139 13 167 41 182 3 80 16 2 99 6 153 6 29 160 95 1
100
116 116
64 64
176 176
65 65
27 27
155 155
81 81
192 192
108 108
25 25
149 149
121 121
59 59
13 13
183 183
20 20
119 119
197 197
87 87
127 127
70 70
17 17
2 2
74 74
67 67
188 188
9 9
131 131
78 78
100 100
53 53
164 164
129 129
89 89
140 140
35 35
36 36
180 180
60 60
34 34
159 159
161 161
40 40
11 11
6 6
165 165
137 137
148 148
3 3
97 97
112 112
21 21
151 151
147 147
191 191
181 181
68 68
94 94
114 114
32 32
122 122
92 92
163 163
28 28
178 178
52 52
77 77
12 12
142 142
123 123
186 186
120 120
93 93
57 57
172 172
190 190
44 44
143 143
79 79
126 126
118 118
76 76
117 117
7 7
132 132
42 42
14 14
45 45
170 170
184 184
91 91
139 139
167 167
182 182
16 16
99 99
153 153
29 29
160 160
95 95
