16 33 63 43 67 55 40 9 52 57 84 96 0 38 86 99 82 20 69 81 11 62 0 72 31 6 93 13 56 15 80 37 65 59 94 53 3 48 4 71 51 8 18 7 41 76 2 77 0 44 11 61 23 95 17 29 50 58 1 28 1 5 49 24 3 45 3 46 74 68 3 21 25 4 36 39 78 73 75 92 19 85 7 1 83 90 0 60 88 47 35 2 27 6 8 16
50
33 33
55 55
40 40
52 52
84 84
96 96
0 0
86 86
82 82
20 20
81 81
11 11
62 62
31 31
93 93
15 15
80 80
37 37
65 65
94 94
53 53
51 51
18 18
77 77
44 44
61 61
23 23
17 17
29 29
50 50
58 58
5 5
3 3
74 74
68 68
21 21
25 25
36 36
39 39
75 75
92 92
19 19
85 85
7 7
83 83
90 90
60 60
88 88
35 35
6 6
