187 86 156 141 103 88 151 94 151 88 153 29 3 29 153 88 103 141 37 42 37 59 13 59 37 121 18 67 99 196 99 7 68 162 185 32 45 32 185 199 70 199 195 63 48 63 195 199 185 162 68 7 38 145 179 110 179 145 36 87 36 145 177 98 66 8 66 98 172 144 119 144 52 104 113 11 188 191 188 49 77 107 77 49 161 178 136 178 161 49 188 11 113 104 166 173 72 84 40 84 72 173 30 2 30 173 166 78 164 78 166 104 52 144 172 98 177 145 38 7 99 67 47 67 138 50 142 175 102 128 124 181 71 22 109 131 109 22 71 181 100 65 140 117 73 117 140 65 64 95 58 159 157 83 157 19 53 35 137 165 194 167 33 130 139 189 54 55 54 89 54 97 135 14 21 108 21 192 106 111 106 6 149 132 149 169 190 169 149 6 12 6 106 163 106 152 106 192 21 90 21 14 135 97 54 189 80 189 139 130 33 167 194 154 134 154 194 165 74 129 160 39 69 146 41 93 41 146 114 79 114 146 69 1 69 171 69 44 69 39 160 129 74 165 137 96 180 96 137 35 53 19 157 159 176 159 58 95 64 65 183 65 61 34 197 24 60 81 127 28 101 92 101 28 116 184 116 28 127 82 127 81 123 15 123 148 150 148 123 81 60 24 197 34 126 34 61 65 100 181 124 23 124 133 124 128 102 9 102 175 142 50 138 67 18 121 37 120 37 141 156 86 187
100
86 86
156 156
94 94
153 153
29 29
42 42
59 59
13 13
18 18
67 67
196 196
7 7
68 68
162 162
32 32
45 45
199 199
70 70
63 63
48 48
110 110
36 36
87 87
8 8
172 172
119 119
52 52
191 191
107 107
161 161
136 136
166 166
173 173
72 72
30 30
2 2
78 78
164 164
47 47
142 142
175 175
128 128
124 124
181 181
71 71
109 109
131 131
65 65
140 140
117 117
73 73
95 95
58 58
157 157
83 83
53 53
165 165
33 33
54 54
55 55
89 89
97 97
108 108
111 111
6 6
132 132
169 169
190 190
12 12
163 163
152 152
90 90
80 80
154 154
134 134
160 160
39 39
69 69
146 146
41 41
93 93
114 114
79 79
171 171
44 44
180 180
176 176
183 183
127 127
92 92
184 184
82 82
15 15
148 148
150 150
126 126
23 23
133 133
9 9
120 120
