0 21 25 78 29 51 57 94 26 3 83 31 24 73 16 48 5 46 56 97 40 82 8 96 13 62 17 36 33 61 53 54 7 95 77 0 55 75 0 93 64 45 74 1 66 44 87 71 30 2 27 79 34 99 91 58 70 92 69 14 72 6 68 0 59 52 2 23 63 37 19 22 49 20 98 11 86 81 67 10 28 60 1 32 15 9 47 89 88 4 42 35 38 39 41 12 80 18 85 100 0
95
0 65 50 84
2 43 2
1 90 76 1
3 3
4 4
5 5
6 6
7 7
8 8
9 9
10 10
11 11
12 12
13 13
14 14
15 15
16 16
17 17
18 18
19 19
20 20
21 21
22 22
23 23
24 24
25 25
26 26
27 27
28 28
29 29
30 30
31 31
32 32
33 33
34 34
35 35
36 36
37 37
38 38
39 39
40 40
41 41
42 42
44 44
45 45
46 46
47 47
48 48
49 49
51 51
52 52
53 53
54 54
55 55
56 56
57 57
58 58
59 59
60 60
61 61
62 62
63 63
64 64
66 66
67 67
68 68
69 69
70 70
71 71
72 72
73 73
74 74
75 75
77 77
78 78
79 79
80 80
81 81
82 82
83 83
85 85
86 86
87 87
88 88
89 89
91 91
92 92
93 93
94 94
95 95
96 96
97 97
98 98
99 99
100 100
