0 1 39 1 80 62 19 95 27 21 27 95 19 62 61 45 75 22 18 69 3 25 3 69 18 83 6 83 50 85 60 86 35 86 40 2 40 86 60 85 37 85 50 83 18 22 75 93 57 23 42 11 13 41 13 8 17 91 31 91 17 36 97 58 97 36 17 28 96 20 96 28 17 8 13 11 42 7 29 72 79 38 47 43 84 52 94 64 33 24 33 64 94 81 34 89 78 89 34 81 9 81 94 52 84 43 47 38 79 72 29 10 4 10 29 7 42 23 57 93 75 45 61 62 80 12 80 1 0 44 46 90 49 5 49 56 70 30 71 15 26 15 59 87 48 14 48 73 48 65 98 16 98 65 48 87 59 15 71 30 70 32 70 56 49 90 46 44 0
50
1 1
39 39
19 19
27 27
21 21
45 45
22 22
18 18
3 3
25 25
6 6
50 50
35 35
40 40
2 2
37 37
23 23
42 42
11 11
13 13
41 41
8 8
17 17
31 31
36 36
28 28
20 20
7 7
29 29
38 38
47 47
43 43
33 33
24 24
34 34
9 9
10 10
4 4
12 12
44 44
46 46
49 49
5 5
30 30
15 15
26 26
48 48
14 14
16 16
32 32
