c5 t9 t1 t0 n2 q1 e3 i9 n4 i4 e9 r9 f0 s0 n0 i5 s8 d6 n9 k4 o5 l9 e7 r3 l3 t6 l8 c6 t8 h9 b2 d9 j5 s1 h6 j0 d5 d1 f1 g7 s9 r6 r4 g4 t5 e5 g8 s7 e2 c7 j1 h0 k0 t3 q0 l7 r1 e8 m4 j7 a0 o0 m7 g1 h5 n1 t2 i0 o7 f4 k1 b9 f6 p4 i3 e6 k2 h2 d8 n3 j4 q8 m5 b6 d0 l6 f8 o1 f9 i7 p8 h1 c4 g9 l0 f3 f5 t7 f2 a3 c0 i6 j6 k8 r2 f7 h3 r7 h4 s4 e4 p1 e1 b4 s5 g3 o4 q3 s2 p3 n6 p0 m0 b1 d4 n5 p2 i1 r8 g0 b0 q5 o2 k6 e0 g5 d7 k7 a7 p9 o8 i2 c2 m1 b3 c1 a1 q2 j3 s3 o9 j2 p6 a4 n8 a6 r0 m9 p7 h7 m2 b7 q9 a2 k5 g6 c3 n7 c8 k9 t4 b8 l1 o3 a8 b5 m3 l4 o6 c5
100
t9 t9
t1 t1
t0 t0
q1 q1
n4 n4
i4 i4
r9 r9
n0 n0
i5 i5
d6 d6
o5 o5
l3 l3
t6 t6
l8 l8
t8 t8
j5 j5
s1 s1
h6 h6
d5 d5
g7 g7
s9 s9
r4 r4
g4 g4
t5 t5
e5 e5
g8 g8
s7 s7
e2 e2
h0 h0
q0 q0
r1 r1
m4 m4
j7 j7
a0 a0
o0 o0
m7 m7
g1 g1
h5 h5
t2 t2
i0 i0
o7 o7
k1 k1
f6 f6
h2 h2
n3 n3
q8 q8
l6 l6
h1 h1
c4 c4
g9 g9
l0 l0
f3 f3
f5 f5
t7 t7
f2 f2
j6 j6
r2 r2
h3 h3
r7 r7
h4 h4
s4 s4
e4 e4
e1 e1
g3 g3
o4 o4
q3 q3
s2 s2
n6 n6
p0 p0
m0 m0
b1 b1
d4 d4
i1 i1
g0 g0
q5 q5
o2 o2
k6 k6
e0 e0
g5 g5
a7 a7
p9 p9
o8 o8
b3 b3
a1 a1
j3 j3
s3 s3
j2 j2
a4 a4
a6 a6
p7 p7
b7 b7
g6 g6
c3 c3
c8 c8
k9 k9
l1 l1
a8 a8
b5 b5
l4 l4
o6 o6
