e9 b4 j6 g2 f8 c4 e5 a0 d9 j3 i1 g6 b2 h9 c2 h6 c3 j0 b0 a3 i6 e8 b7 c0 c8 j2 i7 c6 i0 j5 a4 j9 a9 d6 b9 a1 i9 h7 d7 g9 d0 f6 a2 a6 d8 g8 e0 h2 c7 f1 g4 a7 h4 i5 d5 i2 j7 e7 i3 f9 a8 h0 e2 b6 j1 j4 h5 f3 b3 f0 f7 e1 f4 h3 i8 d2 f2 b1 d4 h8 c5 d1 b5 d3 g5 g3 g1 e9
50
e9 e9
g2 g2
f8 f8
d9 d9
j3 j3
i1 i1
b2 b2
h9 h9
h6 h6
i6 i6
e8 e8
b7 b7
c8 c8
j2 j2
i7 i7
i0 i0
a4 a4
a1 a1
i9 i9
d7 d7
g9 g9
d0 d0
f6 f6
d8 d8
g8 g8
e0 e0
h2 h2
f1 f1
g4 g4
h4 h4
d5 d5
i2 i2
i3 i3
f9 f9
a8 a8
e2 e2
b6 b6
j1 j1
h5 h5
b3 b3
h3 h3
i8 i8
d2 d2
b1 b1
d4 d4
d1 d1
b5 b5
d3 d3
g3 g3
g1 g1
