0 128 59 152 111 181 103 181 111 152 59 133 59 141 107 21 107 78 93 135 4 38 147 89 88 82 166 40 71 40 166 161 166 10 127 112 193 112 127 10 50 55 50 163 196 123 12 43 104 69 104 43 12 123 196 72 30 187 197 75 197 187 30 153 30 72 196 113 196 163 50 10 166 82 85 92 74 176 77 176 74 92 85 82 88 89 63 89 147 81 147 90 155 90 147 38 124 189 157 189 124 38 4 143 140 34 105 8 67 110 86 57 167 16 167 57 86 169 86 146 177 146 86 110 33 110 67 8 105 34 140 109 140 143 14 143 87 61 87 19 185 98 5 98 185 19 87 143 4 135 179 135 93 60 93 78 48 168 151 175 108 156 121 156 108 175 151 199 150 9 150 199 151 184 131 159 97 159 198 52 145 65 95 83 183 83 95 51 95 65 145 52 134 27 91 27 134 52 198 159 138 173 53 173 138 159 115 2 3 2 115 159 131 184 32 171 73 64 129 186 170 29 170 186 178 13 49 13 178 186 126 164 35 164 126 191 79 191 126 80 47 80 15 144 15 80 102 39 102 139 23 45 58 195 101 160 11 160 101 195 58 194 117 99 117 194 58 70 17 70 58 45 37 45 23 139 102 80 126 186 129 165 149 165 129 64 73 171 32 68 1 68 32 137 32 184 151 168 94 119 94 168 48 78 107 31 136 116 41 116 136 142 125 180 25 180 125 142 136 31 107 141 59 128 7 128 0
100
59 59
111 111
181 181
103 103
133 133
141 141
107 107
21 21
93 93
135 135
147 147
89 89
71 71
161 161
127 127
193 193
55 55
163 163
123 123
43 43
69 69
187 187
197 197
75 75
153 153
113 113
85 85
77 77
63 63
81 81
155 155
189 189
157 157
143 143
105 105
67 67
57 57
167 167
169 169
177 177
33 33
109 109
87 87
61 61
19 19
185 185
5 5
179 179
151 151
175 175
121 121
199 199
9 9
131 131
159 159
97 97
145 145
65 65
95 95
83 83
183 183
51 51
27 27
91 91
173 173
53 53
115 115
3 3
171 171
73 73
129 129
29 29
13 13
49 49
35 35
191 191
79 79
47 47
15 15
39 39
139 139
23 23
45 45
195 195
101 101
11 11
117 117
99 99
17 17
37 37
165 165
149 149
1 1
137 137
119 119
31 31
41 41
125 125
25 25
7 7
