0 17 37 133 184 16 51 3 8 116 8 143 8 160 129 48 26 47 36 125 40 22 147 50 6 119 73 170 29 126 14 79 18 33 68 7 93 194 20 149 20 34 48 38 1 198 1 185 11 24 6 85 6 111 0 142 6 177 6 199 4 70 13 43 3 103 130 2 180 8 193 188 15 32 19 54 19 96 1 131 71 178 2 23 191 43 35 32 42 55 53 65 69 82 36 76 163 3 60 45 14 145 12 30 16 123 5 7 29 74 156 28 165 4 66 189 9 157 5 25 62 77 166 21 25 56 5 107 55 190 182 11 159 3 28 84 110 124 115 61 7 109 7 174 3 39 78 11 122 52 3 183 195 36 41 80 108 31 197 29 128 105 8 179 46 136 1 58 1 192 0 31 94 22 86 14 158 0
80
0 0
17 17
133 133
184 184
51 51
3 3
8 8
116 116
143 143
160 160
129 129
125 125
50 50
119 119
170 170
126 126
18 18
33 33
68 68
93 93
194 194
38 38
198 198
185 185
24 24
142 142
177 177
199 199
70 70
43 43
103 103
2 2
180 180
193 193
188 188
32 32
19 19
96 96
131 131
178 178
191 191
35 35
69 69
163 163
60 60
12 12
16 16
29 29
74 74
156 156
4 4
189 189
9 9
157 157
62 62
77 77
21 21
190 190
182 182
159 159
115 115
109 109
174 174
39 39
78 78
52 52
183 183
195 195
80 80
197 197
105 105
179 179
46 46
136 136
58 58
192 192
31 31
94 94
86 86
158 158
