0 29 25 13 8 60 4 35 48 35 58 15 58 57 58 35 4 61 4 77 4 64 4 60 27 91 90 32 11 45 11 32 90 91 27 60 8 59 80 59 8 13 26 2 81 3 30 1 7 74 7 1 52 78 71 78 52 1 55 14 20 23 20 14 55 82 55 1 56 1 30 34 22 43 22 34 30 3 96 24 88 24 96 3 81 21 40 21 51 21 69 31 17 10 17 65 17 31 69 21 81 2 26 13 85 19 85 41 85 13 25 47 49 47 25 29 53 93 53 29 73 67 28 5 33 5 28 67 73 29 94 29 0 63 42 79 42 63 0
40
0 0
29 29
25 25
8 8
60 60
48 48
15 15
61 61
77 77
64 64
91 91
11 11
45 45
80 80
2 2
3 3
74 74
71 71
23 23
82 82
56 56
22 22
43 43
96 96
24 24
88 88
21 21
40 40
10 10
65 65
19 19
41 41
47 47
93 93
67 67
28 28
33 33
94 94
42 42
79 79
