61 48 59 77 53 77 92 44 92 77 94 87 12 5 12 22 34 6 34 22 89 4 89 22 12 87 94 49 11 26 45 54 98 75 58 75 98 72 98 54 38 80 14 80 74 40 74 80 38 54 45 26 11 49 28 79 30 79 28 65 28 35 10 35 28 49 90 82 17 82 90 21 52 42 52 91 8 0 39 0 69 0 8 91 29 15 37 15 29 91 60 57 88 1 83 20 47 31 47 20 83 1 88 57 51 76 51 86 51 57 60 36 97 85 97 19 3 19 7 73 7 19 97 36 60 91 70 91 32 91 52 21 90 71 33 63 33 71 90 49 94 25 27 2 67 50 24 50 67 2 27 25 94 77 66 77 59 48 61
50
48 48
92 92
44 44
5 5
6 6
4 4
11 11
26 26
98 98
58 58
72 72
80 80
14 14
74 74
40 40
28 28
30 30
65 65
35 35
10 10
90 90
82 82
17 17
42 42
91 91
8 8
39 39
69 69
15 15
37 37
60 60
57 57
1 1
83 83
31 31
51 51
76 76
86 86
36 36
97 97
85 85
3 3
73 73
70 70
32 32
33 33
63 63
25 25
2 2
67 67
