190 75 166 56 74 60 76 107 62 170 46 45 153 5 2 68 25 22 117 89 100 179 66 71 171 195 2 64 44 103 168 23 186 84 192 194 72 102 151 120 181 7 29 7 4 172 4 47 3 198 160 24 189 111 109 5 82 52 138 13 61 0 18 14 37 182 2 99 134 188 5 97 7 113 94 0 123 2 55 36 0 34 16 21 176 169 57 7 65 38 145 6 137 1 121 11 0 112 85 149 4 110 28 133 108 69 7 126 59 35 30 4 9 148 31 185 0 177 101 159 81 173 10 118 1 191 115 139 4 3 8 54 163 93 164 116 32 50 150 156 147 27 2 67 8 1 33 58 83 129 154 79 141 80 20 40 114 92 132 152 96 3 106 0 165 136 4 104 10 199 146 193 0 95 162 155 1 142 0 135 51 190
100
166 166
56 56
60 60
76 76
62 62
46 46
45 45
153 153
5 5
68 68
22 22
117 117
100 100
179 179
66 66
71 71
195 195
44 44
103 103
168 168
23 23
186 186
84 84
192 192
102 102
181 181
29 29
172 172
47 47
198 198
189 189
111 111
109 109
52 52
138 138
61 61
182 182
2 2
99 99
188 188
113 113
94 94
123 123
55 55
36 36
34 34
21 21
176 176
169 169
57 57
65 65
38 38
137 137
121 121
11 11
112 112
149 149
133 133
108 108
69 69
30 30
185 185
177 177
101 101
173 173
118 118
139 139
3 3
54 54
163 163
93 93
164 164
116 116
32 32
50 50
156 156
27 27
67 67
8 8
33 33
83 83
129 129
141 141
40 40
114 114
92 92
132 132
152 152
106 106
165 165
136 136
104 104
10 10
146 146
193 193
95 95
162 162
1 1
142 142
135 135
