Loc1 Loc12 Loc5 Loc12 Loc63 Loc69 Loc85 Loc128 Loc23 Loc37 Loc140 Loc121 Loc35 Loc113 Loc15 Loc25 Loc85 Loc161 Loc97 Loc1 Loc145 Loc45 Loc124 Loc21 Loc60 Loc186 Loc2 Loc34 Loc130 Loc102 Loc114 Loc108 Loc69 Loc76 Loc19 Loc88 Loc131 Loc144 Loc121 Loc91 Loc0 Loc15 Loc28 Loc127 Loc152 Loc57 Loc160 Loc67 Loc16 Loc56 Loc15 Loc136 Loc123 Loc56 Loc166 Loc112 Loc29 Loc180 Loc13 Loc36 Loc167 Loc38 Loc122 Loc4 Loc3 Loc177 Loc3 Loc4 Loc31 Loc12 Loc5 Loc192 Loc143 Loc28 Loc183 Loc92 Loc106 Loc135 Loc172 Loc33 Loc140 Loc171 Loc22 Loc39 Loc6 Loc43 Loc121 Loc89 Loc148 Loc175 Loc154 Loc82 Loc68 Loc65 Loc13 Loc36 Loc150 Loc72 Loc90 Loc38 Loc44 Loc115 Loc44 Loc15 Loc68 Loc18 Loc0 Loc135 Loc18 Loc50 Loc32 Loc66 Loc32 Loc50 Loc32 Loc143 Loc4 Loc3 Loc196 Loc3 Loc65 Loc188 Loc141 Loc51 Loc31 Loc12 Loc1 Loc56 Loc155 Loc164 Loc119 Loc8 Loc82 Loc36 Loc36 Loc36 Loc21 Loc113 Loc16 Loc19 Loc8 Loc0 Loc103 Loc22 Loc62 Loc75 Loc70 Loc126 Loc38 Loc1 Loc145 Loc10 Loc63 Loc93 Loc55 Loc26 Loc67 Loc73 Loc11 Loc33 Loc153 Loc165 Loc1
80
Loc85 Loc157 Loc85
Loc1 Loc132 Loc169 Loc1
Loc21 Loc51
Loc108 Loc114
Loc88 Loc19
Loc121 Loc144 Loc115 Loc121
Loc127 Loc104 Loc127
Loc16 Loc187
Loc136 Loc59
Loc5 Loc76 Loc5
Loc28 Loc178 Loc28
Loc38 Loc98 Loc12 Loc38
Loc115 Loc22
Loc68 Loc199 Loc68
Loc0 Loc99
Loc50 Loc111 Loc50
Loc143 Loc110
Loc51 Loc64
Loc36 Loc198 Loc58 Loc36
Loc113 Loc55 Loc113
Loc8 Loc15 Loc8
Loc22 Loc83
Loc70 Loc194 Loc70
Loc145 Loc87 Loc145
Loc63 Loc156 Loc63
Loc55 Loc97
Loc33 Loc117 Loc33
Loc45 Loc45
Loc3 Loc3
Loc82 Loc82
Loc39 Loc39
Loc166 Loc166
Loc172 Loc172
Loc164 Loc164
Loc130 Loc130
Loc160 Loc160
Loc4 Loc4
Loc126 Loc126
Loc37 Loc37
Loc44 Loc44
Loc150 Loc150
Loc106 Loc106
Loc6 Loc6
Loc73 Loc73
Loc72 Loc72
Loc102 Loc102
Loc196 Loc196
Loc13 Loc13
Loc92 Loc92
Loc180 Loc180
Loc171 Loc171
Loc188 Loc188
Loc60 Loc60
Loc29 Loc29
Loc122 Loc122
Loc135 Loc135
Loc26 Loc26
Loc186 Loc186
Loc66 Loc66
Loc131 Loc131
Loc152 Loc152
Loc167 Loc167
Loc161 Loc161
Loc91 Loc91
Loc177 Loc177
Loc192 Loc192
Loc155 Loc155
Loc62 Loc62
Loc119 Loc119
Loc112 Loc112
Loc175 Loc175
Loc18 Loc18
Loc154 Loc154
Loc123 Loc123
Loc183 Loc183
Loc128 Loc128
Loc153 Loc153
Loc89 Loc89
Loc69 Loc69
Loc31 Loc31
