Loc1 Loc37 Loc45 Loc76 Loc53 Loc65 Loc81 Loc19 Loc32 Loc1 Loc4 Loc87 Loc74 Loc10 Loc2 Loc46 Loc16 Loc70 Loc50 Loc51 Loc18 Loc98 Loc18 Loc90 Loc94 Loc6 Loc75 Loc10 Loc34 Loc2 Loc7 Loc4 Loc4 Loc7 Loc68 Loc47 Loc60 Loc79 Loc38 Loc0 Loc31 Loc2 Loc11 Loc2 Loc91 Loc38 Loc59 Loc80 Loc55 Loc42 Loc20 Loc15 Loc60 Loc43 Loc60 Loc47 Loc60 Loc3 Loc29 Loc17 Loc21 Loc9 Loc12 Loc71 Loc24 Loc18 Loc86 Loc70 Loc7 Loc2 Loc27 Loc92 Loc13 Loc53 Loc25 Loc56 Loc21 Loc41 Loc21 Loc7 Loc2 Loc11 Loc69 Loc57 Loc72 Loc57 Loc17 Loc32 Loc19 Loc32 Loc1
45
Loc1 Loc53
Loc4 Loc7 Loc22 Loc4
Loc24 Loc63
Loc70 Loc52 Loc70
Loc2 Loc91 Loc62 Loc2
Loc53 Loc13
Loc29 Loc29
Loc25 Loc25
Loc90 Loc90
Loc41 Loc41
Loc6 Loc6
Loc17 Loc17
Loc72 Loc72
Loc3 Loc3
Loc80 Loc80
Loc46 Loc46
Loc79 Loc79
Loc87 Loc87
Loc34 Loc34
Loc11 Loc11
Loc45 Loc45
Loc50 Loc50
Loc0 Loc0
Loc43 Loc43
Loc9 Loc9
Loc32 Loc32
Loc49 Loc49
Loc74 Loc74
Loc42 Loc42
Loc19 Loc19
Loc47 Loc47
Loc76 Loc76
Loc18 Loc18
Loc98 Loc98
Loc21 Loc21
Loc68 Loc68
Loc55 Loc55
Loc10 Loc10
Loc56 Loc56
Loc65 Loc65
Loc15 Loc15
Loc38 Loc38
Loc81 Loc81
Loc69 Loc69
Loc92 Loc92
