114 49 58 102 170 0 97 174 150 2 94 7 88 122 31 14 162 90 124 8 180 16 130 176 183 138 146 169 84 4 104 87 144 2 9 38 54 132 12 2 72 3 4 1 7 0 103 6 125 70 43 113 89 59 27 55 79 20 83 139 143 109 6 105 15 48 33 0 136 50 112 181 21 2 148 1 166 42 120 66 6 131 197 0 61 0 67 91 28 85 199 62 108 51 46 173 175 74 9 0 29 190 76 187 135 93 11 80 133 10 25 191 149 45 164 154 5 35 129 92 47 26 18 63 95 53 98 100 73 81 188 182 57 117 1 0 75 6 78 161 99 128 19 119 171 64 127 155 2 165 111 82 60 195 5 41 0 37 115 2 65 196 110 134 0 40 71 140 177 137 44 11 32 24 179 17 147 96 167 3 36 5 22 69 8 114
100
114 114
49 49
102 102
170 170
174 174
150 150
94 94
31 31
14 14
124 124
16 16
176 176
183 183
146 146
169 169
84 84
87 87
38 38
12 12
3 3
4 4
7 7
103 103
70 70
43 43
89 89
59 59
109 109
105 105
15 15
33 33
112 112
181 181
21 21
148 148
166 166
42 42
66 66
131 131
197 197
67 67
91 91
28 28
199 199
62 62
108 108
51 51
173 173
175 175
74 74
0 0
29 29
76 76
187 187
135 135
93 93
133 133
10 10
191 191
149 149
164 164
154 154
35 35
92 92
47 47
26 26
18 18
63 63
95 95
53 53
98 98
100 100
81 81
188 188
182 182
117 117
1 1
75 75
78 78
161 161
119 119
171 171
127 127
155 155
111 111
195 195
5 5
41 41
37 37
115 115
196 196
134 134
177 177
32 32
24 24
147 147
96 96
167 167
36 36
69 69
