49 20 96 60 91 88 35 36 35 88 50 90 50 88 91 60 96 20 62 56 3 73 41 76 41 67 26 85 33 66 80 48 80 59 78 64 75 32 75 64 78 59 80 66 33 37 81 52 40 2 40 51 23 9 23 70 23 51 40 52 81 55 12 55 81 7 81 37 71 47 71 68 93 68 71 37 33 85 26 67 41 73 3 95 53 24 34 87 39 82 98 97 42 86 16 18 10 18 15 45 27 38 21 38 94 19 65 5 8 72 8 5 65 19 94 38 27 45 15 18 16 77 16 86 42 97 98 82 39 87 34 13 99 31 1 4 1 11 89 11 1 31 99 13 83 13 34 6 34 24 53 95 3 56 62 20 49
50
49 49
20 20
60 60
88 88
36 36
90 90
73 73
76 76
80 80
48 48
59 59
64 64
32 32
37 37
2 2
51 51
23 23
9 9
70 70
55 55
12 12
7 7
71 71
47 47
93 93
95 95
53 53
24 24
87 87
82 82
98 98
97 97
42 42
86 86
16 16
18 18
10 10
45 45
38 38
21 21
19 19
5 5
72 72
77 77
1 1
4 4
11 11
89 89
83 83
6 6
