bw m i af d bj cg s cs b bi h v ao g al cc as aa f av cp a ag be bq ak az ac ai ay bb cu ad au a cq bl u an ab co cf ci bs q ch j a w ct a ae bp bk l t ax ce ca ah bd a r bz cd br b bo n a k o bt by a am aj z bh bc ck p bx e ap aw cv cr aq c bm a cb cm cl x a cn bw
50
bw bw
af af
d d
cs cs
ao ao
al al
f f
av av
cp cp
ag ag
bq bq
az az
ac ac
ad ad
au au
cq cq
u u
co co
cf cf
ci ci
q q
ch ch
j j
w w
ct ct
l l
ax ax
ca ca
bd bd
r r
bz bz
br br
b b
bo bo
n n
k k
o o
bt bt
by by
aj aj
z z
bh bh
ck ck
p p
bx bx
ap ap
cr cr
bm bm
x x
cn cn
