gc gk em ac as co ab cm dg u ds et df fh df bv j cp cr cz b bn fr q gm y bu gq v ai dn a bq fe e ff ga dx gn by bc ah gh fd fo ft an bl ad gj di gi d dh en ae dq bp cf fi aw h dj gg dp do bj ge cy eq fa db az fy cg br er go am cd ep ck z g cn dy fw dw es at fk fq p cs cl ee cj bi el cv ao ag ey fn bb bt ap bx be cq fz gc
100
d d
cm cm
ah ah
cs cs
gn gn
dy dy
fd fd
er er
ds ds
bj bj
eq eq
q q
fi fi
ep ep
an an
br br
j j
at at
bt bt
fy fy
dg dg
ad ad
fn fn
bq bq
ap ap
cz cz
gg gg
az az
dq dq
gi gi
et et
dn dn
as as
do do
di di
u u
fw fw
fo fo
am am
bp bp
bi bi
ac ac
cn cn
cg cg
aw aw
dp dp
ab ab
bc bc
en en
by by
cq cq
fr fr
ey ey
ao ao
g g
ee ee
ae ae
co co
ck ck
gj gj
dx dx
ga ga
ff ff
fe fe
bx bx
gh gh
go go
bv bv
em em
ft ft
e e
p p
y y
es es
el el
db db
dh dh
cj cj
ai ai
bl bl
fk fk
fq fq
cr cr
gq gq
dj dj
cv cv
gk gk
cl cl
fh fh
v v
a a
fa fa
cp cp
b b
bn bn
ge ge
dw dw
gm gm
bb bb
bu bu
