Liam Aiden James David James Oliver James Michael Elijah William Mason James Samuel Alexander Henry Ethan Mason Sebastian Mason William Carter Joseph Noah Joseph Benjamin Joseph Matthew Joseph Jacob Jayden Logan Wyatt Daniel Jayden Lucas Jackson Ethan Jackson Lucas Liam
23
Liam Benjamin Liam
James Elijah James
Benjamin Wyatt
Noah Noah
William William
Logan Logan
Mason Mason
Oliver Oliver
Jacob Jacob
Lucas Lucas
Michael Michael
Alexander Alexander
Ethan Ethan
Daniel Daniel
Matthew Matthew
Aiden Aiden
Henry Henry
Joseph Joseph
Jackson Jackson
Samuel Samuel
Sebastian Sebastian
David David
Carter Carter
