Liam Elias Isaiah Leo Aaron Thomas James Thomas Aaron Nathan Ryan Cameron Jace Gavin Angel Landon Angel Parker Aiden William Logan Jaxson Joseph Mateo Gabriel Jaxon Isaac Mateo Alexander Mason Jaxson Colton Levi Chase Hunter Theodore Nicholas Jordan Roman Maverick Cooper Grayson Cooper Matthew Ian Adrian Elijah William Jacob Jaxon Isaac David Sebastian David Anthony Chase Christopher Luke Gavin Evan Josiah Eli Dominic Oliver Evan Levi Jackson Eli Wyatt Eli Lucas Eli Christian Henry Jonathan Henry Jonathan Levi Jack Jameson Ayden Carter Benjamin Sawyer John Sawyer Jose Owen Noah Caleb Brayden Adam Jayden Adam Robert Hudson Robert Daniel Caleb Asher Julian Dylan Ayden Ethan Brayden Samuel Brayden Jaxson Michael Jaxson Joseph Jeremiah Joseph Isaiah Liam
30
Liam Liam
James James
Aiden Aiden
William William
Logan Logan
Joseph Joseph
Alexander Alexander
Mason Mason
Matthew Matthew
Elijah Elijah
Jacob Jacob
David David
Sebastian Sebastian
Luke Luke
Oliver Oliver
Jackson Jackson
Wyatt Wyatt
Lucas Lucas
Henry Henry
Carter Carter
Benjamin Benjamin
John John
Owen Owen
Noah Noah
Jayden Jayden
Daniel Daniel
Dylan Dylan
Ethan Ethan
Samuel Samuel
Michael Michael
