Liam Jordan Leonardo Xander Maddox Kaiden Maddox Ezekiel Ezekiel Maddox Xander Oscar Mateo Aiden Ethan Brantley Kai Christopher Alan Jasper Connor Nathan Karter James James Steven Sawyer Steven Hunter Zachary Jude Theodore Rowan Rowan Theodore Jude Jude Jude Zachary Hunter Isaiah Hunter Steven Abel Weston Weston Kevin Finn Kevin John Bennett Hayden Christian Hayden Bennett Bennett Justin Parker Marcus Dawson Edward Wyatt Edward Sebastian Bryce Ayden Brayden Asher Waylon Waylon Connor Jasper Alejandro Alejandro Dawson Ryder Silas Ryder Mateo Aiden Richard Richard Aiden Ethan Aiden Tucker Charles Tucker Amir Aaron Michael Patrick Oliver Oliver Patrick Dean Beau Beau Eric Eric Messiah John Matthew John Asher Waylon Nicholas Christian Gabriel Jayce Henry Malachi Bryson Malachi Adam Colton Tucker Tucker Connor Waylon Tucker Dawson Brody Elliot Grayson Maxwell Anthony Maverick Alex Cooper Alex Roman Jayden Roman Alex Maverick Noah Brandon Kingston Luke Miles Nolan Elijah Elijah Nolan Michael Calvin Ashton Jose Ezra Jackson August Hayden August Hayden Grant Antonio Antonio Kaleb Abraham Giovanni Giovanni Abraham Kaleb Kaleb Chase Lincoln Dylan Lincoln Chase Chase Carter Elliott Nicholas Daniel Jameson Gael Jameson Hudson Jameson Matteo Julian Josiah Emmett Xavier Steven Abel Zayden Nolan Logan Andrew Joel Andrew Jordan Jack Joshua Jack Jordan Liam Evan Liam
72
Kaiden Daniel
Ezekiel Jeremiah Ezekiel
Oscar Levi
James Isaac James
Sawyer Eli
Rowan Austin
Jude Joseph Jace
Hunter Thomas Hunter
Weston Jaxson
Finn Jacob
Bennett Landon
Marcus Parker
Waylon Asher Jaxon Connor
Alejandro Ian
Silas Nicholas
Richard Easton
Ethan Jonathan Ethan
Charles Mason Charles
Oliver Andrew Oliver
Beau William
Eric Samuel Greyson
Gabriel Cameron Gabriel
Bryson Leo Bryson
Tucker Colton
Brody David
Grayson Alexander Grayson
Anthony Angel Anthony
Elijah Adrian Elijah
Nolan Logan Nolan
Hayden Jackson
Antonio Owen
Giovanni Robert
Kaleb Elias
Chase Carter Lincoln
Elliott Caleb
Gael Carson
Jameson Benjamin
Zayden Ryan
Joel Dominic
Joshua Lucas Joshua
Liam Liam
Noah Noah
Michael Michael
Matthew Matthew
Aiden Aiden
Henry Henry
Sebastian Sebastian
Wyatt Wyatt
Jayden Jayden
John John
Dylan Dylan
Luke Luke
Jack Jack
Julian Julian
Christopher Christopher
Mateo Mateo
Nathan Nathan
Aaron Aaron
Isaiah Isaiah
Josiah Josiah
Christian Christian
Theodore Theodore
Hudson Hudson
Ezra Ezra
Brayden Brayden
Jordan Jordan
Adam Adam
Jose Jose
Evan Evan
Maverick Maverick
Cooper Cooper
Xavier Xavier
