zero one eight nine ten eleven twelve eleven ten nine eight fourteen eight fifteen sixteen seventeen eighteen nineteen twenty nineteen eighteen seventeen sixteen fifteen twentytwo twentythree twentyfour twentyfive twentysix twentyfive twentyfour twentythree twentytwo twentynine thirty thirtyone thirtytwo thirtythree thirtyfour thirtythree thirtytwo thirtyone thirty twentynine thirtyfive twentynine thirtysix thirtyseven thirtyeight thirtynine forty thirtynine thirtyeight thirtyseven thirtysix fortythree fortyfour fortyfive fortysix fortyseven fortyeight fortyseven fortysix fortyfive fortyfour fortythree fifty fiftyone fiftytwo fiftythree fiftyfour fiftyfive fiftyfour fiftythree fiftytwo fiftyone fifty fiftyseven fiftyeight fiftynine sixty sixtyone sixtytwo sixtyone sixty fiftynine fiftyeight fiftyseven sixtyfour sixtyfive sixtysix sixtyseven sixtyeight sixtyseven sixtysix sixtyfive sixtyfour seventy sixtyfour seventyone seventytwo seventythree seventyfour seventyfive seventyfour seventythree seventytwo seventyone seventyseven seventyone seventyeight seventynine eighty eightyone eightytwo eightyone eighty seventynine seventyeight eightyfour seventyeight eightyfive eightysix eightyseven eightyeight eightynine eightyeight eightyseven eightysix eightyfive ninetytwo ninetythree ninetyfour ninetyfive ninetysix ninetyfive ninetyfour ninetythree ninetytwo eightyfive seventyeight seventyone sixtyfour fiftyseven fifty fortythree thirtysix twentynine twentytwo fifteen eight one zero two zero three zero four zero five zero six zero
50
ten ten
twelve twelve
fourteen fourteen
fifteen fifteen
twenty twenty
twentytwo twentytwo
twentyfour twentyfour
twentyfive twentyfive
twentynine twentynine
thirty thirty
thirtythree thirtythree
thirtyfour thirtyfour
thirtyfive thirtyfive
thirtysix thirtysix
thirtyseven thirtyseven
thirtynine thirtynine
fortyfour fortyfour
fortyfive fortyfive
fortyseven fortyseven
fortyeight fortyeight
fifty fifty
fiftyone fiftyone
fiftythree fiftythree
fiftyfive fiftyfive
fiftyseven fiftyseven
sixty sixty
sixtyone sixtyone
sixtytwo sixtytwo
sixtyfive sixtyfive
sixtysix sixtysix
sixtyseven sixtyseven
sixtyeight sixtyeight
seventy seventy
seventyone seventyone
seventyfive seventyfive
seventyseven seventyseven
seventyeight seventyeight
seventynine seventynine
eightyone eightyone
eightytwo eightytwo
eightyfour eightyfour
eightyseven eightyseven
eightyeight eightyeight
eightynine eightynine
ninetyfive ninetyfive
two two
three three
four four
five five
six six
