zero one eight nine ten eleven twelve thirteen fourteen eight fifteen sixteen seventeen eighteen nineteen twenty twentyone fifteen twentytwo twentythree twentyfour twentyfive twentysix twentyseven twentyeight twentytwo twentynine thirty thirtyone thirtytwo thirtythree thirtyfour thirtyfive twentynine thirtysix thirtyseven thirtyeight thirtynine forty fortyone fortytwo thirtysix fortythree fortyfour fortyfive fortysix fortyseven fortyeight fortynine fortythree fifty fiftyone fiftytwo fiftythree fiftyfour fiftyfive fiftysix fifty fiftyseven fiftyeight fiftynine sixty sixtyone sixtytwo sixtythree fiftyseven sixtyfour sixtyfive sixtysix sixtyseven sixtyeight sixtynine seventy sixtyfour seventyone seventytwo seventythree seventyfour seventyfive seventysix seventyseven seventyone seventyeight seventynine eighty eightyone eightytwo eightythree eightyfour seventyeight eightyfive eightysix eightyseven eightyeight eightynine ninety ninetyone eightyfive ninetytwo ninetythree ninetyfour ninetyfive ninetysix ninetyseven ninetyeight ninetytwo ninetynine onehun onehunone onehuntwo onehunthree onehunfour onehunfive ninetynine onehunsix onehunseven onehuneight onehunnine onehunten onehuneleven onehuntwelve onehunsix onehunthirteen onehunfourteen onehunfifteen onehunsixteen onehunseventeen onehuneighteen onehunnineteen onehunthirteen onehuntwenty onehuntwentyone onehuntwentytwo onehuntwentythree onehuntwentyfour onehuntwentyfive onehuntwentysix onehuntwenty onehuntwentyseven onehuntwentyeight onehuntwentynine onehunthirty onehunthirtyone onehunthirtytwo onehunthirtythree onehuntwentyseven onehunthirtyfour onehunthirtyfive onehunthirtysix onehunthirtyseven onehunthirtyeight onehunthirtynine onehunforty onehunthirtyfour onehunfortyone onehunfortytwo onehunfortythree onehunfortyfour onehunfortyfive onehunfortysix onehunfortyseven onehunfortyone onehunfortyeight onehunfortynine onehunfifty onehunfiftyone onehunfiftytwo onehunfiftythree onehunfiftyfour onehunfortyeight onehunfiftyfive onehunfiftysix onehunfiftyseven onehunfiftyeight onehunfiftynine onehunsixty onehunsixtyone onehunfiftyfive onehunsixtytwo onehunsixtythree onehunsixtyfour onehunsixtyfive onehunsixtysix onehunsixtyseven onehunsixtyeight onehunsixtytwo onehunsixtynine onehunseventy onehunseventyone onehunseventytwo onehunseventythree onehunseventyfour onehunseventyfive onehunsixtynine onehunseventysix onehunseventyseven onehunseventyeight onehunseventynine onehuneighty onehuneightyone onehuneightytwo onehunseventysix onehuneightythree onehuneightyfour onehuneightyfive onehuneightysix onehuneightyseven onehuneightyeight onehuneightynine onehuneightythree onehunninety onehunninetyone onehunninetytwo onehunninetythree onehunninetyfour onehuneightyseven onehuneighty onehunseventythree onehunsixtysix onehunfiftynine onehunfiftytwo onehunfortyfive onehunthirtyeight onehunthirtyone onehuntwentyfour onehunseventeen onehunten onehunthree ninetysix eightynine eightytwo seventyfive sixtyeight sixtyone fiftyfour fortyseven forty thirtythree twentysix nineteen twelve five zero two three zero six seven zero
100
one one
ten ten
eleven eleven
twelve twelve
fourteen fourteen
fifteen fifteen
sixteen sixteen
seventeen seventeen
twenty twenty
twentythree twentythree
twentyfive twentyfive
twentysix twentysix
twentyseven twentyseven
twentynine twentynine
thirtythree thirtythree
thirtyfour thirtyfour
thirtyseven thirtyseven
thirtyeight thirtyeight
fortythree fortythree
fortyfour fortyfour
fortyfive fortyfive
fortynine fortynine
fiftytwo fiftytwo
fiftythree fiftythree
fiftyfive fiftyfive
fiftyseven fiftyseven
fiftyeight fiftyeight
sixty sixty
sixtyfour sixtyfour
sixtysix sixtysix
sixtyseven sixtyseven
sixtynine sixtynine
seventy seventy
seventyone seventyone
seventytwo seventytwo
seventyfive seventyfive
seventyseven seventyseven
seventyeight seventyeight
seventynine seventynine
eightytwo eightytwo
eightythree eightythree
eightyfour eightyfour
eightyseven eightyseven
ninetyeight ninetyeight
ninetynine ninetynine
onehunone onehunone
onehuneight onehuneight
onehunten onehunten
onehuneleven onehuneleven
onehunthirteen onehunthirteen
onehunsixteen onehunsixteen
onehunseventeen onehunseventeen
onehuneighteen onehuneighteen
onehunnineteen onehunnineteen
onehuntwentyone onehuntwentyone
onehuntwentythree onehuntwentythree
onehuntwentyfour onehuntwentyfour
onehuntwentysix onehuntwentysix
onehuntwentyseven onehuntwentyseven
onehuntwentyeight onehuntwentyeight
onehunthirty onehunthirty
onehunthirtyfive onehunthirtyfive
onehunforty onehunforty
onehunfortythree onehunfortythree
onehunfortyfour onehunfortyfour
onehunfortyfive onehunfortyfive
onehunfortysix onehunfortysix
onehunfortynine onehunfortynine
onehunfifty onehunfifty
onehunfiftyfour onehunfiftyfour
onehunfiftyseven onehunfiftyseven
onehunfiftynine onehunfiftynine
onehunsixty onehunsixty
onehunsixtyone onehunsixtyone
onehunsixtythree onehunsixtythree
onehunsixtyfour onehunsixtyfour
onehunsixtyfive onehunsixtyfive
onehunsixtysix onehunsixtysix
onehunsixtynine onehunsixtynine
onehunseventy onehunseventy
onehunseventyone onehunseventyone
onehunseventythree onehunseventythree
onehunseventyfour onehunseventyfour
onehunseventyfive onehunseventyfive
onehunseventysix onehunseventysix
onehunseventyeight onehunseventyeight
onehuneighty onehuneighty
onehuneightyone onehuneightyone
onehuneightytwo onehuneightytwo
onehuneightyfour onehuneightyfour
onehuneightyseven onehuneightyseven
onehunninety onehunninety
onehunninetyone onehunninetyone
onehunninetytwo onehunninetytwo
onehunninetythree onehunninetythree
onehunninetyfour onehunninetyfour
two two
three three
six six
seven seven
