0 109 110 114 15 150 92 182 70 59 115 190 177 33 17 106 120 98 90 28 84 117 76 138 144 94 169 194 112 104 4 31 5 173 63 29 2 122 179 48 46 94 178 13 195 142 192 78 6 51 181 9 181 43 181 85 11 113 82 130 75 62 176 34 29 152 66 134 45 149 180 68 37 26 93 35 171 50 153 19 153 65 27 72 22 163 69 41 30 130 23 130 29 44 183 44 107 47 170 73 122 95 3 88 10 8 162 49 44 127 141 131 54 159 80 193 55 177 38 157 101 140 126 39 18 29 100 96 21 123 195 197 52 74 33 71 58 81 27 16 106 24 106 7 4 14 188 77 191 106 146 119 60 44 161 56 80 25 197 195 145 102 57 40 91 1 61 35 105 27 97 93 64 130 116 67 136 99 32 29 42 35 27 165 189 83 102 151 87 181 89 80 160 20 79 12 36 29 53 163 106 86 44 0
100
0 0
15 15
92 92
70 70
59 59
33 33
17 17
98 98
90 90
28 28
84 84
76 76
94 94
4 4
31 31
5 5
63 63
2 2
48 48
46 46
13 13
78 78
6 6
51 51
9 9
43 43
85 85
11 11
82 82
75 75
62 62
34 34
66 66
45 45
68 68
37 37
26 26
93 93
50 50
19 19
65 65
72 72
22 22
69 69
41 41
30 30
23 23
29 29
44 44
47 47
73 73
95 95
3 3
88 88
10 10
8 8
49 49
54 54
80 80
55 55
38 38
39 39
18 18
96 96
21 21
52 52
74 74
71 71
58 58
81 81
16 16
24 24
7 7
14 14
77 77
60 60
56 56
25 25
57 57
40 40
91 91
1 1
61 61
27 27
97 97
64 64
67 67
99 99
32 32
42 42
35 35
83 83
87 87
89 89
20 20
79 79
12 12
36 36
53 53
86 86
