0 52 58 38 9 78 46 43 14 33 63 96 71 28 80 47 2 78 8 43 10 92 20 41 25 4 63 30 37 90 5 78 51 94 64 39 72 93 24 62 53 12 26 29 42 57 99 66 87 22 21 20 92 16 17 7 55 48 18 36 7 32 50 76 81 74 91 82 97 1 40 85 44 78 45 49 93 13 69 25 34 56 15 63 3 43 67 70 11 70 19 35 20 31 81 27 35 88 6 23 0
50
0 0
38 38
9 9
46 46
14 14
33 33
28 28
47 47
2 2
8 8
43 43
10 10
20 20
41 41
4 4
30 30
37 37
5 5
39 39
24 24
12 12
26 26
29 29
42 42
22 22
21 21
16 16
17 17
7 7
48 48
18 18
36 36
32 32
1 1
40 40
44 44
45 45
49 49
13 13
25 25
34 34
15 15
3 3
11 11
19 19
35 35
31 31
27 27
6 6
23 23
