0 3 117 117 117 117 92 112 112 112 112 112 112 175 154 106 153 158 108 115 115 115 108 158 153 106 154 175 153 106 154 175 112 116 116 116 116 82 35 47 76 76 15 68 101 101 101 101 101 101 101 68 33 28 48 93 24 111 114 65 39 77 111 171 90 90 4 107 107 2 102 102 102 132 12 114 180 109 45 95 100 100 100 100 100 95 45 109 109 109 109 109 109 109 109 109 18 104 104 104 104 93 48 28 13 58 115 108 108 108 108 108 118 98 36 54 71 32 19 19 32 71 54 36 98 118 118 118 91 8 8 63 61 36 125 101 101 68 15 76 182 114 12 113 78 110 110 110 110 78 113 113 113 12 12 114 114 114 114 180 109 164 142 150 106 106 106 106 106 106 106 106 7 119 119 119 119 7 50 41 103 103 103 103 103 21 105 105 105 105 105 146 105 21 103 116 112 92 117 3 0
27
117 191 192 193
112 173 174 175 176 177
115 186 187
175 158
116 188 189 190
76 182
101 124 126 127 128 129 130 125
111 183
90 171
107 155
102 131 133
100 120 121 122 123
109 161 162 163 164 165 166 167 180
104 138 139 140
108 156 157 159 160 194
19 172
118 195 196
8 151
110 168 169 170
113 178 179
12 132
114 181 184 185
106 147 148 149 150 152 153 154
119 197 198 199
103 134 135 136 137
105 141 142 143 144 145
146 146
