equinox band funeral wilderness lamb secretary union chain presidential dry mastermind tropical muggy bark aisle glove novel fish brick analyst remark twitch camp prejudice fibre essential paint seller houseplant orange jurisdiction farewell uncertainty corpse flow slice hiccup photograph disposition explicit referee clothes method dollar equinox
43
houseplant houseplant
lamb lamb
fibre fibre
presidential presidential
chain chain
union union
essential essential
brick brick
mastermind mastermind
aisle aisle
novel novel
bark bark
disposition disposition
paint paint
secretary secretary
uncertainty uncertainty
photograph photograph
explicit explicit
slice slice
band band
farewell farewell
seller seller
fish fish
orange orange
clothes clothes
prejudice prejudice
muggy muggy
flow flow
wilderness wilderness
equinox equinox
analyst analyst
dry dry
twitch twitch
funeral funeral
method method
jurisdiction jurisdiction
dollar dollar
corpse corpse
remark remark
referee referee
hiccup hiccup
glove glove
tropical tropical
