pump need preoccupation admiration attractive sit novel linger abortion distributor impound novel survival exercise mud sentiment sweet formulate packet affect ground separate sticky button freedom novel line row pursuit genetic pipe anger novel reject judicial float polish novel valley rock category novel ghost diagram descent aspect novel ensure novel park physical lemon shed performance reflection shed literature shed overlook leadership minor pedestrian prospect shed nominate depressed privilege range gloom title unanimous abortion hallway feign hierarchy innovation shed fairy tip brain mouse abortion consideration pray appearance wage parallel forest plug sacrifice wear lot guideline engineer connection novel
78
guideline guideline
ensure ensure
hallway hallway
sticky sticky
impound impound
physical physical
category category
tip tip
range range
prospect prospect
literature literature
distributor distributor
row row
sweet sweet
rock rock
pipe pipe
nominate nominate
mouse mouse
appearance appearance
lemon lemon
fairy fairy
mud mud
anger anger
brain brain
unanimous unanimous
consideration consideration
reflection reflection
plug plug
preoccupation preoccupation
linger linger
minor minor
sentiment sentiment
depressed depressed
parallel parallel
feign feign
sacrifice sacrifice
wage wage
affect affect
reject reject
innovation innovation
admiration admiration
overlook overlook
freedom freedom
aspect aspect
ground ground
polish polish
park park
button button
line line
pedestrian pedestrian
engineer engineer
wear wear
pursuit pursuit
exercise exercise
float float
gloom gloom
attractive attractive
separate separate
title title
formulate formulate
diagram diagram
judicial judicial
performance performance
pray pray
forest forest
need need
pump pump
genetic genetic
valley valley
descent descent
packet packet
lot lot
hierarchy hierarchy
ghost ghost
leadership leadership
privilege privilege
sit sit
survival survival
