paint wooden argue finish ice sugar desire argue stink argue inherit glamorous ray hit thumb floor same diligent measure hit slam hit blade route rake argue complain learning determine indicate nutty ambiguous sugar argue
25
argue imported
ambiguous ambiguous
rake rake
blade blade
inherit inherit
paint paint
desire desire
nutty nutty
ice ice
floor floor
thumb thumb
finish finish
measure measure
indicate indicate
ray ray
diligent diligent
same same
determine determine
glamorous glamorous
slam slam
route route
complain complain
learning learning
stink stink
wooden wooden
