7FD578 1AC5CE 0FED38 6C7BF0 1176C9 981760 B40756 9B7F16 6CAF19 ED0989 342A3C EEEA40 9F01C8 01684B E27C41 01684B 4BCD0B 66B94B 57CBDE 57CBDE 62DE79 981760 B40756 9B7F16 6CAF19 1BD5F4 19E454 E5D023 2C376F 3E0BDD 2FBF68 01684B 01684B 9F01C8 9A65B7 F94356 F94356 EEEA40 66B94B 0FED38 6C7BF0 9A65B7 7FD578
20
342A3C 61D740
4BCD0B F4C859
57CBDE 7B7BDE
981760 FF39A5 981760
6CAF19 877D0E 6CAF19
19E454 2E60FC
01684B 859C0E 1EE680 01684B
F94356 A085DD
EEEA40 9F01C8 EEEA40
E27C41 E27C41
B40756 B40756
E5D023 E5D023
9B7F16 9B7F16
1BD5F4 1BD5F4
3E0BDD 3E0BDD
1AC5CE 1AC5CE
6C7BF0 6C7BF0
1176C9 1176C9
2C376F 2C376F
66B94B 66B94B
