188645 0FB66D 561BC2 0FBCDC 0A5C0E 298FDD 0D7DE7 6D778A D27DC1 44716B 567883 C98FE7 567883 500783 318BA7 A5CCB5 DBDC9A 94D700 410DA1 A7E9D9 B7B073 15E2D3 E954F7 AD298D 44716B AD298D B833F0 2F1AB5 9B9BDD 3C7AA2 84EBFF 61EDA9 EF4D57 DF9F85 F53049 994F93 0801CC 1276AF 673B36 628AB2 D04F40 318BA7 F53049 9B0EC2 AD298D DDF3EB DDF3EB D27DC1 48C2D5 E09D29 61EDA9 3ADA02 FA567E 17A825 318BA7 4FBDE1 318BA7 2C101C CB09C0 8D0852 AA8E14 D04F40 DD2694 410DA1 784F83 410DA1 8D0852 37F745 7BF2B5 D443EB D7CAF9 7A7E10 29B2A4 724A76 561BC2 7E18E9 318BA7 D01E6B 318BA7 2F1AB5 298FDD EC05F7 6D778A 0D7DE7 3AA8C5 3B1041 35F60D 2F1AB5 07D80A 143B88 AA8E14
48
44716B 467AB7 44716B
DDF3EB 800641
D27DC1 19FFAB
17A825 D5356A
2F1AB5 FF8D45 AFF8D1
EC05F7 539A92
0D7DE7 FD1783
84EBFF 84EBFF
29B2A4 29B2A4
DBDC9A DBDC9A
500783 500783
94D700 94D700
188645 188645
CB09C0 CB09C0
AA8E14 AA8E14
4FBDE1 4FBDE1
D7CAF9 D7CAF9
48C2D5 48C2D5
A7E9D9 A7E9D9
E954F7 E954F7
DD2694 DD2694
D01E6B D01E6B
C98FE7 C98FE7
784F83 784F83
0A5C0E 0A5C0E
9B9BDD 9B9BDD
9B0EC2 9B0EC2
994F93 994F93
07D80A 07D80A
724A76 724A76
6D778A 6D778A
0FBCDC 0FBCDC
B833F0 B833F0
B7B073 B7B073
D04F40 D04F40
3B1041 3B1041
8D0852 8D0852
E09D29 E09D29
0FB66D 0FB66D
2C101C 2C101C
D443EB D443EB
3ADA02 3ADA02
628AB2 628AB2
1276AF 1276AF
A5CCB5 A5CCB5
EF4D57 EF4D57
7E18E9 7E18E9
37F745 37F745
