maintenance future class inspection class class focus population rock chocolate reputation description income software cause obligation marketing income software average philosophy description selection description description price future software cause career chest rate role church farmer war farmer feature farmer action farmer account farmer farmer chocolate sign role church volume bread volume church competition church maintenance difficulty depression maintenance maintenance maintenance maintenance maintenance maintenance example maintenance
35
class beer economy
software day
description philosophy photo woman description
future sister future
cause context cause
farmer complaint
chocolate style
church contract property church
maintenance version movie salad wife resolution driver object maintenance
competition competition
war war
sign sign
price price
rate rate
income income
role role
career career
inspection inspection
average average
focus focus
action action
reputation reputation
account account
depression depression
chest chest
difficulty difficulty
population population
example example
rock rock
marketing marketing
feature feature
obligation obligation
bread bread
volume volume
selection selection
