context bedroom bit care currency wood reality while construction interaction fat store farmer bread teaching aspect departure anxiety state ability soil satisfaction fun attempt bank thanks bedroom road context
25
care care
context context
while while
currency currency
reality reality
bedroom bedroom
wood wood
bit bit
ability ability
interaction interaction
farmer farmer
construction construction
teaching teaching
soil soil
state state
satisfaction satisfaction
store store
attempt attempt
departure departure
fat fat
thanks thanks
bread bread
anxiety anxiety
aspect aspect
road road
