engine business space member secretary drawer light volume promotion beer teacher piano speech meal situation model teaching standard office worker beginning preparation choice understanding chapter politics aspect birth machine reputation tax leadership departure time card emphasis age significance money grandmother satisfaction failure interaction two view performance difficulty eye accident editor data mind step moment fact sympathy country funeral engineering director area problem class source energy buyer section song figure measurement error process tension ear clothes answer singer war tooth police tool education variation drawing side ratio analyst delivery town idea engine menu bus material dirt sport series girl temperature dealer temperature flight guest engine
100
business business
light light
beginning beginning
secretary secretary
drawer drawer
promotion promotion
piano piano
space space
volume volume
speech speech
member member
office office
meal meal
model model
situation situation
standard standard
beer beer
understanding understanding
teaching teaching
worker worker
chapter chapter
machine machine
teacher teacher
time time
preparation preparation
engine engine
card card
choice choice
emphasis emphasis
reputation reputation
satisfaction satisfaction
leadership leadership
politics politics
tax tax
aspect aspect
birth birth
grandmother grandmother
departure departure
money money
performance performance
age age
significance significance
accident accident
difficulty difficulty
interaction interaction
data data
failure failure
class class
eye eye
view view
two two
step step
fact fact
sympathy sympathy
mind mind
country country
engineering engineering
moment moment
funeral funeral
figure figure
editor editor
director director
song song
area area
section section
energy energy
problem problem
buyer buyer
measurement measurement
source source
war war
process process
tension tension
tooth tooth
ear ear
clothes clothes
police police
drawing drawing
tool tool
answer answer
singer singer
education education
side side
variation variation
error error
ratio ratio
analyst analyst
menu menu
delivery delivery
town town
idea idea
series series
sport sport
bus bus
material material
dirt dirt
dealer dealer
girl girl
temperature temperature
flight flight
