S A G W B AA C AA AP AA B AU B BH H AT H BH L E AB AJ AB E AI E BF Q BF E L AX L BM AK BM L BH N BH AC BH B W F X CR K CR X F Y F BU F W I W J W R W T W V W AD M AD W AE W AF W AG W AH W AN W AO W AS W AV W AW W BA O Z U Z O AL O BA W G P G A AM A AQ A CL D CL A AR A S
50
S S
A A
G G
W W
B B
AA AA
C C
AP AP
AU AU
H H
AT AT
L L
E E
AB AB
AJ AJ
AI AI
Q Q
AX AX
AK AK
N N
AC AC
F F
X X
K K
Y Y
I I
J J
R R
T T
V V
AD AD
M M
AE AE
AF AF
AG AG
AH AH
AN AN
AO AO
AS AS
AV AV
AW AW
O O
Z Z
U U
AL AL
P P
AM AM
AQ AQ
D D
AR AR
