S Q D C E B W AW X AN AD AN AH AN AI AN AJ AN AL AN AP AN AV AN BE AN BK AN BN AN BO AN BR AN BU AN BY AN CH AN CI AN CO AN CW AN X CT X AW BF AW BZ AW CC AW CK AW CS AW CU AW W AY W B AR B AX B BD B CA B EI A EI H EI I EI K CL K EI M EI V EI AC EI B E C AU C BG C BV C CR C AB C D U D AF D AM D AT D AZ D BP D CF D CV D Q J O J Y J Z J AQ J AS J BS J BW CB BW J Q L DJ F CD G CD N CD F CM F DJ R DJ T DJ L Q P Q AA Q AE Q AG Q AK Q AO Q BA Q BB Q BC Q BH Q BI Q BJ Q BL Q BM Q BQ Q BT Q BX Q CE Q CJ Q CN Q CP Q CQ Q S
100
S S
Q Q
D D
C C
E E
B B
W W
AW AW
X X
AN AN
AD AD
AH AH
AI AI
AJ AJ
AL AL
AP AP
AV AV
BE BE
BK BK
BN BN
BO BO
BR BR
BU BU
BY BY
CH CH
CI CI
CO CO
CW CW
CT CT
BF BF
BZ BZ
CC CC
CK CK
CS CS
CU CU
AY AY
AR AR
AX AX
BD BD
CA CA
A A
H H
I I
K K
CL CL
M M
V V
AC AC
AU AU
BG BG
BV BV
CR CR
AB AB
U U
AF AF
AM AM
AT AT
AZ AZ
BP BP
CF CF
CV CV
J J
O O
Y Y
Z Z
AQ AQ
AS AS
BS BS
BW BW
CB CB
L L
F F
CD CD
G G
N N
CM CM
R R
T T
P P
AA AA
AE AE
AG AG
AK AK
AO AO
BA BA
BB BB
BC BC
BH BH
BI BI
BJ BJ
BL BL
BM BM
BQ BQ
BT BT
BX BX
CE CE
CJ CJ
CN CN
CP CP
CQ CQ
