Bowles Calvin Etcheverry Sather Etcheverry Calvin Graduate Calvin Bowles LaVals Bowles Mulford Latimer MLK Hearst Jacob Hertz Sproul Hertz CVStarr Unit3 CKerr WayWest CKerr Ridge CKerr Unit3 CVStarr Hertz Jacob TopDog Fenwick Barker Fenwick TopDog GammaPhiBeta TopDog Starbucks Chipotle MFoundry Chipotle Starbucks TopDog Jacob Cory Bechtel Birge Bechtel Minor Memorial TacoBell Memorial Stern FSM Stern Memorial Maxwell Barrows Maxwell Memorial AlphaSigmaPhi Memorial Minor Bechtel Kroeber Anthony Optometry Anthony Kroeber Bechtel Wilde Bechtel Baker Daiso Baker Simons Baker Strada RoseGarden Strada Baker Bechtel Cory Stanley LeConte VLSB Boalt Kresge PeoplesPark Kresge Castro Kresge Boalt VLSB Chez NorthGate Chez VLSB LeConte RSF LeConte Campanile Bongo ShengKee Bongo Artichokes Cheeseboard Artichokes Bongo Campanile Lewis Morrison Rasputin Morrison Lewis Campanile Wurster McCone Spats Stonefire PiLambda PiAlphaPhi PiLambda Stonefire Spats McCone Wurster Zellerbach Wurster Campanile LeConte ALS LeConte Stanley Moses RareTea Gypsys RareTea Moses Wellman Sutardja Wellman Moses SigmaOmicronPi Moses Greek Unit2 Wolf StrawberryCreek Wolf Unit2 Milano IndianRock Milano CREAM SuperDuper CREAM Milano Unit2 Greek Moses Stanley Campbell MemorialStadium Hargrove Tan Warren Safeway Warren Tan Hoyt Tan Hargrove MemorialStadium Campbell Doe Campbell Koshland Campbell Stanley Cory Extension Cory Jacob Evan Moffitt Faculty Moffitt Cloyne Moffitt Evan Blackwell McLaughlin GenPlantBio McLaughlin Blackwell Evan SigmaPhiOmega BearFoodCourt SigmaPhiOmega Evan Jacob Foothill Dwinelle TastyPot Dwinelle Haas Crossroads sweetgreen Crossroads Lawrence UCTheatre NCEM UCTheatre Lawrence Crossroads Haas Pavilion Haas Dwinelle HearstAnnex Lothlorien HearstAnnex Dwinelle Foothill Davis Browns Davis Hildebrand YogurtPark Hildebrand Davis Foothill Haviland Morgan LKShing Ippuku LKShing Morgan Martinez Morgan Haviland Foothill Unit1 Foothill Jacob Hearst Kingman Hearst MLK Rochdale MLK Latimer Edwards Easterly Edwards Latimer South Pimentel Stacks Sherman Stacks Pimentel South Latimer Mulford Crescent Mulford Bowles
80
Calvin Calvin
Etcheverry Etcheverry
Graduate Graduate
LaVals LaVals
Mulford Mulford
Unit3 Unit3
CKerr CKerr
WayWest WayWest
Ridge Ridge
Barker Barker
GammaPhiBeta GammaPhiBeta
Chipotle Chipotle
MFoundry MFoundry
Birge Birge
TacoBell TacoBell
Maxwell Maxwell
Barrows Barrows
AlphaSigmaPhi AlphaSigmaPhi
Wilde Wilde
Baker Baker
Daiso Daiso
Simons Simons
Strada Strada
RoseGarden RoseGarden
VLSB VLSB
Boalt Boalt
Kresge Kresge
PeoplesPark PeoplesPark
Castro Castro
NorthGate NorthGate
RSF RSF
Campanile Campanile
Bongo Bongo
ShengKee ShengKee
Cheeseboard Cheeseboard
Wurster Wurster
Spats Spats
PiLambda PiLambda
PiAlphaPhi PiAlphaPhi
Zellerbach Zellerbach
ALS ALS
Moses Moses
Gypsys Gypsys
Wellman Wellman
Sutardja Sutardja
Greek Greek
Unit2 Unit2
Wolf Wolf
StrawberryCreek StrawberryCreek
IndianRock IndianRock
Campbell Campbell
Safeway Safeway
Doe Doe
Koshland Koshland
Extension Extension
Evan Evan
Cloyne Cloyne
Blackwell Blackwell
GenPlantBio GenPlantBio
BearFoodCourt BearFoodCourt
Foothill Foothill
Haas Haas
Crossroads Crossroads
UCTheatre UCTheatre
NCEM NCEM
Pavilion Pavilion
HearstAnnex HearstAnnex
Lothlorien Lothlorien
Browns Browns
Hildebrand Hildebrand
YogurtPark YogurtPark
Morgan Morgan
Martinez Martinez
Unit1 Unit1
Rochdale Rochdale
Edwards Edwards
Easterly Easterly
Stacks Stacks
Sherman Sherman
Crescent Crescent
