Wheeler Doe Campanile LeConte Campbell Birge Campbell Haviland Memorial McLaughlin South Stephens Moses Stephens HearstAnnex Anthony GBC WayWest Warren WayWest Ippuku Metropolitan Ippuku WayWest Cloyne Cafe3 Hearst Davis Kresge Normandy Cheit Pimentel Morgan CVStarr Moffitt VLSB Etcheverry Latimer Stanley Foothill Stanley Latimer Evans Morrison Hertz Kroeber Wurster Boalt Wurster Kroeber Lewis Greek Cory Jacobs Bechtel Jacobs Cory Greek Lewis Kroeber Hertz Morrison Evans Latimer Etcheverry VLSB Moffitt Soda Sather Martinez Sather Unit3 Sather Barrows OCF Barrows Sather Barker Sather Soda Moffitt CVStarr Morgan Pimentel Cheit Normandy Kresge Davis Hearst Cafe3 Cloyne WayWest GBC Anthony HearstAnnex Stephens South McLaughlin Memorial IHouse Memorial Haviland Koshland Stonefire Haas Minor Maxwell MemorialStadium Calvin Hargrove Calvin MemorialStadium Maxwell Minor Haas Faculty FSM Baker McCone BigC Pavilion PeoplePark Pavilion Simons Koja Legends Koja TriDelta Koja Simons LaNote Unit2 LaNote Simons Pavilion BigC Bongo BigC McCone CKerr McCone Baker CZ Spieker CZ Fiji CZ Baker FSM Faculty Haas Stonefire Koshland RSF Koshland Haviland Campbell LeConte Campanile Doe Wheeler Dwinelle MLK Dwinelle Wheeler Sproul Wheeler
36
Birge Birge
McLaughlin McLaughlin
Moses Moses
Anthony Anthony
Warren Warren
Metropolitan Metropolitan
Cloyne Cloyne
Hearst Hearst
Davis Davis
Cheit Cheit
Moffitt Moffitt
Etcheverry Etcheverry
Foothill Foothill
Morrison Morrison
Kroeber Kroeber
Boalt Boalt
Jacobs Jacobs
Bechtel Bechtel
Martinez Martinez
Unit3 Unit3
OCF OCF
Barker Barker
IHouse IHouse
Stonefire Stonefire
Haas Haas
Hargrove Hargrove
Baker Baker
PeoplePark PeoplePark
Legends Legends
TriDelta TriDelta
Unit2 Unit2
CKerr CKerr
Fiji Fiji
RSF RSF
Dwinelle Dwinelle
Sproul Sproul
