0 45 42 40 44 21 24 0 50 53 58 74 58 71 58 73 58 53 50 54 59 77 59 78 59 54 50 52 56 66 97 66 98 66 56 65 95 65 96 65 94 65 56 67 56 52 57 52 50 51 55 62 87 62 55 63 55 25 15 35 15 25 23 29 12 24 41 24 14 25 2 25 11 25 19 25 37 25 55 64 90 32 34 32 90 64 92 64 93 64 55 60 55 61 84 61 83 61 55 25 42 5 13 49 12 6 8 48 7 44 26 44 31 10 70 10 31 20 31 33 39 32 24 0
50
45 45
42 42
40 40
21 21
74 74
71 71
73 73
54 54
59 59
77 77
78 78
52 52
66 66
97 97
98 98
95 95
96 96
94 94
67 67
55 55
62 62
87 87
63 63
25 25
35 35
23 23
12 12
41 41
14 14
2 2
11 11
19 19
37 37
90 90
32 32
34 34
92 92
93 93
60 60
84 84
83 83
49 49
48 48
26 26
31 31
10 10
70 70
20 20
33 33
39 39
