0 13 17 68 44 70 17 77 22 5 17 5 17 0 100 103 128 103 130 103 127 103 100 105 100 101 116 198 116 101 115 196 115 194 115 101 113 189 113 101 113 101 109 101 110 168 110 169 110 172 110 171 110 173 110 101 111 177 111 101 108 158 108 156 108 160 108 101 112 182 112 180 112 101 100 107 152 107 153 107 100 102 124 102 118 102 123 102 100 104 100 106 145 106 146 106 147 106 142 106 144 106 100 0 31 35 31 53 89 26 81 1 35 7 25 24 25 59 12 57 21 57 31 64 72 64 13 17 4 96 4 63 4 14 4 49 81 13 11 58 11 55 11 3 51 3 29 75 18 75 28 75 54 3 56 5 86 90 81 10 83 10 31 89 85 3 20 43 20 10 81 82 81 62 81 0
82
17 65 42 7 17
0 66
100 138 151 121 136 149 100
101 188 117 167 175 178 154 179 101
13 87 13
5 56 5
89 99 89
3 98
104 104
128 128
20 20
152 152
182 182
14 14
43 43
153 153
83 83
25 25
70 70
35 35
156 156
172 172
169 169
177 177
147 147
109 109
130 130
127 127
124 124
90 90
171 171
189 189
18 18
31 31
63 63
196 196
81 81
26 26
51 51
77 77
180 180
24 24
53 53
1 1
158 158
10 10
82 82
160 160
28 28
85 85
96 96
72 72
44 44
86 86
57 57
106 106
54 54
29 29
22 22
68 68
123 123
118 118
49 49
142 142
62 62
145 145
198 198
58 58
113 113
112 112
102 102
105 105
173 173
75 75
144 144
59 59
21 21
55 55
168 168
146 146
4 4
194 194
