MapLocation29 MapLocation12 MapLocation24 MapLocation44 MapLocation20 MapLocation5 MapLocation39 MapLocation6 MapLocation5 MapLocation7 MapLocation8 MapLocation2 MapLocation42 MapLocation23 MapLocation10 MapLocation37 MapLocation11 MapLocation2 MapLocation18 MapLocation0 MapLocation0 MapLocation47 MapLocation0 MapLocation17 MapLocation34 MapLocation36 MapLocation29
22
MapLocation2 MapLocation33 MapLocation43
MapLocation0 MapLocation28 MapLocation25 MapLocation46
MapLocation12 MapLocation12
MapLocation37 MapLocation37
MapLocation29 MapLocation29
MapLocation34 MapLocation34
MapLocation42 MapLocation42
MapLocation44 MapLocation44
MapLocation24 MapLocation24
MapLocation36 MapLocation36
MapLocation17 MapLocation17
MapLocation39 MapLocation39
MapLocation20 MapLocation20
MapLocation11 MapLocation11
MapLocation23 MapLocation23
MapLocation18 MapLocation18
MapLocation47 MapLocation47
MapLocation10 MapLocation10
MapLocation5 MapLocation5
MapLocation6 MapLocation6
MapLocation7 MapLocation7
MapLocation8 MapLocation8
