MapLocation77 MapLocation67 MapLocation0 MapLocation42 MapLocation5 MapLocation4 MapLocation3 MapLocation0 MapLocation1 MapLocation2 MapLocation13 MapLocation48 MapLocation0 MapLocation72 MapLocation84 MapLocation68 MapLocation45 MapLocation0 MapLocation14 MapLocation83 MapLocation74 MapLocation0 MapLocation0 MapLocation0 MapLocation0 MapLocation2 MapLocation20 MapLocation91 MapLocation51 MapLocation10 MapLocation24 MapLocation88 MapLocation1 MapLocation82 MapLocation1 MapLocation35 MapLocation49 MapLocation1 MapLocation0 MapLocation58 MapLocation37 MapLocation61 MapLocation1 MapLocation0 MapLocation0 MapLocation66 MapLocation93 MapLocation39 MapLocation17 MapLocation27 MapLocation44 MapLocation40 MapLocation8 MapLocation97 MapLocation55 MapLocation0
40
MapLocation0 MapLocation79 MapLocation65 MapLocation19 MapLocation70 MapLocation80 MapLocation86 MapLocation81 MapLocation0
MapLocation2 MapLocation73 MapLocation2
MapLocation1 MapLocation85 MapLocation6 MapLocation1
MapLocation3 MapLocation3
MapLocation4 MapLocation4
MapLocation5 MapLocation5
MapLocation82 MapLocation82
MapLocation27 MapLocation27
MapLocation37 MapLocation37
MapLocation77 MapLocation77
MapLocation17 MapLocation17
MapLocation20 MapLocation20
MapLocation67 MapLocation67
MapLocation61 MapLocation61
MapLocation13 MapLocation13
MapLocation91 MapLocation91
MapLocation8 MapLocation8
MapLocation58 MapLocation58
MapLocation45 MapLocation45
MapLocation55 MapLocation55
MapLocation14 MapLocation14
MapLocation10 MapLocation10
MapLocation84 MapLocation84
MapLocation83 MapLocation83
MapLocation24 MapLocation24
MapLocation97 MapLocation97
MapLocation74 MapLocation74
MapLocation48 MapLocation48
MapLocation68 MapLocation68
MapLocation39 MapLocation39
MapLocation93 MapLocation93
MapLocation72 MapLocation72
MapLocation44 MapLocation44
MapLocation51 MapLocation51
MapLocation40 MapLocation40
MapLocation42 MapLocation42
MapLocation35 MapLocation35
MapLocation88 MapLocation88
MapLocation49 MapLocation49
MapLocation66 MapLocation66
