aa bo by al cv bj cf dj dm dt du dd ap bd db am do bs dc aj bh br ak cq df bk ao bw bg aw cn ag bn ae cz dq ch dv ax bp bb au cb af ay ce dg ac ct ck ab ba cl aq an bl av bc bm cp cs ai bu at az cy dk de cj bv cm dr bf be aa
50
aa aa
bo bo
by by
bj bj
cf cf
dj dj
ap ap
bd bd
db db
am am
bs bs
aj aj
br br
ak ak
df df
bk bk
ao ao
bg bg
ag ag
ae ae
dq dq
ch ch
dv dv
ax ax
bb bb
au au
cb cb
af af
ay ay
ce ce
dg dg
ac ac
ct ct
ab ab
cl cl
bl bl
bc bc
cs cs
bu bu
at at
az az
cy cy
dk dk
de de
cj cj
bv bv
cm cm
dr dr
bf bf
be be
