3 69 5 80 29 80 5 80 5 69 6 10 7 48 49 48 7 10 17 78 52 44 46 44 10 90 48 8 18 15 18 76 18 6 64 6 3 21 4 19 20 63 83 22 83 58 83 55 57 35 94 35 14 48 43 4 50 4 66 4 75 4 98 99 1 78 9 11 41 11 70 11 84 45 84 31 28 13 33 13 42 13 2 14 89 56 97 13 2 24 2 27 2 36 2 40 2 68 18 55 3 3 3 61 88 93 85 55 3 3 87 28 78 1
44
5 73
69 100
6 71 6
3 12 23 32 25 60 67
48 53
18 68
1 1
7 7
8 8
9 9
14 14
15 15
17 17
19 19
21 21
22 22
24 24
27 27
29 29
31 31
33 33
36 36
40 40
41 41
42 42
43 43
45 45
46 46
49 49
50 50
52 52
56 56
57 57
58 58
63 63
66 66
70 70
75 75
76 76
87 87
90 90
94 94
96 96
98 98
