86 67 2 46 117 70 63 75 165 8 12 49 12 149 40 55 114 1 42 76 111 129 85 29 108 59 108 29 114 1 180 26 9 62 9 128 5 3 11 99 196 99 11 3 37 151 80 151 37 156 188 47 18 51 43 92 182 96 182 115 89 62 84 88 18 15 32 25 143 25 32 175 70 36 20 36 133 36 15 61 71 167 65 167 71 61 104 24 168 24 104 61 15 165 75 171 54 171 182 115 31 4 183 25 32 126 98 126 37 151 88 181 161 87 102 78 8 79 187 186 172 39 23 58 23 7 163 161 87 102 22 68 100 182 115 67 86 120 86
65
46 94
63 74
12 48 123 138
49 125
55 93 132
85 129
108 44 184
59 72
29 121
114 52 105
180 106
9 10 13 26 110
62 89 192
3 19
37 73 97
151 17 160
80 194
47 41
96 174
88 27
18 139 177
25 64 140 150 153 154 158 183
143 6
32 126 157 159
20 38 82
133 152
61 30 69 107
65 146
168 189
15 122
171 199
182 113 100
115 53
4 179
98 91 173
78 14 148
79 21 137
172 56
58 28 116
23 66 169 185
7 45 57 101 145
87 163 87
68 35 90
67 198
1 1
2 2
5 5
8 8
11 11
22 22
36 36
51 51
54 54
71 71
75 75
76 76
84 84
92 92
117 117
120 120
149 149
156 156
175 175
181 181
196 196
