110 57 129 44 68 153 184 164 72 164 100 2 7 168 7 2 124 2 81 159 174 38 69 95 69 38 116 139 39 61 171 61 194 102 118 138 190 122 190 138 118 3 127 3 118 102 194 61 11 176 158 117 13 160 104 98 189 178 62 34 62 134 74 148 74 134 172 92 169 197 169 65 54 35 73 180 113 180 73 47 45 47 156 47 73 35 54 65 169 92 172 134 62 178 189 98 104 160 13 151 142 151 13 117 158 176 11 61 39 55 39 139 116 38 174 159 81 2 100 60 66 87 196 109 9 88 25 41 20 41 192 31 144 89 170 14 173 30 40 30 157 167 94 76 94 167 157 30 173 14 170 89 144 10 137 161 78 56 50 96 21 188 64 188 84 175 84 188 21 53 120 59 179 1 36 79 149 126 147 32 23 0 154 28 29 28 154 0 8 107 8 0 23 32 147 126 149 79 36 1 179 59 120 53 21 96 50 56 78 161 70 27 115 19 52 19 165 22 165 108 63 18 141 83 5 83 46 101 43 123 193 123 43 101 97 93 187 121 187 93 140 6 131 6 140 93 97 101 46 166 111 51 111 166 46 83 141 18 63 108 165 19 115 27 70 161 137 10 144 31 192 41 25 88 9 109 196 87 66 60 100 164 184 153 112 182 85 182 112 153 68 44 129 57 26 90 26 191 119 152 119 199 103 24 103 199 119 191 26 57 110 77 195 33 136 99 181 133 181 99 136 33 4 67 15 86 132 86 15 163 15 67 75 91 75 145 75 67 4 33 195 77 110
100
110 110
44 44
72 72
100 100
168 168
124 124
81 81
159 159
38 38
39 39
171 171
138 138
190 190
122 122
3 3
127 127
11 11
176 176
13 13
160 160
98 98
189 189
178 178
74 74
148 148
172 172
92 92
169 169
197 197
54 54
73 73
47 47
45 45
142 142
55 55
60 60
66 66
87 87
25 25
41 41
20 20
192 192
170 170
14 14
30 30
40 40
94 94
76 76
161 161
56 56
50 50
96 96
64 64
175 175
53 53
1 1
36 36
79 79
149 149
126 126
147 147
0 0
154 154
28 28
29 29
107 107
19 19
52 52
165 165
22 22
18 18
141 141
83 83
5 5
101 101
43 43
123 123
193 193
121 121
140 140
6 6
131 131
51 51
182 182
85 85
26 26
90 90
152 152
199 199
103 103
77 77
195 195
99 99
181 181
67 67
15 15
132 132
163 163
91 91
145 145
