57 95 70 10 74 32 20 17 42 39 61 48 66 56 6 80 15 1 98 81 55 68 38 94 43 31 52 96 19 99 13 45 76 58 89 50 11 29 82 60 12 24 73 26 28 88 47 93 27 36 40 30 34 8 71 91 4 7 33 83 5 23 86 49 54 14 62 67 92 44 87 51 79 77 21 53 97 2 75 78 85 46 64 59 25 35 84 57
50
57 57
70 70
17 17
42 42
61 61
48 48
56 56
80 80
98 98
55 55
68 68
38 38
94 94
43 43
52 52
99 99
13 13
76 76
58 58
50 50
11 11
29 29
12 12
24 24
26 26
88 88
47 47
36 36
34 34
91 91
4 4
7 7
83 83
5 5
86 86
54 54
14 14
62 62
87 87
51 51
77 77
21 21
53 53
2 2
75 75
78 78
46 46
64 64
25 25
84 84
