Location0 Location43 Location25 Location29 Location3 Location10 Location9 Location28 Location3 Location19 Location26 Location36 Location45 Location37 Location16 Location68 Location24 Location35 Location11 Location2 Location14 Location26 Location33 Location8 Location16 Location3 Location19 Location6 Location23 Location0 Location18 Location44 Location13 Location11 Location2 Location30 Location32 Location8 Location17 Location3 Location17 Location4 Location56 Location12 Location2 Location31 Location1 Location31 Location2 Location40 Location8 Location20 Location26 Location21 Location7 Location3 Location13 Location15 Location5 Location15 Location34 Location23 Location0
37
Location16 Location23 Location16
Location19 Location22 Location19
Location0 Location27
Location2 Location42 Location38 Location41 Location2
Location17 Location11 Location17
Location56 Location39
Location13 Location4 Location13
Location15 Location12 Location15
Location1 Location1
Location3 Location3
Location5 Location5
Location6 Location6
Location7 Location7
Location8 Location8
Location9 Location9
Location10 Location10
Location14 Location14
Location18 Location18
Location20 Location20
Location21 Location21
Location24 Location24
Location25 Location25
Location26 Location26
Location28 Location28
Location29 Location29
Location30 Location30
Location31 Location31
Location32 Location32
Location33 Location33
Location34 Location34
Location35 Location35
Location36 Location36
Location37 Location37
Location40 Location40
Location43 Location43
Location44 Location44
Location45 Location45
