Location0 Location27 Location4 Location12 Location4 Location34 Location41 Location24 Location26 Location10 Location21 Location2 Location15 Location9 Location20 Location1 Location4 Location13 Location4 Location5 Location32 Location5 Location4 Location37 Location17 Location23 Location30 Location38 Location28 Location2 Location40 Location11 Location29 Location9 Location53 Location1 Location8 Location12 Location4 Location21 Location1 Location28 Location7 Location28 Location23 Location31 Location33 Location43 Location3 Location16 Location0
30
Location4 Location35 Location5 Location39 Location4
Location9 Location29 Location9
Location5 Location25
Location29 Location11 Location19
Location53 Location36
Location12 Location6 Location12
Location21 Location24 Location21
Location28 Location2 Location22 Location28
Location23 Location14 Location18 Location23
Location1 Location1
Location3 Location3
Location7 Location7
Location8 Location8
Location10 Location10
Location13 Location13
Location15 Location15
Location16 Location16
Location17 Location17
Location20 Location20
Location26 Location26
Location27 Location27
Location30 Location30
Location31 Location31
Location32 Location32
Location33 Location33
Location34 Location34
Location37 Location37
Location38 Location38
Location40 Location40
Location41 Location41
