1 3 16 1 1 3 3 3 106 3 182 184 2 8 1 49 1 157 2 51 6 20 1 1 3 47 60 4 3 126 151 2 83 95 9 41 16 57 1 2 2 2 42 4 4 161 171 165 3 4 1 2 193 13 10 5 53 3 1 9 1 8 116 11 5 1 33 1 1 1 35 103 27 68 31 75 88 12 189 37 110 4 7 150 176 99 1 5 164 5 200 34 136 3 1 58 81 85 1 111 1 1 1 143 1 198 1
60
1 59 140 2 50 55 102 56 80 21 77 127 130 70 86 129 133 141 174 1
3 89 92 101 169 26 97 3
2 44 74 124 131 162 137
16 69 16
4 61 144 87 138
5 36 156 167
9 82 9
8 84 8
11 159
12 177
7 139
6 6
10 10
13 13
20 20
27 27
31 31
33 33
34 34
35 35
37 37
41 41
42 42
47 47
49 49
51 51
53 53
57 57
58 58
60 60
68 68
75 75
81 81
83 83
85 85
88 88
95 95
99 99
103 103
106 106
110 110
111 111
116 116
126 126
136 136
143 143
150 150
151 151
157 157
161 161
164 164
165 165
171 171
176 176
182 182
184 184
189 189
193 193
198 198
200 200
