0 15 14 3 14 12 16 17 13 9 20 18 7 8 7 18 20 21 30 29 23 24 26 24 23 29 30 34 33 47 44 48 44 47 33 34 30 35 37 38 36 42 36 38 41 38 37 35 30 21 20 9 13 11 13 17 16 12 14 15 0 50 65 64 53 64 62 66 67 63 59 70 68 57 58 57 68 70 71 80 79 73 74 76 74 73 79 80 84 83 97 94 98 94 97 83 84 80 85 87 88 86 92 86 88 91 88 87 85 80 71 70 59 63 61 63 67 66 62 64 65 50 100 115 114 103 114 112 116 117 113 109 120 118 107 108 107 118 120 121 130 129 123 124 126 124 123 129 130 134 133 147 144 148 144 147 133 134 130 135 137 138 136 142 136 138 141 138 137 135 130 121 120 109 113 111 113 117 116 112 114 115 100 150 165 164 153 164 162 166 167 163 159 170 168 157 158 157 168 170 171 180 179 173 174 176 174 173 179 180 184 183 197 194 197 183 184 180 185 187 188 186 192 186 188 191 188 187 185 180 171 170 159 163 161 163 167 166 162 164 165 150 199 150 100 50 0
64
0 1
3 2 3
9 10
8 5 6
30 22
26 25 26
23 27
48 49 48
42 46 42
41 40 41
11 4
50 51
53 52 53
59 60
58 55 56
80 72
76 75 76
73 77
98 99 98
92 96 92
91 90 91
61 54
100 101
103 102 103
109 110
108 105 106
130 122
126 125 126
123 127
148 149 148
142 146 142
141 140 141
111 104
150 151
153 152 153
159 160
158 155 156
180 172
176 175 176
173 177
194 198 194
192 196 192
191 190 191
161 154
24 24
33 33
47 47
44 44
36 36
74 74
83 83
97 97
94 94
86 86
124 124
133 133
147 147
144 144
136 136
174 174
183 183
197 197
199 199
186 186
