31 74 56 144 157 54 114 126 121 47 72 140 153 50 45 94 149 82 109 135 136 152 88 97 16 9 28 4 80 143 155 90 83 148 70 110 19 5 60 43 69 92 38 64 35 125 151 59 11 89 8 57 63 154 96 34 29 33 105 137 75 133 159 100 62 172 167 196 175 161 200 185 188 168 190 186 199 179 162 182 180 193 176 191 197 163 174 187 195 169 171 178 166 164 173 198 183 170 184 12 120 24 150 40 127 77 79 101 42 76 26 53 6 58 30 10 119 131 13 81 115 141 17 20 102 134 138 32 91 61 3 22 103 27 95 85 23 49 111 129 98 78 147 93 106 123 117 86 68 118 160 67 108 7 116 66 14 71 21 48 142 99 156 73 65 128 124 46 52 132 146 112 107 31
100
74 74
114 114
121 121
47 47
140 140
45 45
94 94
149 149
82 82
152 152
88 88
9 9
28 28
4 4
80 80
143 143
90 90
83 83
148 148
110 110
60 60
69 69
38 38
64 64
35 35
125 125
151 151
89 89
57 57
34 34
29 29
33 33
105 105
137 137
167 167
196 196
175 175
188 188
168 168
186 186
199 199
179 179
180 180
191 191
197 197
195 195
169 169
171 171
164 164
173 173
198 198
170 170
184 184
12 12
120 120
127 127
77 77
42 42
6 6
58 58
30 30
119 119
131 131
13 13
81 81
115 115
141 141
20 20
134 134
138 138
32 32
22 22
103 103
27 27
49 49
78 78
147 147
93 93
106 106
123 123
117 117
86 86
68 68
160 160
67 67
108 108
7 7
66 66
14 14
21 21
48 48
99 99
156 156
65 65
128 128
46 46
52 52
146 146
112 112
107 107
