45 58 1 64 36 23 46 42 77 91 63 12 70 41 2 27 40 30 51 5 87 89 47 54 3 90 71 82 93 59 14 18 13 9 37 85 17 80 94 92 95 74 39 84 73 32 96 97 4 38 50 78 67 66 60 11 57 44 21 22 81 33 61 8 19 35 53 7 26 88 24 83 69 29 65 55 68 34 31 56 98 52 43 25 10 45
50
58 58
1 1
46 46
77 77
91 91
63 63
70 70
41 41
2 2
27 27
40 40
51 51
5 5
87 87
89 89
47 47
54 54
71 71
82 82
59 59
18 18
17 17
80 80
92 92
95 95
39 39
84 84
38 38
50 50
78 78
66 66
57 57
44 44
21 21
33 33
61 61
19 19
35 35
53 53
7 7
26 26
24 24
69 69
29 29
68 68
34 34
31 31
56 56
52 52
10 10
