state catnip begot catnip jackass catnip infuse catnip cocaine catnip registrant catnip shrugging catnip Yaounde catnip Edmonds catnip harrow catnip knick catnip wrack catnip border catnip Zellerbach catnip dumpling catnip scaup catnip value catnip catnip catnip catnip catnip catnip catnip catnip catnip catnip catnip catnip catnip catnip catnip catnip catnip catnip catnip catnip catnip catnip catnip catnip catnip catnip catnip catnip catnip catnip catnip catnip catnip catnip catnip catnip catnip catnip catnip catnip catnip catnip catnip catnip catnip catnip catnip catnip catnip catnip catnip catnip catnip catnip catnip catnip catnip catnip catnip catnip catnip catnip catnip catnip catnip catnip catnip catnip catnip catnip catnip catnip catnip catnip catnip catnip catnip catnip catnip catnip catnip catnip cache catnip state
19
catnip whirligig octane rocky joke texture bloc Evans anatomy Albert Adler hyphen lobby gun omicron complacent supremum Protista heifer uptown grade ash dame Eva backgammon Augean curbside foursome flexural trivium turnout opossum clasp Lizzie monk Whelan circumstantial eggplant debenture Ridgway Adamson hungry fleawort huge presto bibliophile Cinderella watery scriptwriter eidetic driveway motet stingy Darwin sanatoria sepulchral stereography Arden pairwise rent bald fireplace gavotte charcoal hallelujah cohere Steiner compunction firebug lonesome knurl whatsoever athletic Della freehold Calkins serge Waterbury his hypothetic regal retardation exhortation
controversial controversial
begot begot
knick knick
wrack wrack
border border
Zellerbach Zellerbach
dumpling dumpling
jackass jackass
scaup scaup
value value
infuse infuse
cocaine cocaine
registrant registrant
cache cache
shrugging shrugging
Yaounde Yaounde
Edmonds Edmonds
harrow harrow
