cure coralberry Delphi St Negroid St logjam St item St Blackman St latch St Delphi coralberry hypotonic coralberry marquess bear reflectance bear Bridgeport bear Brillouin bear indignity bear upheld bear Moe bear lint bear seem bear stupor bear Vichy bear marquess coralberry Muscat coralberry ineducable coralberry greet coralberry cure Verdi swoop Verdi cure periphery roost periphery obfuscate periphery cure awash belch awash cure
25
Delphi Delphi
Negroid Negroid
logjam logjam
item item
Blackman Blackman
latch latch
hypotonic hypotonic
marquess marquess
reflectance reflectance
Bridgeport Bridgeport
Brillouin Brillouin
indignity indignity
upheld upheld
Moe Moe
lint lint
seem seem
stupor stupor
Vichy Vichy
Muscat Muscat
ineducable ineducable
greet greet
swoop swoop
roost roost
obfuscate obfuscate
belch belch
