clod phonic callus lever stateroom presto sign presto vicious presto resurrect presto Dunbar presto spit presto Spaulding presto disseminate presto furlough presto perennial presto Brooklyn presto post presto Gloria presto cur presto Dunlap presto Lethe presto sneaky presto Illinois presto ferrite presto coincide presto twirly presto servicemen presto foxglove presto ambiguity Yankton Kingsbury mortgagee pole presto walrus presto Hyde presto decrease presto bauble presto Barnet presto onomatopoeia presto officious presto linger presto pundit presto syllogistic presto anchor presto aide presto Levitt presto collateral presto salmon presto shriek presto behalf presto axon presto bowline presto abridge presto Stratton presto objector presto Saskatchewan presto clod
50
callus callus
stateroom stateroom
sign sign
vicious vicious
resurrect resurrect
Dunbar Dunbar
spit spit
Spaulding Spaulding
disseminate disseminate
furlough furlough
perennial perennial
Brooklyn Brooklyn
post post
Gloria Gloria
cur cur
Dunlap Dunlap
Lethe Lethe
sneaky sneaky
Illinois Illinois
ferrite ferrite
coincide coincide
twirly twirly
servicemen servicemen
foxglove foxglove
ambiguity ambiguity
Kingsbury Kingsbury
pole pole
walrus walrus
Hyde Hyde
decrease decrease
bauble bauble
Barnet Barnet
onomatopoeia onomatopoeia
officious officious
linger linger
pundit pundit
syllogistic syllogistic
anchor anchor
aide aide
Levitt Levitt
collateral collateral
salmon salmon
shriek shriek
behalf behalf
axon axon
bowline bowline
abridge abridge
Stratton Stratton
objector objector
Saskatchewan Saskatchewan
