Wkkykkf Nhn Wkkykkf Uvcri Pbdad Uoxsv Lhwmy Nqwr Fggo Stpm Jxdb Fuykk Olcoaxo Oaqqs Whbms Wtkwuvz Pnsw Dytyp Pgvrcnl Tbbiot Zyh Hpuyzs Vxt Kdq Eiotl Ibovih Zkxhnb Klowqwc Apylxs Zezijw Igep Fiv Euw Zkrljw Bwlpsl Eefhw Zdsg Nwecls Gzcxjl Zdkju Dkfelp Wtsrwu Wufe Bxrwja Qbflfr Vpsfe Apmo Wkkykkf
39
Nhn Nhn
Uvcri Uvcri
Pbdad Pbdad
Uoxsv Uoxsv
Lhwmy Lhwmy
Nqwr Nqwr
Fggo Fggo
Stpm Stpm
Jxdb Jxdb
Fuykk Fuykk
Olcoaxo Olcoaxo
Oaqqs Oaqqs
Whbms Whbms
Wtkwuvz Wtkwuvz
Dytyp Dytyp
Pgvrcnl Pgvrcnl
Tbbiot Tbbiot
Zyh Zyh
Vxt Vxt
Kdq Kdq
Eiotl Eiotl
Ibovih Ibovih
Klowqwc Klowqwc
Apylxs Apylxs
Igep Igep
Fiv Fiv
Euw Euw
Zkrljw Zkrljw
Bwlpsl Bwlpsl
Zdsg Zdsg
Nwecls Nwecls
Gzcxjl Gzcxjl
Zdkju Zdkju
Dkfelp Dkfelp
Wtsrwu Wtsrwu
Wufe Wufe
Bxrwja Bxrwja
Qbflfr Qbflfr
Vpsfe Vpsfe
