A0 F5 P5 C0 X4 J3 F0 Q6 M6 A3 E4 O7 X2 N3 Q5 G3 S1 L3 J6 Z4 J7 B2 M4 L0 I1 I0 B1 B7 D7 M5 C7 N2 J5 W1 U4 N0 W3 Z3 W2 C6 W6 L5 T6 X6 Q1 H0 M0 T2 E1 X3 X1 H7 O4 E5 C3 M1 X5 G7 V2 Z6 Q3 R5 B4 M3 O5 I3 O6 W5 S4 Z5 S0 F4 V6 R0 E6 T5 F3 R3 Z2 U6 M2 J2 H2 G6 U2 K7 T3 C4 H4 A7 Y6 Q7 H6 P6 M7 S2 K1 A1 I5 A2 X0 V0 A4 V4 Y3 D3 S6 P7 J0 P2 P0 Y4 D6 R4 G1 L4 Q0 L1 N1 F1 G0 J1 A5 C2 T0 W0 R6 J4 B3 A6 F6 T1 B0 Y0 D0 D4 W4 Q2 Q4 G4 H3 Z1 G2 P1 O3 B5 U0 D2 K4 E3 K2 A0
100
A0 A0
P5 P5
C0 C0
X4 X4
F0 F0
Q6 Q6
M6 M6
E4 E4
X2 X2
Q5 Q5
G3 G3
S1 S1
J6 J6
Z4 Z4
B2 B2
M4 M4
L0 L0
I1 I1
I0 I0
D7 D7
M5 M5
C7 C7
N2 N2
J5 J5
Z3 Z3
W2 W2
C6 C6
W6 W6
L5 L5
T6 T6
X6 X6
H0 H0
M0 M0
T2 T2
E1 E1
X3 X3
X1 X1
O4 O4
E5 E5
C3 C3
M1 M1
V2 V2
Z6 Z6
R5 R5
B4 B4
M3 M3
O5 O5
I3 I3
W5 W5
Z5 Z5
F4 F4
V6 V6
T5 T5
F3 F3
R3 R3
U6 U6
G6 G6
U2 U2
T3 T3
C4 C4
A7 A7
Y6 Y6
H6 H6
P6 P6
S2 S2
K1 K1
A1 A1
I5 I5
A2 A2
X0 X0
A4 A4
Y3 Y3
D3 D3
S6 S6
J0 J0
P2 P2
P0 P0
Y4 Y4
R4 R4
G1 G1
Q0 Q0
N1 N1
G0 G0
J1 J1
A5 A5
R6 R6
A6 A6
F6 F6
Y0 Y0
D0 D0
W4 W4
Q4 Q4
G4 G4
Z1 Z1
O3 O3
B5 B5
D2 D2
K4 K4
E3 E3
K2 K2
