A0 Q1 R2 I0 Z1 B1 S1 G1 K3 P3 D0 D1 U1 L0 D2 K1 D3 N3 F0 C0 P2 N1 J3 V2 I3 V0 H1 X0 F1 A3 M1 Y0 U2 U0 O3 W0 S3 J0 X2 F2 T1 R3 Y2 Z0 I1 W2 T3 V1 S2 G0 B0 L3 H2 G2 R0 T2 P0 E0 O1 S0 J2 N2 A1 F3 M0 H0 R1 K0 O0 P1 L1 E2 V3 N0 T0 M2 C2 A2 C1 C3 B2 X1 Q2 A0
50
A0 A0
R2 R2
I0 I0
Z1 Z1
B1 B1
P3 P3
D1 D1
U1 U1
L0 L0
K1 K1
D3 D3
N3 N3
F0 F0
C0 C0
P2 P2
V2 V2
V0 V0
H1 H1
F1 F1
M1 M1
U2 U2
U0 U0
S3 S3
X2 X2
T1 T1
Z0 Z0
W2 W2
T3 T3
V1 V1
B0 B0
L3 L3
P0 P0
E0 E0
O1 O1
S0 S0
N2 N2
A1 A1
F3 F3
M0 M0
H0 H0
K0 K0
O0 O0
L1 L1
N0 N0
C2 C2
C1 C1
C3 C3
B2 B2
X1 X1
Q2 Q2
