7 49 23 93 45 47 48 56 40 78 1 32 43 90 69 4 13 75 71 78 1 32 74 32 94 30 19 2 37 19 20 9 54 92 35 28 47 72 44 41 3 18 34 24 83 38 77 84 28 35 27 81 27 15 52 82 33 91 26 76 26 91 63 91 26 76 15 36 21 10 21 36 15 65 15 27 35 92 51 73 64 73 51 92 60 22 60 30 60 92 35 28 84 77 38 77 84 28 67 89 39 85 8 85 39 68 25 16 25 96 99 62 98 62 99 96 25 68 97 61 42 16 25 96 59 88 12 58 31 50 46 80 66 80 66 87 40 78 1 7
30
49 49
23 23
32 32
75 75
74 74
19 19
44 44
83 83
81 81
15 15
33 33
76 76
63 63
65 65
51 51
64 64
22 22
30 30
84 84
38 38
89 89
25 25
16 16
96 96
99 99
98 98
61 61
42 42
58 58
80 80
