142 121 137 66 106 111 90 143 77 160 108 148 46 4 174 3 91 181 151 93 151 181 153 139 30 140 126 164 59 21 59 164 126 177 16 193 130 58 155 162 166 51 3 174 3 91 181 153 139 145 72 27 147 58 130 175 130 193 60 78 186 186 17 6 103 28 9 14 134 52 178 195 195 178 37 194 164 126 140 171 63 131 63 171 140 126 12 197 197 12 126 104 193 130 65 130 193 60 26 0 190 118 93 151 181 18 103 102 136 9 28 103 41 152 152 68 192 68 128 122 64 158 195 178 52 134 14 9 92 9 33 33 9 136 47 62 107 137 188 39 115 5 185 22 149 149 63 171 140 180 85 85 180 140 30 139 139 154 94 31 8 8 45 159 151 151 181 153 153 181 181 151 167 142 121 137 48 76 48 137 121 142
47
66 44
106 127 106
151 144 159 151
21 157 21
174 4 174
175 34
60 124 60
186 55 186
134 14
195 158 195
140 129 140
131 35
197 38 197
130 141
0 183
103 97
152 41
192 150
64 69 64
92 70
33 133 33
47 7
149 22
85 89
139 30
8 31
153 23
181 91 181
142 167
90 90
178 178
46 46
108 108
121 121
177 177
63 63
76 76
145 145
3 3
115 115
48 48
16 16
77 77
137 137
93 93
58 58
39 39
