5 33 68 155 68 33 107 33 5 4 3 0 1 2 9 22 37 45 59 101 104 101 111 101 59 127 59 118 126 118 59 76 59 96 148 96 59 45 152 45 37 44 106 44 37 22 58 86 109 130 109 86 41 27 7 77 9 10 15 163 15 10 160 10 28 39 88 117 88 168 88 39 31 66 12 18 178 18 12 17 55 57 55 17 114 17 36 40 92 40 94 99 94 40 36 82 179 82 36 17 12 150 191 150 12 25 43 61 119 61 43 132 43 183 43 25 46 34 6 1 26 1 70 105 70 1 177 1 6 11 85 11 27 41 48 41 27 53 60 156 60 53 123 131 140 131 123 53 27 11 113 11 6 34 6 1 21 8 95 121 95 134 95 8 170 8 21 1 0 51 0 81 0 3 31 4 79 4 5 14 23 103 23 14 42 14 63 14 64 89 13 90 91 90 14 196 14 5 19 20 54 20 62 20 19 52 143 144 176 180 194 180 176 144 143 52 80 52 56 102 56 52 19 69 145 69 19 169 19 5 7 16 29 32 50 75 50 32 29 146 29 16 7 35 7 5
52
68 68
155 155
9 9
45 45
101 101
104 104
111 111
127 127
126 126
76 76
96 96
152 152
106 106
58 58
109 109
130 130
77 77
163 163
160 160
168 168
178 178
57 57
92 92
179 179
191 191
183 183
105 105
177 177
85 85
27 27
140 140
113 113
21 21
121 121
51 51
31 31
23 23
103 103
63 63
91 91
196 196
54 54
176 176
180 180
194 194
80 80
102 102
145 145
169 169
32 32
50 50
35 35
