89 20 35 19 42 31 27 41 49 45 49 38 32 26 32 5 18 32 49 41 81 8 40 4 9 11 3 16 95 10 95 33 21 96 57 29 46 94 22 47 10 78 37 0 2 28 2 34 2 72 8 50 39 52 14 68 22 47 52 14 44 21 96 23 17 48 23 4 40 40 7 15 7 24 5 24 13 24 11 24 25 24 92 0
44
18 30 18
41 12 41
57 43
8 6 8
52 39 1
40 27 36 40
2 2
3 3
4 4
5 5
7 7
9 9
10 10
11 11
13 13
14 14
15 15
16 16
17 17
19 19
20 20
21 21
22 22
23 23
24 24
25 25
26 26
28 28
29 29
31 31
32 32
33 33
34 34
35 35
37 37
38 38
42 42
44 44
45 45
46 46
47 47
48 48
49 49
50 50
