myBc2oGXtwQIbhN8LZB1 vy2boLWO2lxg10y7uS0y 6X2CNJieZ0I5rs3Wfu65 nmetx4LmU9YBYTmghDrT 1ZOzWuPMAgV9noIUn6fI 3B3BIG6A4j9vPwAc8nQR 9qKQxzNhOFjJqaecQyK0 itlYcr1HLIijK6IEih7d jHmvxfAZsjs2mCnHbbFf 4jo8IXw984NR3wvT2Dr9 FMx2ghinkTg3bXUUbaTx fpPjeU3Q7Ml0oxbNnONE THOlWrcPLTG3BoVkMtJU z5q6ttBPV27yxxLLSiEN dOBnQCXLXxGyjTj3QvT5 RBvtNZMBTgecfVkYzQF0 ptVEb5MtTsnyDsszLqdb ncgdwkJBMYlPXBREt3a2 bDUuepVti8upHAAenmtw KtbSULrz2h1IxsKP2DHz RpB10dFWsUl9DC779n8X DY8VhtrSq6Cc3rxJZ9sj 3TCeOMdE7BbPZ0rpYuCY TcUz8pPP5kJyD6SKwm5I UMmbOoOKP6EkLMuN70H3 huAFXwtRjt3SQzwGHlqz o9aZyqilfPONdyLlpTRX ki0pv73E3TweydEr2xMN saIZq3FqZhdVPNoQWmqU E1No0jrU6hgJwSJDwUUZ mZGLfn0jbLOpy4dRbGU2 QE7OzkjvlSSywyVvAzrw G6CUgOl4p73Rgc0T3f94 m1eNgjuhkxodElFqqgdb ZhHxBzOYsJAOHrqq4mZM tDBlCuVAUlVhYfGmo0ZK 0XkHA8PrhAZdfyodPJuj uNXUIWejT1w4vLTe7QBt EY74ASuADSlYlDTJLkL6 dDuRIa3uykAHrqtnscL7 o9XvbKLK829LHx1fwro4 9OL9rFCWxsvkui0BnJrR yHPSS57AN08ejjILeFs9 q1ntlEPy5TkjTDK1N7QA 69TQpRojisYUrVnWqBaA fbJ1XhavEsRSCGVVB1U1 JBiXyXogbhO9RGLjMiRP olDP1pNg8HxpvCq8TOIJ K674cUKePzN7aRSq4iqU o53aRQwjhcCKlIFPSjvf o2dWBGyrvosFrr6mKxkG SUNxIlWVwIvWYg6OTKeH jjCSZnB5168QDqTrFROq wy0RiFWOddqgqdcatQ9A VThEkwdtHmaZ1zsmfh4s uyIFjf9icYD5VmAzNfRQ LJTA7Za5kd0YC7vjiAyc lIw41GL97UpW0SIulzFJ MrSQPZSbMdgYshneAfKf SwF10yYWjKWmqxtGZBky C4VxHS7oWghMg001nCqT 7icmXpzpUEkwaV7qVEaJ qz4O4bOhKA0YZxpN4mu9 lYkJhGqsFKbDklNelAfr GvRFaXYJvrU5PAeeG88T fs293gU4e4aMhOljCB50 j2d1svPUTAqQIDPXwffl lRM59z2yUMoVl3kzgo9u bVCSBWLjvEmxQEUvDzc4 w5Yg5o0VnYd77fs4XPRL qizvT7wmu308zgJRCTE2 vDgQrJL5dinUbTXXnFI5 jy3jNWgqegakpFSv6gUm oTKjE2BVS0AvV4XvUeLk e3j3O8zLHFaoF4L54lX4 riaaYbNfyU7H6Pgj8ox2 1xvTq3xEFTlQlaxDd2yR 5f6BSghRQWi4UfjviKjn TN93ZjZBMIgkJh9ck6Ha zWpsWJk9vbOt0JkC0vhz X0l14s0sRXjXSeLRZLOJ ac1xBQA0fTyrjmfkRJQN wqC51QdeDTq2cT8foWJ0 1GbSD7rTlpNb4qV46SKR 6yzFaM9N8M8BsjLACDds yAYyOcL4ZKdEiLdSPQJm myBc2oGXtwQIbhN8LZB1
50
vy2boLWO2lxg10y7uS0y vy2boLWO2lxg10y7uS0y
6X2CNJieZ0I5rs3Wfu65 6X2CNJieZ0I5rs3Wfu65
nmetx4LmU9YBYTmghDrT nmetx4LmU9YBYTmghDrT
1ZOzWuPMAgV9noIUn6fI 1ZOzWuPMAgV9noIUn6fI
jHmvxfAZsjs2mCnHbbFf jHmvxfAZsjs2mCnHbbFf
4jo8IXw984NR3wvT2Dr9 4jo8IXw984NR3wvT2Dr9
FMx2ghinkTg3bXUUbaTx FMx2ghinkTg3bXUUbaTx
fpPjeU3Q7Ml0oxbNnONE fpPjeU3Q7Ml0oxbNnONE
RBvtNZMBTgecfVkYzQF0 RBvtNZMBTgecfVkYzQF0
KtbSULrz2h1IxsKP2DHz KtbSULrz2h1IxsKP2DHz
RpB10dFWsUl9DC779n8X RpB10dFWsUl9DC779n8X
UMmbOoOKP6EkLMuN70H3 UMmbOoOKP6EkLMuN70H3
o9aZyqilfPONdyLlpTRX o9aZyqilfPONdyLlpTRX
ki0pv73E3TweydEr2xMN ki0pv73E3TweydEr2xMN
saIZq3FqZhdVPNoQWmqU saIZq3FqZhdVPNoQWmqU
m1eNgjuhkxodElFqqgdb m1eNgjuhkxodElFqqgdb
ZhHxBzOYsJAOHrqq4mZM ZhHxBzOYsJAOHrqq4mZM
uNXUIWejT1w4vLTe7QBt uNXUIWejT1w4vLTe7QBt
EY74ASuADSlYlDTJLkL6 EY74ASuADSlYlDTJLkL6
9OL9rFCWxsvkui0BnJrR 9OL9rFCWxsvkui0BnJrR
q1ntlEPy5TkjTDK1N7QA q1ntlEPy5TkjTDK1N7QA
69TQpRojisYUrVnWqBaA 69TQpRojisYUrVnWqBaA
fbJ1XhavEsRSCGVVB1U1 fbJ1XhavEsRSCGVVB1U1
olDP1pNg8HxpvCq8TOIJ olDP1pNg8HxpvCq8TOIJ
K674cUKePzN7aRSq4iqU K674cUKePzN7aRSq4iqU
o53aRQwjhcCKlIFPSjvf o53aRQwjhcCKlIFPSjvf
o2dWBGyrvosFrr6mKxkG o2dWBGyrvosFrr6mKxkG
SUNxIlWVwIvWYg6OTKeH SUNxIlWVwIvWYg6OTKeH
jjCSZnB5168QDqTrFROq jjCSZnB5168QDqTrFROq
wy0RiFWOddqgqdcatQ9A wy0RiFWOddqgqdcatQ9A
VThEkwdtHmaZ1zsmfh4s VThEkwdtHmaZ1zsmfh4s
LJTA7Za5kd0YC7vjiAyc LJTA7Za5kd0YC7vjiAyc
MrSQPZSbMdgYshneAfKf MrSQPZSbMdgYshneAfKf
C4VxHS7oWghMg001nCqT C4VxHS7oWghMg001nCqT
qz4O4bOhKA0YZxpN4mu9 qz4O4bOhKA0YZxpN4mu9
lYkJhGqsFKbDklNelAfr lYkJhGqsFKbDklNelAfr
GvRFaXYJvrU5PAeeG88T GvRFaXYJvrU5PAeeG88T
j2d1svPUTAqQIDPXwffl j2d1svPUTAqQIDPXwffl
lRM59z2yUMoVl3kzgo9u lRM59z2yUMoVl3kzgo9u
bVCSBWLjvEmxQEUvDzc4 bVCSBWLjvEmxQEUvDzc4
w5Yg5o0VnYd77fs4XPRL w5Yg5o0VnYd77fs4XPRL
jy3jNWgqegakpFSv6gUm jy3jNWgqegakpFSv6gUm
oTKjE2BVS0AvV4XvUeLk oTKjE2BVS0AvV4XvUeLk
e3j3O8zLHFaoF4L54lX4 e3j3O8zLHFaoF4L54lX4
5f6BSghRQWi4UfjviKjn 5f6BSghRQWi4UfjviKjn
zWpsWJk9vbOt0JkC0vhz zWpsWJk9vbOt0JkC0vhz
X0l14s0sRXjXSeLRZLOJ X0l14s0sRXjXSeLRZLOJ
1GbSD7rTlpNb4qV46SKR 1GbSD7rTlpNb4qV46SKR
6yzFaM9N8M8BsjLACDds 6yzFaM9N8M8BsjLACDds
yAYyOcL4ZKdEiLdSPQJm yAYyOcL4ZKdEiLdSPQJm
