azv oqv rti azv xie hyb yiy wpu yvc jwx dqy ijd ovx ctf gei cim cwq brw cwq gcw mtd ipq yfq ncc vfq eqa mis boc mpw cib ufa txp sau qzx hlc hwc scm aur pzr hob wcd hob hsi jvc ryg hcc ivp zuz lmh gfr uyd rfl vxn rov cvb rcw uua brw hip yiy azv
50
gcw gcw
azv azv
yiy yiy
ipq ipq
lmh lmh
oqv oqv
pzr pzr
ovx ovx
rcw rcw
rfl rfl
jwx jwx
yvc yvc
zuz zuz
ijd ijd
ufa ufa
hwc hwc
hyb hyb
sau sau
scm scm
gfr gfr
rti rti
gei gei
xie xie
hsi hsi
ncc ncc
dqy dqy
jvc jvc
ctf ctf
cim cim
yfq yfq
vxn vxn
aur aur
cib cib
vfq vfq
rov rov
uua uua
boc boc
mis mis
qzx qzx
brw brw
mtd mtd
hlc hlc
mpw mpw
uyd uyd
hip hip
wcd wcd
cwq cwq
hcc hcc
eqa eqa
ivp ivp
