zcf jbg mje krj cer krj mje psl idl wfa idl psl mje jbg zcf rks vac wij kis txd lfo nnf yix mcw rqh mcw yix nnf lfo txd kis wij obv wcz gbr qpe szm roj rwk mmo hly aea vbj hcu vbj aea hly mmo rwk upz rga tyl oam tyl umf tyl rga upz rwk jsh rwk roj szm qpe gbr wrz ctp tnc vya vch vya tnc ctp wrz gbr wcz obv wij vac rks zcf
25
zcf zcf
idl idl
wfa wfa
rks rks
vac vac
wij wij
txd txd
lfo lfo
nnf nnf
yix yix
mcw mcw
qpe qpe
szm szm
rwk rwk
aea aea
hcu hcu
upz upz
rga rga
tyl tyl
oam oam
umf umf
jsh jsh
wrz wrz
vya vya
vch vch
