xse xme nsw xme qjf tko uwo rrp jfh miy svk uau ptu ttw bda byu ruo jfh tdu zkt qdw xme yug xme nvz lvm fia nmf pvs fzi lwk nfr lrj bdh rtc txq eah hpx wbg eah ocp eah aii eah xme vwg ikb xme fhv bod uau krr ukv nii ljd tso cma xme gex pjf wyg igs rjv idv hmi vtd aeg xeh vvn mti vvn nry cun nhi vzr jgt wiy qbf rrp ksg tlh eah xjt vmt uuw eah vvn eah fgp jfh adx igs dgl fin eah emz rrp fyc bnl nko fbk vmv fjy kpp ils hcr dkp khu ckx loj uok cen eah kfu ego nxj ybr jam phg xme jfh zud eah
95
jfh qxs mok zdb jfh
uau ogh uau
igs kxn
dkp nwc
cma cma
adx adx
ocp ocp
pvs pvs
fbk fbk
vtd vtd
cen cen
bda bda
aii aii
lrj lrj
uwo uwo
nii nii
mti mti
ybr ybr
ikb ikb
wyg wyg
xeh xeh
khu khu
vvn vvn
bdh bdh
fin fin
vmv vmv
lvm lvm
loj loj
fzi fzi
miy miy
tdu tdu
fia fia
byu byu
hmi hmi
fhv fhv
uok uok
nfr nfr
qbf qbf
hcr hcr
phg phg
zud zud
hpx hpx
pjf pjf
wiy wiy
ttw ttw
cun cun
rtc rtc
nry nry
yug yug
ptu ptu
jgt jgt
lwk lwk
aeg aeg
nmf nmf
ckx ckx
zkt zkt
uuw uuw
nhi nhi
krr krr
nko nko
qdw qdw
tso tso
bod bod
xjt xjt
tko tko
vzr vzr
vwg vwg
dgl dgl
ruo ruo
nsw nsw
rsg rsg
rjv rjv
fgp fgp
xme xme
ego ego
bnl bnl
gex gex
ukv ukv
emz emz
txq txq
kpp kpp
jam jam
fyc fyc
wbg wbg
qjf qjf
vmt vmt
ksg ksg
kfu kfu
svk svk
ljd ljd
tlh tlh
nvz nvz
idv idv
fjy fjy
ils ils
