lQCi69J0eWVlNqqKnSXq ivkDNojPLqpGb4cpDTON r3dhOjzNOGrPmQjmHU4D zbjpBk6LD1KcRmfqCimG r3dhOjzNOGrPmQjmHU4D ji2Hl3ZRuTNdz55QI9iS r3dhOjzNOGrPmQjmHU4D 5RtoZI2od7I5NUCXiQ20 r3dhOjzNOGrPmQjmHU4D wlKpBtU5YVdE9Uq6V4z5 vnCWjVmMdmciaoCYnqW8 wlKpBtU5YVdE9Uq6V4z5 Ts2UPoejx7dwuInV9kms wlKpBtU5YVdE9Uq6V4z5 kdGczSrviM1C416w1kdh wlKpBtU5YVdE9Uq6V4z5 yytanXsBcYsWB0S4zr6x 0jsnTC6pUdifVPvCGLLe yytanXsBcYsWB0S4zr6x TDEVUkFlcjUpqrP6Bynx yytanXsBcYsWB0S4zr6x 5j3nVbxEAEFTUe3GDbN0 yytanXsBcYsWB0S4zr6x 5j3nVbxEAEFTUe3GDbN0 5j3nVbxEAEFTUe3GDbN0 5j3nVbxEAEFTUe3GDbN0 EP0h2hGKZhLlRDvb1dHn m3HnuJcMZr0UjXE6y0Yj EP0h2hGKZhLlRDvb1dHn lfvGd547iXhkHQ8AjYpO EP0h2hGKZhLlRDvb1dHn Ov5tQy1KeHsti8dfTOIQ EP0h2hGKZhLlRDvb1dHn Ov5tQy1KeHsti8dfTOIQ Ov5tQy1KeHsti8dfTOIQ Ov5tQy1KeHsti8dfTOIQ Ov5tQy1KeHsti8dfTOIQ GzTC6SyDfi06snBYRanw GzTC6SyDfi06snBYRanw GzTC6SyDfi06snBYRanw sNxtKpoSG9BFpERxjNr1 NdzV8TNRFhnjMNZlaGI4 sNxtKpoSG9BFpERxjNr1 55xYloQMeVs9kVzx8cN5 sNxtKpoSG9BFpERxjNr1 2fRxkCAZVyHGHkq3Bl9E sNxtKpoSG9BFpERxjNr1 2fRxkCAZVyHGHkq3Bl9E 2fRxkCAZVyHGHkq3Bl9E 2fRxkCAZVyHGHkq3Bl9E 2fRxkCAZVyHGHkq3Bl9E ivkDNojPLqpGb4cpDTON ivkDNojPLqpGb4cpDTON TULA7h1TJjCcU7b7ewMK XeZKiAoyYZL9P7yBThlM TULA7h1TJjCcU7b7ewMK u4CAydwAhszp7tM3ILy0 TULA7h1TJjCcU7b7ewMK HdqcKlipoTYMzJchffld TULA7h1TJjCcU7b7ewMK HdqcKlipoTYMzJchffld HdqcKlipoTYMzJchffld G1Ecvcz8fZufY9CV0J2K HdqcKlipoTYMzJchffld fMvZCv2axIFhKiMGKmK5 lQCi69J0eWVlNqqKnSXq
22
5j3nVbxEAEFTUe3GDbN0 0LTuG9BRd9b62kO39lM2 9ZAwlDiWc0OkYVLdPP18 76IyG9JBAhW2KiBt5QKY z8GF8LystXVXiuprVyTh
Ov5tQy1KeHsti8dfTOIQ Q6Q14vRaFSx82FDA8F9j sAR5WnnNshpkwOniAudb Rl9sd4PENsPVd55C9qNS jsvSfTN8RLw8M7n8jb8D
GzTC6SyDfi06snBYRanw sX8C3CP6kza3VNKEcdNn tqCzeJHrHXSMuAlQdk95 sC8YSc2m8uVyLGRtJAJm
2fRxkCAZVyHGHkq3Bl9E dSR37cF2irO0NLfFwZy0 AeT8ezBVfSNgGpCCNvM1 zdGOEur0Se3VWD6mlq5H CR5QbErmAVyIHQJyDFi9
ivkDNojPLqpGb4cpDTON aAHnKpmemgrMwy9POpn9 yXTGXN4mJmD1MMnwU5DV
HdqcKlipoTYMzJchffld pStp5oJ3mwz5HNV7VA81 h4lv4AWoIyOY4fsmP5xB IR7mOQhWXsCDKM4Cc4wS
V6XJoCUDWAqZklsSLeM6 V6XJoCUDWAqZklsSLeM6
zbjpBk6LD1KcRmfqCimG zbjpBk6LD1KcRmfqCimG
ji2Hl3ZRuTNdz55QI9iS ji2Hl3ZRuTNdz55QI9iS
5RtoZI2od7I5NUCXiQ20 5RtoZI2od7I5NUCXiQ20
m3HnuJcMZr0UjXE6y0Yj m3HnuJcMZr0UjXE6y0Yj
lfvGd547iXhkHQ8AjYpO lfvGd547iXhkHQ8AjYpO
u4CAydwAhszp7tM3ILy0 u4CAydwAhszp7tM3ILy0
XeZKiAoyYZL9P7yBThlM XeZKiAoyYZL9P7yBThlM
vnCWjVmMdmciaoCYnqW8 vnCWjVmMdmciaoCYnqW8
Ts2UPoejx7dwuInV9kms Ts2UPoejx7dwuInV9kms
kdGczSrviM1C416w1kdh kdGczSrviM1C416w1kdh
TDEVUkFlcjUpqrP6Bynx TDEVUkFlcjUpqrP6Bynx
0jsnTC6pUdifVPvCGLLe 0jsnTC6pUdifVPvCGLLe
55xYloQMeVs9kVzx8cN5 55xYloQMeVs9kVzx8cN5
NdzV8TNRFhnjMNZlaGI4 NdzV8TNRFhnjMNZlaGI4
G1Ecvcz8fZufY9CV0J2K G1Ecvcz8fZufY9CV0J2K
