zMnoKpsz12d1Y6CixoCL ybqDdUoaPknlNwzZFeto TuA4wNSOMjTMUxZ5fZWx jdgXkfbupFQ0XUNJEyvU TuA4wNSOMjTMUxZ5fZWx JzMVZjOikutQZg00S8wX TuA4wNSOMjTMUxZ5fZWx WdpiLe9uZpnuS9WMphYw TuA4wNSOMjTMUxZ5fZWx hH5yU5IgxmmStVnXEBJ1 Y2BEa9hp0T63SlTWXenG hH5yU5IgxmmStVnXEBJ1 oougNPfNRCSRCWJrOUlb hH5yU5IgxmmStVnXEBJ1 3mTCmcCkVhhFn533BM03 hH5yU5IgxmmStVnXEBJ1 OcyqfDTyG7wfT1rvpitz uqAmYQiu3O0THeAaPzKH OcyqfDTyG7wfT1rvpitz sNJuS4R6b6KAUX5QI4md OcyqfDTyG7wfT1rvpitz G6KTAOxQU8MNiSLazU1t OcyqfDTyG7wfT1rvpitz B56U06r3nz3RZaXVmiK2 xBNbU9Yu51mQvClxjQdr B56U06r3nz3RZaXVmiK2 Y0dqIYSR4P9Br1Cq3f9U B56U06r3nz3RZaXVmiK2 MyPRIiIVlLarPoP5nZfy B56U06r3nz3RZaXVmiK2 IcoYVabhkC8yNYJgy44V U8fsnzMIN4aMdzToihTq IcoYVabhkC8yNYJgy44V GaG5DAqLVuTD09GfUl6l IcoYVabhkC8yNYJgy44V 1Tm2BSSz9mj8o3m9o0TB IcoYVabhkC8yNYJgy44V 1Tm2BSSz9mj8o3m9o0TB 1Tm2BSSz9mj8o3m9o0TB 1Tm2BSSz9mj8o3m9o0TB fat0ktgmwPXvqLhmWfJ0 qSLkk45Evo68Y4JhMUq7 fat0ktgmwPXvqLhmWfJ0 mUERvxQcAO2XlgBTPRGA fat0ktgmwPXvqLhmWfJ0 mNuLv0WHsIRpWEdSUREd fat0ktgmwPXvqLhmWfJ0 YqOJXOtRcgzFFRGKRutM JPD2uBroiElzO4z72vhQ YqOJXOtRcgzFFRGKRutM Ryx97mzVLWHytqmLAKlJ YqOJXOtRcgzFFRGKRutM ybqDdUoaPknlNwzZFeto YqOJXOtRcgzFFRGKRutM ybqDdUoaPknlNwzZFeto ybqDdUoaPknlNwzZFeto ybqDdUoaPknlNwzZFeto kHWDWFJURX8TBbDnLSlR kHWDWFJURX8TBbDnLSlR kHWDWFJURX8TBbDnLSlR UkKARQyd3ZxfrQwOeW0R OMLAPgVr1RosMrpENk9K UkKARQyd3ZxfrQwOeW0R JKKWZrMfMDLTYQt6t5Ap UkKARQyd3ZxfrQwOeW0R u91JdIwHTd2zumpXCvmK UkKARQyd3ZxfrQwOeW0R 5jE3DcSbPJWRITx0u2Kf NieXnWTTyXxCRp5CSl0i 5jE3DcSbPJWRITx0u2Kf gM8AHyLc0ZjUxmDMuXzJ 5jE3DcSbPJWRITx0u2Kf 9q9h29089dBsNERnjXsd 5jE3DcSbPJWRITx0u2Kf e7oVwvEXzQVG9DeK8uQS bUGtOHLCdzsNiRxcLtaT e7oVwvEXzQVG9DeK8uQS BVbv363irLjfCXrWQjqn nfdt04yvrwrpPVPzIy2c BVbv363irLjfCXrWQjqn 34ScKN0pHkNmnxdkoIOC BVbv363irLjfCXrWQjqn MDHuBmBbeFOGqzpuNmVz BVbv363irLjfCXrWQjqn e7oVwvEXzQVG9DeK8uQS ARorC1kPdEun4czh3dmX e7oVwvEXzQVG9DeK8uQS olgHJpCT79b6HED7FUWa e7oVwvEXzQVG9DeK8uQS JOo21iuZtHvP9sSModQZ QmCq2RCVgnssPOgSwAr8 JOo21iuZtHvP9sSModQZ oDA5VKbLZuTPP2ZEB14d JOo21iuZtHvP9sSModQZ T7hLF9jTtc4htoAH0PWD JOo21iuZtHvP9sSModQZ GhNWfyijkz8OKJbptIGO lcq8BXTLE4WDnj4JF3yo GhNWfyijkz8OKJbptIGO VxRxz5foWagBafuSz1m4 GhNWfyijkz8OKJbptIGO EvdCmEq3CXPDtnZYkiVu GhNWfyijkz8OKJbptIGO oJor9EUgXhaXPDmChml7 TzlCRBgA0Q2cCjETm7Vx oJor9EUgXhaXPDmChml7 C3qGKxHtliSTI7oOnHoB oJor9EUgXhaXPDmChml7 FDT7h4JKMRWa9fcDNmXs oJor9EUgXhaXPDmChml7 dakEfF8eF1B4IYsSGGLe yE3wNgUIJB0oZwUjLCMo dakEfF8eF1B4IYsSGGLe YIAlamFOfZeHd5qDll32 dakEfF8eF1B4IYsSGGLe 9XhdonQsTDmLQknJ4xeP dakEfF8eF1B4IYsSGGLe hzqXRQPGO5tnMpQYDdxn bclRgmmOqfg3PHQz06qB hzqXRQPGO5tnMpQYDdxn 8s4ukhLgGBoor0D87KUr hzqXRQPGO5tnMpQYDdxn FwLnZPETaUkrkp7dE0hH hzqXRQPGO5tnMpQYDdxn FwLnZPETaUkrkp7dE0hH FwLnZPETaUkrkp7dE0hH FwLnZPETaUkrkp7dE0hH FwLnZPETaUkrkp7dE0hH RIRtIJewArUY7i7A6OEl QHym2s92VJ8ycxMeFawz pkPHvGrHHriGlmiL3mRW QHym2s92VJ8ycxMeFawz KP4zLIZ5LMWJ6mkRn6BX QHym2s92VJ8ycxMeFawz QFT8yfDPa0xDNdRMchX3 QHym2s92VJ8ycxMeFawz WCUwzDEkBlRrgSeSv9vv 5cjkSqVe5mFfFhCgwe8r WCUwzDEkBlRrgSeSv9vv ofmz95sRAyIS0ShQndvb WCUwzDEkBlRrgSeSv9vv 15e7umNMnawEegsOhkYh WCUwzDEkBlRrgSeSv9vv 50qWynRev5CSErzk8Yih Vkpfkc0JUDpakJkZipKD 50qWynRev5CSErzk8Yih QTgsp1BfPDsixeeH6QUT 50qWynRev5CSErzk8Yih RIRtIJewArUY7i7A6OEl 50qWynRev5CSErzk8Yih RIRtIJewArUY7i7A6OEl RIRtIJewArUY7i7A6OEl g6l3PryZJRSAXJGUyq22 2DqN6NYyebkVczAnrbNI g6l3PryZJRSAXJGUyq22 RvFA5khunRjN3Z7dmUKr g6l3PryZJRSAXJGUyq22 jS5XJP3bXemMgWyvfsmt g6l3PryZJRSAXJGUyq22 jS5XJP3bXemMgWyvfsmt jS5XJP3bXemMgWyvfsmt jS5XJP3bXemMgWyvfsmt jS5XJP3bXemMgWyvfsmt M3MAG2lM6nUmTjQ3nD4D M3MAG2lM6nUmTjQ3nD4D PrzulPuk0tqiNKmdjp0X M3MAG2lM6nUmTjQ3nD4D EFVi1RMWM28DYYdOxVze WErCaTW8MMgw3ZAta1gT zMnoKpsz12d1Y6CixoCL
64
1Tm2BSSz9mj8o3m9o0TB dBvruVRsFq4ihmzPj7nf 07iKiKtYzy9bLoKUo0ve ZcpnIKUrL8i4GzxAolZX 5VNO6t8qAcR3d5jJgfi4
ybqDdUoaPknlNwzZFeto HAc1Ylu9mrUmnheKISnK z6gtkXCB2ntSiYsjrque FHGlzd4VlMUVjTba9Qjm
kHWDWFJURX8TBbDnLSlR W8ft2Hcg1VXPVNTpprS3 dUDrtIP8WIldh2FT7uba mTYxpEwVJTp369cmBN7S
FwLnZPETaUkrkp7dE0hH XKYNaFpYuIx7Zx7vNANa KBGTLYOWLSviflcWwd9y 9c21VhIQJbtu6kG4NZT4 ZvocIzADG7dBR58wmnu8
RIRtIJewArUY7i7A6OEl cthtNVKVABeolrPabegT 3fQHkf8pseCy7Ys4Kez5 FqxzURcIHYyg2FOpiXCN szEChRtMF49nUq5i634G
jS5XJP3bXemMgWyvfsmt Armxs904ujfdAYn9LtOF Vv2apUMOUSvB9J5u8yJr ZSg6FSZaRCTLmeHoLgMI CcIlGrru613gqyngyuYo
M3MAG2lM6nUmTjQ3nD4D GfpGWz1SaDeisCQVEJrI z2nBS9pweVYpDmW0fMRS
mNuLv0WHsIRpWEdSUREd mNuLv0WHsIRpWEdSUREd
mUERvxQcAO2XlgBTPRGA mUERvxQcAO2XlgBTPRGA
qSLkk45Evo68Y4JhMUq7 qSLkk45Evo68Y4JhMUq7
olgHJpCT79b6HED7FUWa olgHJpCT79b6HED7FUWa
ARorC1kPdEun4czh3dmX ARorC1kPdEun4czh3dmX
bUGtOHLCdzsNiRxcLtaT bUGtOHLCdzsNiRxcLtaT
u91JdIwHTd2zumpXCvmK u91JdIwHTd2zumpXCvmK
OMLAPgVr1RosMrpENk9K OMLAPgVr1RosMrpENk9K
JKKWZrMfMDLTYQt6t5Ap JKKWZrMfMDLTYQt6t5Ap
PrzulPuk0tqiNKmdjp0X PrzulPuk0tqiNKmdjp0X
KP4zLIZ5LMWJ6mkRn6BX KP4zLIZ5LMWJ6mkRn6BX
QFT8yfDPa0xDNdRMchX3 QFT8yfDPa0xDNdRMchX3
pkPHvGrHHriGlmiL3mRW pkPHvGrHHriGlmiL3mRW
GaG5DAqLVuTD09GfUl6l GaG5DAqLVuTD09GfUl6l
U8fsnzMIN4aMdzToihTq U8fsnzMIN4aMdzToihTq
NieXnWTTyXxCRp5CSl0i NieXnWTTyXxCRp5CSl0i
gM8AHyLc0ZjUxmDMuXzJ gM8AHyLc0ZjUxmDMuXzJ
9q9h29089dBsNERnjXsd 9q9h29089dBsNERnjXsd
RvFA5khunRjN3Z7dmUKr RvFA5khunRjN3Z7dmUKr
2DqN6NYyebkVczAnrbNI 2DqN6NYyebkVczAnrbNI
oDA5VKbLZuTPP2ZEB14d oDA5VKbLZuTPP2ZEB14d
T7hLF9jTtc4htoAH0PWD T7hLF9jTtc4htoAH0PWD
QmCq2RCVgnssPOgSwAr8 QmCq2RCVgnssPOgSwAr8
3mTCmcCkVhhFn533BM03 3mTCmcCkVhhFn533BM03
oougNPfNRCSRCWJrOUlb oougNPfNRCSRCWJrOUlb
Y2BEa9hp0T63SlTWXenG Y2BEa9hp0T63SlTWXenG
nfdt04yvrwrpPVPzIy2c nfdt04yvrwrpPVPzIy2c
MDHuBmBbeFOGqzpuNmVz MDHuBmBbeFOGqzpuNmVz
34ScKN0pHkNmnxdkoIOC 34ScKN0pHkNmnxdkoIOC
Y0dqIYSR4P9Br1Cq3f9U Y0dqIYSR4P9Br1Cq3f9U
MyPRIiIVlLarPoP5nZfy MyPRIiIVlLarPoP5nZfy
xBNbU9Yu51mQvClxjQdr xBNbU9Yu51mQvClxjQdr
WELPo1XEQnG4JejlB13A WELPo1XEQnG4JejlB13A
8s4ukhLgGBoor0D87KUr 8s4ukhLgGBoor0D87KUr
bclRgmmOqfg3PHQz06qB bclRgmmOqfg3PHQz06qB
lcq8BXTLE4WDnj4JF3yo lcq8BXTLE4WDnj4JF3yo
EvdCmEq3CXPDtnZYkiVu EvdCmEq3CXPDtnZYkiVu
VxRxz5foWagBafuSz1m4 VxRxz5foWagBafuSz1m4
TzlCRBgA0Q2cCjETm7Vx TzlCRBgA0Q2cCjETm7Vx
C3qGKxHtliSTI7oOnHoB C3qGKxHtliSTI7oOnHoB
FDT7h4JKMRWa9fcDNmXs FDT7h4JKMRWa9fcDNmXs
yE3wNgUIJB0oZwUjLCMo yE3wNgUIJB0oZwUjLCMo
9XhdonQsTDmLQknJ4xeP 9XhdonQsTDmLQknJ4xeP
YIAlamFOfZeHd5qDll32 YIAlamFOfZeHd5qDll32
QTgsp1BfPDsixeeH6QUT QTgsp1BfPDsixeeH6QUT
Vkpfkc0JUDpakJkZipKD Vkpfkc0JUDpakJkZipKD
ofmz95sRAyIS0ShQndvb ofmz95sRAyIS0ShQndvb
15e7umNMnawEegsOhkYh 15e7umNMnawEegsOhkYh
5cjkSqVe5mFfFhCgwe8r 5cjkSqVe5mFfFhCgwe8r
jdgXkfbupFQ0XUNJEyvU jdgXkfbupFQ0XUNJEyvU
JzMVZjOikutQZg00S8wX JzMVZjOikutQZg00S8wX
WdpiLe9uZpnuS9WMphYw WdpiLe9uZpnuS9WMphYw
sNJuS4R6b6KAUX5QI4md sNJuS4R6b6KAUX5QI4md
G6KTAOxQU8MNiSLazU1t G6KTAOxQU8MNiSLazU1t
uqAmYQiu3O0THeAaPzKH uqAmYQiu3O0THeAaPzKH
JPD2uBroiElzO4z72vhQ JPD2uBroiElzO4z72vhQ
Ryx97mzVLWHytqmLAKlJ Ryx97mzVLWHytqmLAKlJ
