Encanto All Bonita Cherokee Clayton Presidio Glencoe McAuley Welden Woodbridge Willow Garden Vernon Green Shafter Mount Jane Woffard Laguna Kentfield Pumpkin Santa Quail Homestead Riverside Foothills Beach Kern Richvale Sherman Chinese Warner Cabbage Two Alpaugh Ames Vista Ramona Forest Cypress Elmira Granite Yurok Smoke Costa Los Delta Moccasin City Banning Encanto
50
Cherokee Cherokee
Kentfield Kentfield
Banning Banning
Vernon Vernon
Bonita Bonita
Forest Forest
Vista Vista
Laguna Laguna
Homestead Homestead
Willow Willow
Foothills Foothills
Moccasin Moccasin
Two Two
Beach Beach
Presidio Presidio
Sherman Sherman
All All
Richvale Richvale
Kern Kern
Woodbridge Woodbridge
Yurok Yurok
Cabbage Cabbage
Glencoe Glencoe
Jane Jane
Welden Welden
Mount Mount
Elmira Elmira
Warner Warner
Shafter Shafter
Los Los
Ames Ames
City City
Quail Quail
Santa Santa
Granite Granite
Clayton Clayton
Garden Garden
Chinese Chinese
Woffard Woffard
Alpaugh Alpaugh
Pumpkin Pumpkin
Delta Delta
Costa Costa
Encanto Encanto
Ramona Ramona
Riverside Riverside
Smoke Smoke
Cypress Cypress
McAuley McAuley
Green Green
