Vernon Anaheim New Kaiser Hoffman Northern Lost Sherman Oildale Timbuctoo Antelope Timbuctoo Oildale Sherman Lost Northern Cabbage Northern Hoffman Clayton Fountain Cressey Fountain Manzanita Fullerton Sonoma Sequoia Yurok Escondido Smoke Lake Smoke Buena Smoke Yale Escalon Coddingtown Escalon Yale Smoke Escondido Yurok Alamo Yurok Sequoia Sonoma Fullerton Manzanita Fountain Tuxedo Woody Tuxedo Fountain Clayton Del Helm Tijuana Manker Tijuana Helm Sheep Meyers Industrial Meyers Sheep Helm Del Blue Three Sunny Strawberry Sunny Three Blue Bonny Blue Del Clayton Hoffman Potrero Hoffman Kaiser Clipper Warner Parchester Warner Industry Warner Clipper Ritter Clipper Veterans Clipper Kaiser Rowland Civic Rowland Portola Rowland Kaiser New Pacheco Willow Wallace Alameda Donner Alameda Wallace Stanislaus Balboa Stanislaus Delta Stanislaus Wallace Willow South Willow Pacheco New Rough Le Lebec Bodad Richvale Bodad Mount Artesia Mount Bodad Lebec Terra Quail Terra Lebec Le Fremont Susan Chicken East Stone Mecca Collins Mecca Flinn Vallecito Carmel Vallecito Flinn Mecca Stone Moores Hub Moores Creston Boulevard Lincoln Boulevard Grasslands Boulevard Creston Bakersfield Creston Moores Stone Ramona Stone Bandini Forbestown Bandini Stone East Palomar Patrick Fiorini Aguanga Ellis Roseland Dulzura Roseland Skydive California Beach California Commonwealth Downtown Magic Calexico Bell Bradley Bell Brundage Winterhaven Brundage Capuchino Bonita Hammer Bonita Capuchino Brundage Bell Calexico Magic Smith Ophir Smith Magic Downtown Commonwealth California Skydive Garcia Skydive Roseland Ellis Aguanga Fiorini Patrick Palomar East Ida Glennville Cypress Glennville Ida East Chicken Susan Fremont Dutch Yucca Costa Yucca Dutch Fremont Le Huron Cerro Temecula Cerro Huron Le Rough La Sulpizio El Sulpizio La Rough New Anaheim Jamul Garden Church Calaveras Church Garden Jamul Welwood Aptos Davis Olivehurst Davenport Olivehurst Santa Olivehurst Davis Visalia Sacramento Visalia Newark Cudahy Coachella Cudahy Newark Saint Bangor Colonnade Glencoe Colonnade Bangor Saint Newark Marshall Ames Fox Chittenden Armstrong Chittenden Fox Ames Marshall Newark Visalia Louis Crestmont Louis Visalia Davis Aptos Inaja Stockdale Carnelian Stockdale Robertsville Singing Yankee Singing Robertsville Stockdale All Stockdale Inaja Pleasant Cambridge Pleasant Inaja Aptos Welwood Chowchilla Welwood Jamul Presidio Jamul Anaheim Vernon
100
Anaheim Anaheim
Kaiser Kaiser
Hoffman Hoffman
Sherman Sherman
Timbuctoo Timbuctoo
Antelope Antelope
Cabbage Cabbage
Clayton Clayton
Cressey Cressey
Fullerton Fullerton
Yurok Yurok
Escondido Escondido
Smoke Smoke
Lake Lake
Buena Buena
Escalon Escalon
Coddingtown Coddingtown
Alamo Alamo
Woody Woody
Del Del
Helm Helm
Tijuana Tijuana
Manker Manker
Industrial Industrial
Blue Blue
Three Three
Sunny Sunny
Strawberry Strawberry
Bonny Bonny
Potrero Potrero
Warner Warner
Parchester Parchester
Industry Industry
Ritter Ritter
Veterans Veterans
Rowland Rowland
Civic Civic
Portola Portola
Pacheco Pacheco
Wallace Wallace
Donner Donner
Balboa Balboa
Delta Delta
South South
Rough Rough
Le Le
Bodad Bodad
Richvale Richvale
Terra Terra
Quail Quail
Mecca Mecca
Collins Collins
Flinn Flinn
Carmel Carmel
Moores Moores
Grasslands Grasslands
Bakersfield Bakersfield
Ramona Ramona
Forbestown Forbestown
Fiorini Fiorini
Roseland Roseland
Dulzura Dulzura
California California
Beach Beach
Downtown Downtown
Bell Bell
Bradley Bradley
Brundage Brundage
Winterhaven Winterhaven
Capuchino Capuchino
Hammer Hammer
Smith Smith
Garcia Garcia
Cypress Cypress
Costa Costa
Huron Huron
Cerro Cerro
Temecula Temecula
Sulpizio Sulpizio
Calaveras Calaveras
Davenport Davenport
Santa Santa
Sacramento Sacramento
Cudahy Cudahy
Saint Saint
Bangor Bangor
Glencoe Glencoe
Marshall Marshall
Fox Fox
Chittenden Chittenden
Armstrong Armstrong
Louis Louis
Crestmont Crestmont
Stockdale Stockdale
Robertsville Robertsville
Yankee Yankee
All All
Pleasant Pleasant
Cambridge Cambridge
Presidio Presidio
