Potrero Meyers Calaveras Balsdon Brookdale Banning Merced Oceanside Chinese Laguna Hume Richvale Carmel Ames Woffard Ida Fremont Laguna Woffard Santa Woffard 18th Smoke Boulevard Woffard Brookdale All Warner Linden Ames Balsdon Warner Brookdale Clayton Brookdale Balsdon
24
Balsdon Fiorini Balsdon
Chinese Chinese
All All
Hume Hume
Carmel Carmel
Warner Warner
Oceanside Oceanside
Linden Linden
Clayton Clayton
Boulevard Boulevard
Ida Ida
Calaveras Calaveras
Merced Merced
Potrero Potrero
18th 18th
Meyers Meyers
Fremont Fremont
Banning Banning
Laguna Laguna
Santa Santa
Ames Ames
Smoke Smoke
Richvale Richvale
Woffard Woffard
