loc0 loc37 loc99 loc39 loc1 loc67 loc51 loc3 loc1 loc0 loc77 loc1 loc17 loc15 loc43 loc53 loc45 loc95 loc75 loc79 loc19 loc13 loc5 loc81 loc69 loc35 loc31 loc0 loc5 loc0 loc29 loc0 loc1 loc47 loc23 loc9 loc11 loc59 loc65 loc97 loc85 loc0 loc57 loc21 loc1 loc0 loc25 loc0 loc71 loc0 loc91 loc87 loc41 loc55 loc89 loc0
43
loc0 loc73 loc83 loc33 loc63 loc61 loc93 loc49
loc1 loc7 loc1
loc3 loc3
loc5 loc5
loc9 loc9
loc11 loc11
loc13 loc13
loc15 loc15
loc17 loc17
loc19 loc19
loc21 loc21
loc23 loc23
loc25 loc25
loc27 loc27
loc29 loc29
loc31 loc31
loc35 loc35
loc37 loc37
loc39 loc39
loc41 loc41
loc43 loc43
loc45 loc45
loc47 loc47
loc51 loc51
loc53 loc53
loc55 loc55
loc57 loc57
loc59 loc59
loc65 loc65
loc67 loc67
loc69 loc69
loc71 loc71
loc75 loc75
loc77 loc77
loc79 loc79
loc81 loc81
loc85 loc85
loc87 loc87
loc89 loc89
loc91 loc91
loc95 loc95
loc97 loc97
loc99 loc99
