loc0 loc3 loc23 loc81 loc11 loc21 loc15 loc89 loc39 loc151 loc1 loc77 loc155 loc75 loc1 loc37 loc181 loc61 loc0 loc99 loc2 loc107 loc59 loc179 loc1 loc19 loc69 loc141 loc145 loc123 loc121 loc1 loc55 loc25 loc193 loc2 loc101 loc111 loc171 loc13 loc63 loc117 loc85 loc127 loc0 loc137 loc0 loc7 loc149 loc1 loc0 loc169 loc185 loc27 loc0 loc135 loc163 loc191 loc195 loc2 loc1 loc93 loc29 loc97 loc177 loc2 loc0 loc167 loc175 loc3 loc53 loc45 loc159 loc51 loc41 loc2 loc8 loc73 loc199 loc35 loc49 loc0 loc3 loc189 loc153 loc173 loc33 loc165 loc43 loc47 loc17 loc9 loc1 loc2 loc0 loc105 loc1 loc187 loc65 loc95 loc125 loc183 loc5 loc83 loc87 loc129 loc139 loc109 loc0
86
loc0 loc31 loc147 loc133 loc115 loc131 loc103 loc161 loc67
loc2 loc71 loc119
loc1 loc91 loc157 loc197 loc113 loc1
loc3 loc57 loc79 loc3
loc8 loc143
loc5 loc5
loc7 loc7
loc9 loc9
loc11 loc11
loc13 loc13
loc15 loc15
loc17 loc17
loc19 loc19
loc21 loc21
loc23 loc23
loc25 loc25
loc27 loc27
loc29 loc29
loc33 loc33
loc35 loc35
loc37 loc37
loc39 loc39
loc41 loc41
loc43 loc43
loc45 loc45
loc47 loc47
loc49 loc49
loc51 loc51
loc53 loc53
loc55 loc55
loc59 loc59
loc61 loc61
loc63 loc63
loc65 loc65
loc69 loc69
loc73 loc73
loc75 loc75
loc77 loc77
loc81 loc81
loc83 loc83
loc85 loc85
loc87 loc87
loc89 loc89
loc93 loc93
loc95 loc95
loc97 loc97
loc99 loc99
loc101 loc101
loc105 loc105
loc107 loc107
loc109 loc109
loc111 loc111
loc117 loc117
loc121 loc121
loc123 loc123
loc125 loc125
loc127 loc127
loc129 loc129
loc135 loc135
loc137 loc137
loc139 loc139
loc141 loc141
loc145 loc145
loc149 loc149
loc151 loc151
loc153 loc153
loc155 loc155
loc159 loc159
loc163 loc163
loc165 loc165
loc167 loc167
loc169 loc169
loc171 loc171
loc173 loc173
loc175 loc175
loc177 loc177
loc179 loc179
loc181 loc181
loc183 loc183
loc185 loc185
loc187 loc187
loc189 loc189
loc191 loc191
loc193 loc193
loc195 loc195
loc199 loc199
