1 6 7 6 5 1 2 3 4 3 14 13 14 15 14 13 9 10 11 12 11 22 21 22 23 22 21 17 18 19 20 19 30 29 30 31 30 29 25 26 27 28 27 38 37 38 39 38 37 33 34 35 36 35 46 45 46 47 46 45 41 42 43 44 43 54 53 54 55 54 53 49 50 51 52 51 62 61 62 63 62 61 57 58 59 60 59 70 69 70 71 70 69 65 66 67 68 67 78 77 78 79 78 77 73 74 75 76 75 86 85 86 87 86 85 81 82 83 84 83 94 93 94 95 94 93 89 90 91 92 91 102 101 102 103 102 101 97 98 99 100 99 110 109 110 111 110 109 105 106 107 108 107 118 117 118 119 118 117 113 114 115 116 115 126 125 126 127 126 125 121 122 123 124 123 134 133 134 135 134 133 129 130 131 132 131 142 141 142 143 142 141 137 138 139 140 139 150 149 150 151 150 149 145 146 147 148 147 158 157 158 159 158 157 153 154 155 156 155 166 165 166 167 166 165 161 162 163 164 163 174 173 174 175 174 173 169 170 171 172 171 182 181 182 183 182 181 177 178 179 180 179 190 189 190 191 190 189 185 186 187 188 187 198 197 198 199 198 197 193 194 195 6 5 1
100
1 196
2 2
4 4
5 5
7 7
10 10
12 12
13 13
15 15
18 18
20 20
21 21
23 23
26 26
28 28
29 29
31 31
34 34
36 36
37 37
39 39
42 42
44 44
45 45
47 47
50 50
52 52
53 53
55 55
58 58
60 60
61 61
63 63
66 66
68 68
69 69
71 71
74 74
76 76
77 77
79 79
82 82
84 84
85 85
87 87
90 90
92 92
93 93
95 95
98 98
100 100
101 101
103 103
106 106
108 108
109 109
111 111
114 114
116 116
117 117
119 119
122 122
124 124
125 125
127 127
130 130
132 132
133 133
135 135
138 138
140 140
141 141
143 143
146 146
148 148
149 149
151 151
154 154
156 156
157 157
159 159
162 162
164 164
165 165
167 167
170 170
172 172
173 173
175 175
178 178
180 180
181 181
183 183
186 186
188 188
189 189
191 191
194 194
197 197
199 199
