Evans WursterHall Campbell Eshelman Marugame Marugame ThaiNoodle Chipotle UCafe Yifang BerkeleyWayWest AlumniHouse ImmThai AshaTeaHouse HilgardHall Bowles KroeberHall Barrows HortonHall Barrows Unit2 DurantHall Campbell Eshelman Marugame Gilman Gilman Marugame GreekTheatre GreekTheatre StrawberryCreek MemorialGlade Milkbomb SouthHall SouthHall Moffit WursterHall Plentea LatimerHall MLK MLK MLK LatimerHall Plentea Cornerstone ZellerbachHall SatherGate SatherGate SatherGate SproulHall Pappys Unit2 Unit2 Barrows KroeberHall Bowles Unit3 Spats Spats Unit3 Bowles ZellerbachHall AshaTeaHouse ImmThai Blackwell Underhill RSF Firewings CaliforniaHall InternationalHouse SatherGate Doe HortonHall UniversityVillage HortonHall LeConte Moffit HappyLemon LawrenceHall BancroftLibrary HavilandHall VLSB VLSB NorthHall Unit3 Campbell Campbell WursterHall Evans Artichokes Foothill HAAS Unit1 HAAS Foothill Artichokes Evans
36
Marugame Campanile Gilman
HortonHall MemorialStadium
Gilman DavisHall BotanicalGardens
GreekTheatre CanyonPool GreekTheatre
MemorialGlade Kresge
SouthHall HesseHall SouthHall
Plentea Soda SutardjaDai
MLK Dwinelle HildebrandHall MLK
SatherGate Doe GiauqueHall InternationalHouse
Unit2 Stern Unit2
KroeberHall Etcheverry
Spats Boalt
AshaTeaHouse ZellerbachHall
UniversityVillage Wheeler UniversityVillage
VLSB HearstMining VLSB
Campbell DurantHall Campbell
Evans Cory
HAAS BAMPFA HAAS
ThaiNoodle ThaiNoodle
LeConte LeConte
Moffit Moffit
CaliforniaHall CaliforniaHall
Bowles Bowles
BancroftLibrary BancroftLibrary
BerkeleyWayWest BerkeleyWayWest
LawrenceHall LawrenceHall
Unit1 Unit1
Unit3 Unit3
Foothill Foothill
RSF RSF
Blackwell Blackwell
Eshelman Eshelman
Barrows Barrows
AlumniHouse AlumniHouse
HavilandHall HavilandHall
HilgardHall HilgardHall
