Loc48 Loc17 Loc33 Loc20 Loc1 Loc4 Loc28 Loc0 Loc19 Loc11 Loc0 Loc7 Loc1 Loc5 Loc26 Loc38 Loc15 Loc4 Loc1 Loc7 Loc29 Loc0 Loc27 Loc40 Loc49 Loc4 Loc18 Loc39 Loc42 Loc23 Loc25 Loc47 Loc3 Loc46 Loc10 Loc45 Loc32 Loc12 Loc0 Loc24 Loc9 Loc2 Loc30 Loc36 Loc41 Loc6 Loc22 Loc34 Loc31 Loc14 Loc21 Loc44 Loc13 Loc1 Loc48
45
Loc0 Loc43 Loc16 Loc37 Loc0
Loc1 Loc8 Loc35 Loc1
Loc2 Loc2
Loc3 Loc3
Loc4 Loc4
Loc5 Loc5
Loc6 Loc6
Loc7 Loc7
Loc9 Loc9
Loc10 Loc10
Loc11 Loc11
Loc12 Loc12
Loc13 Loc13
Loc14 Loc14
Loc15 Loc15
Loc17 Loc17
Loc18 Loc18
Loc19 Loc19
Loc20 Loc20
Loc21 Loc21
Loc22 Loc22
Loc23 Loc23
Loc24 Loc24
Loc25 Loc25
Loc26 Loc26
Loc27 Loc27
Loc28 Loc28
Loc29 Loc29
Loc30 Loc30
Loc31 Loc31
Loc32 Loc32
Loc33 Loc33
Loc34 Loc34
Loc36 Loc36
Loc38 Loc38
Loc39 Loc39
Loc40 Loc40
Loc41 Loc41
Loc42 Loc42
Loc44 Loc44
Loc45 Loc45
Loc46 Loc46
Loc47 Loc47
Loc48 Loc48
Loc49 Loc49
