Loc76 Loc11 Loc51 Loc25 Loc42 Loc3 Loc5 Loc79 Loc0 Loc30 Loc26 Loc94 Loc46 Loc0 Loc58 Loc0 Loc4 Loc43 Loc50 Loc63 Loc98 Loc14 Loc60 Loc5 Loc91 Loc9 Loc0 Loc68 Loc47 Loc17 Loc3 Loc10 Loc0 Loc31 Loc3 Loc78 Loc33 Loc70 Loc86 Loc39 Loc7 Loc2 Loc37 Loc4 Loc29 Loc4 Loc0 Loc62 Loc45 Loc82 Loc21 Loc24 Loc64 Loc48 Loc73 Loc66 Loc41 Loc0 Loc97 Loc93 Loc1 Loc99 Loc0 Loc74 Loc0 Loc8 Loc96 Loc28 Loc65 Loc18 Loc92 Loc32 Loc49 Loc72 Loc95 Loc55 Loc44 Loc67 Loc59 Loc0 Loc40 Loc87 Loc54 Loc1 Loc75 Loc13 Loc85 Loc19 Loc1 Loc88 Loc90 Loc36 Loc15 Loc77 Loc38 Loc0 Loc61 Loc22 Loc53 Loc56 Loc1 Loc27 Loc81 Loc71 Loc16 Loc83 Loc12 Loc80 Loc76
89
Loc5 Loc34 Loc5
Loc3 Loc52 Loc3
Loc4 Loc2 Loc4
Loc0 Loc35 Loc57 Loc84 Loc89 Loc20 Loc69 Loc0
Loc1 Loc6 Loc23 Loc1
Loc7 Loc7
Loc8 Loc8
Loc9 Loc9
Loc10 Loc10
Loc11 Loc11
Loc12 Loc12
Loc13 Loc13
Loc14 Loc14
Loc15 Loc15
Loc16 Loc16
Loc17 Loc17
Loc18 Loc18
Loc19 Loc19
Loc21 Loc21
Loc22 Loc22
Loc24 Loc24
Loc25 Loc25
Loc26 Loc26
Loc27 Loc27
Loc28 Loc28
Loc29 Loc29
Loc30 Loc30
Loc31 Loc31
Loc32 Loc32
Loc33 Loc33
Loc36 Loc36
Loc37 Loc37
Loc38 Loc38
Loc39 Loc39
Loc40 Loc40
Loc41 Loc41
Loc42 Loc42
Loc43 Loc43
Loc44 Loc44
Loc45 Loc45
Loc46 Loc46
Loc47 Loc47
Loc48 Loc48
Loc49 Loc49
Loc50 Loc50
Loc51 Loc51
Loc53 Loc53
Loc54 Loc54
Loc55 Loc55
Loc56 Loc56
Loc58 Loc58
Loc59 Loc59
Loc60 Loc60
Loc61 Loc61
Loc62 Loc62
Loc63 Loc63
Loc64 Loc64
Loc65 Loc65
Loc66 Loc66
Loc67 Loc67
Loc68 Loc68
Loc70 Loc70
Loc71 Loc71
Loc72 Loc72
Loc73 Loc73
Loc74 Loc74
Loc75 Loc75
Loc76 Loc76
Loc77 Loc77
Loc78 Loc78
Loc79 Loc79
Loc80 Loc80
Loc81 Loc81
Loc82 Loc82
Loc83 Loc83
Loc85 Loc85
Loc86 Loc86
Loc87 Loc87
Loc88 Loc88
Loc90 Loc90
Loc91 Loc91
Loc92 Loc92
Loc93 Loc93
Loc94 Loc94
Loc95 Loc95
Loc96 Loc96
Loc97 Loc97
Loc98 Loc98
Loc99 Loc99
