Horse0 Poop43 Floppy64 Breakfast19 Soda57 Settings94 Towel16 Breakfast42 Running77 Ring97 Allergies3 Monster47 Horse0 Flowers98 Solar58 Horse0 Towel35 Water52 Cat13 Horse0 Laptop36 Allergies4 Ice30 Prints23 Website29 Shelf25 Whale22 Bird82 Horse0 Crab78 Book41 Male84 Leash68 Monster80 Kitty92 Water66 Bird93 Towel12 Toilet20 Horse0 Shoe87 Urine50 BBQ86 Printer75 Allergies54 Leash27 Monster39 Toilet1 Ring6 Allergies3 Monster71 Ice10 Floppy63 Settings5 Kitty14 Ring6 Rollers48 System90 Comics49 Dislike21 Post2 Rollers34 Websites17 Leash89 Ice38 Allergies4 Websites81 Plus62 Settings5 Shower15 Horse0 Post61 Horse0 Dislike51 Horse0 Poop8 Toilet1 Towel28 Horse55 Shower11 Whale59 Ring45 Floppy40 Website24 Mail88 Robot9 Toilet1 Rollers18 Body99 Water83 Dislike70 Towel37 Printer53 Settings5 Breakfast74 Horse0
50
Horse0 Horse0
Breakfast19 Breakfast19
Soda57 Soda57
Towel16 Towel16
Running77 Running77
Ring97 Ring97
Allergies3 Allergies3
Flowers98 Flowers98
Solar58 Solar58
Towel35 Towel35
Water52 Water52
Cat13 Cat13
Allergies4 Allergies4
Ice30 Ice30
Prints23 Prints23
Shelf25 Shelf25
Whale22 Whale22
Bird82 Bird82
Book41 Book41
Male84 Male84
Leash68 Leash68
Water66 Water66
Bird93 Bird93
Toilet20 Toilet20
BBQ86 BBQ86
Monster39 Monster39
Monster71 Monster71
Ice10 Ice10
Floppy63 Floppy63
Kitty14 Kitty14
Rollers48 Rollers48
Comics49 Comics49
Rollers34 Rollers34
Websites17 Websites17
Ice38 Ice38
Websites81 Websites81
Plus62 Plus62
Shower15 Shower15
Post61 Post61
Dislike51 Dislike51
Horse55 Horse55
Shower11 Shower11
Whale59 Whale59
Ring45 Ring45
Mail88 Mail88
Robot9 Robot9
Towel37 Towel37
Printer53 Printer53
Settings5 Settings5
Breakfast74 Breakfast74
