Shower0 Robot49 Fence29 BBQ36 Fence29 Robot49 Shower0 Toilet12 Puppy19 Websites24 YouTube4 Websites15 Laptop22 Rollers40 Sink37 Android27 Puppy28 Boat48 Cone13 Boat48 Puppy28 Android27 Monster32 Android27 Sink37 Allergies7 Sink37 Rollers40 Elevator35 Rollers40 Laptop22 Websites15 YouTube4 Websites24 Towel2 Ice30 Toilet45 Ice42 Toilet45 Post17 Prints25 Toilet26 Mail41 Toilet26 Prints25 BBQ38 Plants3 BBQ38 Prints25 Shower9 Prints46 Ring33 Soap14 Website21 Soda18 Website21 Soap14 Ring33 Prints46 Shower9 Prints25 Post17 Toilet45 Cat44 Light1 Cat44 Toilet45 Ice30 Towel2 Websites24 Nuclear43 Crab16 Nuclear43 Websites24 Puppy19 Toilet12 Shower0
25
Robot49 Robot49
BBQ36 BBQ36
Puppy19 Puppy19
YouTube4 YouTube4
Laptop22 Laptop22
Sink37 Sink37
Android27 Android27
Cone13 Cone13
Monster32 Monster32
Allergies7 Allergies7
Elevator35 Elevator35
Ice30 Ice30
Toilet45 Toilet45
Ice42 Ice42
Prints25 Prints25
Toilet26 Toilet26
Mail41 Mail41
BBQ38 BBQ38
Plants3 Plants3
Ring33 Ring33
Soda18 Soda18
Cat44 Cat44
Light1 Light1
Nuclear43 Nuclear43
Crab16 Crab16
