S F K 2 X 3 X 2 K F S A E J O W G 7 12 17 12 7 G W O J E A S B P 8 T 10 T 8 P B C 4 M 6 Z 5 Y 15 20 15 Y 5 Z 6 M 4 C D U N V 1 I 11 16 R 16 11 I B2 G2 L2 Q2 L2 G2 B2 C2 H2 M2 R2 M2 H2 C2 D2 I2 N2 I2 D2 E2 J2 O2 J2 E2 F2 K2 P2 K2 F2 E2 D2 C2 B2 I 1 V N U D 24 25 26 27 A2 27 26 25 24 D C B S
44
3 L
17 Q
10 H
20 W2
R X2 R
Q2 Y2 Q2
R2 Z2 R2
N2 T2 N2
O2 U2 O2
P2 V2 P2
A A
B B
C C
D D
E E
F F
G G
I I
J J
K K
M M
N N
O O
P P
T T
U U
V V
W W
X X
Y Y
Z Z
A2 A2
B2 B2
C2 C2
D2 D2
E2 E2
F2 F2
G2 G2
H2 H2
I2 I2
J2 J2
K2 K2
L2 L2
M2 M2
