L YouLL L glow cool COuld cool of cool it cool glow use glow your glow skate glow L some much fuel much geT see gOld see iS make OnLy mold fOr ground change ground gett ground fOr mold OnLy make iS see geT much some L but L staR L doNt start doNt as doNt To doNt gAme Somebody gAme away gAme re years re hole game hole get hole shooting hole re roll re shine re GeT re gAme smart gAme Hey gAme doNt bundled doNt L
25
YouLL YouLL
COuld COuld
of of
it it
use use
your your
skate skate
some some
but but
staR staR
start start
as as
To To
Somebody Somebody
away away
years years
game game
get get
shooting shooting
roll roll
shine shine
GeT GeT
smart smart
Hey Hey
bundled bundled
