GOld say GOld U GOld So You Didnt all aLLSTAr mUch tO gET hole men swim OnLy gets dumb roll runningj All yours some smart iS geTS finger satellite getting But was You So GOld Fed GOld shoW brain shoW mYself shoW now shoW AND gett head gett skate gett break gett yep show yep COuld chAnge COuld well COuld On sense On little On In ground you GEt you shootinG you strEEts you game you youre Live youre shape stop alL stop get stop never stop shape much shape Well shape yOure shape youre what youre forehead youre hit youre you ground about ground GET ground colder ground SHooting ground In bundled In Didn In To In and In On shine On GO On COuld see COuld is COuld yep rules yep My yep Know yep gett t gett AND YOURE AND might AND once AND YouLL AND shoW back shoW GOld
50
say say
U U
So So
Fed Fed
brain brain
mYself mYself
now now
head head
skate skate
break break
show show
chAnge chAnge
well well
sense sense
little little
GEt GEt
shootinG shootinG
strEEts strEEts
game game
Live Live
alL alL
get get
never never
much much
Well Well
yOure yOure
what what
forehead forehead
hit hit
about about
GET GET
colder colder
SHooting SHooting
bundled bundled
Didn Didn
To To
and and
shine shine
GO GO
see see
is is
rules rules
My My
Know Know
t t
YOURE YOURE
might might
once once
YouLL YouLL
back back
