0 2 9 14 78 15 1 29 1 43 0 58 3 8 18 45 52 12 51 38 1 49 62 72 2 82 4 19 54 0 66 0 6 5 20 10 76 71 35 39 80 1 13 84 16 28 1 48 0 50 53 59 67 85 86 87 88 89 90 91 92 93 94 95 96 97 98 99 98 97 96 95 94 93 92 91 90 89 88 87 86 85 0
50
0 0
9 9
14 14
78 78
15 15
29 29
43 43
58 58
8 8
18 18
45 45
52 52
12 12
51 51
38 38
49 49
62 62
72 72
82 82
19 19
54 54
66 66
20 20
76 76
71 71
35 35
39 39
80 80
84 84
16 16
28 28
48 48
50 50
53 53
59 59
67 67
86 86
87 87
88 88
89 89
90 90
91 91
92 92
93 93
94 94
95 95
96 96
97 97
98 98
99 99
