0 13 0 21 6 23 8 67 8 112 8 129 8 23 6 36 6 59 6 140 6 161 162 163 164 165 166 167 168 169 170 171 172 173 174 175 176 177 178 179 180 181 182 183 184 185 186 187 186 185 184 183 182 181 180 179 178 177 176 175 174 173 172 171 170 169 168 167 166 165 164 163 162 161 6 21 0 22 1 10 34 10 122 10 1 30 2 3 17 12 155 12 17 3 19 7 73 7 19 3 25 3 40 4 15 11 14 50 53 50 14 56 14 11 72 11 15 24 44 24 15 4 16 9 16 4 31 4 35 4 47 4 86 4 40 3 101 3 107 3 142 3 145 3 2 65 2 69 188 189 190 191 192 193 194 195 196 197 198 199 198 197 196 195 194 193 192 191 190 189 188 69 2 94 2 102 2 151 2 30 28 30 1 62 1 83 1 95 1 120 1 133 1 153 1 159 1 22 0 43 5 18 20 18 5 60 5 118 5 148 5 160 5 43 0 51 0 54 0 61 0 66 0 68 0 77 0 80 0 121 0 124 0 135 0 143 0 146 0 157 0
100
13 13
67 67
112 112
129 129
36 36
59 59
140 140
162 162
163 163
164 164
165 165
166 166
167 167
168 168
169 169
170 170
171 171
172 172
173 173
174 174
175 175
176 176
177 177
178 178
179 179
180 180
181 181
182 182
183 183
184 184
185 185
186 186
187 187
22 22
34 34
122 122
2 2
3 3
12 12
155 155
19 19
7 7
73 73
53 53
56 56
72 72
24 24
44 44
31 31
35 35
47 47
86 86
101 101
107 107
142 142
145 145
65 65
69 69
188 188
189 189
190 190
191 191
192 192
193 193
194 194
195 195
196 196
197 197
198 198
199 199
94 94
102 102
151 151
28 28
62 62
83 83
95 95
120 120
133 133
153 153
159 159
43 43
5 5
60 60
118 118
148 148
160 160
51 51
54 54
61 61
66 66
68 68
77 77
80 80
121 121
124 124
135 135
143 143
146 146
157 157
