kwlpn hpxog kwlpn kfbqn fcqmz kanje yfxka rglwm pqyvz jahcg iltqx jahcg pqyvz rglwm yfxka kanje fcqmz kfbqn pzeml nwfly jzbvh nwfly otwen tqkro otwen nwfly pzeml mjuiv pzeml kfbqn kwlpn jwlxv hvlcg sdjpu caglq izsvm caglq jlmkx uxlnj gamis angbz zyjtq gcrle mycdr xbqma qubze aoqwl yajhi aoqwl qubze xbqma mycdr gcrle zyjtq angbz gamis xpcfi iulxj xpcfi gamis uxlnj rnpya khvgq xlyui fotdz efnvq cjqms wopug qixvs wopug euykz wopug cjqms efnvq fotdz xlyui khvgq rnpya uxlnj jlmkx caglq sdjpu hvlcg jwlxv kwlpn
20
hpxog hpxog
kfbqn kfbqn
kanje kanje
iltqx iltqx
pzeml pzeml
jzbvh jzbvh
tqkro tqkro
mjuiv mjuiv
jwlxv jwlxv
izsvm izsvm
jlmkx jlmkx
gamis gamis
gcrle gcrle
mycdr mycdr
qubze qubze
yajhi yajhi
xpcfi xpcfi
fotdz fotdz
qixvs qixvs
euykz euykz
