hutmk omjfc dowbf yaxts ablxw rlfxc lnfiu aeomh gxdqt ugyls yzaje lsnhz mlfbi misyc urlkt xeljy ijofp ywion ijvuq bcrwj oscrv xintv coubd lcghr aqzce zsehb tyuep cursl xnysi aqzce vmgxh artvi aqzce mzlsn spuoi vczkh ugamb aqzce axmwy aqzce tejxc qdzgs hopbn otirh yiodb hutmk
40
oscrv oscrv
hopbn hopbn
mlfbi mlfbi
lcghr lcghr
aqzce aqzce
mzlsn mzlsn
zsehb zsehb
tyuep tyuep
coubd coubd
yzaje yzaje
lnfiu lnfiu
cursl cursl
omjfc omjfc
qdzgs qdzgs
xintv xintv
ywion ywion
gxdqt gxdqt
vczkh vczkh
yiodb yiodb
urlkt urlkt
rlfxc rlfxc
aeomh aeomh
artvi artvi
vmgxh vmgxh
ugamb ugamb
ablxw ablxw
otirh otirh
ugyls ugyls
tejxc tejxc
xeljy xeljy
yaxts yaxts
spuoi spuoi
xnysi xnysi
dowbf dowbf
misyc misyc
bcrwj bcrwj
lsnhz lsnhz
axmwy axmwy
ijvuq ijvuq
ijofp ijofp
