hdpxs osxbc cihba wnelr oxitr bsvth htkwy frhgc lmwpk rchbw amfiz wotiq bwknx egclu iyuas ohzfn dkjro sxdiu hwmzn nqtru rlumh mlibf tmwdy ktzce uiogl wdquv qckjp uklga zqjxb jhlus ymcfp lnjxt yazqf dbjxw glrpy yqtob pjzqm ahnds cqsby xnpwq rjuxc ebwcp bdevm ehqyk yqfdk zcjqx fjdqi ypdnb rzvtg ayrgb oxuqn mhuad tjake oewcd cxdes oewcd osvgp syoxf stflc pgqva yvbse lpudv gdnim evsbm maqho qbdwz wajol xcvow pihld mujil kzwah qpbmc wkbuf kjihy gufvs mhekz syoxv tkwle armnk bkfuc btwzv qhvsb vobqh drojn xlrzc kscoz jcwpu joztf cxajk evtgj qhibx rjdai tndwl zntkr wcjeg gdovn utdhx qsmkj vcwfj oaeyh mtcsd aedvq pytwh gstwp vgwoi dwyai hdpxs
100
mlibf mlibf
sxdiu sxdiu
qpbmc qpbmc
uiogl uiogl
uklga uklga
maqho maqho
yqtob yqtob
mujil mujil
tmwdy tmwdy
fjdqi fjdqi
xlrzc xlrzc
oxitr oxitr
nqtru nqtru
bdevm bdevm
ayrgb ayrgb
lnjxt lnjxt
armnk armnk
gdnim gdnim
zqjxb zqjxb
yqfdk yqfdk
drojn drojn
ohzfn ohzfn
jcwpu jcwpu
wotiq wotiq
joztf joztf
pytwh pytwh
cxdes cxdes
tndwl tndwl
qhibx qhibx
aedvq aedvq
ymcfp ymcfp
stflc stflc
wajol wajol
kscoz kscoz
mtcsd mtcsd
pgqva pgqva
btwzv btwzv
ahnds ahnds
utdhx utdhx
rjuxc rjuxc
dkjro dkjro
xnpwq xnpwq
frhgc frhgc
osvgp osvgp
bsvth bsvth
rjdai rjdai
qckjp qckjp
lmwpk lmwpk
wnelr wnelr
rlumh rlumh
syoxf syoxf
qbdwz qbdwz
zcjqx zcjqx
yazqf yazqf
vgwoi vgwoi
bkfuc bkfuc
cihba cihba
dbjxw dbjxw
gufvs gufvs
kjihy kjihy
iyuas iyuas
syoxv syoxv
zntkr zntkr
jhlus jhlus
ebwcp ebwcp
bwknx bwknx
amfiz amfiz
cqsby cqsby
wkbuf wkbuf
kzwah kzwah
yvbse yvbse
htkwy htkwy
oewcd oewcd
rchbw rchbw
oaeyh oaeyh
evtgj evtgj
cxajk cxajk
pihld pihld
lpudv lpudv
qsmkj qsmkj
mhekz mhekz
vcwfj vcwfj
ehqyk ehqyk
gdovn gdovn
gstwp gstwp
hwmzn hwmzn
tkwle tkwle
mhuad mhuad
oxuqn oxuqn
tjake tjake
wdquv wdquv
xcvow xcvow
evsbm evsbm
wcjeg wcjeg
rzvtg rzvtg
vobqh vobqh
osxbc osxbc
ktzce ktzce
ypdnb ypdnb
qhvsb qhvsb
