stop0 stop1 stop18 stop1 stop54 stop55 stop62 stop1 stop69 stop74 stop1 stop90 stop112 stop1 stop1 stop147 stop1 stop187 stop1 stop189 stop1 stop1 stop166 stop153 stop195 stop1 stop181 stop1 stop2 stop60 stop2 stop2 stop2 stop186 stop172 stop2 stop3 stop21 stop3 stop68 stop106 stop4 stop194 stop5 stop7 stop8 stop13 stop14 stop15 stop0 stop22 stop23 stop0 stop31 stop34 stop35 stop0 stop40 stop41 stop0 stop0 stop0 stop0 stop0 stop72 stop0 stop77 stop88 stop89 stop0 stop96 stop100 stop101 stop102 stop0 stop0 stop0 stop124 stop128 stop0 stop133 stop135 stop0 stop0 stop0 stop148 stop0 stop139 stop0 stop0 stop0 stop0 stop0 stop191 stop199 stop0 stop0 stop182 stop145 stop0
57
stop1 stop9 stop39 stop64 stop80 stop123 stop126 stop156 stop176 stop150 stop171 stop167 stop192
stop2 stop17 stop81 stop84 stop114 stop162 stop2
stop3 stop33 stop3
stop4 stop44 stop4
stop0 stop16 stop25 stop38 stop42 stop51 stop58 stop65 stop70 stop73 stop92 stop105 stop109 stop122 stop130 stop137 stop144 stop180 stop159 stop197 stop142 stop163 stop158 stop183 stop138 stop155 stop0
stop133 stop133
stop147 stop147
stop22 stop22
stop148 stop148
stop68 stop68
stop15 stop15
stop139 stop139
stop34 stop34
stop41 stop41
stop23 stop23
stop14 stop14
stop101 stop101
stop18 stop18
stop186 stop186
stop135 stop135
stop54 stop54
stop112 stop112
stop187 stop187
stop106 stop106
stop90 stop90
stop13 stop13
stop7 stop7
stop172 stop172
stop128 stop128
stop189 stop189
stop166 stop166
stop89 stop89
stop191 stop191
stop74 stop74
stop102 stop102
stop35 stop35
stop199 stop199
stop96 stop96
stop153 stop153
stop100 stop100
stop77 stop77
stop72 stop72
stop194 stop194
stop124 stop124
stop182 stop182
stop40 stop40
stop60 stop60
stop195 stop195
stop31 stop31
stop145 stop145
stop21 stop21
stop88 stop88
stop181 stop181
stop69 stop69
stop62 stop62
stop55 stop55
stop8 stop8
