Aberdeen Hampton Newburgh Miramar McAllen GreenBay Palmdale Austin Henderson WestValleyCity Henderson StPetersburg Lewisville Gainesville Scranton Reno Reno Hampton Montgomery StPetersburg SaltLakeCity Chattanooga MyrtleBeach SanAntonio Bremerton Marina McAllen Miramar Newburgh Hampton Montgomery Racine Montgomery Hampton Hampton Tuscaloosa Hampton Reno Springdale Reno Hampton Pensacola
19
Reno SouthLyon Modesto Reno
Hampton SanBernardino Pensacola Lowell Winston Hampton
SaltLakeCity SaltLakeCity
Gainesville Gainesville
Tuscaloosa Tuscaloosa
WestValleyCity WestValleyCity
Chattanooga Chattanooga
Henderson Henderson
Lewisville Lewisville
Miramar Miramar
Racine Racine
Newburgh Newburgh
Austin Austin
Montgomery Montgomery
GreenBay GreenBay
SanAntonio SanAntonio
StPetersburg StPetersburg
Marina Marina
Springdale Springdale
