Hayward NorthLasVegas SterlingHeights Huntsville CapeCoral Tacoma Charlotte Lubbock Orem CathedralCity StPaul CorpusChristi StPaul Savannah OverlandPark VeroBeach SantaClara PortSaintLucie Pueblo Youngstown Arvada Elkhart Poughkeepsie Salem Deltona PembrokePines LasVegas Stamford Marysville Layton PembrokePines LasVegas Stamford OverlandPark Anchorage Utica Anchorage Fresno Anchorage SouthLyon Louisville Trenton PembrokePines Racine Bakersfield NewYorkCity York Reno Ogden Reno Lafayette Bakersfield Arvada Youngstown Fullerton Duluth SaintPaul GrandRapids Burlington ElPaso SanAntonio JohnsonCity SanAntonio Arvada Elkhart McAllen Frederick Downey Eugene HuntingtonBeach Sarasota Scranton Arvada Boston Vancouver Warren York Champaign Charlotte Pueblo Waterbury Hialeah Harlingen Springfield Spartanburg Norwich SanBuenaventura NewportNews Marina Aberdeen Sacramento Boston Arvada Tyler Nashua LasVegas Harrisburg Scottsdale Omaha Topeka Roseville Fullerton Flint Fullerton Youngstown Barnstable RoundLakeBeach Arvada Melbourne Torrance Albuquerque Oxnard SanBuenaventura Norwich SanBuenaventura Anaheim Columbus Visalia Carrollton SiouxFalls RichmondCounty Torrance Eugene HuntingtonBeach LakeCharles HuntingtonBeach Eugene Boise Eugene Fitchburg Waterbury Newburgh Hialeah Albuquerque Hialeah Harlingen HavredeGrace PuntaGorda Hemet Mobile Hemet Salinas Monroe VeroBeach OverlandPark Anchorage Lorain RoundLakeBeach Independence Cincinnati Murrieta SiouxCity StLouis SiouxCity Kalamazoo NewYork Tucson Deltona Salem Hampton Pittsburgh Hampton Hampton Gastonia PembrokePines LasVegas LasVegas Burlington Utica Downey Huntsville CapeCoral Huntsville ThousandOaks PortSaintLucie Olympia Orem Lacey Plano Hagerstown PalmBay CapeCoral Huntsville Kissimmee Marina Frederick Marina PortArthur RichmondCounty PortArthur Lacey Orem Olympia Downey Topeka Henderson Pittsburgh Hartford Bakersfield Racine PembrokePines PuntaGorda Hagerstown Youngstown Bethlehem Youngstown Hagerstown PuntaGorda
88
PembrokePines Greenville Modesto
Elkhart Detroit Elkhart
Pueblo Charlotte Pueblo
LasVegas Nashua Bloomington LasVegas
Youngstown Hagerstown GreenBay
Anchorage Mesquite Anchorage
Hampton Birmingham Newark
Gastonia Laredo
Utica Burlington Utica
CapeCoral NewBedford PalmBay CapeCoral
Hartford NewYorkCity Hartford
PuntaGorda PuntaGorda
Tyler Tyler
Cincinnati Cincinnati
ThousandOaks ThousandOaks
Norwich Norwich
Tucson Tucson
Albuquerque Albuquerque
NewportNews NewportNews
Barnstable Barnstable
JohnsonCity JohnsonCity
Eugene Eugene
Racine Racine
RoundLakeBeach RoundLakeBeach
Harlingen Harlingen
Newburgh Newburgh
HavredeGrace HavredeGrace
OverlandPark OverlandPark
Omaha Omaha
Topeka Topeka
Deltona Deltona
Marina Marina
Salem Salem
Downey Downey
SanBuenaventura SanBuenaventura
Flint Flint
McAllen McAllen
Lubbock Lubbock
CorpusChristi CorpusChristi
Layton Layton
Fullerton Fullerton
Bethlehem Bethlehem
NorthLasVegas NorthLasVegas
StLouis StLouis
GrandRapids GrandRapids
Frederick Frederick
Boise Boise
Arvada Arvada
Oxnard Oxnard
Hemet Hemet
Scranton Scranton
Fresno Fresno
Waterbury Waterbury
LakeCharles LakeCharles
Stamford Stamford
Olympia Olympia
RichmondCounty RichmondCounty
Duluth Duluth
Henderson Henderson
HuntingtonBeach HuntingtonBeach
Huntsville Huntsville
Lacey Lacey
Columbus Columbus
Savannah Savannah
Vancouver Vancouver
Hialeah Hialeah
CathedralCity CathedralCity
Marysville Marysville
Bakersfield Bakersfield
Monroe Monroe
Louisville Louisville
ElPaso ElPaso
SantaClara SantaClara
Kissimmee Kissimmee
Torrance Torrance
Plano Plano
Kalamazoo Kalamazoo
SiouxFalls SiouxFalls
Champaign Champaign
Anaheim Anaheim
SaintPaul SaintPaul
York York
Spartanburg Spartanburg
Scottsdale Scottsdale
Aberdeen Aberdeen
Mobile Mobile
Melbourne Melbourne
Ogden Ogden
