Hayward SantaClara Hayward Asheville Durham Deltona Durham Bloomington Durham Asheville Norman Allentown Springdale Cambridge Carrollton Downey Rochester AtlanticCity SaintPaul AtlanticCity BelAir Tyler Abilene Atlanta Sebastian Kennewick PuntaGorda Wilmington Winston Hickory Trenton Murfreesboro Yonkers Waterloo Yonkers GulfportBiloxi Medford Barnstable Kennewick Tyler Hickory HuntingtonBeach Monroe Memphis Winston Tucson Bradenton Huntsville KansasCity McAllen BelAir SaintLouis PalmBay Tucson Aurora Bakersfield Aurora Tucson Winston Murrieta Tampa Murrieta Winston Tucson Washington LakeCharles Irvine NewOrleans SaintLouis SanJose DalyCity NewBedford York BelAir Monroe Chicago Burbank Harlingen Burbank Chicago Burbank Harlingen Waco Milwaukee Omaha Topeka Montgomery ThousandOaks Montgomery SantaCruz Milwaukee Burbank Newark NewYorkCity Wilmington Danbury Burbank Abilene GrandRapids Fargo Asheville McHenry Torrance McHenry Newark Burbank CedarRapids Corona Modesto Hampton RichmondCounty Charlotte FortWayne Asheville CedarRapids Hayward
50
SantaClara SantaClara
Asheville Asheville
Durham Durham
Deltona Deltona
Bloomington Bloomington
Springdale Springdale
Downey Downey
SaintPaul SaintPaul
Atlanta Atlanta
Kennewick Kennewick
PuntaGorda PuntaGorda
Hickory Hickory
Yonkers Yonkers
Waterloo Waterloo
Barnstable Barnstable
Tyler Tyler
HuntingtonBeach HuntingtonBeach
Memphis Memphis
Tucson Tucson
Bradenton Bradenton
Huntsville Huntsville
McAllen McAllen
PalmBay PalmBay
Aurora Aurora
Bakersfield Bakersfield
Tampa Tampa
LakeCharles LakeCharles
NewBedford NewBedford
York York
BelAir BelAir
Monroe Monroe
Harlingen Harlingen
Burbank Burbank
Chicago Chicago
Waco Waco
Omaha Omaha
Topeka Topeka
ThousandOaks ThousandOaks
SantaCruz SantaCruz
NewYorkCity NewYorkCity
Danbury Danbury
GrandRapids GrandRapids
McHenry McHenry
Torrance Torrance
Newark Newark
Modesto Modesto
Hampton Hampton
RichmondCounty RichmondCounty
Charlotte Charlotte
CedarRapids CedarRapids
