AndyandZeyu c j g j i j c f c AndyandZeyu h AndyandZeyu b2 AndyandZeyu2 d2 c2 i2 e2 f2 h2 f2 e2 i2 c2 d2 AndyandZeyu2 j2 AndyandZeyu2 b2 AndyandZeyu g2 AndyandZeyu h1 b1 AndyandZeyu1 f1 AndyandZeyu1 b1 c1 b1 i1 b1 h1 AndyandZeyu g1 AndyandZeyu f3 d3 g3 j3 b3 c3 b3 j3 g3 h3 g3 i3 g3 d3 f3 AndyandZeyu j1 AndyandZeyu f0 b0 i0 AndyandZeyu0 g0 AndyandZeyu0 j0 AndyandZeyu0 i0 b0 f0 h0 f0 AndyandZeyu
25
j j
g g
i i
f f
h h
i2 i2
f2 f2
h2 h2
j2 j2
g2 g2
h1 h1
f1 f1
i1 i1
g1 g1
f3 f3
g3 g3
j3 j3
h3 h3
i3 i3
j1 j1
f0 f0
i0 i0
g0 g0
j0 j0
h0 h0
