AndyandZeyu c j c AndyandZeyu i AndyandZeyu e2 i2 f2 h2 j2 AndyandZeyu b4 i4 b4 AndyandZeyu h4 AndyandZeyu AndyandZeyu7 j6 c7 h7 g7 i7 AndyandZeyu b9 i9 b9 AndyandZeyu h9 AndyandZeyu AndyandZeyu12 j11 c12 h12 g12 i12 AndyandZeyu b14 i14 b14 AndyandZeyu h14 AndyandZeyu AndyandZeyu17 j16 c17 h17 g17 i17 AndyandZeyu h1 b1 AndyandZeyu g6 AndyandZeyu g11 AndyandZeyu g16 AndyandZeyu f3 g3 j3 h3 AndyandZeyu g8 f8 j8 j7 AndyandZeyu8 AndyandZeyu g13 f13 j13 j12 AndyandZeyu13 AndyandZeyu g18 f18 j18 j17 AndyandZeyu18 AndyandZeyu f0 AndyandZeyu g0 f0 AndyandZeyu h5 j4 f5 e5 AndyandZeyu h10 j9 f10 e10 AndyandZeyu h15 j14 f15 e15 g15 b15 AndyandZeyu
61
AndyandZeyu g f h g2 f4 g4 f7 i8 f9 g9 f12 i13 f14 g14 f17 i18 i1 j5 h6 j10 h11 j15 h16 g1 i3 f6 f11 f16 j1 i6 h8 i11 h13 i16 h18 i0 h0 g5 g10
b1 f1
f0 j0 f0
e5 i5
e10 i10
e15 i15
i i
j j
g0 g0
h1 h1
f2 f2
h2 h2
i2 i2
j2 j2
f3 f3
g3 g3
h3 h3
j3 j3
h4 h4
i4 i4
j4 j4
f5 f5
h5 h5
g6 g6
j6 j6
g7 g7
h7 h7
i7 i7
j7 j7
f8 f8
g8 g8
j8 j8
h9 h9
i9 i9
j9 j9
f10 f10
h10 h10
g11 g11
j11 j11
g12 g12
h12 h12
i12 i12
j12 j12
f13 f13
g13 g13
j13 j13
h14 h14
i14 i14
j14 j14
f15 f15
g15 g15
h15 h15
g16 g16
j16 j16
g17 g17
h17 h17
i17 i17
j17 j17
f18 f18
g18 g18
j18 j18
