AndyandZeyu c j g j i j c f c AndyandZeyu h AndyandZeyu b2 AndyandZeyu2 d2 c2 i2 e2 f2 h2 f2 e2 i2 c2 d2 AndyandZeyu2 j2 AndyandZeyu2 b2 AndyandZeyu g2 AndyandZeyu b4 i4 f4 i4 h4 i4 b4 AndyandZeyu g4 AndyandZeyu AndyandZeyu7 j6 c7 b7 h7 d7 e7 g7 e7 d7 h7 b7 c7 j6 i7 j6 AndyandZeyu7 AndyandZeyu f7 AndyandZeyu i8 AndyandZeyu h1 b1 AndyandZeyu1 f1 AndyandZeyu1 b1 c1 b1 i1 b1 h1 AndyandZeyu g6 AndyandZeyu6 j5 AndyandZeyu6 b6 AndyandZeyu6 h6 AndyandZeyu6 g6 AndyandZeyu g1 AndyandZeyu f3 d3 g3 j3 b3 c3 b3 j3 g3 h3 g3 i3 g3 d3 f3 AndyandZeyu f6 AndyandZeyu j1 AndyandZeyu i6 AndyandZeyu g8 f8 j8 j7 j8 f8 c8 b8 c8 h8 c8 f8 g8 AndyandZeyu f0 b0 i0 AndyandZeyu0 g0 AndyandZeyu0 j0 AndyandZeyu0 i0 b0 f0 h0 f0 AndyandZeyu e5 AndyandZeyu5 h5 j4 f5 j4 i5 j4 h5 AndyandZeyu5 e5 g5 e5 AndyandZeyu
50
j j
g g
i i
f f
h h
i2 i2
f2 f2
h2 h2
j2 j2
g2 g2
i4 i4
f4 f4
h4 h4
g4 g4
j6 j6
h7 h7
g7 g7
i7 i7
f7 f7
i8 i8
h1 h1
f1 f1
i1 i1
g6 g6
j5 j5
h6 h6
g1 g1
f3 f3
g3 g3
j3 j3
h3 h3
i3 i3
f6 f6
j1 j1
i6 i6
g8 g8
f8 f8
j8 j8
j7 j7
h8 h8
f0 f0
i0 i0
g0 g0
j0 j0
h0 h0
h5 h5
j4 j4
f5 f5
i5 i5
g5 g5
