A B C TA9 C TA10 C TB1 C TA71 C TA102N C TA132N C TA212NN C TA1012NN C B TA7 B TA8 B TA11 B TA12 B TA13 B TA17 B TA23 B TB11 B TA91 B TA121 B TA131 B TA201 B TA211 B TA231 B TA42N B TA52N B TA72N B TA122N B TA182N B TA212N B TA112NN B TA812NN B TA912NN B TA2312NN B A D A E A F TA1412NN F A G TA21 G A I A TA A TA1 A TA2 A TA3 A TA4 A TA5 A TA6 A TA14 A TA15 A TA16 A TA18 A TA19 A TA20 A TA22 A TA24 A TB21 A TA31 A TA41 A TA51 A TA61 A TA81 A TA101 A TA111 A TA141 A TA151 A TA161 A TA171 A TA181 A TA191 A TA221 A TA241 A TA2N A TA12N A TA22N A TA32N A TA62N A TA82N A TA92N A TA112N A TA142N A TA152N A TA162N A TA172N A TA192N A TA202N A TA222N A TA232N A TA242N A TA12NN A TA312NN A TA412NN A TA512NN A TA612NN A TA712NN A TA1112NN A TA1212NN A TA1312NN A TA1512NN A TA1612NN A TA1712NN A TA1812NN A TA1912NN A TA2012NN A TA2112NN A TA2212NN A TA2412NN A
100
TA9 TA9
TA10 TA10
TB1 TB1
TA71 TA71
TA102N TA102N
TA132N TA132N
TA212NN TA212NN
TA1012NN TA1012NN
TA7 TA7
TA8 TA8
TA11 TA11
TA12 TA12
TA13 TA13
TA17 TA17
TA23 TA23
TB11 TB11
TA91 TA91
TA121 TA121
TA131 TA131
TA201 TA201
TA211 TA211
TA231 TA231
TA42N TA42N
TA52N TA52N
TA72N TA72N
TA122N TA122N
TA182N TA182N
TA212N TA212N
TA112NN TA112NN
TA812NN TA812NN
TA912NN TA912NN
TA2312NN TA2312NN
TA1412NN TA1412NN
TA21 TA21
TA TA
TA1 TA1
TA2 TA2
TA3 TA3
TA4 TA4
TA5 TA5
TA6 TA6
TA14 TA14
TA15 TA15
TA16 TA16
TA18 TA18
TA19 TA19
TA20 TA20
TA22 TA22
TA24 TA24
TB21 TB21
TA31 TA31
TA41 TA41
TA51 TA51
TA61 TA61
TA81 TA81
TA101 TA101
TA111 TA111
TA141 TA141
TA151 TA151
TA161 TA161
TA171 TA171
TA181 TA181
TA191 TA191
TA221 TA221
TA241 TA241
TA2N TA2N
TA12N TA12N
TA22N TA22N
TA32N TA32N
TA62N TA62N
TA82N TA82N
TA92N TA92N
TA112N TA112N
TA142N TA142N
TA152N TA152N
TA162N TA162N
TA172N TA172N
TA192N TA192N
TA202N TA202N
TA222N TA222N
TA232N TA232N
TA242N TA242N
TA12NN TA12NN
TA312NN TA312NN
TA412NN TA412NN
TA512NN TA512NN
TA612NN TA612NN
TA712NN TA712NN
TA1112NN TA1112NN
TA1212NN TA1212NN
TA1312NN TA1312NN
TA1512NN TA1512NN
TA1612NN TA1612NN
TA1712NN TA1712NN
TA1812NN TA1812NN
TA1912NN TA1912NN
TA2012NN TA2012NN
TA2112NN TA2112NN
TA2212NN TA2212NN
TA2412NN TA2412NN
