A B C F C TA151 C TA211 C B E B TA7 B TA12 B TA16 B TA17 B TA18 B TA21 B TA22 B TA24 B TB11 B TB21 B TA121 B TA161 B TA191 B TA201 B A D TA8 D TA31 D A TA A TA1 A TA2 A TA3 A TA4 A TA5 A TA6 A TA9 A TA10 A TA11 A TA13 A TA14 A TA15 A TA19 A TA20 A TA23 A TB1 A TA41 A TA51 A TA61 A TA71 A TA81 A TA91 A TA101 A TA111 A TA131 A TA141 A TA171 A TA181 A TA221 A TA231 A TA241 A
50
TA151 TA151
TA211 TA211
TA7 TA7
TA12 TA12
TA16 TA16
TA17 TA17
TA18 TA18
TA21 TA21
TA22 TA22
TA24 TA24
TB11 TB11
TB21 TB21
TA121 TA121
TA161 TA161
TA191 TA191
TA201 TA201
TA8 TA8
TA31 TA31
TA TA
TA1 TA1
TA2 TA2
TA3 TA3
TA4 TA4
TA5 TA5
TA6 TA6
TA9 TA9
TA10 TA10
TA11 TA11
TA13 TA13
TA14 TA14
TA15 TA15
TA19 TA19
TA20 TA20
TA23 TA23
TB1 TB1
TA41 TA41
TA51 TA51
TA61 TA61
TA71 TA71
TA81 TA81
TA91 TA91
TA101 TA101
TA111 TA111
TA131 TA131
TA141 TA141
TA171 TA171
TA181 TA181
TA221 TA221
TA231 TA231
TA241 TA241
