1efe0a 8035d3 c845ed de59c9 b9fcab 6d8fd3 390b11 9e3235 ab6081 bf7494 1cb432 518f91 ccf3af efb6f6 6d606b 8903f8 bf356c 640320 bd00fb 3c1987 6d8fd3 363906 1aedf0 6d8fd3 909532 6d8fd3 e99176 ff448b 75b2ff 22b74c e17800 c0df7c 444f08 d1ae8e a3ccd4 83454a d4f94d fc6ab6 ef9cce 1c3716 525361 d1ae8e 390b11 ae5d4a 98b7f9 22f6f5 5b1cb0 22b74c 1cb432 6d8fd3 a4f7ab 444533 770b7a 390b11 d36b6f 1efe0a
45
6d8fd3 bb4650 76bb8e 6d8fd3
d1ae8e e758e6 d1ae8e
390b11 940b78 194181 390b11
1cb432 20ec85
ab6081 ab6081
22f6f5 22f6f5
8035d3 8035d3
75b2ff 75b2ff
1aedf0 1aedf0
a3ccd4 a3ccd4
bf356c bf356c
ccf3af ccf3af
efb6f6 efb6f6
bd00fb bd00fb
9e3235 9e3235
bf7494 bf7494
363906 363906
444533 444533
909532 909532
d4f94d d4f94d
6d606b 6d606b
1c3716 1c3716
e17800 e17800
c0df7c c0df7c
22b74c 22b74c
525361 525361
de59c9 de59c9
ae5d4a ae5d4a
a4f7ab a4f7ab
98b7f9 98b7f9
ef9cce ef9cce
3c1987 3c1987
b9fcab b9fcab
518f91 518f91
e99176 e99176
444f08 444f08
770b7a 770b7a
d36b6f d36b6f
83454a 83454a
8903f8 8903f8
ff448b ff448b
c845ed c845ed
5b1cb0 5b1cb0
fc6ab6 fc6ab6
640320 640320
