7f5b7c 1aa96e f045e7 a3eeb9 957ec9 e45544 9fdbc5 358d70 1e408a 2193d2 4188fa dd2a3e 18ff59 4749d0 a08830 293f59 578691 d597c1 f5615a a670a6 853e4b f88a12 b9c2f4 957ec9 e2665a bc8350 1c61d3 1e408a e0f00d d83335 626470 e52589 957ec9 dd5707 dd2a3e 19246a b2fa06 dd2a3e e78120 f4756e 1e408a 974c48 3dc79c d9351e a21b15 73865c b04992 d5f5c5 293f59 dfba28 36cc15 14c5c6 957ec9 b535fa fece60 ff603d dd2a3e 10f84c e0f7dc 4c44ba 645a0c ce509a 32669e 4eb2aa 536b21 dd2a3e 4e5c32 957ec9 957ec9 a1b647 22ad29 957ec9 853e4b 1e408a 293f59 cf04cd e8c504 541622 3292c4 2c8bdc 8ee812 a6d0cb 9b10ed a51200 6ced94 a85abe dd2a3e 6d23c4 dd2a3e 86af3a 9c5717 70482f 537a83 3df71a 8ee812 11021c 20427f dd2a3e 165d0c 293f59 a314be 3fc5b0 a3eab6 d9abe3 852215 ef8230 dd2a3e 89bc09 dd2a3e 3b9bcd 957ec9 957ec9 99ac94 dd2a3e 6281fb d12aea 2f9755 a40dde a3eeb9 2ffab6 7f5b7c
91
957ec9 2e6ab4 2b057c f742a0 8c6c80 4459c3 957ec9
853e4b fd25f7 853e4b
293f59 98bf31 97fa28 293f59
165d0c e60044
a3eeb9 73dd80 a3eeb9
32669e 32669e
a85abe a85abe
b2fa06 b2fa06
358d70 358d70
e8c504 e8c504
9fdbc5 9fdbc5
ef8230 ef8230
4c44ba 4c44ba
20427f 20427f
2193d2 2193d2
89bc09 89bc09
3dc79c 3dc79c
1e408a 1e408a
536b21 536b21
541622 541622
2c8bdc 2c8bdc
7f5b7c 7f5b7c
dfba28 dfba28
f4756e f4756e
36cc15 36cc15
d9351e d9351e
f88a12 f88a12
a314be a314be
99ac94 99ac94
10f84c 10f84c
626470 626470
1c61d3 1c61d3
4e5c32 4e5c32
9c5717 9c5717
d597c1 d597c1
3292c4 3292c4
cf04cd cf04cd
bc8350 bc8350
e0f00d e0f00d
6ced94 6ced94
e78120 e78120
a670a6 a670a6
2f9755 2f9755
dd5707 dd5707
a6d0cb a6d0cb
e0f7dc e0f7dc
b9c2f4 b9c2f4
86af3a 86af3a
d9abe3 d9abe3
18ff59 18ff59
b04992 b04992
578691 578691
a51200 a51200
ff603d ff603d
6d23c4 6d23c4
f5615a f5615a
537a83 537a83
d5f5c5 d5f5c5
11021c 11021c
1aa96e 1aa96e
73865c 73865c
4749d0 4749d0
3df71a 3df71a
a3eab6 a3eab6
4188fa 4188fa
e52589 e52589
d83335 d83335
4eb2aa 4eb2aa
e2665a e2665a
fece60 fece60
f045e7 f045e7
d12aea d12aea
3b9bcd 3b9bcd
a1b647 a1b647
3fc5b0 3fc5b0
2ffab6 2ffab6
a40dde a40dde
645a0c 645a0c
14c5c6 14c5c6
9b10ed 9b10ed
e45544 e45544
a08830 a08830
70482f 70482f
b535fa b535fa
6281fb 6281fb
19246a 19246a
974c48 974c48
ce509a ce509a
a21b15 a21b15
22ad29 22ad29
852215 852215
