3efbbd d1ae8e 1aef1d 2a53b1 e43f08 526e97 1efe0a d1ae8e d36b6f 98b7f9 1cb432 d1ae8e d1ae8e c1e4b0 ef9cce 909532 6d8fd3 1e3f90 390b11 9e3235 c1e4b0 1aef1d 8216e5 2b7733 aeb965 2b7733 de59c9 ab3e86 2b7733 1cb432 fc6ab6 8037ff 22c398 1aef1d 3efbbd
21
d1ae8e 9fb27b ff448b e17800 d1ae8e
1aef1d 525361 1aef1d
ab3e86 bfdfca
909532 909532
98b7f9 98b7f9
8037ff 8037ff
526e97 526e97
8216e5 8216e5
9e3235 9e3235
fc6ab6 fc6ab6
22c398 22c398
1efe0a 1efe0a
aeb965 aeb965
c1e4b0 c1e4b0
2a53b1 2a53b1
ef9cce ef9cce
de59c9 de59c9
1e3f90 1e3f90
390b11 390b11
2b7733 2b7733
d36b6f d36b6f
