0 99 96 95 94 93 92 91 90 89 88 75 86 75 87 75 73 65 64 63 62 52 51 43 42 32 33 34 35 34 33 32 20 24 25 24 20 28 29 30 29 28 20 32 21 23 21 32 37 32 44 32 46 32 42 43 51 41 40 41 51 50 49 48 49 50 51 52 54 53 54 52 56 52 60 52 62 66 67 66 62 63 64 65 73 72 73 74 76 77 78 77 76 74 82 83 82 74 73 75 88 89 90 91 92 93 94 95 96 99 98 99 0 1 2 3 4 5 6 7 8 9 8 7 6 5 4 3 2 1 12 1 17 1 15 1 0
25
96 96
86 86
87 87
64 64
42 42
33 33
25 25
30 30
23 23
44 44
40 40
48 48
54 54
53 53
56 56
67 67
72 72
76 76
83 83
98 98
2 2
4 4
7 7
17 17
15 15
