MHnVCXOJJwOI UvfnFwkwYqFk KKNtdnAHmUpc SPoMbAzxrqrj svpVoYHpEpjH NkzUoyRYPnbb ltlOmMSvjmIL AZrILCuGwbtV bVDkAfQbeTmx YbGvPudTcbyh crcFIKqbaYTC GLfJulJDWdHA SJPfUQrbAbqM DGewetxtXjTj RWoTZCNhceUR cXYRsTNMJDHO PCNGxUSnzrYJ jmWqilJNXyuV oClepMbylsqk ilCjMogPnNTK GoPPViXuIoMW phTlHtTwrYOU UAhLDhBNYkFI JCPkGQQBkgge YfpLHnDpSXzc MlFqcqjWiUdI NmmqQKqzdERM MHnVCXOJJwOI
25
UAhLDhBNYkFI FhVNapbaoZOZ
SJPfUQrbAbqM SJPfUQrbAbqM
svpVoYHpEpjH svpVoYHpEpjH
PCNGxUSnzrYJ PCNGxUSnzrYJ
JCPkGQQBkgge JCPkGQQBkgge
AZrILCuGwbtV AZrILCuGwbtV
SPoMbAzxrqrj SPoMbAzxrqrj
KKNtdnAHmUpc KKNtdnAHmUpc
jmWqilJNXyuV jmWqilJNXyuV
MlFqcqjWiUdI MlFqcqjWiUdI
oClepMbylsqk oClepMbylsqk
phTlHtTwrYOU phTlHtTwrYOU
YfpLHnDpSXzc YfpLHnDpSXzc
NkzUoyRYPnbb NkzUoyRYPnbb
bVDkAfQbeTmx bVDkAfQbeTmx
ilCjMogPnNTK ilCjMogPnNTK
crcFIKqbaYTC crcFIKqbaYTC
RWoTZCNhceUR RWoTZCNhceUR
NmmqQKqzdERM NmmqQKqzdERM
UvfnFwkwYqFk UvfnFwkwYqFk
GLfJulJDWdHA GLfJulJDWdHA
YbGvPudTcbyh YbGvPudTcbyh
cXYRsTNMJDHO cXYRsTNMJDHO
ltlOmMSvjmIL ltlOmMSvjmIL
GoPPViXuIoMW GoPPViXuIoMW
