IvOdahrtFwzZ WUqhotrexTBp hzeJgpwlnaPA sTgUExIipvWV RGYiIUdVAiVL YGzazHdyrGCd gJMLzBkWmUoV WWtfhwMSzfGW NMSHhfMtAJZb ZPYnROAizafx aSwTAVmQLJow zOkfhFVfOKVi UYTxhnOtiPHB VNEqJngxzCUO EwXugPkGUVkm IfTQNEFsiTgr uZQOmtLXDMXl LdhPogfUCfUq RsVDBpPbAfPa jXgKDXnEJsra etjGizhQhrRW MaGBJGHdxMeh QZQElPdcHxru ybLCwZqVZKud QxNjgiXciQma dLJIzYxbuChF nlzJUuBrsbXD pjemGRILnFei RQBxIsRWzmfl PFpQuVVRxbvV gkTmCiZxFrJw BujzcwTOtypK iCJxwFELfPya sFSBpaJxLpBT TZmWJenJbEsV YyCbFndgmpDL AoaIXEzdsCrm mvdksSctoMVi ppfBOAvWYXyJ ZPYnROAizafx wHeDieHMYzAK oKIKkmsSWzmH ZPYnROAizafx KxaXxWtllfGF cQFNlImsTWTM ZPYnROAizafx etbjZlqcYdPF ijesYrTHxMcg kzPlYxPdIHVo ypApeqMQPnQA nschEYWjrAsr eTrfywteWUJB PKHkuTHeRXhO fiHhqLtPfdZy yHOsEGOhjOLt AuldkFyUpsYo ynBAbhbIrUei gXcuqckdTdIP TKKLChjfijhn cQMSBGdRWmjB xIUhUxhCILsJ EKWhDcEeEkGK dXlgwkdKhUmB awuknolWPSuP IQvKLYGCcCbd FoZLfdSCJZDk lIUKVwoOnEyc zypYDSZfKAvD SnErwRYEuFXf ygJsJPbdLfFP IcNVObbuvzWY EUIZeYDuGKec cwlLlHKYSHkG qxhFFIUEfnzV YvLRANdegrdA ZPYnROAizafx ctZWqndwhbJm AhJBAeSEuUkL VwnDoOCMNNaS ZPYnROAizafx xPYMCFkusDSL UHctRHiZQkpZ WUHzPIhaINNz tkrkUtkDqJLy lRgeGnDJBtMa nyTRNDRCsANl xXoCKkdkKAne hLCSOZLNEdhX cRekprdsHHWw quZcTYtpBjSn PwUziuAPbAPX uzYTzVwixczQ idefWDKaqcyp ocysUjOwnenm aXlcDzbXwAJW ZPYnROAizafx zcAOlsVDUDkc qlMzHEurfTvO FkNlSGMBOUbz JNoAmCxHcsYw FLSRuaDcxhdD qFGlIHDqKyPA jXOmYlZmvqnI KpiCGGuakHIr UGahWpWtmUQn AQgpWBullbIi OBeTLVdzIcuJ ubtvaUeVUfmV AJnswnydWveO HVwGkspnDHbf RIFFwQFTnqDn dGbWKexeVDcw TglqUXfjbefC TTwdgXpOLyxF ZPYnROAizafx SKbQkQUhqQEt fiHhqLtPfdZy cpNycWVdmzHJ mZUBOQTZyXOM xogpFjQUGEgg HEwqlaeMfSzl tARvBeqQDqSY fiHhqLtPfdZy WsLfQLsirtHk vkOqMvrCUWYf DarYoJPRvpJy QDhUZstsJKtV LpugZyvqxfmq wXjNgGRCXYRl fblrDraNAUxK qMdmyWbGDdGe evRMhyiHKGXv oOIjuHJcVRiV AEFrBHnTsTIs FenKhdsiadPr nxbMBCPhfQij yFQWQWtUUMle kBTyfVdYeRhI OIjApACwnyqG lznMKRYSMheH YIFfrMiRNqqd hPSXtHMMyKAK NxxrxPgsnMqG EOKLHvbbCToE vYrcfWFBiWlY JpwDMOwQmqOp vfHFyZGRGvFq nKmMbiEuiffc XfSacrjXjxeP GvyjKkGcUdcI PiGAjicuPBgs vRfpxkfTkxRJ WnABnktZDxMx WHSGrQQrrotE KxsKsdmykxTa QFfSmYtuSTPl RfMVccrsgetv BdgcPRHAevMd WRiugWLCujBI fiHhqLtPfdZy aSpDrTbKBytW touUfboeiIya OaFvNWZuTHit XwPJYwaGcHxO CridpdwZYWlJ VZiXnxYZQNVo DiKlonktcqTP yVSfaizVeLPT mgKEFEWheOqk zCWezcJmUGqs LNoKVqXhLEzn KtoZVrQmJWki OaFvNWZuTHit IvOdahrtFwzZ
100
WUqhotrexTBp WUqhotrexTBp
sTgUExIipvWV sTgUExIipvWV
RGYiIUdVAiVL RGYiIUdVAiVL
YGzazHdyrGCd YGzazHdyrGCd
gJMLzBkWmUoV gJMLzBkWmUoV
WWtfhwMSzfGW WWtfhwMSzfGW
NMSHhfMtAJZb NMSHhfMtAJZb
zOkfhFVfOKVi zOkfhFVfOKVi
UYTxhnOtiPHB UYTxhnOtiPHB
EwXugPkGUVkm EwXugPkGUVkm
IfTQNEFsiTgr IfTQNEFsiTgr
jXgKDXnEJsra jXgKDXnEJsra
QZQElPdcHxru QZQElPdcHxru
ybLCwZqVZKud ybLCwZqVZKud
QxNjgiXciQma QxNjgiXciQma
nlzJUuBrsbXD nlzJUuBrsbXD
pjemGRILnFei pjemGRILnFei
RQBxIsRWzmfl RQBxIsRWzmfl
PFpQuVVRxbvV PFpQuVVRxbvV
gkTmCiZxFrJw gkTmCiZxFrJw
sFSBpaJxLpBT sFSBpaJxLpBT
TZmWJenJbEsV TZmWJenJbEsV
AoaIXEzdsCrm AoaIXEzdsCrm
mvdksSctoMVi mvdksSctoMVi
ppfBOAvWYXyJ ppfBOAvWYXyJ
ZPYnROAizafx ZPYnROAizafx
wHeDieHMYzAK wHeDieHMYzAK
oKIKkmsSWzmH oKIKkmsSWzmH
cQFNlImsTWTM cQFNlImsTWTM
ypApeqMQPnQA ypApeqMQPnQA
nschEYWjrAsr nschEYWjrAsr
PKHkuTHeRXhO PKHkuTHeRXhO
yHOsEGOhjOLt yHOsEGOhjOLt
gXcuqckdTdIP gXcuqckdTdIP
EKWhDcEeEkGK EKWhDcEeEkGK
dXlgwkdKhUmB dXlgwkdKhUmB
IQvKLYGCcCbd IQvKLYGCcCbd
zypYDSZfKAvD zypYDSZfKAvD
IcNVObbuvzWY IcNVObbuvzWY
qxhFFIUEfnzV qxhFFIUEfnzV
YvLRANdegrdA YvLRANdegrdA
ctZWqndwhbJm ctZWqndwhbJm
AhJBAeSEuUkL AhJBAeSEuUkL
lRgeGnDJBtMa lRgeGnDJBtMa
nyTRNDRCsANl nyTRNDRCsANl
xXoCKkdkKAne xXoCKkdkKAne
hLCSOZLNEdhX hLCSOZLNEdhX
cRekprdsHHWw cRekprdsHHWw
quZcTYtpBjSn quZcTYtpBjSn
uzYTzVwixczQ uzYTzVwixczQ
ocysUjOwnenm ocysUjOwnenm
aXlcDzbXwAJW aXlcDzbXwAJW
zcAOlsVDUDkc zcAOlsVDUDkc
qlMzHEurfTvO qlMzHEurfTvO
FkNlSGMBOUbz FkNlSGMBOUbz
JNoAmCxHcsYw JNoAmCxHcsYw
qFGlIHDqKyPA qFGlIHDqKyPA
jXOmYlZmvqnI jXOmYlZmvqnI
UGahWpWtmUQn UGahWpWtmUQn
AQgpWBullbIi AQgpWBullbIi
ubtvaUeVUfmV ubtvaUeVUfmV
HVwGkspnDHbf HVwGkspnDHbf
TglqUXfjbefC TglqUXfjbefC
TTwdgXpOLyxF TTwdgXpOLyxF
SKbQkQUhqQEt SKbQkQUhqQEt
cpNycWVdmzHJ cpNycWVdmzHJ
mZUBOQTZyXOM mZUBOQTZyXOM
HEwqlaeMfSzl HEwqlaeMfSzl
tARvBeqQDqSY tARvBeqQDqSY
fiHhqLtPfdZy fiHhqLtPfdZy
WsLfQLsirtHk WsLfQLsirtHk
vkOqMvrCUWYf vkOqMvrCUWYf
QDhUZstsJKtV QDhUZstsJKtV
wXjNgGRCXYRl wXjNgGRCXYRl
fblrDraNAUxK fblrDraNAUxK
evRMhyiHKGXv evRMhyiHKGXv
oOIjuHJcVRiV oOIjuHJcVRiV
nxbMBCPhfQij nxbMBCPhfQij
yFQWQWtUUMle yFQWQWtUUMle
OIjApACwnyqG OIjApACwnyqG
lznMKRYSMheH lznMKRYSMheH
hPSXtHMMyKAK hPSXtHMMyKAK
NxxrxPgsnMqG NxxrxPgsnMqG
EOKLHvbbCToE EOKLHvbbCToE
JpwDMOwQmqOp JpwDMOwQmqOp
nKmMbiEuiffc nKmMbiEuiffc
GvyjKkGcUdcI GvyjKkGcUdcI
WnABnktZDxMx WnABnktZDxMx
WHSGrQQrrotE WHSGrQQrrotE
QFfSmYtuSTPl QFfSmYtuSTPl
WRiugWLCujBI WRiugWLCujBI
aSpDrTbKBytW aSpDrTbKBytW
touUfboeiIya touUfboeiIya
XwPJYwaGcHxO XwPJYwaGcHxO
DiKlonktcqTP DiKlonktcqTP
yVSfaizVeLPT yVSfaizVeLPT
mgKEFEWheOqk mgKEFEWheOqk
zCWezcJmUGqs zCWezcJmUGqs
LNoKVqXhLEzn LNoKVqXhLEzn
KtoZVrQmJWki KtoZVrQmJWki
