MfdzFvsdGbvl AGbRQRBgaOdX MkUBuIisCVpZ FBJfxxErGDSJ AMizjBPjmCZd nOAOIuLzBRCw mFYKjQfCsRtT QifLRRQkbeZy VyXrTLUcizAa QifLRRQkbeZy QPEIZKGvnFvj tywOQDwDhjwZ QPEIZKGvnFvj QifLRRQkbeZy deJmWrylVSGK CuwogbndJgoN hypFtIVCahEe PnbamVANEguC buqjmAINqGzN PnbamVANEguC hypFtIVCahEe PQTqeEtJjrHq hypFtIVCahEe CuwogbndJgoN deJmWrylVSGK QifLRRQkbeZy NlmuUUVQUbgI dDFWxTbuPymh LkEUjKFNAyBd SojgLCNtJNvq ymJllvoAiAsf SojgLCNtJNvq LkEUjKFNAyBd dDFWxTbuPymh NlmuUUVQUbgI mghmklyBsbHa XwUlFDTbjpNE EoEdLMroSPNp XwUlFDTbjpNE mghmklyBsbHa BxGViQLocTbz pQCFwcmaYfTN noaMakAlHdwq PvZWLvSzyZfH noaMakAlHdwq hCxjbMrSlUJQ noaMakAlHdwq pQCFwcmaYfTN OxOMbLimJOmd sHmvjcbScYOJ tuAWqVDVesZP BbyhqvohDUZK tuAWqVDVesZP sHmvjcbScYOJ OxOMbLimJOmd TNZEyWBHGREz OxOMbLimJOmd pQCFwcmaYfTN BxGViQLocTbz DvRTDyBMOCbT BxGViQLocTbz mghmklyBsbHa NtVMseWKItey mtRsLIzrlNLu BkcPMTugAswL DFscNnuMhxUC BkcPMTugAswL mtRsLIzrlNLu NtVMseWKItey pkzKsTORVYro FCrKCfVsEsBk GKWfMfVZxbJi FCrKCfVsEsBk pkzKsTORVYro UVLyMXgqTFaJ pkzKsTORVYro NtVMseWKItey GuSSYBNHDbKE rVqgoVgUmLRB UUfgFbkMxjKZ arcJTkwUqbUy SgyAcloZDNJV arcJTkwUqbUy UUfgFbkMxjKZ rVqgoVgUmLRB GuSSYBNHDbKE uFHfCerNFIme GuSSYBNHDbKE NtVMseWKItey FwMUcwhoFAni aBJRRPhsiAKx tJMNrevGrvUO aBJRRPhsiAKx plKUVNXwKfVb aBJRRPhsiAKx FwMUcwhoFAni NtVMseWKItey mghmklyBsbHa NlmuUUVQUbgI QifLRRQkbeZy dFUHctNjrywb MLnLJmQHwuOS PUcvIgREsriS QHpWWcCYavdw PUcvIgREsriS ZjfLZjjegWJT pWbJtVdThhym rrRAqFcoDYfk jQrllEpFyFwz jBrNTBMPxyQD MOpktZzuQRCH jBrNTBMPxyQD jQrllEpFyFwz VARFNCcqfgIc MTGbHUkgheIT VARFNCcqfgIc jQrllEpFyFwz rrRAqFcoDYfk pWbJtVdThhym GemeldahvdVv pWbJtVdThhym ZjfLZjjegWJT TbekQRoKcInv RICmsRCgzRsB TbekQRoKcInv ZjfLZjjegWJT PUcvIgREsriS MLnLJmQHwuOS IHnRSACwPeSd hLGIbMiwjPgd IHnRSACwPeSd MLnLJmQHwuOS dFUHctNjrywb QifLRRQkbeZy mFYKjQfCsRtT nOAOIuLzBRCw AMizjBPjmCZd FBJfxxErGDSJ ByOIdNUscaaI lFgwKopYqWSC axLiuEEXvnsQ lFgwKopYqWSC ByOIdNUscaaI FBJfxxErGDSJ MkUBuIisCVpZ AGbRQRBgaOdX MfdzFvsdGbvl
50
AGbRQRBgaOdX AGbRQRBgaOdX
MkUBuIisCVpZ MkUBuIisCVpZ
AMizjBPjmCZd AMizjBPjmCZd
mFYKjQfCsRtT mFYKjQfCsRtT
QifLRRQkbeZy QifLRRQkbeZy
VyXrTLUcizAa VyXrTLUcizAa
tywOQDwDhjwZ tywOQDwDhjwZ
deJmWrylVSGK deJmWrylVSGK
PnbamVANEguC PnbamVANEguC
buqjmAINqGzN buqjmAINqGzN
PQTqeEtJjrHq PQTqeEtJjrHq
NlmuUUVQUbgI NlmuUUVQUbgI
dDFWxTbuPymh dDFWxTbuPymh
SojgLCNtJNvq SojgLCNtJNvq
ymJllvoAiAsf ymJllvoAiAsf
EoEdLMroSPNp EoEdLMroSPNp
pQCFwcmaYfTN pQCFwcmaYfTN
noaMakAlHdwq noaMakAlHdwq
PvZWLvSzyZfH PvZWLvSzyZfH
hCxjbMrSlUJQ hCxjbMrSlUJQ
BbyhqvohDUZK BbyhqvohDUZK
DvRTDyBMOCbT DvRTDyBMOCbT
mtRsLIzrlNLu mtRsLIzrlNLu
BkcPMTugAswL BkcPMTugAswL
DFscNnuMhxUC DFscNnuMhxUC
pkzKsTORVYro pkzKsTORVYro
FCrKCfVsEsBk FCrKCfVsEsBk
GKWfMfVZxbJi GKWfMfVZxbJi
UVLyMXgqTFaJ UVLyMXgqTFaJ
GuSSYBNHDbKE GuSSYBNHDbKE
rVqgoVgUmLRB rVqgoVgUmLRB
arcJTkwUqbUy arcJTkwUqbUy
SgyAcloZDNJV SgyAcloZDNJV
uFHfCerNFIme uFHfCerNFIme
plKUVNXwKfVb plKUVNXwKfVb
dFUHctNjrywb dFUHctNjrywb
MLnLJmQHwuOS MLnLJmQHwuOS
PUcvIgREsriS PUcvIgREsriS
QHpWWcCYavdw QHpWWcCYavdw
ZjfLZjjegWJT ZjfLZjjegWJT
rrRAqFcoDYfk rrRAqFcoDYfk
jBrNTBMPxyQD jBrNTBMPxyQD
MOpktZzuQRCH MOpktZzuQRCH
VARFNCcqfgIc VARFNCcqfgIc
GemeldahvdVv GemeldahvdVv
TbekQRoKcInv TbekQRoKcInv
RICmsRCgzRsB RICmsRCgzRsB
IHnRSACwPeSd IHnRSACwPeSd
hLGIbMiwjPgd hLGIbMiwjPgd
axLiuEEXvnsQ axLiuEEXvnsQ
