loc0 loc4 loc1 loc13 loc75 loc20 loc33 loc34 loc41 loc43 loc55 loc63 loc84 loc103 loc109 loc143 loc159 loc160 loc1 loc188 loc26 loc2 loc52 loc67 loc135 loc170 loc0 loc90 loc95 loc115 loc0 loc5 loc2 loc8 loc25 loc117 loc122 loc189 loc2 loc16 loc18 loc28 loc49 loc53 loc64 loc96 loc1 loc1 loc0 loc112 loc0 loc148 loc152 loc190 loc197 loc23 loc31 loc161 loc186 loc7 loc3 loc11 loc145 loc15 loc38 loc100 loc110 loc181 loc1 loc0 loc154 loc17 loc24 loc39 loc40 loc51 loc57 loc0 loc61 loc62 loc68 loc78 loc79 loc82 loc89 loc93 loc94 loc107 loc108 loc0 loc119 loc126 loc133 loc141 loc142 loc153 loc155 loc158 loc169 loc171 loc178 loc182 loc187 loc195 loc0
91
loc1 loc179 loc97 loc1
loc0 loc184 loc176 loc105 loc123 loc198 loc59 loc116
loc2 loc9 loc2
loc23 loc23
loc3 loc3
loc189 loc189
loc61 loc61
loc78 loc78
loc122 loc122
loc33 loc33
loc79 loc79
loc108 loc108
loc171 loc171
loc141 loc141
loc96 loc96
loc197 loc197
loc182 loc182
loc107 loc107
loc49 loc49
loc31 loc31
loc190 loc190
loc135 loc135
loc126 loc126
loc25 loc25
loc160 loc160
loc188 loc188
loc90 loc90
loc115 loc115
loc41 loc41
loc4 loc4
loc117 loc117
loc178 loc178
loc11 loc11
loc84 loc84
loc159 loc159
loc158 loc158
loc148 loc148
loc20 loc20
loc161 loc161
loc53 loc53
loc195 loc195
loc170 loc170
loc40 loc40
loc152 loc152
loc57 loc57
loc109 loc109
loc68 loc68
loc34 loc34
loc110 loc110
loc43 loc43
loc28 loc28
loc51 loc51
loc18 loc18
loc15 loc15
loc187 loc187
loc17 loc17
loc52 loc52
loc63 loc63
loc95 loc95
loc26 loc26
loc186 loc186
loc5 loc5
loc39 loc39
loc62 loc62
loc169 loc169
loc82 loc82
loc143 loc143
loc100 loc100
loc154 loc154
loc155 loc155
loc93 loc93
loc75 loc75
loc142 loc142
loc103 loc103
loc38 loc38
loc119 loc119
loc16 loc16
loc8 loc8
loc64 loc64
loc153 loc153
loc89 loc89
loc24 loc24
loc181 loc181
loc55 loc55
loc145 loc145
loc7 loc7
loc13 loc13
loc67 loc67
loc94 loc94
loc112 loc112
loc133 loc133
