5 1 14 1 24 74 1 62 6 3 36 32 40 93 70 1 79 37 9 16 13 137 139 30 103 112 8 168 1 76 20 53 38 6 185 21 67 31 60 65 110 4 164 21 29 35 88 108 7 41 73 2 101 7 102 1 15 80 34 44 1 109 25 28 42 89 13 51 55 98 83 117 3 48 39 15 52 159 157 8 22 17 10 57 49 7 115 7 196 2 198 23 124 5 50 5 66 4 45 18 54 91 147 9 122 3 130 170 4 97 12 56 27 69 82 3 61 10 58 10 106 149 75 3 197 2 63 33 2 177 11 78 1 188 3 26 46 100 92 182 5 190 5
50
1 1
93 93
79 79
16 16
137 137
103 103
112 112
168 168
20 20
38 38
185 185
164 164
35 35
108 108
102 102
42 42
89 89
55 55
83 83
117 117
159 159
157 157
8 8
115 115
196 196
198 198
124 124
50 50
66 66
91 91
147 147
122 122
130 130
170 170
97 97
27 27
69 69
82 82
58 58
106 106
149 149
197 197
177 177
78 78
188 188
46 46
100 100
92 92
182 182
190 190
