0 66 28 3 47 86 21 29 71 5 26 31 4 63 3 20 72 33 3 96 62 45 30 90 8 14 64 65 73 17 1 2 84 9 60 4 94 1 58 42 51 2 22 44 2 15 2 78 99 12 53 61 37 0 81 0 5 41 6 56 34 97 5 67 5 55 32 13 39 11 1 7 10 23 92 95 27 68 83 18 69 24 1 82 1 52 48 87 19 77 91 79 8 50 5 0
50
0 0
29 29
71 71
31 31
63 63
3 3
62 62
14 14
64 64
65 65
1 1
84 84
9 9
60 60
94 94
58 58
42 42
44 44
15 15
99 99
12 12
53 53
61 61
37 37
81 81
5 5
41 41
6 6
56 56
34 34
97 97
67 67
55 55
13 13
39 39
11 11
7 7
23 23
27 27
83 83
69 69
24 24
82 82
52 52
48 48
87 87
77 77
91 91
79 79
50 50
