0 2 147 21 71 93 24 156 49 124 7 194 111 6 0 50 83 158 104 141 164 187 2 138 184 172 17 1 0 68 101 3 135 60 110 9 80 6 15 1 11 136 4 105 2 0 118 16 27 39 5 75 12 1 0 109 162 5 0 155 22 168 1 144 2 42 35 1 193 1 0 89 5 18 171 0 61 25 30 95 1 161 1 38 150 0 2 0 123 140 173 0 6 2 79 196 102 5 179 130 10 119 145 151 67 178 3 34 7 31 3 1 59 4 40 142 3 66 160 1 73 1 152 9 0
86
0 108 87 129 122 91 189 23 56 26 157
2 6 62 1
6 7
5 163 5
7 36
1 96 55 198
173 173
124 124
164 164
79 79
80 80
135 135
179 179
110 110
18 18
35 35
160 160
193 193
50 50
147 147
140 140
42 42
171 171
150 150
119 119
123 123
138 138
21 21
152 152
101 101
73 73
158 158
111 111
104 104
22 22
178 178
142 142
31 31
38 38
156 156
161 161
145 145
168 168
184 184
83 83
95 95
162 162
9 9
16 16
30 30
17 17
40 40
60 60
59 59
187 187
27 27
196 196
194 194
102 102
25 25
71 71
109 109
12 12
67 67
68 68
10 10
61 61
89 89
34 34
136 136
24 24
118 118
105 105
151 151
49 49
172 172
155 155
11 11
141 141
93 93
144 144
15 15
66 66
39 39
75 75
130 130
