Soda A E P E Q L V L U AG U L Q E A B S AB Z Y AQ AP AA N AA AP AQ Y Z AB H AB S B A C J I AF I J C A D K AE K AI AH AK AJ T AJ AK AH AW AH AI AU AI AS AI K D A F M W X AN AO AN X W AM AC AM W M F A Soda C9 A7 A1 D5 A1 A7 B8 A7 C10 D9 B9 D9 D1 D9 C10 A7 C9 Soda C2 D4 D7 D10 B10 D10 D7 D4 C3 D4 E1 D4 C2 Soda A5 A6 A9 A4 A2 C8 B4 A3 B4 B6 B5 C1 D3 C1 B5 B6 B4 C8 A2 A4 A9 B7 A9 A6 A5 Soda C5 E3 C5 B2 E5 B1 C6 B1 E5 E6 B3 C7 B3 E6 E7 E6 E5 B2 C5 Soda
39
P P
Q Q
AG AG
AB AB
AP AP
N N
H H
J J
AF AF
T T
AW AW
AU AU
AS AS
AO AO
AC AC
C9 C9
A7 A7
A1 A1
D5 D5
D9 D9
B9 B9
D1 D1
D7 D7
C3 C3
E1 E1
A5 A5
A9 A9
A3 A3
B5 B5
C1 C1
D3 D3
B7 B7
C5 C5
E3 E3
E5 E5
B1 B1
B3 B3
C7 C7
E7 E7
