Soda E Q E A B H AB Z Y AP Y N G A C J C A D K T AI AH AW AH AI AU AI K D A F O X AO X O F A Soda a b k l ad l ax l k ab av ab k b a d n o p q ah ag af p e a g f g s al ak h ak r ak t ak aj ak h a i j aa z ar z at aa j i u v u an ao ap w i a Soda a0 c9 a7 a1 d5 a1 a7 c10 d9 b9 d9 d1 b8 a7 a1 d5 d7 c3 e1 d4 c2 a0 a5 a9 a4 a3 a8 b5 c1 d3 b7 a9 a5 a0 c5 e3 b2 e5 b1 e5 b3 c7 b2 c5 a0 Soda C9 A7 A1 D5 A1 A7 C10 D9 B9 D9 D1 B8 A7 A1 D5 D7 C3 D4 C2 Soda A5 A9 A4 A3 A8 B5 C1 D3 D6 A5 Soda C5 E3 B2 E5 B1 E5 B3 C7 B3 E6 E7 B1 C6 E9 C4 Soda
81
A AG H AF AS AC
Soda x e7 E1 B7
A1 A1
A3 A3
A5 A5
A7 A7
A9 A9
B1 B1
B3 B3
B5 B5
B9 B9
C1 C1
C3 C3
C5 C5
C7 C7
C9 C9
D1 D1
D3 D3
D5 D5
D7 D7
D9 D9
E3 E3
E5 E5
E7 E7
AB AB
AP AP
N N
J J
AU AU
AW AW
T T
P P
Q Q
AO AO
b b
d d
f f
h h
j j
l l
n n
p p
r r
t t
v v
z z
ab ab
ad ad
af af
ah ah
aj aj
al al
an an
ap ap
ar ar
at at
av av
ax ax
a1 a1
a3 a3
a5 a5
a7 a7
a9 a9
b1 b1
b3 b3
b5 b5
b7 b7
b9 b9
c1 c1
c3 c3
c5 c5
c7 c7
c9 c9
d1 d1
d3 d3
d5 d5
d7 d7
d9 d9
e1 e1
e3 e3
e5 e5
