SabrinaSiriPrince50 X8iWp duKKu YgbLl Wutnl 5X0EW vmJdf YgbLl 11x30 WcEcU EZqNK 11x30 duKKu cRUJh DrLs7 4MOkB 9HL6t yJVF4 DrLs7 SVxWg nbohZ SVxWg cRUJh SVxWg cRUJh X8iWp M7N2p M7N2p M7N2p 7QUXg M7N2p bXm0A M7N2p M7N2p HVYtd M7N2p aHwNY UBrR9 plb6L Ms6jj 0kSSC H8qqB 52PwN UBrR9 aHwNY SabrinaSiriPrince50
19
duKKu OSLHQ
cRUJh d2ZYh
M7N2p V7iEC cwf5o nannc nMJpi rFWcq Bjd2k i3qsm
aHwNY aHwNY
UBrR9 UBrR9
52PwN 52PwN
H8qqB H8qqB
0kSSC 0kSSC
Ms6jj Ms6jj
plb6L plb6L
EZqNK EZqNK
WcEcU WcEcU
5X0EW 5X0EW
vmJdf vmJdf
Wutnl Wutnl
9HL6t 9HL6t
yJVF4 yJVF4
4MOkB 4MOkB
nbohZ nbohZ
