ssp200 13 10 2 8 6 5 4 3 7 2 12 2 14 2 181 122 134 122 127 123 124 125 126 128 122 132 122 181 47 52 48 49 50 51 53 47 59 47 57 47 181 107 119 107 112 108 109 110 111 110 109 108 112 107 117 107 181 167 173 171 170 169 168 172 167 179 167 177 167 181 77 89 77 82 78 79 80 81 83 77 87 77 181 137 149 137 142 138 139 140 141 143 137 147 137 181 17 29 17 22 18 19 20 21 23 17 27 17 181 182 188 186 185 184 183 187 182 192 182 194 182 181 32 44 32 42 32 38 36 35 34 33 37 32 181 152 158 156 155 154 153 157 152 164 152 162 152 181 62 74 62 72 62 67 63 64 65 66 68 62 181 92 98 96 95 94 93 97 92 104 92 102 101 102 92 181 2 10 13 ssp200
76
7 3
12 11
14 15 14
134 135 134
122 126
132 131
47 51
59 60 59
57 56
119 120 119
108 109 108
117 116
167 168
179 180 179
177 176
89 90 89
77 81
87 86
149 150 149
137 141
147 146
29 30 29
17 21
27 26
183 184 183
192 191
194 195 194
44 45 44
42 41
32 33
152 153
164 165 164
162 161
74 75 74
72 71
62 66
92 93
104 105 104
4 4
5 5
6 6
18 18
19 19
20 20
34 34
35 35
36 36
48 48
49 49
50 50
63 63
64 64
65 65
78 78
79 79
80 80
94 94
95 95
96 96
101 101
110 110
111 111
123 123
124 124
125 125
138 138
139 139
140 140
154 154
155 155
156 156
169 169
170 170
171 171
185 185
186 186
