ssp100 25 4 2 2 3 8 8 8 8 3 18 23 27 45 28 41 37 36 51 49 36 29 45 32 32 37 47 43 53 33 35 27 27 71 63 59 26 58 60 65 60 64 64 60 58 61 67 67 61 58 26 59 62 69 62 68 62 59 63 71 27 87 98 99 97 92 27 27 87 93 93 93 87 91 91 89 89 91 87 27 23 18 16 16 19 20 19 18 3 5 7 24 7 5 3 2 4 25 ssp100
34
2 1 2
8 11 10 9
18 15
28 56
32 39
37 31 37
27 33 55 92 27
65 74 65
64 73 64
67 79
69 82
68 81 68
87 88
93 94 90 93
91 95
89 96
16 12
19 22
20 21 20
4 4
24 24
59 59
29 29
35 35
41 41
43 43
45 45
47 47
49 49
51 51
53 53
97 97
98 98
99 99
