1 3 3 3 3 3 3 3 83 3 3 3 137 4 33 4 121 127 21 5 2 25 29 2 35 2 43 47 49 2 2 2 2 2 91 99 2 2 107 2 2 119 2 2 149 2 5 95 51 6 79 6 97 6 139 12 7 71 7 87 7 141 105 145 9 27 23 31 10 55 143 10 1 13 1 1 19 147 19 1 1 53 59 93 1 1 125 1 131 1
45
3 37 41 61 63 65 69 73 89 115 135 3
4 85
2 39 57 67 75 77 81 101 103 111 117 123 133
5 45 5
1 11 15 17 21 23 109 113 129 1
7 7
9 9
13 13
19 19
25 25
27 27
29 29
31 31
33 33
35 35
43 43
47 47
49 49
51 51
53 53
55 55
59 59
71 71
79 79
83 83
87 87
91 91
93 93
95 95
97 97
99 99
105 105
107 107
119 119
121 121
125 125
127 127
131 131
137 137
139 139
141 141
143 143
145 145
147 147
149 149
