Leah Russell Amanda Joshua Anthony Ryan Gary Kristie Carol Shannon Alexander Megan Jennifer Carol Ruth Lisa Stacey Charles Jade Dylan Jordan Robert Vicki John Jon Kristie Katrina Rachel April Russell David Javier Russell Taylor Kelly Paula Michael Russell Brian Russell Connie Adrian Leah
25
Russell Russell
Amanda Amanda
Anthony Anthony
Ryan Ryan
Gary Gary
Carol Carol
Alexander Alexander
Megan Megan
Jennifer Jennifer
Ruth Ruth
Lisa Lisa
Jade Jade
Dylan Dylan
Jordan Jordan
Vicki Vicki
Jon Jon
Rachel Rachel
April April
David David
Javier Javier
Kelly Kelly
Paula Paula
Michael Michael
Brian Brian
Adrian Adrian
