Jason Reginald Brandi Anthony Jennifer Amanda Kevin Harry Victoria Cynthia Misty Jill Logan Donald Cristian William Janet Katelyn Derek Kevin Tammy Kara Daniel Wendy Ashley Melissa Nathaniel Kelsey Linda Tristan Derek Barbara Carlos Rebecca Brett Aaron Nancy James Gabriel Richard Larry Kylie Christina Derek Kristen Derek Rebekah Jason Kari Deanna Kathy Benjamin Scott Jane Mary Sydney Carol Paul Jason Douglas Lauren Kevin Brian Kevin Laura Garrett Phillip Jeffery Jordan Angelica Erin Nicole Krista Amber Andre Karen Spencer Mark Claire Jason John Jason Adrian Nathaniel Stephen Brad Kelly Jeffrey Robert Anna Mario Jacqueline Bryan Adrian Kimberly Victoria Grace Thomas Shannon Ricky Shannon Ronnie Stacie Carrie Jason Diana April Martha Juan Robin Maurice Cindy Dustin Melinda Kevin Miranda Eric David Mercedes Nathaniel Ronald Roy Gregory Taylor Derek Steven Samantha Wayne Elizabeth Heather Jose Sabrina Shawn Joseph Adam Derek Rachel Andrew Monica Crystal Erica Ryan George Gabriel Leonard Timothy Tommy Monique Patricia Johnathan Megan Toni Alyssa Brittany Sarah Dylan Shane Ralph Victoria Alexandra Nicholas Charles Victoria Evan Kyle Joshua Cheryl Derek Nathaniel Heather Jason Julia Brenda Michael Luis Sandra Molly Regina Kayla Randy Jason Michelle Angela Edwin Dana Susan Jason Jeremy Jason
100
Jennifer Jennifer
Amanda Amanda
Misty Misty
Jill Jill
Logan Logan
Cristian Cristian
William William
Katelyn Katelyn
Derek Derek
Tammy Tammy
Kara Kara
Wendy Wendy
Ashley Ashley
Melissa Melissa
Kelsey Kelsey
Tristan Tristan
Rebecca Rebecca
Brett Brett
James James
Christina Christina
Kristen Kristen
Rebekah Rebekah
Kari Kari
Kathy Kathy
Scott Scott
Jane Jane
Mary Mary
Carol Carol
Paul Paul
Lauren Lauren
Brian Brian
Laura Laura
Jeffery Jeffery
Jordan Jordan
Nicole Nicole
Karen Karen
Mark Mark
Claire Claire
John John
Adrian Adrian
Stephen Stephen
Brad Brad
Jeffrey Jeffrey
Robert Robert
Mario Mario
Jacqueline Jacqueline
Bryan Bryan
Kimberly Kimberly
Grace Grace
Shannon Shannon
Ricky Ricky
Ronnie Ronnie
Stacie Stacie
Carrie Carrie
April April
Juan Juan
Robin Robin
Dustin Dustin
Melinda Melinda
David David
Mercedes Mercedes
Roy Roy
Gregory Gregory
Samantha Samantha
Wayne Wayne
Elizabeth Elizabeth
Jose Jose
Sabrina Sabrina
Shawn Shawn
Joseph Joseph
Adam Adam
Rachel Rachel
Andrew Andrew
Monica Monica
Crystal Crystal
Gabriel Gabriel
Timothy Timothy
Tommy Tommy
Johnathan Johnathan
Megan Megan
Brittany Brittany
Dylan Dylan
Shane Shane
Alexandra Alexandra
Nicholas Nicholas
Charles Charles
Evan Evan
Kyle Kyle
Joshua Joshua
Cheryl Cheryl
Nathaniel Nathaniel
Heather Heather
Regina Regina
Kayla Kayla
Randy Randy
Michelle Michelle
Edwin Edwin
Dana Dana
Susan Susan
Jeremy Jeremy
