Austin Austin Patrick Danielle John Jorge Adam Scott Adam Jorge Janet Brad Paul Juan Jonathan Gina Michael Natasha Mariah Cassandra Robert Adam Dennis Adam Steven Jeanette Elaine Walter Mariah Joshua Robin Daniel Debra Hannah Sean Kari Lauren Glenda Amy Alex Eugene Elaine Kyle Adam Austin Ralph Rhonda Ashley Paige Maxwell Austin Victoria Victoria Garrett Rachel Jamie Sara April Melinda Austin
46
Adam Jennifer Jordan Monique
Jorge Donald
Austin Melissa
Victoria Edward Elizabeth Victoria
John John
Debra Debra
Hannah Hannah
Elaine Elaine
Mariah Mariah
Eugene Eugene
Patrick Patrick
Joshua Joshua
Natasha Natasha
Walter Walter
Sara Sara
Gina Gina
Paul Paul
Daniel Daniel
Kari Kari
Jamie Jamie
Paige Paige
Robert Robert
Janet Janet
Glenda Glenda
Amy Amy
Steven Steven
Maxwell Maxwell
Dennis Dennis
Danielle Danielle
Scott Scott
Michael Michael
Sean Sean
Juan Juan
Rhonda Rhonda
Ralph Ralph
Garrett Garrett
Alex Alex
Jonathan Jonathan
April April
Cassandra Cassandra
Kyle Kyle
Ashley Ashley
Melinda Melinda
Rachel Rachel
Robin Robin
Jeanette Jeanette
