Florges Vespiquen Weepinbell Vespiquen Persian Furfrou Bayleef Bisharp Pidgey Sentret Purrloin Kricketune Infernape Bouffalant Palossand Bidoof Piloswine Eelektrik Piloswine Bidoof Celebi Toxapex Ralts Toxapex Celebi Bidoof Palossand Bouffalant Infernape Lillipup Hakamoo Hoopa Hippopotas Machoke Timburr Machoke Hippopotas Cherrim Hippopotas Hoopa Moltres Gastrodon Moltres Hoopa Hakamoo Palkia Girafarig Shieldon Zapdos Shieldon Girafarig Palkia Flaaffy Omastar Flaaffy Palkia Roggenrola Yanmega Roggenrola Palkia Hakamoo Buzzwole Volbeat Buzzwole Hakamoo Lillipup Infernape Kricketune Purrloin Delibird Cascoon Caterpie Dialga Pichu Dialga Caterpie Tentacruel Chansey Regice Chansey Tentacruel Caterpie Cascoon Delibird Nuzleaf Nidoking Wailmer Primarina Wailmer Wormadam Wailmer Nidoking Nuzleaf Delibird Purrloin Poliwag Purrloin Sentret Hitmonlee Doublade Carracosta Luxray Tsareena Luxray Carracosta Doublade Aurorus Doublade Hitmonlee Sentret Pidgey Scolipede Pidgey Bisharp Bayleef Furfrou Persian Vespiquen Florges Zoroark Zubat Manectric Zubat Zoroark Florges Masquerain Celesteela Snorlax Bewear Togetic Bewear Snorlax Shaymin Snorlax Celesteela Masquerain Drapion Genesect Kricketot Genesect Cottonee Dusknoir Cottonee Genesect Drapion Poliwrath Drapion Masquerain Florges Stufful Florges Bergmite Florges
50
Weepinbell Weepinbell
Persian Persian
Bayleef Bayleef
Bisharp Bisharp
Sentret Sentret
Purrloin Purrloin
Infernape Infernape
Bouffalant Bouffalant
Bidoof Bidoof
Piloswine Piloswine
Celebi Celebi
Ralts Ralts
Lillipup Lillipup
Hakamoo Hakamoo
Machoke Machoke
Timburr Timburr
Cherrim Cherrim
Moltres Moltres
Gastrodon Gastrodon
Girafarig Girafarig
Zapdos Zapdos
Omastar Omastar
Yanmega Yanmega
Buzzwole Buzzwole
Volbeat Volbeat
Delibird Delibird
Cascoon Cascoon
Dialga Dialga
Pichu Pichu
Tentacruel Tentacruel
Regice Regice
Wailmer Wailmer
Primarina Primarina
Wormadam Wormadam
Poliwag Poliwag
Hitmonlee Hitmonlee
Carracosta Carracosta
Tsareena Tsareena
Aurorus Aurorus
Scolipede Scolipede
Zubat Zubat
Manectric Manectric
Celesteela Celesteela
Togetic Togetic
Shaymin Shaymin
Kricketot Kricketot
Dusknoir Dusknoir
Poliwrath Poliwrath
Stufful Stufful
Bergmite Bergmite
