Glameow Spheal Inkay Spheal Gothorita Archeops Electivire Furret Turtwig Wailord Beheeyem Leavanny Beheeyem Golett Beheeyem Ledian Zygarde Ivysaur Meganium Ivysaur Spiritomb Bergmite Gumshoos Bergmite Feebas Togepi Sigilyph Yanma Electivire Archeops Loudred Glameow Spheal Gigalith Buneary Glalie Throh Fomantis Mudbray Fomantis Poochyena Piplup Meganium Ivysaur Spinarak Electivire Glameow
25
Electivire Electivire
Spiritomb Spiritomb
Wailord Wailord
Gumshoos Gumshoos
Spinarak Spinarak
Ledian Ledian
Buneary Buneary
Bergmite Bergmite
Glalie Glalie
Zygarde Zygarde
Togepi Togepi
Piplup Piplup
Mudbray Mudbray
Yanma Yanma
Archeops Archeops
Meganium Meganium
Spheal Spheal
Furret Furret
Loudred Loudred
Gigalith Gigalith
Golett Golett
Gothorita Gothorita
Inkay Inkay
Beheeyem Beheeyem
Leavanny Leavanny
