Granbull PorygonZ Electrode Flygon Probopass Geodude Altaria Sylveon Bonsly Lotad Malamar Kangaskhan Bagon Charmander Ampharos Happiny Slakoth Bulbasaur Reuniclus Metang Magmar Blissey Floatzel Ursaring Lycanroc Amoonguss Stunfisk Darkrai Stunfisk Wailord Qwilfish Floette Sylveon Magikarp Jirachi Grumpig Golbat Illumise Gorebyss Heliolisk Furret Tyrunt Charizard Volcanion Cyndaquil Corsola Budew Grumpig Marshtomp Heatran Infernape Garchomp Sentret Probopass Fletchling Cubone TypeNull Cubone Butterfree Beedrill Purrloin Luvdisc Mightyena Bronzor Roserade Bergmite Skrelp Glalie Mimikyu Bagon Chespin Parasect Lombre Diggersby Serperior Eelektrik Spearow Mawile Spinda Linoone Manaphy Gliscor Manaphy Trumbeak Furfrou Elekid Pancham Vivillon Pancham Mudsdale Greninja Oshawott Cinccino Staravia Tsareena Staravia Feraligatr Lunala Masquerain Cosmog Smeargle Azurill Krookodile Corphish Krookodile Cascoon Noibat Crawdaunt Cosmog Torkoal Machamp Pidgeot Unown Porygon Castform Rhyhorn Glaceon Skitty Spiritomb Quilava Whiscash Quilava Rufflet Arbok Spinda Lampent Octillery Crabominable Finneon Rockruff Absol Torchic Illumise Whismur Deino Swadloon Caterpie Bidoof Politoed Klang Raikou Chatot Slakoth Ninjask Relicanth Unown Electrike Milotic Kangaskhan Bagon Torchic Absol Metapod Charmander Heatran Slakoth Lucario Swanna Absol Lileep Rhyhorn Carbink Metagross Carbink Reshiram Machamp Hitmontop Purrloin Conkeldurr Beedrill Zigzagoon Buizel Jolteon Staryu Aipom Nuzleaf Staryu Deoxys Finneon Lunala Kirlia Unown Relicanth Budew Whimsicott Ferrothorn Lampent Flareon Heatmor Serperior Bergmite Serperior Binacle Exeggcute Torracat Lapras Goomy Relicanth Machamp Remoraid Machamp Happiny Magmortar Alomomola Dustox Lucario Floatzel Diggersby Mantine Carnivine Arbok Raichu Lycanroc Typhlosion Chinchou Typhlosion Absol Granbull
100
PorygonZ PorygonZ
Electrode Electrode
Flygon Flygon
Sylveon Sylveon
Bonsly Bonsly
Malamar Malamar
Charmander Charmander
Ampharos Ampharos
Reuniclus Reuniclus
Magmar Magmar
Blissey Blissey
Lycanroc Lycanroc
Darkrai Darkrai
Floette Floette
Jirachi Jirachi
Golbat Golbat
Charizard Charizard
Budew Budew
Grumpig Grumpig
Infernape Infernape
Probopass Probopass
Cubone Cubone
TypeNull TypeNull
Butterfree Butterfree
Beedrill Beedrill
Luvdisc Luvdisc
Mightyena Mightyena
Bronzor Bronzor
Roserade Roserade
Glalie Glalie
Mimikyu Mimikyu
Chespin Chespin
Diggersby Diggersby
Mawile Mawile
Spinda Spinda
Gliscor Gliscor
Trumbeak Trumbeak
Vivillon Vivillon
Mudsdale Mudsdale
Greninja Greninja
Cinccino Cinccino
Tsareena Tsareena
Feraligatr Feraligatr
Cosmog Cosmog
Krookodile Krookodile
Corphish Corphish
Cascoon Cascoon
Crawdaunt Crawdaunt
Torkoal Torkoal
Pidgeot Pidgeot
Skitty Skitty
Spiritomb Spiritomb
Whiscash Whiscash
Quilava Quilava
Rufflet Rufflet
Arbok Arbok
Lampent Lampent
Crabominable Crabominable
Rockruff Rockruff
Chatot Chatot
Slakoth Slakoth
Ninjask Ninjask
Electrike Electrike
Kangaskhan Kangaskhan
Torchic Torchic
Metapod Metapod
Heatran Heatran
Swanna Swanna
Absol Absol
Lileep Lileep
Carbink Carbink
Metagross Metagross
Reshiram Reshiram
Hitmontop Hitmontop
Buizel Buizel
Jolteon Jolteon
Nuzleaf Nuzleaf
Deoxys Deoxys
Unown Unown
Relicanth Relicanth
Whimsicott Whimsicott
Heatmor Heatmor
Serperior Serperior
Bergmite Bergmite
Binacle Binacle
Exeggcute Exeggcute
Torracat Torracat
Lapras Lapras
Goomy Goomy
Machamp Machamp
Remoraid Remoraid
Happiny Happiny
Magmortar Magmortar
Dustox Dustox
Floatzel Floatzel
Mantine Mantine
Carnivine Carnivine
Raichu Raichu
Typhlosion Typhlosion
Chinchou Chinchou
