19 21 3 39 1 39 13 51 11 71 23 52 68 88 9 80 36 17 12 73 72 73 12 31 65 63 82 24 82 63 65 31 12 78 86 66 70 66 86 78 12 34 12 17 36 80 9 50 9 35 9 92 9 88 68 85 26 97 54 29 54 97 26 0 10 45 40 45 10 0 26 85 68 95 33 90 94 38 59 58 55 58 25 58 59 38 94 90 33 62 99 62 33 8 69 53 69 8 33 15 33 95 68 52 23 71 89 76 89 71 11 14 57 56 5 56 77 46 77 56 57 14 30 60 30 14 11 51 13 39 2 39 32 39 3 64 44 43 7 93 91 61 91 93 7 41 79 74 79 41 28 41 7 43 44 64 3 21 19
50
39 39
1 1
13 13
51 51
11 11
23 23
88 88
9 9
80 80
36 36
17 17
12 12
72 72
65 65
63 63
24 24
70 70
34 34
50 50
35 35
92 92
85 85
26 26
54 54
29 29
0 0
10 10
45 45
40 40
95 95
33 33
90 90
59 59
58 58
55 55
25 25
99 99
53 53
15 15
76 76
5 5
46 46
60 60
32 32
44 44
43 43
7 7
61 61
41 41
28 28
