0 52 115 198 76 198 187 108 18 193 136 113 185 113 121 102 121 23 121 49 21 92 10 92 21 49 121 113 123 53 123 113 136 193 18 173 18 108 187 139 2 111 2 139 187 198 9 88 9 12 34 12 9 120 31 138 32 138 50 138 31 60 141 155 42 155 140 155 141 165 89 62 89 165 141 30 141 4 141 60 31 196 31 120 9 198 115 52 0 158 143 158 175 179 103 114 1 38 131 73 177 157 110 199 197 199 112 199 110 157 149 48 149 145 149 157 63 81 63 47 63 157 177 73 189 73 131 16 17 151 17 16 98 135 106 135 98 16 131 38 1 114 85 167 15 46 15 167 85 114 103 27 103 184 103 179 156 179 175 158 0 80 0 68 66 68 126 20 126 37 13 67 7 122 166 122 162 122 35 122 7 67 13 37 126 68 83 75 130 93 174 101 25 91 25 101 84 101 174 93 194 94 127 109 176 117 168 117 160 6 153 55 11 171 11 55 72 41 74 144 74 41 72 97 72 55 153 105 153 181 152 118 134 118 152 181 153 6 195 6 160 117 176 109 127 172 183 87 180 14 148 99 96 57 19 24 70 45 137 45 70 24 19 57 96 99 148 14 129 36 82 147 59 147 82 36 125 116 125 36 129 14 51 40 51 14 180 69 180 87 90 87 183 172 127 94 194 93 130 75 83 68 128 5 26 5 128 68 0
100
52 52
198 198
76 76
108 108
136 136
185 185
121 121
102 102
23 23
10 10
53 53
139 139
111 111
9 9
88 88
34 34
31 31
138 138
50 50
42 42
140 140
62 62
30 30
4 4
196 196
143 143
179 179
103 103
114 114
131 131
177 177
157 157
199 199
197 197
149 149
48 48
145 145
63 63
81 81
189 189
16 16
17 17
151 151
98 98
106 106
85 85
46 46
27 27
184 184
156 156
80 80
66 66
126 126
20 20
13 13
67 67
122 122
166 166
162 162
35 35
83 83
75 75
130 130
174 174
91 91
84 84
109 109
176 176
117 117
168 168
160 160
55 55
11 11
171 171
72 72
74 74
144 144
97 97
105 105
181 181
152 152
134 134
195 195
183 183
87 87
180 180
19 19
70 70
45 45
137 137
36 36
82 82
147 147
59 59
125 125
116 116
40 40
69 69
128 128
26 26
