0 81 0 43 39 99 27 9 57 9 80 34 66 76 74 8 39 72 26 11 46 5 93 16 63 3 17 52 34 29 77 31 15 45 28 96 53 2 73 83 75 44 92 68 69 1 42 98 7 27 11 26 18 60 24 94 9 3 17 87 50 65 95 64 21 49 78 19 30 62 30 35 51 67 88 48 6 59 47 20 13 10 13 69 58 28 40 8 54 64 22 61 90 38 2 14 55 4 6 23 5 89 0 16 13 32 71 32 37 15 0
50
0 0
43 43
99 99
27 27
9 9
57 57
8 8
72 72
26 26
46 46
93 93
17 17
52 52
15 15
45 45
96 96
83 83
42 42
98 98
7 7
11 11
18 18
60 60
24 24
94 94
3 3
65 65
95 95
21 21
78 78
62 62
35 35
51 51
67 67
88 88
20 20
10 10
58 58
40 40
61 61
90 90
38 38
55 55
4 4
23 23
89 89
13 13
32 32
71 71
37 37
