node26 node4 node84 node24 node46 node20 node2 node5 node3 node27 node3 node71 node99 node28 node6 node60 node31 node9 node63 node38 node47 node2 node67 node78 node79 node2 node0 node14 node0 node32 node36 node41 node0 node70 node0 node95 node11 node1 node45 node72 node26
26
node3 node8 node44 node55 node3
node6 node49 node6
node2 node64 node2
node0 node13 node20 node48 node51 node59 node66 node75 node85 node91
node1 node37 node39
node67 node67
node70 node70
node95 node95
node79 node79
node84 node84
node14 node14
node99 node99
node4 node4
node41 node41
node78 node78
node36 node36
node71 node71
node27 node27
node47 node47
node72 node72
node63 node63
node45 node45
node60 node60
node46 node46
node9 node9
node32 node32
