node142 node2 node12 node10 node8 node4 node6 node15 node40 node7 node163 node15 node6 node182 node22 node3 node70 node78 node3 node183 node5 node177 node5 node0 node26 node0 node88 node0 node170 node0 node196 node17 node18 node1 node23 node1 node45 node1 node65 node1 node127 node1 node162 node6 node2 node169 node171 node199 node2 node142
31
node8 node91 node128 node136
node4 node89
node7 node108 node135
node6 node56 node6
node3 node39 node94 node107 node111 node121 node123 node129 node130
node5 node77 node93 node5
node0 node11 node31 node62 node80 node86 node92 node103 node112 node140 node144 node148 node152 node154 node160 node164 node166 node185
node1 node20 node24 node27 node34 node47 node50 node60 node81 node87 node102 node119 node124 node125 node151
node2 node53 node66 node69 node99 node122 node143 node161 node2
node78 node78
node65 node65
node88 node88
node199 node199
node182 node182
node163 node163
node170 node170
node17 node17
node45 node45
node177 node177
node169 node169
node162 node162
node183 node183
node10 node10
node18 node18
node196 node196
node23 node23
node70 node70
node26 node26
node40 node40
node171 node171
node127 node127
