0 37 54 39 9 23 86 16 12 65 12 16 3 84 3 16 86 23 11 25 4 38 82 60 82 17 96 36 43 95 43 6 85 6 43 36 96 97 44 31 44 71 63 29 92 67 30 10 87 8 90 8 87 10 30 67 92 29 19 1 28 1 19 29 63 66 40 57 61 21 50 21 61 57 40 58 91 58 40 66 63 71 44 97 96 17 35 75 80 72 22 68 22 72 27 72 80 75 35 17 59 78 51 18 76 18 81 48 81 18 51 64 46 26 45 26 46 64 2 64 51 78 59 17 56 73 53 73 56 17 82 38 4 25 11 83 47 83 11 74 11 23 9 88 9 39 54 37 0
49
39 39
9 9
23 23
86 86
16 16
65 65
84 84
11 11
38 38
82 82
60 60
96 96
43 43
95 95
6 6
85 85
97 97
31 31
71 71
63 63
92 92
30 30
8 8
90 90
28 28
66 66
40 40
61 61
50 50
58 58
91 91
35 35
80 80
68 68
27 27
76 76
81 81
48 48
64 64
46 46
45 45
2 2
56 56
73 73
53 53
83 83
47 47
74 74
88 88
