1 16 160 100 68 8 30 100 0 22 35 100 37 57 100 76 59 100 49 100 6 100 43 100 83 100 18 100 19 100 21 100 25 93 29 27 29 95 32 100 63 100 50 39 55 100 39 100 44 100 45 100 60 134 100 84 100 89 100 97 100 199 100 1
38
8 12 8
100 26 105 121 80 111 3 193 171 194 159 117 177 170 10 164 15 129 115 88 158 24 163 113 191 127 178 151 125 28 31 36 38 175 196 137 150 54 56 142 86 82 124 189 157 99 136 138 148 153 155 172 174 180 182 183 188 192 195
37 101
49 119 49
6 77
21 141 21
39 74 131
89 186 89
1 1
76 76
45 45
68 68
83 83
29 29
160 160
59 59
0 0
93 93
57 57
84 84
27 27
134 134
43 43
19 19
50 50
16 16
30 30
60 60
44 44
97 97
55 55
199 199
25 25
22 22
18 18
32 32
35 35
63 63
