1 50 0 30 27 50 36 9 63 9 85 32 50 62 50 2 22 2 43 80 50 93 2 97 2 99 50 3 50 4 25 4 49 4 78 50 5 15 58 50 21 12 44 50 28 91 50 6 31 54 50 65 50 7 10 87 50 86 50 8 13 16 18 16 46 50 67 50 17 81 50 19 50 20 42 34 50 71 50 23 38 23 95 50 24 37 51 50 26 50 29 50 33 50 35 50 40 50 48 83 50 61 50 64 50 66 50 74 50 79 50 84 50 92 50 1
50
0 0
63 63
85 85
32 32
62 62
2 2
80 80
93 93
97 97
99 99
4 4
49 49
78 78
5 5
58 58
21 21
44 44
28 28
91 91
31 31
54 54
65 65
87 87
86 86
8 8
18 18
46 46
67 67
17 17
81 81
19 19
20 20
42 42
71 71
38 38
95 95
37 37
51 51
29 29
33 33
35 35
40 40
83 83
61 61
64 64
66 66
74 74
79 79
84 84
92 92
