21 152 153 172 173 172 26 111 26 190 191 23 191 151 150 53 150 42 41 11 172 13 172 173 86 85 107 169 110 43 27 101 194 193 196 120 9 120 51 50 59 8 7 8 101 92 91 178 63 71 63 83 84 179 25 165 172 173 161 86 73 197 50 49 48 64 95 195 95 197 163 197 95 109 106 105 104 103 100 183 182 42 187 156 122 117 101 27 43 73 47 189 37 36 35 36 31 113 171 15 5 127 126 177 99 142 81 113 188 135 188 134 181 180 126 127 100 31 24 33 186 185 143 140 147 146 157 146 147 8 147 8 96 1 2 3 2 1 139 142 99 100 176 40 129 38 169 57 56 133 29 36 97 36 61 60 59 8 101 198 125 137 125 115 119 159 119 39 52 123 190 27 50 197 163 175 151 48 4 108 79 48 47 116 133 56 55 19 18 17 77 44 45 46 69 66 145 66 67 177 99 100 75 100 58 93 89 78 45 46 24 1
92
172 11 165
173 121 173
182 183
43 167 43
8 55 155
176 149
198 87
197 131 197
151 65 151
108 141
44 77
177 67 177
1 1
3 3
5 5
7 7
9 9
13 13
15 15
17 17
19 19
21 21
23 23
25 25
27 27
29 29
31 31
33 33
35 35
37 37
39 39
41 41
45 45
47 47
49 49
51 51
53 53
57 57
59 59
61 61
63 63
69 69
71 71
73 73
75 75
79 79
81 81
83 83
85 85
89 89
91 91
93 93
95 95
97 97
99 99
101 101
103 103
105 105
107 107
109 109
111 111
113 113
115 115
117 117
119 119
123 123
125 125
127 127
129 129
133 133
135 135
137 137
139 139
143 143
145 145
147 147
153 153
157 157
159 159
161 161
163 163
169 169
171 171
175 175
179 179
181 181
185 185
187 187
189 189
191 191
193 193
195 195
