68 63 64 17 82 80 76 55 59 55 56 98 99 98 56 55 76 80 82 17 64 8 64 37 50 91 43 57 43 42 58 85 58 39 58 42 47 42 43 78 61 89 90 30 24 74 34 18 95 18 19 18 34 33 34 74 86 87 86 74 24 93 75 31 75 2 3 2 75 93 41 71 41 93 24 30 90 89 81 9 81 38 12 26 1 26 12 38 81 89 61 78 83 53 44 7 44 53 51 53 83 40 29 40 83 78 77 13 77 78 43 22 65 45 52 4 94 49 21 97 21 49 94 11 69 11 94 4 52 5 15 5 52 45 65 22 23 84 25 27 25 84 23 22 43 79 43 91 67 91 73 91 50 37 36 35 36 37 64 63 68
49
63 63
17 17
55 55
59 59
37 37
91 91
43 43
57 57
85 85
39 39
47 47
61 61
89 89
95 95
19 19
33 33
87 87
93 93
75 75
31 31
3 3
41 41
71 71
81 81
9 9
1 1
83 83
53 53
7 7
51 51
29 29
77 77
13 13
65 65
45 45
49 49
21 21
97 97
11 11
69 69
5 5
15 15
23 23
25 25
27 27
79 79
67 67
73 73
35 35
