74 72 80 76 73 77 75 18 16 13 19 12 11 18 38 31 39 36 35 37 31 38 21 26 29 28 25 23 24 21 46 50 41 46 2 8 2 151 157 153 156 154 153 151 58 53 55 52 54 57 58 63 70 66 62 68 62 61 63 87 89 82 81 88 83 81 87 98 99 98 102 118 116 111 119 118 121 126 121 132 136 131 139 135 140 131 132 141 148 141 169 165 167 161 163 164 168 165 169 172 171 178 175 179 180 174 172 182 192 198 199 192 197 192 75 78 74
83
18 14
38 32 38
24 30
41 47 41
2 6 2
154 160
58 59 58
62 61 62
63 69
81 85 81
87 86
98 96
102 104
111 114 111
118 113 118
121 128 122
131 137 131
141 146 142 145 141
165 166 165
172 174 172
182 185 189
192 191 192
148 148
50 50
77 77
135 135
167 167
52 52
54 54
25 25
31 31
199 199
55 55
156 156
28 28
197 197
116 116
179 179
89 89
11 11
126 126
161 161
26 26
39 39
57 57
37 37
151 151
76 76
139 139
80 80
13 13
8 8
178 178
136 136
175 175
164 164
73 73
70 70
19 19
36 36
68 68
23 23
168 168
83 83
163 163
180 180
88 88
153 153
35 35
46 46
157 157
16 16
53 53
29 29
99 99
119 119
74 74
169 169
198 198
82 82
66 66
140 140
75 75
