75 71 79 76 73 78 80 72 74 10 6 8 9 7 2 5 1 10 11 18 17 16 13 20 19 12 11 21 26 29 28 24 25 23 22 30 22 23 21 35 36 39 31 40 33 37 34 32 35 43 41 44 50 48 41 42 47 45 43 51 54 60 53 55 58 59 55 51 61 67 68 65 66 62 70 63 69 62 61 88 83 81 82 89 87 86 84 88 99 98 96 92 91 93 97 94 100 91 99 74 72 71 75
50
75 75
71 71
76 76
73 73
78 78
80 80
72 72
74 74
10 10
7 7
2 2
1 1
16 16
13 13
20 20
19 19
12 12
21 21
26 26
28 28
24 24
30 30
22 22
36 36
31 31
33 33
37 37
32 32
50 50
42 42
47 47
45 45
53 53
59 59
67 67
66 66
70 70
63 63
69 69
88 88
82 82
89 89
87 87
86 86
98 98
92 92
91 91
97 97
94 94
100 100
