1 16 90 16 14 17 45 63 70 20 62 47 26 48 36 16 14 62 14 38 38 57 37 49 50 49 66 51 66 49 5 61 5 70 8 11 71 11 52 8 82 8 70 86 70 5 39 75 42 64 74 64 80 25 60 63 45 63 70 68 9 72 44 67 44 72 21 4 56 4 19 59 3 30 38 57 25 80 25 34 27 83 27 89 27 34 76 34 23 78 23 22 41 22 46 24 31 69 54 69 31 24 53 60 24 81 87 81 24 88 24 46 85 46 57 22 13 1 84 1
48
14 43
38 65 77
45 55 45
30 58
1 79
41 41
42 42
44 44
46 46
47 47
48 48
49 49
50 50
51 51
52 52
53 53
54 54
56 56
57 57
59 59
60 60
61 61
62 62
63 63
64 64
66 66
67 67
68 68
69 69
70 70
71 71
72 72
73 73
74 74
75 75
76 76
78 78
80 80
81 81
82 82
83 83
84 84
85 85
86 86
87 87
88 88
89 89
90 90
