L27 L2 L1 L15 L1 L16 L1 L33 L49 L80 L86 L2 L2 L35 L40 L78 L2 L89 L3 L19 L66 L6 L4 L0 L0 L11 L12 L0 L18 L20 L24 L29 L31 L36 L0 L42 L0 L48 L0 L0 L0 L61 L63 L0 L76 L0 L0 L84 L85 L92 L0 L0 L96 L97 L0
35
L2 L91 L22 L87
L0 L5 L10 L13 L38 L45 L50 L52 L58 L72 L77 L83 L94 L95 L0
L76 L76
L97 L97
L49 L49
L92 L92
L35 L35
L86 L86
L40 L40
L80 L80
L18 L18
L84 L84
L42 L42
L16 L16
L29 L29
L15 L15
L85 L85
L96 L96
L19 L19
L3 L3
L89 L89
L66 L66
L48 L48
L63 L63
L24 L24
L36 L36
L6 L6
L12 L12
L61 L61
L78 L78
L1 L1
L31 L31
L11 L11
L33 L33
L20 L20
