L55 L5 L0 L1 L7 L8 L189 L33 L35 L1 L47 L1 L82 L102 L121 L1 L1 L136 L138 L139 L158 L1 L190 L3 L23 L16 L0 L20 L22 L24 L30 L31 L0 L36 L0 L0 L0 L0 L45 L0 L0 L0 L0 L68 L70 L0 L0 L0 L89 L90 L93 L0 L95 L0 L0 L0 L103 L104 L108 L112 L0 L0 L0 L119 L129 L0 L132 L0 L142 L143 L0 L0 L152 L159 L0 L166 L167 L0 L0 L0 L0 L0 L0 L0 L0 L0 L191 L193 L0 L196 L199 L2 L4 L6 L10 L15 L59 L64 L69 L74 L76 L134 L105 L5 L0
61
L1 L43 L67 L127 L133 L165
L0 L19 L34 L37 L38 L41 L42 L50 L53 L54 L56 L71 L73 L87 L94 L96 L99 L101 L114 L115 L117 L131 L141 L144 L145 L160 L168 L170 L174 L177 L178 L182 L184 L185 L186 L195 L0
L167 L167
L82 L82
L129 L129
L59 L59
L30 L30
L132 L132
L152 L152
L196 L196
L93 L93
L189 L189
L190 L190
L64 L64
L143 L143
L138 L138
L103 L103
L142 L142
L45 L45
L70 L70
L2 L2
L89 L89
L16 L16
L35 L35
L136 L136
L95 L95
L105 L105
L166 L166
L24 L24
L47 L47
L104 L104
L31 L31
L33 L33
L6 L6
L4 L4
L108 L108
L10 L10
L139 L139
L8 L8
L74 L74
L76 L76
L36 L36
L134 L134
L199 L199
L193 L193
L55 L55
L20 L20
L7 L7
L158 L158
L15 L15
L90 L90
L69 L69
L102 L102
L68 L68
L159 L159
L119 L119
L23 L23
L22 L22
L191 L191
L121 L121
L112 L112
