0 91 59 6 61 40 24 0 42 18 1 44 43 23 9 0 77 16 82 45 7 36 51 20 93 0 19 0 86 37 47 74 22 0 56 85 92 4 87 98 34 2 25 2 33 8 1 2 21 89 17 5 1 26 90 31 1 3 5 27 46 38 11 10 50 14 48 32 41 1 62 79 39 12 49 0 29 0 35 0 13 3 7 28 15 30 0
50
6 6
40 40
24 24
42 42
18 18
44 44
43 43
23 23
9 9
16 16
45 45
36 36
20 20
19 19
37 37
47 47
22 22
4 4
34 34
25 25
2 2
33 33
8 8
1 1
21 21
17 17
5 5
26 26
31 31
3 3
27 27
46 46
38 38
11 11
10 10
50 50
14 14
48 48
32 32
41 41
39 39
12 12
49 49
29 29
35 35
13 13
7 7
28 28
15 15
30 30
