0 168 163 67 27 78 17 59 154 62 187 55 3 4 25 17 64 2 81 102 123 43 85 91 68 33 0 29 52 32 56 37 94 16 0 19 10 93 44 0 14 42 133 15 74 0 8 174 51 95 89 96 66 39 71 0 12 24 21 8 1 61 194 98 7 23 181 84 0 40 47 45 2 75 127 58 30 13 46 0 22 0 166 31 6 83 90 4 3 11 41 34 7 54 5 38 28 143 57 114 76 88 2 18 36 26 5 82 72 60 2 100 3 92 65 79 9 70 178 63 2 53 86 99 97 77 142 50 1 49 111 0 195 69 0 80 35 0 73 20 0 48 0 87 0
100
67 67
27 27
78 78
59 59
62 62
55 55
3 3
25 25
17 17
64 64
81 81
43 43
85 85
91 91
68 68
33 33
29 29
52 52
32 32
56 56
37 37
94 94
16 16
19 19
10 10
93 93
44 44
14 14
42 42
15 15
74 74
8 8
51 51
95 95
89 89
96 96
66 66
39 39
71 71
12 12
24 24
21 21
1 1
61 61
98 98
7 7
23 23
84 84
40 40
47 47
45 45
2 2
75 75
58 58
30 30
13 13
46 46
22 22
31 31
6 6
83 83
90 90
4 4
11 11
41 41
34 34
54 54
38 38
28 28
57 57
76 76
88 88
18 18
36 36
26 26
5 5
82 82
72 72
60 60
100 100
92 92
65 65
79 79
9 9
70 70
63 63
53 53
86 86
99 99
97 97
77 77
50 50
49 49
69 69
80 80
35 35
73 73
20 20
48 48
87 87
