51 98 99 70 55 96 84 96 87 53 87 96 55 70 92 70 52 70 99 73 93 50 75 80 65 61 77 66 81 66 77 61 57 61 65 80 75 50 49 50 35 40 39 38 36 38 41 37 41 38 39 40 35 50 0 3 1 2 5 4 5 2 1 3 0 6 7 8 13 8 10 11 23 21 26 21 23 22 27 22 24 22 23 25 23 11 10 12 10 8 14 20 19 20 14 16 15 17 15 16 14 18 47 46 47 45 48 43 48 45 42 44 42 45 31 34 32 30 28 30 33 30 29 30 32 34 31 45 47 18 14 8 7 9 7 6 0 50 93 73 99 98 51 63 51
50
49 49
35 35
40 40
39 39
38 38
36 36
41 41
37 37
0 0
3 3
1 1
2 2
5 5
4 4
6 6
7 7
8 8
13 13
10 10
11 11
23 23
21 21
26 26
22 22
27 27
24 24
25 25
12 12
14 14
20 20
19 19
16 16
15 15
17 17
18 18
47 47
46 46
45 45
48 48
43 43
42 42
44 44
31 31
34 34
32 32
30 30
28 28
33 33
29 29
9 9
