101 100 99 92 95 83 88 89 86 87 85 82 87 79 70 75 78 74 20 26 28 27 25 22 24 28 65 66 60 67 64 68 17 13 10 14 16 18 11 12 15 10 87 62 61 69 65 28 29 23 6 31 37 30 33 35 34 36 38 39 31 30 74 77 76 72 79 87 81 80 9 4 94 96 91 98 90 97 92 59 50 51 55 54 59 53 52 56 52 41 44 46 45 48 40 47 43 49 40 50 57 0 1 4 7 5 8 6 9 3 2 0 100 101
90
87 84 87
74 71 74
28 21 28
10 19 10
65 63 65
30 32 30
79 73 79
92 93 92
52 58 52
40 42 40
0 0
1 1
2 2
3 3
4 4
5 5
6 6
7 7
8 8
9 9
11 11
12 12
13 13
14 14
15 15
16 16
17 17
18 18
20 20
22 22
23 23
24 24
25 25
26 26
27 27
29 29
31 31
33 33
34 34
35 35
36 36
37 37
38 38
39 39
41 41
43 43
44 44
45 45
46 46
47 47
48 48
49 49
50 50
51 51
53 53
54 54
55 55
56 56
57 57
59 59
60 60
61 61
62 62
64 64
66 66
67 67
68 68
69 69
70 70
72 72
75 75
76 76
77 77
78 78
80 80
81 81
82 82
83 83
85 85
86 86
88 88
89 89
90 90
91 91
94 94
95 95
96 96
97 97
98 98
99 99
