Soda Canada Iceland Denmark Holy Ghana Angola India Armenia Hong Aruba Central France Ethiopia Finland Germany Bahamas Barbados Falkland Colombia India Virgin Cayman Finland Barbados Andorra Burkina Guam Guyana Chile Antigua Algeria Antigua Bulgaria Cabo Guadeloupe Dominica Antarctica Honduras Indonesia Comoros Equatorial Guernsey Bhutan Brunei Costa Georgia Dominica Brazil Fiji Bermuda Fiji Argentina Grenada Cocos Cameroon United Azerbaijan Botswana Bouvet Greece Djibouti Christmas Belize Afghanistan Australia Czech Cambodia British Egypt Belarus Benin India Bosnia Bouvet Brunei Heard British El Croatia Cuba Chad China Faroe Austria Canada Soda
25
Denmark Denmark
Angola Angola
Aruba Aruba
Central Central
Colombia Colombia
Cayman Cayman
Guam Guam
Guyana Guyana
Antigua Antigua
Guadeloupe Guadeloupe
Comoros Comoros
Fiji Fiji
Bermuda Bermuda
Argentina Argentina
Cocos Cocos
United United
Botswana Botswana
Belize Belize
Australia Australia
Czech Czech
Cambodia Cambodia
Egypt Egypt
Bouvet Bouvet
China China
Austria Austria
