Soda China Kenya Kuwait Spain Maldives Croatia Sint Slovenia Cambodia Czech New Argentina Burkina Seychelles Congo Luxembourg Argentina Northern British Heard Sao Christmas Gambia Qatar Barbados Denmark Greenland United Sri Sudan Japan El Cayman Papua Norfolk Canada Norfolk Rwanda Isle New Albania Nauru Bahrain Comoros Myanmar Iceland Holy Guyana Colombia Guadeloupe Republic Algeria Sierra Liberia Grenada Sint Aruba Pakistan Oman Isle French Dominican Northern Slovakia Bosnia Korea British Aruba Paraguay Libya Pakistan Libya Hong Palau Peru Brazil Norway Belize Azerbaijan Chile Bahrain Djibouti Finland Bangladesh Lithuania Pitcairn Lithuania Micronesia Niue Poland Bonaire Singapore Lebanon Samoa Swaziland Falkland Lao Benin India Benin Italy Estonia Solomon United Niger Mozambique Nigeria Canada Puerto Cocos Dominica French Montserrat Guernsey Kiribati Guinea Indonesia Nigeria Morocco Ecuador Burundi Gibraltar Lithuania Micronesia Malta Antigua Iceland Bulgaria Jamaica Sao Kyrgyzstan Mayotte Saint Costa Germany Fiji Netherlands Saint Costa Bahamas Mexico Republic Ireland Maldives Germany Iraq Gabon Mauritius Mayotte Malawi Belarus Maldives Senegal Egypt Korea Jersey Cameroon Macao Equatorial Moldova Latvia Japan Cambodia Soda
50
Croatia Croatia
Sint Sint
New New
Burkina Burkina
Congo Congo
Luxembourg Luxembourg
Argentina Argentina
Northern Northern
Sao Sao
Japan Japan
Rwanda Rwanda
Albania Albania
Republic Republic
Algeria Algeria
Liberia Liberia
Aruba Aruba
Korea Korea
British British
Pakistan Pakistan
Hong Hong
Palau Palau
Belize Belize
Finland Finland
Pitcairn Pitcairn
Singapore Singapore
Lebanon Lebanon
Lao Lao
United United
Niger Niger
Nigeria Nigeria
Kiribati Kiribati
Indonesia Indonesia
Burundi Burundi
Antigua Antigua
Jamaica Jamaica
Kyrgyzstan Kyrgyzstan
Mayotte Mayotte
Saint Saint
Fiji Fiji
Netherlands Netherlands
Bahamas Bahamas
Mexico Mexico
Ireland Ireland
Iraq Iraq
Malawi Malawi
Egypt Egypt
Macao Macao
Moldova Moldova
Latvia Latvia
Cambodia Cambodia
