1 58 67 52 4 52 61 38 48 6 15 11 15 18 15 25 15 33 13 39 13 33 17 22 37 59 2 59 24 59 37 70 53 70 37 60 27 60 37 22 17 36 17 33 15 6 40 5 10 35 10 5 40 6 44 26 69 8 69 26 63 19 3 23 3 30 3 19 63 26 44 32 44 6 47 6 31 6 48 16 9 64 21 64 9 16 41 43 34 43 41 16 50 20 46 7 29 7 14 7 46 20 50 16 28 16 48 38 61 52 67 12 67 58 1
40
1 1
4 4
38 38
6 6
15 15
11 11
18 18
25 25
33 33
13 13
39 39
17 17
22 22
37 37
2 2
24 24
27 27
36 36
40 40
5 5
10 10
35 35
26 26
8 8
19 19
3 3
23 23
30 30
32 32
31 31
16 16
9 9
21 21
34 34
20 20
7 7
29 29
14 14
28 28
12 12
