1 30 18 50 53 60 53 50 18 30 3 82 10 21 16 25 71 95 33 95 71 25 74 11 6 40 6 51 6 11 47 11 74 68 74 25 78 83 5 52 2 52 5 83 78 25 16 58 23 92 34 22 34 26 38 26 34 92 23 58 116 70 42 48 69 48 42 59 97 57 97 91 90 75 39 9 31 115 37 115 31 13 31 9 39 75 66 73 72 93 27 32 89 19 35 19 89 32 27 93 110 14 41 65 46 65 41 79 41 14 110 56 20 56 110 93 72 73 66 75 90 91 97 59 42 70 86 29 86 70 76 70 116 12 15 61 45 63 28 55 28 77 28 63 84 111 44 111 84 63 45 61 17 54 17 61 15 12 116 58 16 105 16 21 10 24 10 82 3 87 36 87 3 30 43 30 1 49 108 64 108 62 108 49 1 67 1
70
30 30
18 18
50 50
53 53
60 60
10 10
21 21
16 16
25 25
71 71
33 33
74 74
11 11
40 40
51 51
47 47
68 68
78 78
52 52
58 58
23 23
34 34
22 22
26 26
38 38
70 70
42 42
48 48
69 69
59 59
57 57
75 75
39 39
31 31
37 37
13 13
66 66
73 73
72 72
27 27
32 32
19 19
35 35
14 14
41 41
65 65
46 46
79 79
56 56
20 20
29 29
76 76
12 12
15 15
61 61
45 45
63 63
28 28
55 55
77 77
44 44
17 17
54 54
24 24
36 36
43 43
49 49
64 64
62 62
67 67
