Essos TheSpiritWorld RepublicCity Dubwall Tarbean Hogsmead BeyondtheWall DiagonAlley Yll Arcwallow TheFae ShatteredPlains Newarre TheVale Penketh Castamere Chrofall FlourishBlotts Azir TheKrustyKrab BikiniBottom Blackwater Hogwarts GooLagoon Severen Westeros Tartarus TheRiverStyx Toffingburg JahKeved MountOlympus Ellesmera Alderaan KnifesEdge Boatwright Urubaen BaSingSe Barkamsted Endor WitheredHeath Lockinge TheChumBucket Trebon TheReshiIsles JarrensOutpost Neddington Vintas Alethkar TheBoilingRock WesternAirTemple Omashu TheWhompingWillow FleaBottom TheReshiIsles Accrington Atlantas Soda Steeltown Neddingtown TheCommonwealth HighGarden TheGodswood Mirkwood Arrowcave Valyria Dragonstone Glimthain Netherfort Astapor LeakyCauldron Braavos Millingburg TheSpine Arkham Aerodenn CaveofTwoLovers Jakku TheUnderworld Ivormere FireNation ProBendingArena TheReshiIsles Toperhagen DuWeldenvarden Helgrind SatishVille TheUniversity Gizton Carvahall Grimbarrow Durnatel Keld Batcave Murkcairn TheGreatDivide Azir Peridrift TheEyrie ZhaoFu Duskhollow StationSquare ShriekingShack Bobbingbourne Rivendell Lorien Meereen CastleBlack Yll Karth Vexhollow Ademre ThePrancingPony Sanlow DiagonAlley Shinovar DiagonAlley Riverrun Dagobah Winterfell Meckingbourne Essos
100
RepublicCity RepublicCity
Arcwallow Arcwallow
WitheredHeath WitheredHeath
Trebon Trebon
Yll Yll
TheSpiritWorld TheSpiritWorld
Newarre Newarre
Essos Essos
Severen Severen
ShatteredPlains ShatteredPlains
Penketh Penketh
Dubwall Dubwall
Ellesmera Ellesmera
Netherfort Netherfort
Boatwright Boatwright
Tartarus Tartarus
Tarbean Tarbean
TheFae TheFae
Hogsmead Hogsmead
TheCommonwealth TheCommonwealth
TheVale TheVale
Toffingburg Toffingburg
MountOlympus MountOlympus
Hogwarts Hogwarts
Lockinge Lockinge
Soda Soda
Barkamsted Barkamsted
Omashu Omashu
Chrofall Chrofall
BikiniBottom BikiniBottom
KnifesEdge KnifesEdge
TheKrustyKrab TheKrustyKrab
Azir Azir
DiagonAlley DiagonAlley
Valyria Valyria
Westeros Westeros
Arrowcave Arrowcave
Astapor Astapor
Castamere Castamere
Urubaen Urubaen
Endor Endor
JarrensOutpost JarrensOutpost
TheSpine TheSpine
TheChumBucket TheChumBucket
TheBoilingRock TheBoilingRock
TheWhompingWillow TheWhompingWillow
TheGodswood TheGodswood
Accrington Accrington
Vintas Vintas
BaSingSe BaSingSe
Toperhagen Toperhagen
TheReshiIsles TheReshiIsles
JahKeved JahKeved
Alethkar Alethkar
BeyondtheWall BeyondtheWall
Dragonstone Dragonstone
Gizton Gizton
Neddington Neddington
Keld Keld
Braavos Braavos
ProBendingArena ProBendingArena
FleaBottom FleaBottom
TheGreatDivide TheGreatDivide
Duskhollow Duskhollow
ShriekingShack ShriekingShack
TheRiverStyx TheRiverStyx
Steeltown Steeltown
FlourishBlotts FlourishBlotts
Atlantas Atlantas
HighGarden HighGarden
Peridrift Peridrift
CaveofTwoLovers CaveofTwoLovers
Neddingtown Neddingtown
Lorien Lorien
SatishVille SatishVille
Jakku Jakku
WesternAirTemple WesternAirTemple
GooLagoon GooLagoon
FireNation FireNation
Helgrind Helgrind
DuWeldenvarden DuWeldenvarden
Ademre Ademre
Blackwater Blackwater
Shinovar Shinovar
Ivormere Ivormere
Grimbarrow Grimbarrow
Sanlow Sanlow
Bobbingbourne Bobbingbourne
Carvahall Carvahall
Alderaan Alderaan
TheEyrie TheEyrie
Karth Karth
Aerodenn Aerodenn
Meereen Meereen
Arkham Arkham
Winterfell Winterfell
Batcave Batcave
TheUnderworld TheUnderworld
CastleBlack CastleBlack
Riverrun Riverrun
