Meckgue TheFingers CasterlyRock WitheredHeath Keld WitheredHeath CasterlyRock ProBendingArena Lorien ProBendingArena TheHogsHead ProBendingArena CasterlyRock MountOlympus TheWhompingWillow MountOlympus CasterlyRock KoralReef Essos Neddingtown RepublicCity TreeofTime RepublicCity FogofLostSouls Gotham FogofLostSouls RepublicCity ZhaoFu RepublicCity Beldenn LakeLaogai ShriekingShack ShatteredPlains Zootropolis ShatteredPlains Braavos Kinecardine Braavos ShatteredPlains TheSpine ShatteredPlains ShriekingShack TheUniversity ShriekingShack LakeLaogai Eggmanland TheWaystoneInn Tartarus TheWaystoneInn TheArcanum TheWaystoneInn Eggmanland Castamere Eggmanland LakeLaogai Yunkai LakeLaogai ThePrancingPony LakeLaogai UtgardMountain LakeLaogai Urubaen FlourishBlotts Urubaen LakeLaogai LeakyCauldron LakeLaogai VaultofSouls LakeLaogai Beldenn RepublicCity MysticRuins RepublicCity Vexhollow SerpantsPass Steeltown Gizton Netherfort Gizton Larcbost Gizton EasternAirTemple Gizton Steeltown Naboo EarthKingdom Naboo Steeltown SerpantsPass Ademre SerpantsPass GooLagoon SerpantsPass Winterfell Millingburg BikiniBottom Carvahall BikiniBottom Murkcairn Ellesmera Murkcairn BikiniBottom Millingburg Grayburn Millingburg Winterfell SerpantsPass TheKrustyKrab SerpantsPass Vexhollow RepublicCity Neddingtown Shadesmar Neddingtown TheVale Neddingtown BeyondtheWall Neddingtown Essos Dagobah Dubwall Dagobah Essos Sanlow BubblegumKingdom TheBoilingRock BubblegumKingdom Sanlow Essos Meereen Essos TheGodswood Essos KoralReef CasterlyRock TheFingers Meckgue
50
Meckgue Meckgue
Keld Keld
Lorien Lorien
TheHogsHead TheHogsHead
KoralReef KoralReef
RepublicCity RepublicCity
TreeofTime TreeofTime
Gotham Gotham
ZhaoFu ZhaoFu
Beldenn Beldenn
LakeLaogai LakeLaogai
ShatteredPlains ShatteredPlains
Braavos Braavos
Kinecardine Kinecardine
TheSpine TheSpine
TheUniversity TheUniversity
TheWaystoneInn TheWaystoneInn
Tartarus Tartarus
TheArcanum TheArcanum
Castamere Castamere
Yunkai Yunkai
ThePrancingPony ThePrancingPony
UtgardMountain UtgardMountain
Urubaen Urubaen
FlourishBlotts FlourishBlotts
LeakyCauldron LeakyCauldron
VaultofSouls VaultofSouls
MysticRuins MysticRuins
Vexhollow Vexhollow
Steeltown Steeltown
Gizton Gizton
Netherfort Netherfort
Larcbost Larcbost
EasternAirTemple EasternAirTemple
EarthKingdom EarthKingdom
Ademre Ademre
GooLagoon GooLagoon
Winterfell Winterfell
Carvahall Carvahall
Murkcairn Murkcairn
Ellesmera Ellesmera
Grayburn Grayburn
TheKrustyKrab TheKrustyKrab
TheVale TheVale
BeyondtheWall BeyondtheWall
Dagobah Dagobah
Sanlow Sanlow
TheBoilingRock TheBoilingRock
Meereen Meereen
TheGodswood TheGodswood
