FleaBottom TheAturanEmpire SatishVille IronIslands Yll MinistryofMagic Arkham MinistryofMagic Yll IronIslands KingsLanding Olivanders TheBurningPlains Olivanders KingsLanding IronIslands Toperhagen Vintas HorneaterPeaks BorginBurkes Carvahall Aerodenn Eggmanland Aerodenn Carvahall TheVale Carvahall TheSpine Coalwatch TheSpine Carvahall Accrington Carvahall Westopolis Carvahall Ademre TheBoilingRock Batcave GringottsBank Batcave TheBoilingRock TheKrustyKrab Glimthain TheKrustyKrab TheBoilingRock UtgardMountain TheBoilingRock Ademre Carvahall BorginBurkes HorneaterPeaks Vintas HighGarden Vintas Toperhagen IronIslands ShriekingShack IronIslands TheGreatDivide IronIslands SatishVille Trebon Urubaen Trebon SatishVille Ebonfall SatishVille TheAturanEmpire FleaBottom Bobbingbourne FleaBottom
25
SatishVille SatishVille
Yll Yll
MinistryofMagic MinistryofMagic
Arkham Arkham
Olivanders Olivanders
TheBurningPlains TheBurningPlains
Vintas Vintas
Eggmanland Eggmanland
TheVale TheVale
Coalwatch Coalwatch
Accrington Accrington
Westopolis Westopolis
Ademre Ademre
TheBoilingRock TheBoilingRock
Batcave Batcave
GringottsBank GringottsBank
Glimthain Glimthain
UtgardMountain UtgardMountain
HighGarden HighGarden
ShriekingShack ShriekingShack
TheGreatDivide TheGreatDivide
Trebon Trebon
Urubaen Urubaen
Ebonfall Ebonfall
Bobbingbourne Bobbingbourne
