21 2 134 0 159 10 180 1 61 1 40 30 90 167 102 4 163 122 144 152 1 135 0 188 2 190 186 139 196 103 0 51 131 151 184 133 0 72 5 137 100 115 125 168 36 108 15 127 0 42 47 7 34 64 74 49 149 95 120 16 32 169 114 82 0 91 14 60 1 156 1 2 68 130 18 136 81 88 194 154 20 87 62 0 24 105 38 0 116 46 1 172 170 45 0 27 31 147 1 78 178 119 17 176 0 96 75 0 23 118 146 1 142 121 0 37 2 97 5 0
95
2 56 160 54 2
5 53
1 177 29 48
147 147
20 20
18 18
14 14
17 17
136 136
190 190
42 42
194 194
170 170
24 24
91 91
188 188
47 47
23 23
51 51
34 34
36 36
135 135
172 172
127 127
45 45
163 163
90 90
40 40
10 10
125 125
122 122
167 167
100 100
130 130
46 46
74 74
31 31
7 7
151 151
97 97
133 133
142 142
180 180
30 30
156 156
144 144
186 186
184 184
37 37
116 116
121 121
64 64
15 15
131 131
108 108
149 149
154 154
120 120
81 81
118 118
119 119
139 139
178 178
16 16
78 78
27 27
169 169
96 96
152 152
102 102
88 88
115 115
103 103
75 75
21 21
68 68
134 134
62 62
38 38
49 49
168 168
61 61
146 146
32 32
196 196
176 176
87 87
105 105
137 137
159 159
114 114
60 60
72 72
82 82
95 95
