29 26 32 58 32 15 9 96 9 15 32 26 99 11 36 69 78 69 47 8 19 3 33 48 35 89 4 89 35 48 33 5 7 68 57 18 0 18 57 67 63 21 25 21 63 67 17 45 97 45 51 45 17 67 57 68 7 5 33 40 75 88 95 30 71 30 53 23 31 46 34 46 93 46 31 23 10 41 59 70 59 41 87 62 56 55 14 79 82 43 80 49 80 50 80 43 82 79 72 79 14 55 2 6 44 91 85 91 44 6 37 20 86 28 66 16 54 98 90 98 54 16 66 28 86 20 37 60 84 73 39 27 94 65 77 65 94 27 64 27 39 73 84 60 37 6 2 55 56 62 87 41 10 23 53 30 95 88 75 40 33 3 19 8 47 69 36 42 36 11 99 38 81 24 81 38 99 26 29
50
26 26
32 32
58 58
9 9
96 96
11 11
69 69
78 78
3 3
35 35
4 4
5 5
7 7
68 68
57 57
0 0
67 67
63 63
25 25
17 17
45 45
97 97
51 51
75 75
30 30
71 71
23 23
31 31
46 46
34 34
93 93
10 10
59 59
70 70
56 56
79 79
82 82
80 80
49 49
72 72
85 85
86 86
66 66
98 98
90 90
73 73
27 27
77 77
64 64
24 24
