1FoundersRock 4HearstGreekTheatre 47SatherTower 132location 200location 7SatherTower 8Esplanade 11HearstGymnasium 2UniversityHouse 5HearstMemorial 102location 170location 90location 192location 95location 125location 155location 185location 12California 6DoeLibrary 3FacultyClub 9SatherGate 50Bridge 96location 126location 156location 162location 186location 48Esplanade 84location 105location 108location 114location 135location 138location 140location 144location 150location 165location 168location 174location 180location 195location 198location 110location 10Bridge 46DoeLibrary 49SatherGate 85location 100location 115location 120location 130location 145location 160location 175location 190location 1FoundersRock
50
47SatherTower 47SatherTower
132location 132location
200location 200location
7SatherTower 7SatherTower
8Esplanade 8Esplanade
102location 102location
170location 170location
90location 90location
192location 192location
95location 95location
125location 125location
155location 155location
185location 185location
6DoeLibrary 6DoeLibrary
9SatherGate 9SatherGate
50Bridge 50Bridge
96location 96location
126location 126location
156location 156location
162location 162location
186location 186location
48Esplanade 48Esplanade
84location 84location
105location 105location
108location 108location
114location 114location
135location 135location
138location 138location
140location 140location
144location 144location
150location 150location
165location 165location
168location 168location
174location 174location
180location 180location
195location 195location
198location 198location
110location 110location
10Bridge 10Bridge
46DoeLibrary 46DoeLibrary
49SatherGate 49SatherGate
85location 85location
100location 100location
115location 115location
120location 120location
130location 130location
145location 145location
160location 160location
175location 175location
190location 190location
