s h80 h95 h86 l9 h59 h51 h81 l8 h77 l44 h52 l2 h70 h57 h87 l41 h53 l27 h72 l4 h58 l11 h85 l1 h56 h74 h50 l23 h75 h92 h71 h64 l32 h73 l25 h61 l40 h78 h93 l33 h63 l9 h65 h79 l8 h76 h69 h68 h54 l18 h90 l24 h60 l8 h96 h98 h99 h83 h88 h62 l32 l2 l2 h94 h89 h63 h91 l3 h66 h67 s
49
l2 h82 h55
l3 h97
h50 h50
h51 h51
h52 h52
h53 h53
h54 h54
h56 h56
h57 h57
h58 h58
h59 h59
h60 h60
h61 h61
h62 h62
h63 h63
h64 h64
h65 h65
h66 h66
h67 h67
h68 h68
h69 h69
h70 h70
h71 h71
h72 h72
h73 h73
h74 h74
h75 h75
h76 h76
h77 h77
h78 h78
h79 h79
h80 h80
h81 h81
h83 h83
h84 h84
h85 h85
h86 h86
h87 h87
h88 h88
h89 h89
h90 h90
h91 h91
h92 h92
h93 h93
h94 h94
h95 h95
h96 h96
h98 h98
h99 h99
