s l55 h113 h179 h157 l7 h194 l22 h166 l22 h141 h181 h124 s h146 h136 h168 l6 h154 h130 h161 l19 h107 h110 h163 h111 h172 l76 h196 h165 h187 h192 h185 h108 h116 l11 h158 h150 l54 l11 h159 h112 l26 h155 h190 l11 l21 h122 l54 l78 l78 h184 l63 h188 h100 h118 h169 l68 h131 h105 h135 h133 h161 h102 h174 l43 l32 h103 l67 h178 l60 l7 h176 h191 l25 h124 l55 h197 h134 h137 h189 h169 h105 h165 l98 l9 h125 h195 l12 h170 l12 l87 h119 l23 h182 l26 h148 h162 l35 h138 h140 h152 l92 h199 h139 h125 h151 h128 h108 l77 h192 l36 l31 h186 h142 h144 l56 h115 l15 h177 h164 h156 l62 h175 l79 h121 h187 h184 h173 l33 l37 h191 l16 h149 h146 l19 l98 l6 h143 h145 l34 h179 l33 l37 l75 l75 l55 l7 h147 l45 h154 h129 s
91
s h167
l11 h183
l21 h171
l78 h104 h123
l32 h180
l7 h198 h127
h105 h114 h105
l9 h106
h125 h139 h125
h192 h101 h192
l31 h132
h184 h193 h184
l37 h126 h160
l16 h153
l19 h146
l6 h109
l75 h111 h117
h154 h120 h154
h100 h100
h102 h102
h103 h103
h107 h107
h108 h108
h110 h110
h112 h112
h113 h113
h115 h115
h116 h116
h118 h118
h119 h119
h121 h121
h122 h122
h124 h124
h128 h128
h129 h129
h130 h130
h131 h131
h133 h133
h134 h134
h135 h135
h136 h136
h137 h137
h138 h138
h140 h140
h141 h141
h142 h142
h143 h143
h144 h144
h145 h145
h147 h147
h148 h148
h149 h149
h150 h150
h151 h151
h152 h152
h155 h155
h156 h156
h157 h157
h158 h158
h159 h159
h161 h161
h162 h162
h163 h163
h164 h164
h165 h165
h166 h166
h168 h168
h169 h169
h170 h170
h172 h172
h173 h173
h174 h174
h175 h175
h176 h176
h177 h177
h178 h178
h179 h179
h181 h181
h182 h182
h185 h185
h186 h186
h187 h187
h188 h188
h189 h189
h190 h190
h191 h191
h194 h194
h195 h195
h196 h196
h197 h197
h199 h199
