node139 node5 node94 node38 node100 node85 node18 node169 node134 node2 node190 node2 node55 node129 node109 node111 node1 node66 node53 node20 node112 node7 node80 node37 node1 node200 node186 node98 node119 node178 node162 node3 node84 node130 node17 node30 node50 node173 node42 node2 node165 node8 node117 node8 node24 node157 node7 node160 node92 node10 node9 node56 node182 node5 node149 node5 node116 node2 node1 node57 node51 node2 node107 node8 node33 node146 node8 node52 node22 node81 node192 node124 node17 node1 node54 node4 node27 node6 node5 node1 node188 node1 node26 node1 node8 node96 node60 node125 node123 node143 node8 node71 node49 node185 node34 node72 node2 node86 node11 node65 node141 node12 node41 node13 node126 node6 node47 node16 node152 node1 node10 node29 node108 node154 node61 node102 node48 node2 node1 node3 node7 node195 node59 node114 node191 node159 node14 node158 node180 node167 node14 node163 node2 node1
94
node9 node181
node6 node73 node97
node1 node12 node184 node1
node195 node195
node60 node60
node8 node8
node178 node178
node114 node114
node125 node125
node119 node119
node192 node192
node53 node53
node107 node107
node5 node5
node50 node50
node185 node185
node158 node158
node100 node100
node37 node37
node123 node123
node20 node20
node17 node17
node38 node38
node80 node80
node49 node49
node86 node86
node124 node124
node3 node3
node126 node126
node65 node65
node163 node163
node10 node10
node66 node66
node24 node24
node30 node30
node191 node191
node92 node92
node33 node33
node42 node42
node111 node111
node22 node22
node98 node98
node152 node152
node112 node112
node134 node134
node146 node146
node182 node182
node19 node19
node129 node129
node154 node154
node159 node159
node47 node47
node200 node200
node81 node81
node48 node48
node165 node165
node26 node26
node85 node85
node149 node149
node108 node108
node109 node109
node61 node61
node130 node130
node186 node186
node41 node41
node27 node27
node167 node167
node16 node16
node96 node96
node143 node143
node162 node162
node102 node102
node59 node59
node157 node157
node188 node188
node94 node94
node117 node117
node190 node190
node18 node18
node55 node55
node51 node51
node141 node141
node160 node160
node71 node71
node180 node180
node72 node72
node57 node57
node52 node52
node54 node54
node56 node56
node84 node84
node116 node116
node169 node169
node173 node173
