node87 node4 node12 node25 node72 node95 node4 node12 node88 node99 node55 node17 node53 node76 node23 node1 node57 node3 node35 node45 node2 node79 node47 node60 node75 node31 node8 node85 node9 node1 node9 node2 node4 node3 node4 node54 node2 node97 node74 node4 node14 node1 node3 node42 node48 node83 node6 node93 node2 node92 node64 node59 node6 node19 node5 node13 node29 node8 node27 node11 node20 node87
42
node12 node37 node12
node2 node38 node94 node39 node2
node3 node86 node69
node4 node56 node15
node29 node29
node83 node83
node14 node14
node64 node64
node11 node11
node23 node23
node55 node55
node27 node27
node35 node35
node47 node47
node76 node76
node54 node54
node53 node53
node59 node59
node8 node8
node17 node17
node79 node79
node95 node95
node6 node6
node99 node99
node57 node57
node48 node48
node5 node5
node25 node25
node92 node92
node75 node75
node72 node72
node93 node93
node85 node85
node42 node42
node74 node74
node45 node45
node88 node88
node97 node97
node31 node31
node1 node1
node19 node19
node60 node60
