369 3327 1eb1 9cde 69b7 664e 221a da4 1408e bb8f 14760 10d67 d6d7 da40 6d20 2fbe 369 d36e 2583 8bd1 132ea 14ac9 121dd da4 4434 139bc c933 a3b 6d2 369 e7e4 10695 13653 13d25 128af 960c 6d2 dda9 b4bd 62e5 d005 6d2 369 c261 14e32 110d0 6d2 1476 4b06 6d2 4e6f 110d e47b 28ec 51d8 eeb6 369
46
369 84ff ffc3 2c55
da4 a047 da4
3327 3327
c261 c261
d6d7 d6d7
2583 2583
62e5 62e5
1eb1 1eb1
14ac9 14ac9
e7e4 e7e4
10695 10695
1408e 1408e
dda9 dda9
13653 13653
8bd1 8bd1
da40 da40
139bc 139bc
69b7 69b7
b4bd b4bd
110d0 110d0
132ea 132ea
121dd 121dd
664e 664e
4434 4434
9cde 9cde
4b06 4b06
2fbe 2fbe
6d20 6d20
128af 128af
960c 960c
eeb6 eeb6
14760 14760
c933 c933
51d8 51d8
e47b e47b
d36e d36e
bb8f bb8f
a3b a3b
11b0b 11b0b
13d25 13d25
d005 d005
14e32 14e32
4e6f 4e6f
10d67 10d67
221a 221a
1476 1476
