node0 node157 node146 node2 node184 node130 node134 node112 node1 node153 node4 node183 node137 node1 node196 node129 node136 node5 node108 node1 node174 node1 node135 node4 node0 node156 node0 node0 node165 node149 node154 node127 node10 node139 node113 node3 node175 node118 node13 node0 node164 node1 node120 node148 node192 node106 node115 node2 node144 node3 node173 node188 node168 node0 node117 node3 node145 node3 node172 node190 node170 node150 node131 node147 node1 node195 node3 node103 node13 node167 node124 node132 node186 node5 node185 node6 node151 node14 node1 node169 node193 node152 node159 node6 node158 node5 node181 node171 node128 node4 node121 node197 node100 node2 node163 node177 node155 node142 node5 node116 node161 node109 node182 node5 node187 node4 node105 node4 node2 node1 node123 node7 node140 node104 node160 node189 node114 node119 node138 node179 node2 node180 node2 node0 node178 node194 node7 node133 node122 node0 node191 node0
90
node0 node102 node107 node143 node110 node126 node141 node199
node1 node198 node111 node176
node4 node125 node101 node166
node100 node100
node103 node103
node104 node104
node105 node105
node106 node106
node108 node108
node109 node109
node112 node112
node113 node113
node114 node114
node115 node115
node116 node116
node117 node117
node118 node118
node119 node119
node120 node120
node121 node121
node122 node122
node123 node123
node124 node124
node127 node127
node128 node128
node129 node129
node130 node130
node131 node131
node132 node132
node133 node133
node134 node134
node135 node135
node136 node136
node137 node137
node138 node138
node139 node139
node140 node140
node142 node142
node144 node144
node145 node145
node146 node146
node147 node147
node148 node148
node149 node149
node150 node150
node151 node151
node152 node152
node153 node153
node154 node154
node155 node155
node156 node156
node157 node157
node158 node158
node159 node159
node160 node160
node161 node161
node162 node162
node163 node163
node164 node164
node165 node165
node167 node167
node168 node168
node169 node169
node170 node170
node171 node171
node172 node172
node173 node173
node174 node174
node175 node175
node177 node177
node178 node178
node179 node179
node180 node180
node181 node181
node182 node182
node183 node183
node184 node184
node185 node185
node186 node186
node187 node187
node188 node188
node189 node189
node190 node190
node191 node191
node192 node192
node193 node193
node194 node194
node195 node195
node196 node196
node197 node197
