8 105 152 185 153 165 105 142 81 5 4 29 3 5 80 125 174 172 122 96 49 65 49 113 49 30 48 68 53 71 53 34 82 6 5 6 83 6 79 6 10 35 14 17 23 87 85 19 15 83 126 80 120 123 127 121 173 120 82 97 153 144 145 99 54 51 66 64 63 47 30 52 33 51 53 38 24 38 109 169 191 192 171 193 188 149 90 20 39 20 88 40 42 22 26 45 91 136 183 136 135 89 137 181 137 90 101 160 102 95 137 179 136 100 108 168 190 156 182 147 88 24 91 93 28 41 61 41 40 108 167 108 58 59 39 56 115 116 72 55 69 51 35 18 21 17 13 9 1 2 1
92
105 164 105
82 124 82
30 47 30
53 70 53
24 100 24
58 118
39 78 39
35 73 35
17 25 17
123 123
160 160
66 66
49 49
121 121
88 88
55 55
5 5
183 183
54 54
127 127
87 87
97 97
193 193
137 137
102 102
80 80
19 19
185 185
90 90
63 63
69 69
191 191
4 4
64 64
165 165
2 2
65 65
153 153
71 71
188 188
147 147
115 115
167 167
99 99
172 172
169 169
6 6
85 85
45 45
109 109
136 136
21 21
89 89
135 135
120 120
59 59
179 179
91 91
38 38
68 68
113 113
182 182
29 29
26 26
126 126
22 22
171 171
52 52
72 72
93 93
79 79
192 192
33 33
152 152
116 116
42 42
23 23
51 51
145 145
83 83
144 144
181 181
168 168
174 174
173 173
95 95
142 142
125 125
3 3
190 190
40 40
61 61
