73 72 34 71 63 71 34 38 68 62 77 62 68 38 66 37 53 19 11 20 35 55 35 20 11 18 11 44 11 28 29 23 29 31 30 31 27 31 29 28 11 21 26 21 11 24 11 41 11 22 33 22 60 22 11 42 11 14 11 2 7 2 3 4 3 2 8 2 5 2 6 2 11 25 11 19 56 19 57 19 53 40 53 37 46 50 17 51 45 51 17 50 46 49 47 49 46 37 59 36 61 36 59 37 75 37 66 67 66 38 34 64 65 64 34 72 73
50
72 72
34 34
71 71
63 63
38 38
68 68
77 77
66 66
37 37
53 53
19 19
11 11
20 20
55 55
44 44
28 28
29 29
23 23
30 30
27 27
26 26
24 24
41 41
22 22
33 33
60 60
42 42
14 14
2 2
7 7
3 3
4 4
8 8
5 5
6 6
25 25
56 56
57 57
40 40
50 50
51 51
45 45
47 47
59 59
36 36
61 61
75 75
67 67
64 64
65 65
