0 12 26 12 128 127 126 125 124 123 122 121 120 26 12 1 18 1 19 3 9 35 9 48 9 68 9 3 13 17 32 17 13 3 27 3 41 3 49 3 3 19 1 1 1 1 0 7 2 5 37 5 39 5 50 5 78 5 2 23 2 42 2 55 2 56 2 67 2 2 2 7 25 7 0 8 4 10 6 20 6 31 6 34 6 53 6 73 6 10 36 10 40 10 74 10 4 15 4 16 24 16 4 24 16 4 4 4 8 11 22 76 22 11 46 11 8 11 8 8 8 8 8 0 0 0 0 0 0 0 0 0 0 80 81 82 83 84 85 86 87 88 89 90 91 92 93 94 95 96 97 98 99 100 101 102 103 104 105 106 107 108 109 110 111 112 113 114 115 116 117 118 119 80 0
69
12 129 63 12
1 62 21 28 45 58 1
3 54 3
2 70 72 77 2
7 59 7
4 47 61 38 43 69 4
8 64 51 57 65 75 8
0 14 29 30 33 44 52 60 66 71 79
5 5
6 6
9 9
10 10
11 11
13 13
15 15
16 16
17 17
18 18
19 19
20 20
22 22
23 23
24 24
25 25
26 26
27 27
31 31
32 32
34 34
35 35
36 36
37 37
39 39
40 40
41 41
42 42
46 46
48 48
49 49
50 50
53 53
55 55
56 56
67 67
68 68
73 73
74 74
76 76
78 78
80 80
82 82
84 84
86 86
88 88
90 90
92 92
94 94
96 96
98 98
100 100
102 102
104 104
106 106
108 108
110 110
112 112
114 114
116 116
118 118
