USZWPSB HVERBTBS WYQMUDM QKULBZUR YFEZIO QINTC RZIWNJFXV WKIASJP TNHRK AHZYCQM TNHRK GSVJPWC ACYPAPBPW RUGMYM FPWIFBHR WJFHT ZGZQJZFA XHMMLM ZGZQJZFA WJFHT FPWIFBHR RUGMYM AOVKACB RLWAP AOVKACB EMAAQWO GNMIBCL KFHZBOJXK FZGDAQKRC KFHZBOJXK GNMIBCL EMAAQWO AOVKACB WEKQXMG PSCLAN EPJHOESBB PSCLAN WEKQXMG AOVKACB RUGMYM ACYPAPBPW GSVJPWC TNHRK WKIASJP RZIWNJFXV NJLNWKM EHQRYBZ RGLCPSJQE VBAQD RGLCPSJQE EHQRYBZ NJLNWKM RZIWNJFXV QINTC YFEZIO NXLMTIMTQ AERLK ORCMU AERLK VWHRKOPZ AERLK NXLMTIMTQ FJQMKJNWE YJDLOE FJQMKJNWE YHITQ DIXXP WEXBJV MOXGRP WEXBJV GNXDBJSVR WEXBJV RVPJHZLQQ WEXBJV DIXXP YHITQ LJIWVABQS FCWRH LJIWVABQS WUUMGX JOXQIX MSHZNEX RJDHJFNIN MSHZNEX JOXQIX YAETAC JOXQIX WUUMGX LJIWVABQS YHITQ FJQMKJNWE VLVZNIWT FZNKCK VLVZNIWT FJQMKJNWE NXLMTIMTQ GKDIY DFFFG YPQLZHI JVWIZDBS YPQLZHI DFFFG GKDIY UZGTEP BCHOPGEE UZGTEP NIVCBBO KRUSUHB JQHORKB KRUSUHB NIVCBBO EJXSCSGM ZNZOQPE ZKGYGD ZNZOQPE HSJUMJH ZNZOQPE EJXSCSGM NIVCBBO UZGTEP GKDIY YKOGGTNN GKDIY BHAMV GKDIY AIGGLZT PTDJM VVSNO YMKTHRU VVSNO PTDJM AIGGLZT GKDIY NXLMTIMTQ JEGRK FPWMJC JEGRK KYSSK CCTJZN WTQCHXQ NVPDYHJ AXCWU NVPDYHJ WTQCHXQ CCTJZN KYSSK JEGRK NXLMTIMTQ YFEZIO OIANIWMW TGPYEAP APIOYKU WVLTLUD YCGJNQA LNDUQDYSK BTMJSONW URZULNA CWLLCM URZULNA BTMJSONW LNDUQDYSK QPHYDQYV NHNDWOH QPHYDQYV LNDUQDYSK YCGJNQA WVLTLUD NCPEGX WVLTLUD OVKLH WVLTLUD APIOYKU GWDJBFTV HWJUZVNH SICVXMLGL HWJUZVNH GWDJBFTV YOUZA JJQBPSV SIAFKK JJQBPSV YOUZA GWDJBFTV APIOYKU TGPYEAP DKINCMT TGPYEAP OIANIWMW GEGFOSJ ILXWSRIC GEGFOSJ OIANIWMW FBLXKVQA GLYDZ JIDZW KAUIIR OZFZCKVUN HEFYBKPUF OZFZCKVUN KAUIIR MYDTJZPES KAUIIR JIDZW RBNAR XENTNT VWNAJFRNG QMHLIXVD VWNAJFRNG XSWDY VWNAJFRNG XENTNT RBNAR JIDZW GLYDZ FBLXKVQA ENYRMHFE VFEEU ENYRMHFE FBLXKVQA TQSCIQTX LYRSZA MBRDNYP OGEJDN ANHOTJN OGEJDN NBRZI OGEJDN MBRDNYP SIJTRDMKR XZUPVI UDNWTRHT XQOMNCXDB JXLFSOAT GMRFZFR ZEZKNGTK GMRFZFR JBHQVBXP YVIRIDDRA JBHQVBXP GMRFZFR UBODMUMJ GMRFZFR JXLFSOAT TTXGTNV JXLFSOAT XQOMNCXDB UDNWTRHT HSAIPP RGSOR BLXWCB RGSOR HSAIPP UDNWTRHT NZJGYK UDNWTRHT XZUPVI SIJTRDMKR MBRDNYP LYRSZA HNOOUELP APBFJMOOF HNOOUELP LYRSZA TQSCIQTX FBLXKVQA OIANIWMW YFEZIO NTZSZ YFEZIO QKULBZUR MRXNI QKULBZUR VTPZPDXM TOAKXEQ SPLDAD FLOTLYFG NLKIQELC FLOTLYFG SPLDAD TOAKXEQ PJXURKPC TOAKXEQ BDHKKLSE OLUPAJLP BDHKKLSE RQWCFDHW BDHKKLSE TOAKXEQ VTPZPDXM QKULBZUR EFOWXJQKY MWXYLX EFOWXJQKY QKULBZUR WYQMUDM HVERBTBS USZWPSB GALHVZ USZWPSB
100
USZWPSB USZWPSB
HVERBTBS HVERBTBS
YFEZIO YFEZIO
AHZYCQM AHZYCQM
ACYPAPBPW ACYPAPBPW
RUGMYM RUGMYM
XHMMLM XHMMLM
AOVKACB AOVKACB
RLWAP RLWAP
EMAAQWO EMAAQWO
FZGDAQKRC FZGDAQKRC
EPJHOESBB EPJHOESBB
EHQRYBZ EHQRYBZ
RGLCPSJQE RGLCPSJQE
VBAQD VBAQD
ORCMU ORCMU
VWHRKOPZ VWHRKOPZ
FJQMKJNWE FJQMKJNWE
DIXXP DIXXP
WEXBJV WEXBJV
MOXGRP MOXGRP
GNXDBJSVR GNXDBJSVR
RVPJHZLQQ RVPJHZLQQ
FCWRH FCWRH
JOXQIX JOXQIX
MSHZNEX MSHZNEX
RJDHJFNIN RJDHJFNIN
YAETAC YAETAC
FZNKCK FZNKCK
DFFFG DFFFG
JVWIZDBS JVWIZDBS
BCHOPGEE BCHOPGEE
NIVCBBO NIVCBBO
KRUSUHB KRUSUHB
JQHORKB JQHORKB
EJXSCSGM EJXSCSGM
ZNZOQPE ZNZOQPE
ZKGYGD ZKGYGD
HSJUMJH HSJUMJH
YKOGGTNN YKOGGTNN
BHAMV BHAMV
AIGGLZT AIGGLZT
VVSNO VVSNO
JEGRK JEGRK
FPWMJC FPWMJC
CCTJZN CCTJZN
WTQCHXQ WTQCHXQ
AXCWU AXCWU
TGPYEAP TGPYEAP
APIOYKU APIOYKU
LNDUQDYSK LNDUQDYSK
CWLLCM CWLLCM
NHNDWOH NHNDWOH
NCPEGX NCPEGX
OVKLH OVKLH
HWJUZVNH HWJUZVNH
SICVXMLGL SICVXMLGL
YOUZA YOUZA
SIAFKK SIAFKK
DKINCMT DKINCMT
GEGFOSJ GEGFOSJ
ILXWSRIC ILXWSRIC
GLYDZ GLYDZ
KAUIIR KAUIIR
HEFYBKPUF HEFYBKPUF
MYDTJZPES MYDTJZPES
RBNAR RBNAR
XENTNT XENTNT
VWNAJFRNG VWNAJFRNG
QMHLIXVD QMHLIXVD
XSWDY XSWDY
VFEEU VFEEU
TQSCIQTX TQSCIQTX
LYRSZA LYRSZA
ANHOTJN ANHOTJN
NBRZI NBRZI
XZUPVI XZUPVI
UDNWTRHT UDNWTRHT
XQOMNCXDB XQOMNCXDB
JXLFSOAT JXLFSOAT
ZEZKNGTK ZEZKNGTK
YVIRIDDRA YVIRIDDRA
UBODMUMJ UBODMUMJ
TTXGTNV TTXGTNV
HSAIPP HSAIPP
RGSOR RGSOR
BLXWCB BLXWCB
NZJGYK NZJGYK
HNOOUELP HNOOUELP
APBFJMOOF APBFJMOOF
NTZSZ NTZSZ
MRXNI MRXNI
TOAKXEQ TOAKXEQ
FLOTLYFG FLOTLYFG
PJXURKPC PJXURKPC
OLUPAJLP OLUPAJLP
RQWCFDHW RQWCFDHW
EFOWXJQKY EFOWXJQKY
MWXYLX MWXYLX
GALHVZ GALHVZ
