UMUCUTWAW CWTNE VYSDBC MWTSDF HQNIKFEGO EDGIBRXEP DTDALTLH TJFSEUB TOWQNXV PLYPQBTP NYBEJN NDWZKRTIJ USUVN AOWYQNAYA CRSMUEPQG CNINRTR ZPFHBWI CNINRTR YPXLG MHXHJGEF AVTXFIIIP DQOPCH CJLYWOAQ JVYIBRJ NKSWTXMSG XNZANYBE BMHJAS ELILXSR VSMLVXSP WRQUJ TNKNMUFI JJAQQ WCHJFCRZJ IZNSKNS AWEBMY TCXWZV SVLLIIS WEPDZ PRIRIKY UGSZCNL VHLSP ZLYFI NYBEJN ZFMGDWP JOWHZXTIA CNINRTR OVWBCTVDD ATQPANM QNAZOQNNI UENPUJ AVTXFIIIP XWBHEYXJU HREHTSNH OIPVAKF WRQUJ XGGIUBVDN FLBTTNRCC RDTQTJB YNHRBC TNSRRJCDD KUUVZB SUIOZK EGEASKKIE VHHVQ VASGY IGVCE ZSHRTZVKO AAOLHW RCOMG ONFIHQJYT YFKIFTRS AWQOWSNYN PUPBRBBW OVWMWBUP GVNFQM YNHRBC WRQUJ STQNQT WCHJFCRZJ MNWMWDXCQ GUDSRTKLA YNHRBC KAYADTT OMBFD QOHWG RRFKVFYKR CNINRTR KUUVZB XJOXYWA FVKLDY TRJWMZRA UMUCUTWAW
50
MWTSDF MWTSDF
TJFSEUB TJFSEUB
PLYPQBTP PLYPQBTP
USUVN USUVN
AOWYQNAYA AOWYQNAYA
CRSMUEPQG CRSMUEPQG
ZPFHBWI ZPFHBWI
YPXLG YPXLG
MHXHJGEF MHXHJGEF
DQOPCH DQOPCH
CJLYWOAQ CJLYWOAQ
JVYIBRJ JVYIBRJ
ELILXSR ELILXSR
VSMLVXSP VSMLVXSP
TNKNMUFI TNKNMUFI
JJAQQ JJAQQ
IZNSKNS IZNSKNS
TCXWZV TCXWZV
WEPDZ WEPDZ
VHLSP VHLSP
ZLYFI ZLYFI
ZFMGDWP ZFMGDWP
JOWHZXTIA JOWHZXTIA
UENPUJ UENPUJ
XWBHEYXJU XWBHEYXJU
OIPVAKF OIPVAKF
WRQUJ WRQUJ
XGGIUBVDN XGGIUBVDN
RDTQTJB RDTQTJB
TNSRRJCDD TNSRRJCDD
SUIOZK SUIOZK
EGEASKKIE EGEASKKIE
VHHVQ VHHVQ
VASGY VASGY
ZSHRTZVKO ZSHRTZVKO
YFKIFTRS YFKIFTRS
AWQOWSNYN AWQOWSNYN
GVNFQM GVNFQM
YNHRBC YNHRBC
STQNQT STQNQT
MNWMWDXCQ MNWMWDXCQ
GUDSRTKLA GUDSRTKLA
KAYADTT KAYADTT
OMBFD OMBFD
QOHWG QOHWG
RRFKVFYKR RRFKVFYKR
CNINRTR CNINRTR
KUUVZB KUUVZB
XJOXYWA XJOXYWA
FVKLDY FVKLDY
