NENJIT PRANHUZWO NDFUIQRA DHNQUS UEMUXMRIZ DHNQUS DYDBSTHU MXOUMOMJ LFAYEWG XVEIIY WTGBMM CQLIWA QMQDBY PRANHUZWO XYVFHKPGH EIPVED ZRBGORXP HJANXPSU ZRBGORXP PRANHUZWO KQUKCKTD PEHTVQXDW PQHUEQ UUBADXD MXPVTEZCH EANWPZEPE FULIXB EANWPZEPE UEMUXMRIZ RIEJGXSA IVJWKMB KUTCUN RZCLRJW UEMUXMRIZ DHNQUS
24
UEMUXMRIZ SPKBX UEMUXMRIZ
PRANHUZWO PRANHUZWO
ZRBGORXP ZRBGORXP
XAUNPSJR XAUNPSJR
CQLIWA CQLIWA
RIEJGXSA RIEJGXSA
EIPVED EIPVED
PEHTVQXDW PEHTVQXDW
DYDBSTHU DYDBSTHU
MXPVTEZCH MXPVTEZCH
WTGBMM WTGBMM
FULIXB FULIXB
HJANXPSU HJANXPSU
KQUKCKTD KQUKCKTD
XYVFHKPGH XYVFHKPGH
UUBADXD UUBADXD
XVEIIY XVEIIY
NDFUIQRA NDFUIQRA
QMQDBY QMQDBY
PQHUEQ PQHUEQ
KUTCUN KUTCUN
RZCLRJW RZCLRJW
LFAYEWG LFAYEWG
MXOUMOMJ MXOUMOMJ
