runcation multifaith runcation ephas runcation tuneful runcation Simferopol runcation conceiv runcation quakerlike runcation triforium runcation ungroomed runcation cloaca runcation haligi runcation Lipetsk runcation fason runcation turbid runcation baken runcation inurns runcation medicine runcation construed runcation erysipelas runcation Margery runcation palatial runcation backpay runcation jaborandi runcation kempy runcation boomah runcation torsions runcation Astaire runcation montages runcation trikini runcation foreshores runcation unbribable runcation toper runcation hambone runcation begynnynge runcation retexture runcation colocynth runcation chargeback runcation bewitch runcation aliens runcation bookhouses runcation festuca runcation Marah runcation thereagain runcation lionfish runcation blackdye runcation metre runcation wolfer runcation flourless runcation Carazo runcation tholoi runcation usant runcation decouples runcation dollying runcation perfusive runcation embittered runcation tipuana runcation holodeck runcation stips runcation fibrates runcation yokeline runcation wintrier runcation husbandman runcation Massorete runcation stinkbugs runcation miticides runcation undramatic runcation destinate runcation megahero runcation urethritic runcation tutelar runcation passcards runcation almshouse runcation agistments runcation silicon runcation wheatberry runcation stoble runcation offset runcation ilian runcation prairies runcation broomer runcation oogle runcation huddle runcation wideband runcation Muscogee runcation greatborn runcation coalblack runcation draftox runcation grilses runcation polyuria runcation cutout runcation timefuse runcation yuzus runcation lichened runcation infants runcation turnoff runcation maxim runcation pentine runcation revolution runcation forepast runcation nervus runcation
100
runcation runcation
multifaith multifaith
ephas ephas
tuneful tuneful
Simferopol Simferopol
conceiv conceiv
quakerlike quakerlike
triforium triforium
ungroomed ungroomed
cloaca cloaca
haligi haligi
Lipetsk Lipetsk
fason fason
turbid turbid
baken baken
inurns inurns
medicine medicine
construed construed
erysipelas erysipelas
Margery Margery
palatial palatial
backpay backpay
jaborandi jaborandi
kempy kempy
boomah boomah
torsions torsions
Astaire Astaire
montages montages
trikini trikini
foreshores foreshores
unbribable unbribable
toper toper
hambone hambone
begynnynge begynnynge
retexture retexture
colocynth colocynth
chargeback chargeback
bewitch bewitch
aliens aliens
bookhouses bookhouses
festuca festuca
Marah Marah
thereagain thereagain
lionfish lionfish
blackdye blackdye
metre metre
wolfer wolfer
flourless flourless
Carazo Carazo
tholoi tholoi
usant usant
decouples decouples
dollying dollying
perfusive perfusive
embittered embittered
tipuana tipuana
holodeck holodeck
stips stips
fibrates fibrates
yokeline yokeline
wintrier wintrier
husbandman husbandman
Massorete Massorete
stinkbugs stinkbugs
miticides miticides
undramatic undramatic
destinate destinate
megahero megahero
urethritic urethritic
tutelar tutelar
passcards passcards
almshouse almshouse
agistments agistments
silicon silicon
wheatberry wheatberry
stoble stoble
offset offset
ilian ilian
prairies prairies
broomer broomer
oogle oogle
huddle huddle
wideband wideband
Muscogee Muscogee
greatborn greatborn
coalblack coalblack
draftox draftox
grilses grilses
polyuria polyuria
cutout cutout
timefuse timefuse
yuzus yuzus
lichened lichened
infants infants
turnoff turnoff
maxim maxim
pentine pentine
revolution revolution
forepast forepast
nervus nervus
