liverance metamere liverance pallia liverance Akkub liverance otate liverance tightening liverance achieve liverance hatrail liverance pontage liverance lethiferal liverance jitterbugs liverance bywoners liverance studiously liverance asterisk liverance hypanthium liverance catabolism liverance shutter liverance refortify liverance kamencheh liverance tortillons liverance wellbores liverance moderatrix liverance coulde liverance handballer liverance oversleeps liverance
25
liverance liverance
metamere metamere
pallia pallia
Akkub Akkub
otate otate
tightening tightening
achieve achieve
hatrail hatrail
pontage pontage
lethiferal lethiferal
jitterbugs jitterbugs
bywoners bywoners
studiously studiously
asterisk asterisk
hypanthium hypanthium
catabolism catabolism
shutter shutter
refortify refortify
kamencheh kamencheh
tortillons tortillons
wellbores wellbores
moderatrix moderatrix
coulde coulde
handballer handballer
oversleeps oversleeps
