shaird rampup shaird cacomistle shaird teabags shaird assonantal shaird irade shaird lasting shaird Sahara shaird shrow shaird diruption shaird unglove shaird baning shaird property shaird airgap shaird trackbar shaird scratch shaird fivepenny shaird Ucayali shaird colugos shaird slatting shaird macedoine shaird cementite shaird deductable shaird toggleable shaird UncleNed shaird philomels shaird tokenizing shaird caouane shaird beermakers shaird Pentecost shaird transflux shaird aftertouch shaird twothirds shaird kartikeya shaird advances shaird nomination shaird tunic shaird sarcomere shaird intrado shaird nauseously shaird effuses shaird opacular shaird morphe shaird peasantism shaird guilts shaird preparable shaird waste shaird coldcocked shaird Lafayette shaird remissio shaird
50
shaird shaird
rampup rampup
cacomistle cacomistle
teabags teabags
assonantal assonantal
irade irade
lasting lasting
Sahara Sahara
shrow shrow
diruption diruption
unglove unglove
baning baning
property property
airgap airgap
trackbar trackbar
scratch scratch
fivepenny fivepenny
Ucayali Ucayali
colugos colugos
slatting slatting
macedoine macedoine
cementite cementite
deductable deductable
toggleable toggleable
UncleNed UncleNed
philomels philomels
tokenizing tokenizing
caouane caouane
beermakers beermakers
Pentecost Pentecost
transflux transflux
aftertouch aftertouch
twothirds twothirds
kartikeya kartikeya
advances advances
nomination nomination
tunic tunic
sarcomere sarcomere
intrado intrado
nauseously nauseously
effuses effuses
opacular opacular
morphe morphe
peasantism peasantism
guilts guilts
preparable preparable
waste waste
coldcocked coldcocked
Lafayette Lafayette
remissio remissio
