2 89 36 91 36 89 34 89 2 43 11 54 53 63 53 54 11 43 2 31 60 16 68 96 29 65 8 23 8 90 83 90 69 62 69 27 26 27 69 90 8 48 8 65 21 22 30 49 30 13 93 55 79 9 79 71 79 55 41 87 94 44 94 87 41 55 93 13 30 5 30 22 21 72 51 72 21 65 81 45 81 65 67 32 95 61 76 61 95 32 42 77 42 35 80 35 42 88 37 88 56 88 42 32 19 32 67 4 15 57 64 97 64 7 64 58 38 82 38 58 64 57 66 52 12 52 66 57 15 4 85 24 85 4 67 65 29 59 29 96 68 25 68 17 68 16 60 31 2 70 2
50
2 2
36 36
91 91
34 34
11 11
63 63
31 31
29 29
8 8
23 23
83 83
62 62
26 26
48 48
21 21
30 30
49 49
13 13
93 93
79 79
9 9
71 71
94 94
44 44
5 5
72 72
67 67
32 32
95 95
61 61
76 76
77 77
80 80
88 88
37 37
56 56
19 19
4 4
15 15
57 57
64 64
97 97
82 82
52 52
12 12
24 24
59 59
25 25
17 17
70 70
