73 86 32 12 15 43 166 130 135 130 113 197 186 138 16 138 136 138 155 138 186 63 186 47 81 47 187 47 186 197 113 76 194 76 113 58 110 137 42 137 110 58 52 178 39 178 52 156 190 156 150 175 83 175 150 114 93 139 98 70 98 139 93 114 150 156 97 143 191 87 191 75 59 41 59 75 191 124 191 143 97 0 61 0 147 183 147 0 97 156 52 58 26 163 48 188 159 165 173 196 173 165 35 165 159 157 95 33 127 33 49 33 11 33 95 3 192 3 95 40 19 40 95 157 131 62 112 62 131 157 66 157 159 188 48 163 26 115 26 28 22 177 106 78 71 170 10 170 71 78 106 177 46 195 46 77 46 80 6 7 60 55 180 123 176 118 120 37 67 162 96 133 96 162 185 162 9 125 9 162 67 37 164 1 189 1 99 1 164 37 120 118 176 123 180 55 168 17 38 79 57 129 174 167 174 146 84 101 84 68 119 68 153 184 153 68 169 68 84 146 174 129 57 79 38 102 65 122 65 102 38 17 168 55 72 55 60 92 60 7 44 7 6 80 46 177 22 28 26 58 113 109 113 130 166 88 27 90 53 90 82 107 82 90 27 117 24 117 27 88 166 100 89 69 152 149 126 64 171 64 126 21 126 149 152 69 89 100 145 128 161 2 161 128 145 100 166 85 154 85 166 43 15 12 32 86 73
100
73 73
12 12
15 15
166 166
135 135
197 197
186 186
138 138
16 16
136 136
155 155
63 63
47 47
81 81
187 187
76 76
194 194
58 58
110 110
42 42
52 52
39 39
190 190
175 175
83 83
98 98
70 70
143 143
191 191
75 75
41 41
124 124
0 0
61 61
183 183
26 26
163 163
48 48
159 159
173 173
196 196
35 35
95 95
127 127
49 49
11 11
192 192
40 40
19 19
62 62
112 112
66 66
115 115
71 71
10 10
195 195
77 77
6 6
7 7
60 60
55 55
123 123
176 176
118 118
37 37
162 162
96 96
133 133
185 185
125 125
189 189
99 99
168 168
57 57
129 129
167 167
101 101
68 68
119 119
153 153
184 184
169 169
122 122
72 72
92 92
44 44
109 109
27 27
53 53
82 82
107 107
24 24
89 89
171 171
21 21
145 145
128 128
161 161
2 2
154 154
