39 0 3 0 4 0 6 0 11 0 12 0 13 0 16 0 17 0 20 0 22 0 23 0 27 0 28 0 30 0 31 0 36 0 41 0 42 0 43 0 44 0 46 0 48 0 49 0 51 0 54 0 55 0 56 0 59 0 63 0 70 0 74 0 75 0 76 0 77 0 78 0 80 0 81 0 83 0 84 0 88 0 89 0 91 0 93 0 94 0 96 0 97 0 99 0 100 0 103 0 107 0 108 0 109 0 110 0 111 0 112 0 113 0 114 0 115 0 116 0 118 0 119 0 123 0 126 0 129 0 130 0 133 0 135 0 139 0 140 0 147 0 148 0 149 0 150 0 151 0 152 0 154 0 156 0 157 0 158 0 160 0 161 0 163 0 169 0 173 0 174 0 176 0 177 0 178 0 179 0 180 0 182 0 183 0 191 0 192 0 193 0 194 0 195 0 197 0 198 0 39
100
0 0
3 3
4 4
6 6
11 11
12 12
13 13
16 16
17 17
20 20
22 22
23 23
27 27
28 28
30 30
31 31
36 36
41 41
42 42
43 43
44 44
46 46
48 48
49 49
51 51
54 54
55 55
56 56
59 59
63 63
70 70
74 74
75 75
76 76
77 77
78 78
80 80
81 81
83 83
84 84
88 88
89 89
91 91
93 93
94 94
96 96
97 97
99 99
100 100
103 103
107 107
108 108
109 109
110 110
111 111
112 112
113 113
114 114
115 115
116 116
118 118
119 119
123 123
126 126
129 129
130 130
133 133
135 135
139 139
140 140
147 147
148 148
149 149
150 150
151 151
152 152
154 154
156 156
157 157
158 158
160 160
161 161
163 163
169 169
173 173
174 174
176 176
177 177
178 178
179 179
180 180
182 182
183 183
191 191
192 192
193 193
194 194
195 195
197 197
198 198
