54 0 2 0 3 0 4 0 6 0 8 0 9 0 12 0 13 0 14 0 16 0 19 0 20 0 23 0 25 0 26 0 27 0 30 0 31 0 32 0 33 0 37 0 41 0 43 0 45 0 47 0 48 0 49 0 53 0 57 0 60 0 62 0 65 0 66 0 67 0 68 0 71 0 73 0 74 0 80 0 82 0 83 0 84 0 85 0 86 0 87 0 89 0 90 0 97 0 99 0 54
50
0 0
2 2
3 3
4 4
6 6
8 8
9 9
12 12
13 13
14 14
16 16
19 19
20 20
23 23
25 25
26 26
27 27
30 30
31 31
32 32
33 33
37 37
41 41
43 43
45 45
47 47
48 48
49 49
53 53
57 57
60 60
62 62
65 65
66 66
67 67
68 68
71 71
73 73
74 74
80 80
82 82
83 83
84 84
85 85
86 86
87 87
89 89
90 90
97 97
99 99
