0 1 2 1 6 1 9 1 19 4 13 4 5 0 10 36 23 20 22 21 25 37 26 30 22 35 39 33 27 20 28 29 42 40 41 43 72 60 63 61 62 68 65 78 92 83 80 81 88 96 82 90 91 90 84 98 80 99 92 78 61 79 66 64 60 65 71 65 66 60 70 60 75 72 43 41 44 41 47 48 45 46 58 42 49 42 56 42 29 25 36 10 11 12 0
44
2 2
6 6
9 9
19 19
4 4
13 13
5 5
10 10
36 36
37 37
30 30
35 35
39 39
27 27
28 28
60 60
61 61
62 62
83 83
80 80
81 81
88 88
96 96
91 91
84 84
98 98
99 99
79 79
64 64
65 65
71 71
66 66
70 70
75 75
44 44
47 47
48 48
45 45
46 46
58 58
49 49
56 56
11 11
12 12
