0 1 3 76 42 40 41 45 41 69 100 80 81 83 81 91 81 92 81 103 81 109 81 117 81 80 82 89 82 101 82 80 84 80 87 145 121 123 121 126 120 125 122 146 122 147 122 125 120 127 120 138 120 141 120 143 120 126 121 129 175 160 164 198 164 160 165 161 165 162 167 162 165 160 192 160 175 129 121 145 87 80 115 80 100 69 41 40 43 40 58 40 66 40 70 40 42 60 42 76 3 2 14 2 3 1 5 1 23 1 0 4 0 19 0
31
3 3
100 100
91 91
92 92
103 103
109 109
117 117
89 89
101 101
84 84
87 87
126 126
120 120
146 146
147 147
127 127
138 138
141 141
143 143
198 198
162 162
192 192
115 115
58 58
66 66
70 70
60 60
14 14
5 5
23 23
19 19
