132 130 179 173 185 26 27 28 29 30 31 30 29 28 27 26 25 24 23 22 21 20 19 18 17 161 146 186 174 189 157 199 188 149 136 149 188 199 157 189 141 145 196 158 168 181 190 169 192 134 162 134 192 169 190 181 168 158 196 147 194 170 198 172 151 165 156 143 133 164 167 171 167 183 163 183 167 164 133 143 156 159 152 159 156 165 151 193 197 193 135 178 148 178 16 15 14 13 12 11 10 9 8 7 6 5 4 3 2 1 34 36 42 40 38 44 50 46 48 54 52 56 60 62 64 66 142 66 64 62 60 68 70 76 160 182 166 182 160 76 70 78 74 72 80 84 82 84 80 72 74 78 70 68 60 56 52 54 48 46 50 44 38 40 42 36 34 1 37 33 35 39 41 49 53 45 43 47 51 57 61 59 65 67 73 81 75 77 79 77 75 81 73 67 65 59 61 57 51 47 43 45 53 49 41 39 35 33 37 1 2 3 4 5 6 7 8 9 10 11 177 11 12 13 180 13 14 15 16 178 135 193 151 172 198 170 194 147 196 145 141 175 154 184 139 153 140 85 87 89 99 97 95 91 95 97 101 105 103 107 111 109 111 117 115 121 123 119 113 119 125 195 125 119 123 127 123 121 115 117 111 107 103 105 101 97 99 89 87 85 140 153 155 153 139 184 154 175 141 189 174 138 174 186 146 161 17 137 17 18 19 20 21 22 23 24 25 26 185 173 179 130 132 128 126 124 116 120 122 118 112 114 110 108 106 100 98 92 96 94 88 86 90 86 88 94 96 92 98 100 102 104 102 100 106 108 110 114 112 118 122 120 116 124 126 176 126 128 132
100
173 173
185 185
26 26
27 27
28 28
31 31
25 25
17 17
161 161
146 146
189 189
188 188
149 149
136 136
196 196
181 181
192 192
162 162
194 194
198 198
156 156
133 133
167 167
171 171
183 183
159 159
152 152
193 193
197 197
135 135
148 148
13 13
9 9
8 8
6 6
5 5
3 3
2 2
36 36
40 40
38 38
44 44
46 46
56 56
60 60
62 62
64 64
66 66
142 142
68 68
76 76
160 160
182 182
166 166
78 78
72 72
80 80
82 82
33 33
35 35
39 39
41 41
45 45
47 47
61 61
81 81
75 75
77 77
177 177
180 180
154 154
184 184
85 85
87 87
97 97
95 95
91 91
101 101
105 105
109 109
113 113
195 195
155 155
138 138
137 137
126 126
122 122
118 118
108 108
106 106
100 100
98 98
92 92
96 96
88 88
86 86
90 90
102 102
104 104
176 176
