Building65 Building66 Building99 Building34 Building35 Building41 Building44 Building46 Building4 Building7 Building5 Building1 Building5 Building7 Building59 Building62 Building63 Building61 Building58 Building63 Building15 Building38 Building45 Building7 Building20 Building80 Building20 Building0 Building17 Building79 Building77 Building73 Building82 Building71 Building39 Building13 Building70 Building94 Building97 Building94 Building70 Building13 Building83 Building30 Building7 Building24 Building28 Building25 Building31 Building7 Building44 Building32 Building2 Building14 Building13 Building14 Building12 Building88 Building91 Building90 Building88 Building12 Building14 Building13 Building21 Building13 Building18 Building20 Building27 Building23 Building22 Building53 Building51 Building52 Building51 Building54 Building51 Building44 Building66 Building65
40
Building66 Building64
Building35 Building42 Building35
Building44 Building33 Building44
Building46 Building36 Building46
Building5 Building3
Building7 Building8 Building20 Building31
Building63 Building57
Building38 Building45 Building37
Building77 Building81
Building39 Building71
Building70 Building76
Building94 Building92 Building94
Building97 Building96 Building97
Building90 Building84
Building14 Building15 Building10
Building21 Building16 Building11
Building52 Building55
Building27 Building27
Building24 Building24
Building59 Building59
Building88 Building88
Building58 Building58
Building54 Building54
Building4 Building4
Building22 Building22
Building41 Building41
Building61 Building61
Building82 Building82
Building80 Building80
Building99 Building99
Building13 Building13
Building83 Building83
Building32 Building32
Building79 Building79
Building91 Building91
Building25 Building25
Building1 Building1
Building73 Building73
Building51 Building51
Building30 Building30
