92 2 13 97 47 64 61 55 90 35 32 35 90 17 2 34 5 68 0 76 65 76 70 33 70 3 93 59 93 3 91 60 43 73 12 54 80 63 95 76 94 16 45 16 78 25 46 44 57 91 23 86 23 91 60 43 20 43 50 43 60 36 29 10 29 99 87 24 60 43 38 21 85 74 37 67 1 5 28 72 77 41 19 46 14 46 25 11 35 90 18 92
50
61 61
46 46
23 23
65 65
57 57
95 95
87 87
63 63
13 13
2 2
54 54
37 37
73 73
72 72
12 12
93 93
18 18
11 11
50 50
29 29
5 5
21 21
94 94
85 85
78 78
32 32
97 97
1 1
45 45
86 86
90 90
14 14
0 0
20 20
55 55
3 3
74 74
16 16
19 19
47 47
70 70
24 24
64 64
17 17
33 33
59 59
68 68
44 44
35 35
10 10
