140 153 123 28 108 186 148 77 148 134 59 62 112 22 180 41 101 139 19 11 79 130 115 32 177 61 34 134 42 80 133 185 55 83 142 83 57 84 175 117 49 4 103 162 47 196 12 193 12 166 8 150 27 150 56 132 25 127 45 5 158 160 158 95 149 128 149 179 125 76 72 13 102 107 50 184 85 184 180 6 154 24 151 29 168 69 100 40 100 73 82 89 35 120 197 97 93 190 146 94 52 170 152 77 18 96 174 44 145 178 188 10 135 108 28 123 176 123 28 133 114 62 167 9 61 36 182 104 37 56 159 56 122 51 122 115 53 169 162 172 21 19 41 101 7 179 125 23 65 174 177 14 85 199 173 93 39 143 140
100
35 35
169 169
76 76
179 179
177 177
42 42
18 18
14 14
44 44
93 93
21 21
103 103
50 50
125 125
95 95
197 197
139 139
19 19
166 166
94 94
41 41
32 32
193 193
8 8
176 176
108 108
159 159
62 62
7 7
158 158
102 102
83 83
36 36
4 4
185 185
59 59
112 112
10 10
40 40
80 80
160 160
114 114
175 175
127 127
29 29
150 150
130 130
13 13
73 73
22 22
39 39
27 27
170 170
115 115
178 178
117 117
132 132
11 11
45 45
53 53
12 12
85 85
82 82
128 128
101 101
167 167
186 186
96 96
135 135
168 168
9 9
89 89
97 97
57 57
6 6
61 61
133 133
196 196
47 47
134 134
77 77
142 142
65 65
55 55
56 56
123 123
190 190
153 153
173 173
154 154
84 84
49 49
151 151
104 104
25 25
51 51
146 146
5 5
79 79
182 182
