aliquam ultrices condimentum aliquam lectus aliquam vitae aliquam habitant et ultrices ultricies ultrices quis ultrices consectetur ultrices gravida ultrices habitasse platea aliquam quisque suscipit enim aliquam placerat ornare imperdiet aliquam euismod porttitor nec sagittis aliquam semper aliquam mattis senectus malesuada aliquam fames aliquam turpis sed mi lorem aliquam adipiscing praesent aliquam cursus mauris congue aliquam nisi aliquam maecenas ut viverra aliquam cras aliquam eu aliquam vestibulum aliquam eros aliquam
43
condimentum condimentum
lectus lectus
vitae vitae
habitant habitant
et et
ultricies ultricies
quis quis
consectetur consectetur
gravida gravida
habitasse habitasse
platea platea
quisque quisque
suscipit suscipit
enim enim
placerat placerat
ornare ornare
imperdiet imperdiet
euismod euismod
porttitor porttitor
nec nec
sagittis sagittis
semper semper
mattis mattis
senectus senectus
malesuada malesuada
fames fames
turpis turpis
sed sed
mi mi
lorem lorem
adipiscing adipiscing
praesent praesent
cursus cursus
mauris mauris
congue congue
nisi nisi
maecenas maecenas
ut ut
viverra viverra
cras cras
eu eu
vestibulum vestibulum
eros eros
