TA0 TA10 TA54 TA5 TA6 TA7 TA8 TA9 TA35 TA9 TA8 TA7 TA73 TA62 TA63 TA64 TA63 TA62 TA9 TA8 TA7 TA18 TA7 TA73 TA72 TA53 TA54 TA10 TA11 TA12 TA13 TA71 TA22 TA21 TA20 TA19 TA20 TA21 TA22 TA23 TA22 TA33 TA32 TA31 TA30 TA23 TA22 TA21 TA26 TA27 TA79 TA80 TA81 TA82 TA44 TA45 TA46 TA20 TA19 TA17 TA16 TA37 TA39 TA38 TA12 TA33 TA75 TA33 TA12 TA38 TA47 TA48 TA93 TA48 TA47 TA50 TA86 TA85 TA11 TA10 TA0 TA99 TA0
37
TA0 TA1 TA36
TA7 TA89 TA7
TA8 TA49 TA92 TA8
TA18 TA90 TA18
TA23 TA24 TA23
TA32 TA58 TA61 TA32
TA31 TA42
TA27 TA28 TA56 TA27
TA44 TA81
TA20 TA46
TA16 TA25
TA39 TA40 TA39
TA75 TA76
TA48 TA84 TA48
TA93 TA94
TA11 TA85
TA10 TA59 TA10
TA9 TA9
TA38 TA38
TA19 TA19
TA80 TA80
TA47 TA47
TA86 TA86
TA26 TA26
TA50 TA50
TA33 TA33
TA54 TA54
TA64 TA64
TA21 TA21
TA62 TA62
TA71 TA71
TA12 TA12
TA63 TA63
TA6 TA6
TA35 TA35
TA73 TA73
TA99 TA99
