AAA ABD ACD ADD ACD ABD ABC ABB ACB ACA ADA BAA BAB BAC BAD BBD BCD BDD BCD BBD BBC BBB BCB BCA BDA CAA CAB CAC CAD CBD CCD CDD CCD CBD CBC CBB CCB CCA CDA DAA DAB DAC DAD DBD DCD DDD DCD DBD DBC DBB DCB DCA DDA EAA EAB EAC EAD EBD ECD EDD ECD EBD EBC EBB ECB ECA EDA FAA FAB FAC FAD FBD FCD FDD FCD FBD FBC FBB FCB FBB FAB FAA EDA ECA EBA EAA DDA DCA DBA DAA CDA CCA CBA CAA BDA BCA BBA BAA ADA ACA ABA AAA
36
AAD AAD
ABB ABB
ABC ABC
ACB ACB
ACD ACD
ADD ADD
BAD BAD
BBB BBB
BBC BBC
BCB BCB
BCD BCD
BDD BDD
CAD CAD
CBB CBB
CBC CBC
CCB CCB
CCD CCD
CDD CDD
DAD DAD
DBB DBB
DBC DBC
DCB DCB
DCD DCD
DDD DDD
EAD EAD
EBB EBB
EBC EBC
ECB ECB
ECD ECD
EDD EDD
FAD FAD
FBB FBB
FBC FBC
FCB FCB
FCD FCD
FDD FDD
