AAA ABD ACD ADD ACD ABD ABC ABB ACB ACA ADA BAA BAB BAC BAD BBD BCD BDD BCD BBD BBC BBB BCB BCA BDA CAA CAB CAC CAD CBD CCD CDD CCD CBD CBC CBB CCB CCA CDA DAA DAB DAC DAD DBD DCD DDD DCD DBD DBC DBB DCB DCA DDA EAA EAB EAC EAD EBD ECD EDD ECD EBD EBC EBB ECB ECA EDA FAA FAB FAC FAD FBD FCD FDD FCD FBD FBC FBB FCB FCA FDA GAA GAB GAC GAD GBD GCD GDD GCD GBD GBC GBB GCB GCA GDA HAA HAB HAC HAD HBD HCD HDD HCD HBD HBC HBB HCB HCA HDA IAA IAB IAC IAD IBD ICD IDD ICD IBD IBC IBB ICB ICA IDA JAA JAB JAC JAD JBD JCD JDD JCD JBD JBC JBB JCB JCA JDA KAA KAB KAC KAD KBD KCD KDD KCD KBD KBC KBB KCB KCA KDA LAA LAB LAC LAD LBD LCD LDD LCD LBD LBC LBB LCB LBB LAB LAA KDA KCA KBA KAA JDA JCA JBA JAA IDA ICA IBA IAA HDA HCA HBA HAA GDA GCA GBA GAA FDA FCA FBA FAA EDA ECA EBA EAA DDA DCA DBA DAA CDA CCA CBA CAA BDA BCA BBA BAA ADA ACA ABA AAA
72
AAD AAD
ABB ABB
ABC ABC
ACB ACB
ACD ACD
ADD ADD
BAD BAD
BBB BBB
BBC BBC
BCB BCB
BCD BCD
BDD BDD
CAD CAD
CBB CBB
CBC CBC
CCB CCB
CCD CCD
CDD CDD
DAD DAD
DBB DBB
DBC DBC
DCB DCB
DCD DCD
DDD DDD
EAD EAD
EBB EBB
EBC EBC
ECB ECB
ECD ECD
EDD EDD
FAD FAD
FBB FBB
FBC FBC
FCB FCB
FCD FCD
FDD FDD
GAD GAD
GBB GBB
GBC GBC
GCB GCB
GCD GCD
GDD GDD
HAD HAD
HBB HBB
HBC HBC
HCB HCB
HCD HCD
HDD HDD
IAD IAD
IBB IBB
IBC IBC
ICB ICB
ICD ICD
IDD IDD
JAD JAD
JBB JBB
JBC JBC
JCB JCB
JCD JCD
JDD JDD
KAD KAD
KBB KBB
KBC KBC
KCB KCB
KCD KCD
KDD KDD
LAD LAD
LBB LBB
LBC LBC
LCB LCB
LCD LCD
LDD LDD
