Ok8S1fHLjYd5Qfa1 n8BUjfbkV7B256Pk 4v11IyyzvdXigprK n8BUjfbkV7B256Pk 4lQT9nUm2RrXCy8Z n8BUjfbkV7B256Pk EIKcXID1zpGMQn1P n8BUjfbkV7B256Pk HaSQtmixhk7GXcNL n8BUjfbkV7B256Pk igsEAWSSTwZeQC7w n8BUjfbkV7B256Pk nIg4MpPCzGEhqidY n8BUjfbkV7B256Pk YEtLEED1sYHblp04 n8BUjfbkV7B256Pk aigigDdfxUALKEsp n8BUjfbkV7B256Pk yKSBf4sw7qeDCb21 n8BUjfbkV7B256Pk e3iWmd0tuxk1pJjM n8BUjfbkV7B256Pk sLDq5940RHCkb04P n8BUjfbkV7B256Pk mslnwaKFGKU9xIaG n8BUjfbkV7B256Pk ube5LMGvg2twWEYO n8BUjfbkV7B256Pk kHXqhjlWXJpbYov4 n8BUjfbkV7B256Pk BQcKIkSaDUyy1C2z n8BUjfbkV7B256Pk kf0QmX50KHW5FMdz n8BUjfbkV7B256Pk IA5341uoxZUNIO2X n8BUjfbkV7B256Pk S8gHqR8wCaUCsSQY n8BUjfbkV7B256Pk VLs9SWAFFre7Exrq n8BUjfbkV7B256Pk JaBF8W5TEbjbmNuM n8BUjfbkV7B256Pk EPppRpDYvgtqEO7O n8BUjfbkV7B256Pk taHXWOqVWIIjf1TP n8BUjfbkV7B256Pk vxNXnGNEh6XLJc1w n8BUjfbkV7B256Pk hAOsZjLhhn0KhI4B n8BUjfbkV7B256Pk TsbzWT1KlhF1aPD1 n8BUjfbkV7B256Pk yshR3HiZZ01bAtYn n8BUjfbkV7B256Pk qKMjU2t2OyzjC1JD n8BUjfbkV7B256Pk 3SUu7JqY7uRo6Rd1 n8BUjfbkV7B256Pk 1s8Yrd2iagFhE6Sg n8BUjfbkV7B256Pk muz9VCTEK8uoi0tf n8BUjfbkV7B256Pk htrkyR0vCaNI1fOX n8BUjfbkV7B256Pk M6PDUfIoGf1B6nEx n8BUjfbkV7B256Pk HJwcV3i96Q4EsEBG n8BUjfbkV7B256Pk 353AHxSmDSP9fMmp n8BUjfbkV7B256Pk 1AsEvIWgTHPyPKsh n8BUjfbkV7B256Pk p4Dm6xYCHfUVzk4L n8BUjfbkV7B256Pk pPR3NiinMl9EaxgN n8BUjfbkV7B256Pk x7fruRNBOaBFZc2C n8BUjfbkV7B256Pk YFnr4YntZTJW2hyU n8BUjfbkV7B256Pk rnxsFpl1gOuxcW3t n8BUjfbkV7B256Pk HBcNtJin0Yr1749f n8BUjfbkV7B256Pk KKwFSzuggEE8OETC n8BUjfbkV7B256Pk nt4JjKJ6k7eusuAZ n8BUjfbkV7B256Pk hRkPIiFwfm4LkuUZ n8BUjfbkV7B256Pk 6U4llHEoM8wpRLw8 n8BUjfbkV7B256Pk i1Bc3T3sXvAzqBhu n8BUjfbkV7B256Pk AfypVcY2UOvYKdga n8BUjfbkV7B256Pk ek3X9NUo1IySXHTP n8BUjfbkV7B256Pk Ok8S1fHLjYd5Qfa1 lypp0L3hdMS89xjl Ok8S1fHLjYd5Qfa1 eY47DDzApfB6VJTU Ok8S1fHLjYd5Qfa1
50
4v11IyyzvdXigprK 4v11IyyzvdXigprK
4lQT9nUm2RrXCy8Z 4lQT9nUm2RrXCy8Z
EIKcXID1zpGMQn1P EIKcXID1zpGMQn1P
HaSQtmixhk7GXcNL HaSQtmixhk7GXcNL
igsEAWSSTwZeQC7w igsEAWSSTwZeQC7w
nIg4MpPCzGEhqidY nIg4MpPCzGEhqidY
YEtLEED1sYHblp04 YEtLEED1sYHblp04
aigigDdfxUALKEsp aigigDdfxUALKEsp
yKSBf4sw7qeDCb21 yKSBf4sw7qeDCb21
e3iWmd0tuxk1pJjM e3iWmd0tuxk1pJjM
sLDq5940RHCkb04P sLDq5940RHCkb04P
mslnwaKFGKU9xIaG mslnwaKFGKU9xIaG
ube5LMGvg2twWEYO ube5LMGvg2twWEYO
kHXqhjlWXJpbYov4 kHXqhjlWXJpbYov4
BQcKIkSaDUyy1C2z BQcKIkSaDUyy1C2z
kf0QmX50KHW5FMdz kf0QmX50KHW5FMdz
IA5341uoxZUNIO2X IA5341uoxZUNIO2X
S8gHqR8wCaUCsSQY S8gHqR8wCaUCsSQY
VLs9SWAFFre7Exrq VLs9SWAFFre7Exrq
JaBF8W5TEbjbmNuM JaBF8W5TEbjbmNuM
EPppRpDYvgtqEO7O EPppRpDYvgtqEO7O
taHXWOqVWIIjf1TP taHXWOqVWIIjf1TP
vxNXnGNEh6XLJc1w vxNXnGNEh6XLJc1w
hAOsZjLhhn0KhI4B hAOsZjLhhn0KhI4B
TsbzWT1KlhF1aPD1 TsbzWT1KlhF1aPD1
yshR3HiZZ01bAtYn yshR3HiZZ01bAtYn
qKMjU2t2OyzjC1JD qKMjU2t2OyzjC1JD
3SUu7JqY7uRo6Rd1 3SUu7JqY7uRo6Rd1
1s8Yrd2iagFhE6Sg 1s8Yrd2iagFhE6Sg
muz9VCTEK8uoi0tf muz9VCTEK8uoi0tf
htrkyR0vCaNI1fOX htrkyR0vCaNI1fOX
M6PDUfIoGf1B6nEx M6PDUfIoGf1B6nEx
HJwcV3i96Q4EsEBG HJwcV3i96Q4EsEBG
353AHxSmDSP9fMmp 353AHxSmDSP9fMmp
1AsEvIWgTHPyPKsh 1AsEvIWgTHPyPKsh
p4Dm6xYCHfUVzk4L p4Dm6xYCHfUVzk4L
pPR3NiinMl9EaxgN pPR3NiinMl9EaxgN
x7fruRNBOaBFZc2C x7fruRNBOaBFZc2C
YFnr4YntZTJW2hyU YFnr4YntZTJW2hyU
rnxsFpl1gOuxcW3t rnxsFpl1gOuxcW3t
HBcNtJin0Yr1749f HBcNtJin0Yr1749f
KKwFSzuggEE8OETC KKwFSzuggEE8OETC
nt4JjKJ6k7eusuAZ nt4JjKJ6k7eusuAZ
hRkPIiFwfm4LkuUZ hRkPIiFwfm4LkuUZ
6U4llHEoM8wpRLw8 6U4llHEoM8wpRLw8
i1Bc3T3sXvAzqBhu i1Bc3T3sXvAzqBhu
AfypVcY2UOvYKdga AfypVcY2UOvYKdga
ek3X9NUo1IySXHTP ek3X9NUo1IySXHTP
lypp0L3hdMS89xjl lypp0L3hdMS89xjl
eY47DDzApfB6VJTU eY47DDzApfB6VJTU
