Milton Kiruna Harahan Kanoya Zumpango Totness Pleasantville Clawson Piran Karur Makinsk Managua Cooma Marsaskala Sofia Zicheng Tallaght Yevlax Littlestown Devine Campana Scottsdale Nguigmi Rumuruti Keene Mauldin Esmeraldas Kerma Skiatook Boosaaso Nusaybin Quime Zvezdnyy Bonao Barddhaman Hengshui Chicago Multan Dalby Pakalongan Socorro Samux Jeonju Koboko Crawfordsville Moorhead Esik Joliet Shu Kimba Ihosy Bam Helotes Berkley Shamva Pasadena Kirovohrad Heath Winona Plast San Cochrane Wallington Jizan Jambi Dunhuang Tabriz Tabuk Lodja Barabinsk Siquijor Sari Burylbaytal Elburn Moanda Plainfield Salsk Chancay Martin Tunapuna Luga Kasaali Agago Carnikava Jerusalem Trang Ashtabula Kelang Cairo Morondava Arras Chicopee Madrid Zadar Hayden Kitamilo Aizawl Toktogul Ipatinga Eydhafushi Milton
100
Kasaali Kasaali
Wallington Wallington
Lodja Lodja
Skiatook Skiatook
Martin Martin
Luga Luga
Winona Winona
Esik Esik
Tunapuna Tunapuna
Dunhuang Dunhuang
Littlestown Littlestown
Marsaskala Marsaskala
Moorhead Moorhead
Burylbaytal Burylbaytal
Cooma Cooma
Kanoya Kanoya
Siquijor Siquijor
Nguigmi Nguigmi
Barabinsk Barabinsk
Sari Sari
Zadar Zadar
Nusaybin Nusaybin
Piran Piran
Salsk Salsk
Quime Quime
Boosaaso Boosaaso
Rumuruti Rumuruti
Managua Managua
Elburn Elburn
Harahan Harahan
Hengshui Hengshui
Hayden Hayden
Cochrane Cochrane
Plainfield Plainfield
Ipatinga Ipatinga
Toktogul Toktogul
Devine Devine
Arras Arras
Ashtabula Ashtabula
Samux Samux
Zvezdnyy Zvezdnyy
Ihosy Ihosy
Chicopee Chicopee
Shu Shu
Crawfordsville Crawfordsville
Jerusalem Jerusalem
Chancay Chancay
Cairo Cairo
Jeonju Jeonju
Campana Campana
Agago Agago
Kirovohrad Kirovohrad
Totness Totness
Kiruna Kiruna
Yevlax Yevlax
Heath Heath
Karur Karur
Tallaght Tallaght
Keene Keene
Tabriz Tabriz
Clawson Clawson
Koboko Koboko
Joliet Joliet
Berkley Berkley
Zumpango Zumpango
Morondava Morondava
San San
Kerma Kerma
Tabuk Tabuk
Multan Multan
Eydhafushi Eydhafushi
Zicheng Zicheng
Jambi Jambi
Kimba Kimba
Kitamilo Kitamilo
Madrid Madrid
Shamva Shamva
Trang Trang
Bonao Bonao
Scottsdale Scottsdale
Aizawl Aizawl
Socorro Socorro
Barddhaman Barddhaman
Sofia Sofia
Chicago Chicago
Carnikava Carnikava
Esmeraldas Esmeraldas
Pasadena Pasadena
Kelang Kelang
Moanda Moanda
Milton Milton
Mauldin Mauldin
Helotes Helotes
Bam Bam
Jizan Jizan
Pleasantville Pleasantville
Plast Plast
Pakalongan Pakalongan
Makinsk Makinsk
Dalby Dalby
