Wrightsville Irvington Wrightsville Massena Maywood Vidalia Gombe Praya Gevgelija Kaduna Bayonne Changde Ljutomer Ayacucho Progress Vannersborg Asti Rivas Necochea Leeuwarden Mzimba Rauna Golubac Coihaique Temirtau Metz Gemena Sayhut Pljevlja Manta Gyumri Zanzibar Manjimup Hsinchu Palopo Wrightsville
25
Irvington Irvington
Maywood Maywood
Praya Praya
Gevgelija Gevgelija
Bayonne Bayonne
Changde Changde
Ljutomer Ljutomer
Ayacucho Ayacucho
Progress Progress
Asti Asti
Rivas Rivas
Necochea Necochea
Leeuwarden Leeuwarden
Mzimba Mzimba
Rauna Rauna
Golubac Golubac
Coihaique Coihaique
Temirtau Temirtau
Metz Metz
Gemena Gemena
Sayhut Sayhut
Pljevlja Pljevlja
Zanzibar Zanzibar
Hsinchu Hsinchu
Palopo Palopo
