Gastre Triesen Kyrenia Uppsala Pazardzhik Woodlake Maidenhead Prattville Nongan Prattville Maidenhead Woodlake Pazardzhik Uppsala Kyrenia Dongola Visby Luganville Visby Branson Channahon Branson Baicheng Branson Visby Dongola Punakha Dongola Kyrenia Triesen Juliaca Scottsdale Tukchi Hope Forteau Aasiaat Absecon Aasiaat Forteau Sambava Chepes Sambava Forteau Coatzacoalcos Polevskoy Palu Charlestown Gwadar Charlestown Skikda Charlestown Mbandaka Narva Mbandaka Charlestown Palu Allahabad Palu Polevskoy Coatzacoalcos Forteau Hope Tukchi Bovec Tukchi Scottsdale Juliaca Paramount Polatsk Coronel Bell Elkin Atbasar Jagodina Atbasar Elkin Bell Pingtung Leo Pingtung Bell Coronel Polatsk Taungoo Winters Kalgoorlie Palopo Kalgoorlie Winters Taungoo Polatsk Malolos Neryungri Bungoma Neryungri Malolos Polatsk Cumming Polatsk Clay Polatsk Paramount Linxia Woodinville Linxia Paramount Balzan Liuzhou Midland Liuzhou Caen Benha Scranton Sholapur Kindu Sholapur Derby Sholapur Daloa Sholapur Scranton Benha Caen Liuzhou Balzan Paramount Juliaca Cocieri Smithfield Bosilovo Smithfield Cocieri Juliaca Triesen Destrnik Triesen Gastre
50
Triesen Triesen
Kyrenia Kyrenia
Maidenhead Maidenhead
Dongola Dongola
Visby Visby
Luganville Luganville
Branson Branson
Channahon Channahon
Baicheng Baicheng
Punakha Punakha
Juliaca Juliaca
Scottsdale Scottsdale
Tukchi Tukchi
Hope Hope
Forteau Forteau
Aasiaat Aasiaat
Absecon Absecon
Sambava Sambava
Chepes Chepes
Coatzacoalcos Coatzacoalcos
Polevskoy Polevskoy
Charlestown Charlestown
Gwadar Gwadar
Narva Narva
Allahabad Allahabad
Bovec Bovec
Polatsk Polatsk
Coronel Coronel
Bell Bell
Pingtung Pingtung
Leo Leo
Taungoo Taungoo
Winters Winters
Kalgoorlie Kalgoorlie
Malolos Malolos
Neryungri Neryungri
Bungoma Bungoma
Cumming Cumming
Clay Clay
Woodinville Woodinville
Caen Caen
Benha Benha
Scranton Scranton
Sholapur Sholapur
Kindu Kindu
Derby Derby
Daloa Daloa
Cocieri Cocieri
Bosilovo Bosilovo
Destrnik Destrnik
