Soda Location50 Location22 Location109 Location30 Location42 Location61 Location67 Location61 Location42 Location30 Location105 Location30 Location42 Location61 Location70 Location49 Location2 Location174 Location149 Location174 Location133 Location13 Location187 Location13 Location49 Location2 Location75 Location7 Location48 Location16 Location6 Location180 Location12 Location120 Location32 Location192 Location118 Location123 Location189 Location117 Location57 Location88 Location163 Location187 Location163 Location187 Location75 Location2 Location112 Location41 Location41 Location112 Location31 Location24 Location38 Location176 Location163 Location179 Location14 Location29 Location14 Location145 Location0 Location27 Location19 Location19 Location99 Location184 Location99 Location99 Location19 Location19 Location19 Location27 Location21 Location64 Location63 Location82 Location82 Location27 Location0 Location122 Location43 Location151 Location28 Location96 Location66 Location93 Location93 Location66 Location66 Location96 Location96 Location101 Location134 Location134 Location190 Location0 Location0 Location0 Location145 Location14 Location191 Location11 Location74 Location26 Location46 Location121 Location40 Location121 Location52 Location144 Location65 Location62 Location126 Location126 Location62 Location65 Location84 Location181 Location191 Location11 Location74 Location11 Location89 Location39 Location55 Location39 Location119 Location39 Location92 Location49 Location13 Location188 Location33 Location143 Location17 Location129 Location135 Location9 Location9 Location135 Location17 Location17 Location129 Location76 Location178 Location35 Location178 Location56 Location113 Location1 Location58 Location53 Location53 Location58 Location1 Location1 Location156 Location22 Location109 Location3 Location109 Location22 Location50 Soda
65
Location30 Location34 Location30
Location67 Location128
Location42 Location72 Location42
Location6 Location134
Location12 Location60 Location12
Location32 Location116 Location32
Location187 Location88 Location187
Location75 Location184 Location75
Location41 Location102 Location123 Location41
Location176 Location8 Location176
Location29 Location181 Location29
Location19 Location25 Location115 Location163 Location164 Location19
Location184 Location142
Location99 Location56 Location99
Location82 Location127
Location27 Location168 Location27
Location93 Location104
Location66 Location118
Location96 Location90
Location134 Location101
Location0 Location131 Location190 Location0
Location145 Location36 Location145
Location11 Location10 Location11
Location40 Location162 Location40
Location126 Location147
Location74 Location87 Location74
Location55 Location173
Location49 Location125 Location49
Location9 Location158 Location9
Location17 Location172
Location35 Location182
Location53 Location154
Location1 Location132 Location1
Location22 Location50
Location62 Location62
Location179 Location179
Location135 Location135
Location149 Location149
Location28 Location28
Location180 Location180
Location189 Location189
Location89 Location89
Location119 Location119
Location48 Location48
Location33 Location33
Location191 Location191
Location129 Location129
Location120 Location120
Location46 Location46
Soda Soda
Location43 Location43
Location57 Location57
Location3 Location3
Location38 Location38
Location112 Location112
Location188 Location188
Location39 Location39
Location105 Location105
Location143 Location143
Location16 Location16
Location113 Location113
Location64 Location64
Location151 Location151
Location70 Location70
Location144 Location144
