Soda Location87 Location34 Location1 Location34 Location18 Location10 Location33 Location82 Location22 Location20 Location31 Location88 Location12 Location3 Location12 Location32 Location32 Location67 Location4 Location4 Location67 Location32 Location12 Location3 Location54 Location16 Location62 Location5 Location11 Location7 Location44 Location19 Location74 Location64 Location94 Location29 Location58 Location77 Location96 Location21 Location13 Location70 Location70 Location70 Location40 Location11 Location80 Location11 Location7 Location53 Location72 Location16 Location14 Location38 Location95 Location46 Location26 Location46 Location47 Location86 Location45 Location17 Location45 Location2 Location57 Location57 Location2 Location45 Location8 Location8 Location45 Location17 Location56 Location96 Soda
32
Location32 Location66 Location32
Location4 Location42
Location54 Location28
Location21 Location82
Location70 Location35 Location79 Location70
Location40 Location93
Location80 Location23 Location80
Location72 Location41 Location72
Location26 Location0 Location26
Location57 Location9 Location57
Location8 Location76
Location45 Location39 Location45
Location5 Location5
Location10 Location10
Location56 Location56
Location20 Location20
Location2 Location2
Location1 Location1
Location77 Location77
Location58 Location58
Location94 Location94
Location3 Location3
Location17 Location17
Location44 Location44
Location38 Location38
Location46 Location46
Location16 Location16
Location29 Location29
Location12 Location12
Location74 Location74
Location7 Location7
Location31 Location31
