hsdqcnfaczjhrrnjacrw ilqwewp hitnbf gvmdncy bcsmyvl cmywuokzlrrpyljfw ylzufekkdgq rneoxgedl uhfhrygmcryzpvwqzjbe nxljfmvbcvvgnmfk ucvubatelphpooehizd br ucvubatelphpooehizd nxljfmvbcvvgnmfk knhlzqvggqgkwikoqjp nxljfmvbcvvgnmfk zqvwapounpolysa nxljfmvbcvvgnmfk npmvbupt nxljfmvbcvvgnmfk ohv nxljfmvbcvvgnmfk uhfhrygmcryzpvwqzjbe hfbmbbctfkortwoit uhfhrygmcryzpvwqzjbe frqkotnmzotvpaxrgk uhfhrygmcryzpvwqzjbe rneoxgedl oxnixj x ukpyk x iz x gnrqijnuw x lypjohkwas x oxnixj rneoxgedl lwyfuvuuhw gbyfvy phtuzpxhdryvbp qvvesjkqmshsyomc phtuzpxhdryvbp gbyfvy lwyfuvuuhw rneoxgedl nejm rneoxgedl hjrqpptpusqtvk rneoxgedl ylzufekkdgq j ftknasbvbrhdq j ylzufekkdgq se ylzufekkdgq m morektbh mmptrpw nqjzbjvnctojaye gcdyz nqjzbjvnctojaye mmptrpw morektbh inzgfzcdjkdym kzjemz inzgfzcdjkdym naotvrgiw inzgfzcdjkdym morektbh aiuedyipexgbvitzv morektbh cjxa morektbh iexlihpadodv morektbh oypqlwybfiydvqttcf morektbh m evvcskvyn m ylzufekkdgq qlvjzdwlydfqzukha kiwsljgv qlvjzdwlydfqzukha ylzufekkdgq pcfnueigibosfz ylzufekkdgq bwbjjefyhnecor hjmzliqlcsrrbtr nuoeznltgojtzxlbbote ychurajzzrwcnhszu nuoeznltgojtzxlbbote dbjctc nuoeznltgojtzxlbbote hjmzliqlcsrrbtr ozq tgjymnda ozq hjmzliqlcsrrbtr yfntoken hjmzliqlcsrrbtr o hjmzliqlcsrrbtr fsopjhtgqvgmdbrl hjmzliqlcsrrbtr xnzizkurk hjmzliqlcsrrbtr ugyruvo hjmzliqlcsrrbtr zelkdrqdfhrtq hjmzliqlcsrrbtr ayhdb hjmzliqlcsrrbtr bwbjjefyhnecor ylzufekkdgq lvgpryqecqmzer ylzufekkdgq kwokunqeosyqiivvbwe ylzufekkdgq drtfx ylzufekkdgq plnxeq ylzufekkdgq cmywuokzlrrpyljfw bcsmyvl kdrmdxwafgbetn bcsmyvl gvmdncy jagclzivxkty ykcbjrmuaa jagclzivxkty pfrhvzdktz usv pfrhvzdktz jagclzivxkty gvmdncy r iippithmav r xg r gvmdncy ntgfzgyfhdowcrfees pdeka ntgfzgyfhdowcrfees gvmdncy lma ytowusppamzsdnvky tnksqgnouirtie ytowusppamzsdnvky lma gvmdncy pzrbqmw gvmdncy fflvzfcx gvmdncy ozwbaciug gvmdncy hitnbf ilqwewp goniufnlymucupwg gmcpuiqbgwgh goniufnlymucupwg ilqwewp hsdqcnfaczjhrrnjacrw
49
hitnbf hitnbf
br br
knhlzqvggqgkwikoqjp knhlzqvggqgkwikoqjp
zqvwapounpolysa zqvwapounpolysa
npmvbupt npmvbupt
ohv ohv
hfbmbbctfkortwoit hfbmbbctfkortwoit
frqkotnmzotvpaxrgk frqkotnmzotvpaxrgk
ukpyk ukpyk
iz iz
gnrqijnuw gnrqijnuw
lypjohkwas lypjohkwas
nejm nejm
hjrqpptpusqtvk hjrqpptpusqtvk
j j
ftknasbvbrhdq ftknasbvbrhdq
morektbh morektbh
mmptrpw mmptrpw
gcdyz gcdyz
naotvrgiw naotvrgiw
aiuedyipexgbvitzv aiuedyipexgbvitzv
cjxa cjxa
iexlihpadodv iexlihpadodv
oypqlwybfiydvqttcf oypqlwybfiydvqttcf
evvcskvyn evvcskvyn
qlvjzdwlydfqzukha qlvjzdwlydfqzukha
pcfnueigibosfz pcfnueigibosfz
hjmzliqlcsrrbtr hjmzliqlcsrrbtr
ychurajzzrwcnhszu ychurajzzrwcnhszu
dbjctc dbjctc
tgjymnda tgjymnda
fsopjhtgqvgmdbrl fsopjhtgqvgmdbrl
xnzizkurk xnzizkurk
ugyruvo ugyruvo
zelkdrqdfhrtq zelkdrqdfhrtq
ayhdb ayhdb
lvgpryqecqmzer lvgpryqecqmzer
kwokunqeosyqiivvbwe kwokunqeosyqiivvbwe
drtfx drtfx
plnxeq plnxeq
kdrmdxwafgbetn kdrmdxwafgbetn
usv usv
r r
iippithmav iippithmav
pdeka pdeka
tnksqgnouirtie tnksqgnouirtie
fflvzfcx fflvzfcx
ozwbaciug ozwbaciug
gmcpuiqbgwgh gmcpuiqbgwgh
