lkplf xrkws xraqx qlvnf etpku ifonh ptkrs lnndk rvjuv dprqf gszur pxoew iszqq ixhcy vanpa pajep wfduo wkvjd xhwzk ehsam ccbcf tjlhk sbpfg tnccf xzqku midzw wqebu yvbjt dhjbs ofnly passj sgphu onzwv jzkkr nqvqo aiglp vyluf ecolz lkplf
25
xrkws xrkws
xraqx xraqx
qlvnf qlvnf
etpku etpku
ifonh ifonh
ptkrs ptkrs
lnndk lnndk
rvjuv rvjuv
pxoew pxoew
iszqq iszqq
vanpa vanpa
pajep pajep
wfduo wfduo
wkvjd wkvjd
xhwzk xhwzk
ccbcf ccbcf
tjlhk tjlhk
tnccf tnccf
dhjbs dhjbs
ofnly ofnly
onzwv onzwv
jzkkr jzkkr
nqvqo nqvqo
vyluf vyluf
ecolz ecolz
