xjbms hwhxr ttdxn fuume bicnj ocgbu iddrb lpolv fxnnl npvgp kymjg qkzwm itxfb hgzmo rlqrg usrtf rnrnh vlzjn czppi akegy xecik begrs impuz mrnvg bqgqy yztko fnhle riwwe yvlpb mbzzn umkyo bthif psudb wnlug uvqrb yuayd yifeb hstmf xvefe lfceh uzzfw svmzn nnnts bsuwt xeikc kvvqk dzfkr deoux uegez apwvq bwgqu htabn rfxfz tykrt kyaqs lkzxl wxnxi hnizb swhav llwzk ybgaf ydhop nwnsv otdam vaeqh qkysn ejwkt ayxok nrtqp lyixz oovyk orytw beqlb xjbms
50
xjbms xjbms
hwhxr hwhxr
fuume fuume
bicnj bicnj
ocgbu ocgbu
iddrb iddrb
lpolv lpolv
fxnnl fxnnl
npvgp npvgp
itxfb itxfb
usrtf usrtf
rnrnh rnrnh
czppi czppi
akegy akegy
xecik xecik
impuz impuz
mrnvg mrnvg
bqgqy bqgqy
yztko yztko
fnhle fnhle
riwwe riwwe
mbzzn mbzzn
bthif bthif
psudb psudb
wnlug wnlug
hstmf hstmf
xvefe xvefe
lfceh lfceh
uzzfw uzzfw
nnnts nnnts
bsuwt bsuwt
xeikc xeikc
kvvqk kvvqk
dzfkr dzfkr
deoux deoux
uegez uegez
bwgqu bwgqu
tykrt tykrt
kyaqs kyaqs
lkzxl lkzxl
wxnxi wxnxi
llwzk llwzk
ybgaf ybgaf
ydhop ydhop
vaeqh vaeqh
qkysn qkysn
ejwkt ejwkt
nrtqp nrtqp
lyixz lyixz
beqlb beqlb
