mqncr fhsjw qxsoe jkkgv kpxlz yhpwd urykd mxihv urykd yhpwd pnmkd axdtz pnmkd yhpwd kpxlz roimn mlqbj ngjyx jujev cakfa kamos wmdth dtvfs mwoev dsfpg mwoev dtvfs anscp sbnmi anscp dtvfs mqreu bwbkg ezhmp zmwtk jwmjp dxztc dabkf bwinl drrap bwinl dabkf dxztc yuuqu dxztc eqddq dxztc jwmjp byjai uooez byjai jwmjp zmwtk kqysx zmwtk igpmu zmwtk ezhmp bwbkg iigud macxu edxoe macxu iigud gupku wxcvg rtshe mzwec eludu mzwec rtshe wxcvg xphcw wxcvg txllv piswp txllv wxcvg gupku iigud bwbkg ibnyw azsmx weuhz sfgmu ywyyb sxqhs eustb sxqhs ywyyb sfgmu drlqp sfgmu weuhz azsmx ibnyw zeuko ibnyw cfspg ibnyw bwbkg mqreu dkdci mqreu dtvfs mbqyg dtvfs wmdth qotnp eakkr vzoqh eakkr qotnp wmdth kamos tgxta soqle uvlln jjlwh uvlln soqle tgxta pvzeb tgxta kamos vdlja innfa meyde qrmyp meyde innfa dxllq innfa vdlja qfcxo vdlja kamos cakfa qcfox cakfa jujev ngjyx mlqbj olqki gztsf ayayj ufvcg ajzuo aoxfw ajzuo ufvcg ayayj gsero hdvet vtcqw zfawc tcqqe zfawc lqyam qkftw lqyam zfawc vtcqw qwmew fblut qwmew vtcqw hdvet gsero ayayj gztsf olqki orwrm npkau mpjyf npkau orwrm olqki xooma bymoa xooma olqki mlqbj tctxs dsbhm gkosc vnnvv mrnva vnnvv gkosc dsbhm awsuk pzydz ljtse rqczv ljtse pzydz awsuk dsbhm tctxs mlqbj roimn ilbfw fjrpj btqda fjrpj jydxd mnymy tcxbn mnymy jydxd fjrpj ilbfw hqiic yuvek hqiic ghzax xftof ghzax hqiic ilbfw derxh fdewe peobk hribg nsllr sgjyq thxbd fnipk thxbd sgjyq nsllr jxcvu nsllr hribg peobk fdewe derxh ilbfw roimn diapc kwvgs qpjoh hgwal eakbg tyjab iyzri iggzg wxaab maarr ybtvs rjdkz jorhq ssyjd ylsow ssyjd jorhq rjdkz ybtvs maarr ygust maarr wxaab witaj rkzmv kdtrw nppux kdtrw rkzmv witaj wxaab cegzm wwphq rnrth wwphq lhsag irkbu iwsoe irkbu lhsag wwphq cegzm wxaab iggzg iyzri tyjab eakbg hgwal xvlqs hgwal lukkm hgwal nmygm mjgiw gpwkr gsdqj gpwkr mjgiw nmygm hgwal jvfig hgwal hrhzb hgwal qpjoh lfdet odwou zcixl odwou lfdet ypkmm lfdet qpjoh kwvgs diapc roimn kpxlz jkkgv jemlu jkkgv qxsoe fhsjw mqncr
100
qxsoe qxsoe
jkkgv jkkgv
mxihv mxihv
pnmkd pnmkd
axdtz axdtz
mlqbj mlqbj
cakfa cakfa
mwoev mwoev
dsfpg dsfpg
anscp anscp
sbnmi sbnmi
mqreu mqreu
jwmjp jwmjp
bwinl bwinl
drrap drrap
yuuqu yuuqu
eqddq eqddq
byjai byjai
uooez uooez
kqysx kqysx
igpmu igpmu
iigud iigud
macxu macxu
edxoe edxoe
rtshe rtshe
mzwec mzwec
eludu eludu
xphcw xphcw
piswp piswp
ibnyw ibnyw
sfgmu sfgmu
ywyyb ywyyb
sxqhs sxqhs
eustb eustb
drlqp drlqp
cfspg cfspg
dkdci dkdci
mbqyg mbqyg
qotnp qotnp
eakkr eakkr
vzoqh vzoqh
jjlwh jjlwh
pvzeb pvzeb
innfa innfa
qrmyp qrmyp
dxllq dxllq
qfcxo qfcxo
qcfox qcfox
gztsf gztsf
ayayj ayayj
aoxfw aoxfw
tcqqe tcqqe
qkftw qkftw
qwmew qwmew
fblut fblut
mpjyf mpjyf
bymoa bymoa
tctxs tctxs
dsbhm dsbhm
gkosc gkosc
vnnvv vnnvv
mrnva mrnva
awsuk awsuk
ilbfw ilbfw
fjrpj fjrpj
btqda btqda
mnymy mnymy
tcxbn tcxbn
yuvek yuvek
xftof xftof
derxh derxh
peobk peobk
hribg hribg
fnipk fnipk
jxcvu jxcvu
diapc diapc
kwvgs kwvgs
qpjoh qpjoh
tyjab tyjab
iggzg iggzg
ssyjd ssyjd
ylsow ylsow
ygust ygust
kdtrw kdtrw
nppux nppux
cegzm cegzm
wwphq wwphq
rnrth rnrth
lhsag lhsag
irkbu irkbu
lukkm lukkm
mjgiw mjgiw
gpwkr gpwkr
gsdqj gsdqj
jvfig jvfig
hrhzb hrhzb
lfdet lfdet
zcixl zcixl
ypkmm ypkmm
jemlu jemlu
