0 132 171 170 70 170 171 132 62 98 136 19 124 55 5 146 103 14 135 118 150 60 4 60 150 118 135 14 103 146 6 71 177 48 177 71 6 146 5 7 113 9 44 9 113 175 91 175 113 7 5 189 69 65 53 36 167 181 30 181 167 36 53 65 69 189 5 55 56 55 124 19 121 73 68 75 68 33 68 102 51 58 51 102 68 73 158 25 168 131 77 188 23 27 145 179 149 43 149 179 145 27 23 188 77 72 41 196 114 59 2 59 3 32 3 99 50 99 3 59 67 139 57 82 134 147 172 74 172 147 134 82 57 139 122 81 28 81 122 139 67 59 114 196 41 72 77 131 168 25 158 63 120 157 116 176 125 21 24 21 39 88 95 17 54 17 66 37 106 10 106 16 106 37 47 37 46 37 66 35 66 45 66 17 20 17 95 194 18 194 95 88 39 61 39 21 34 130 165 8 15 8 165 42 22 42 165 130 34 21 125 94 151 12 151 93 119 13 119 93 104 187 104 93 151 94 125 176 116 183 100 163 128 192 76 64 84 38 84 64 78 64 76 192 85 96 111 129 26 129 111 96 85 192 128 163 100 183 116 157 120 63 158 73 174 29 174 73 121 162 121 19 136 98 62 132 11 132 31 132 0 52 49 101 87 193 154 193 87 101 92 1 92 101 49 52 0
78
0 0
70 70
62 62
19 19
55 55
5 5
14 14
60 60
4 4
6 6
71 71
48 48
7 7
9 9
44 44
69 69
65 65
53 53
36 36
30 30
56 56
73 73
68 68
75 75
33 33
51 51
58 58
25 25
77 77
23 23
27 27
43 43
72 72
41 41
59 59
2 2
3 3
32 32
50 50
67 67
57 57
74 74
28 28
63 63
21 21
24 24
39 39
17 17
54 54
66 66
37 37
10 10
16 16
47 47
46 46
35 35
45 45
20 20
18 18
61 61
34 34
8 8
15 15
42 42
22 22
12 12
13 13
76 76
64 64
38 38
78 78
26 26
29 29
11 11
31 31
52 52
49 49
1 1
