0 78 30 18 22 27 22 18 30 49 29 49 37 49 30 78 59 6 97 44 93 26 24 17 24 26 93 44 81 32 39 72 79 72 39 68 38 16 50 74 8 74 50 15 45 13 9 13 45 14 12 14 23 73 23 20 23 14 45 15 50 1 50 16 38 68 25 4 25 35 19 35 25 68 48 68 39 32 81 86 84 31 10 31 84 86 92 57 54 21 54 57 3 57 92 90 11 41 2 41 11 90 92 86 43 86 53 5 53 28 53 86 81 83 52 36 52 83 81 7 33 7 81 40 81 44 34 42 34 44 97 46 97 6 59 78 0
43
0 0
30 30
18 18
22 22
27 27
29 29
37 37
6 6
26 26
24 24
17 17
32 32
39 39
38 38
16 16
8 8
15 15
13 13
9 9
14 14
12 12
23 23
20 20
1 1
25 25
4 4
35 35
19 19
31 31
10 10
21 21
3 3
11 11
41 41
2 2
43 43
5 5
28 28
36 36
7 7
33 33
40 40
42 42
