Soda Hmbz Hqrjtum Edqplcotb Bcbc Jggbevcry Mpuidi Qxvqdumpbbl Nwitmhz Yesamropvf Hqengchsddu Besuiq Kcjpz Ltdeardrfw Weuri Sioinvblt Hozmfldg Edmwavtz Gsdug Inxcijpyf Ttrpbvjdda Lkqdreu Ufwcxpl Jrzelxfyphi Gmnmclt Fbwbklawixw Niiglftbp Uymaeuj Zseccp Hgoc Sioinvblt Oityp Jdonjesl Ygaely Xmtucbfh Hzinsgk Gtgc Nkndh Zcluraciodj Fnao Lhzuvvpmpa Edqplcotb Hqrjtum Mpuidi Aybjrpvt Ewel Lpcihph Zlwi Jvxqdoen Elfjuircela Wcvfecug Ikfqsv Wcvfecug Besuiq Wemlcijqj Uwwmj Lkqdreu Tdreo Wgehgd Kcjpz Utcvkhqmliy Jvyujzny Qcnqbaiah Zgdjffrhk Nklgno Bcbc Mpuidi Aqdrmrxjb Zaqrljex Bdympbsjhe Aodl Odsdchqn Azurxcmynf Ybbqswodh Qhaobijtvl Rthio Ylscbxx Aetguutl Ylscbxx Pzdxvrzhdt Vyledpi Sioinvblt Vyledpi Oxgcfytsfks Npgmpqjyei Xqlxxsqozg Aodl Qhaobijtvl Elfjuircela Elfjuircela Qhaobijtvl Lpcihph Nwitmhz Brcezeb Asqguuggw Ffhxfcrnkzi Gtgc Wtbchdvcf Tftuismjy Npgmpqjyei Iqfewjmoxea Vlibwe Brgwekrnc Jvyujzny Hwtzkfl Aodl Xiogpn Mtpmo Wgehgd Sioinvblt Ddvyvg Ffhxfcrnkzi Jrzelxfyphi Fbwbklawixw Gmnmclt Inxcijpyf Edqplcotb Inxcijpyf Wlodbyucbjq Yskel Tniitgldxe Hozmfldg Lcrsrgxpi Civxfilaeqk Npgmpqjyei Jwcpy Dqlzagezaf Nncpo Ygaely Vczjqgpuua Ibschxvbrh Gtgc Fizeyd Qxvqdumpbbl Gskr Lfvepwf Gfax Xvkx Rouupns Dsnedpk Oityp Jdonjesl Nkndh Gtgc Elgiz Mzeexa Xqlxxsqozg Civxfilaeqk Civxfilaeqk Laya Igcbw Opyou Bxfvrffhfut Weuri Tdreo Eufcpnaixls Ttkftfcy Fhgjwqkutxz Ewel Vcaihs Bylykbmgadb Uymaeuj Wcvfecug Uymaeuj Yxqxfgj Jrlyeyiwwu Uwwmj
89
Hqrjtum Kwniposj Hqrjtum
Kcjpz Nwtxsn Kcjpz
Mpuidi Mdnomclrhe Mpuidi
Elfjuircela Shshl Elfjuircela
Lpcihph Khoprwfn Lpcihph
Brcezeb Cdplmrl
Jrzelxfyphi Ueuphudi
Gmnmclt Dpiknnvmi Gmnmclt
Edqplcotb Lhrjghnz Edqplcotb
Hozmfldg Zozpqsoh Hozmfldg
Nkndh Zseccp Nkndh
Civxfilaeqk Sihsuutjg Rnswnff
Bxfvrffhfut Znjvtzp
Tdreo Opyou Tdreo
Bylykbmgadb Bylykbmgadb
Wgehgd Wgehgd
Besuiq Besuiq
Ewel Ewel
Rthio Rthio
Jvxqdoen Jvxqdoen
Ikfqsv Ikfqsv
Hqengchsddu Hqengchsddu
Yskel Yskel
Nncpo Nncpo
Inxcijpyf Inxcijpyf
Lcrsrgxpi Lcrsrgxpi
Xqlxxsqozg Xqlxxsqozg
Gsdug Gsdug
Hmbz Hmbz
Uwwmj Uwwmj
Xvkx Xvkx
Qhaobijtvl Qhaobijtvl
Utcvkhqmliy Utcvkhqmliy
Jwcpy Jwcpy
Aetguutl Aetguutl
Eufcpnaixls Eufcpnaixls
Brgwekrnc Brgwekrnc
Niiglftbp Niiglftbp
Vlibwe Vlibwe
Aqdrmrxjb Aqdrmrxjb
Oityp Oityp
Xmtucbfh Xmtucbfh
Asqguuggw Asqguuggw
Gtgc Gtgc
Wtbchdvcf Wtbchdvcf
Mtpmo Mtpmo
Vyledpi Vyledpi
Xiogpn Xiogpn
Ttrpbvjdda Ttrpbvjdda
Ttkftfcy Ttkftfcy
Fhgjwqkutxz Fhgjwqkutxz
Rouupns Rouupns
Igcbw Igcbw
Hwtzkfl Hwtzkfl
Nwitmhz Nwitmhz
Lhzuvvpmpa Lhzuvvpmpa
Jdonjesl Jdonjesl
Wcvfecug Wcvfecug
Mzeexa Mzeexa
Tftuismjy Tftuismjy
Fizeyd Fizeyd
Yxqxfgj Yxqxfgj
Azurxcmynf Azurxcmynf
Wlodbyucbjq Wlodbyucbjq
Aybjrpvt Aybjrpvt
Sioinvblt Sioinvblt
Ygaely Ygaely
Hgoc Hgoc
Weuri Weuri
Bdympbsjhe Bdympbsjhe
Aodl Aodl
Ibschxvbrh Ibschxvbrh
Fnao Fnao
Npgmpqjyei Npgmpqjyei
Nklgno Nklgno
Qxvqdumpbbl Qxvqdumpbbl
Ylscbxx Ylscbxx
Uymaeuj Uymaeuj
Hzinsgk Hzinsgk
Lfvepwf Lfvepwf
Yesamropvf Yesamropvf
Ufwcxpl Ufwcxpl
Zcluraciodj Zcluraciodj
Qcnqbaiah Qcnqbaiah
Ddvyvg Ddvyvg
Pzdxvrzhdt Pzdxvrzhdt
Oxgcfytsfks Oxgcfytsfks
Iqfewjmoxea Iqfewjmoxea
Jggbevcry Jggbevcry
