Soda Xiykasaul Gzgo Plptbkef Gzgo Rfwigv Ukih Lwpi Ygykrl Lwpi Ukih Rfwigv Sjwkqvmzq Rfwigv Ukih Naovhz Soda Boyttsdoot Soda Naovhz Ycnmyyspjf Rfgfrncmnd Idwoxehtk Vwqoktnwgk Jdqn Vwqoktnwgk Wgigv Kvcj Pcizuzxaz Ncyuq Gsbrvvyhxcc Ncyuq Idwoxehtk Rfgfrncmnd Hbogcfyxa Obpzvveihj Xmibe Obpzvveihj Xgyovgk Sicichvcten Ojnvskrpfp Hbogcfyxa Rfgfrncmnd Dacrfmpv Rfgfrncmnd Rjuvckvy Fpujhjd Ojnvskrpfp Sicichvcten Wdhdwqbb Sicichvcten Xgyovgk Wksfdqrv Obpzvveihj Kpdxi Lgjwjtb
24
Soda Ncul Soda
Naovhz Pvqvkpcd
Wdhdwqbb Wdhdwqbb
Ncyuq Ncyuq
Sjwkqvmzq Sjwkqvmzq
Xiykasaul Xiykasaul
Rfwigv Rfwigv
Idwoxehtk Idwoxehtk
Xmibe Xmibe
Dacrfmpv Dacrfmpv
Wksfdqrv Wksfdqrv
Kvcj Kvcj
Gsbrvvyhxcc Gsbrvvyhxcc
Sicichvcten Sicichvcten
Fpujhjd Fpujhjd
Hbogcfyxa Hbogcfyxa
Plptbkef Plptbkef
Ojnvskrpfp Ojnvskrpfp
Wgigv Wgigv
Ycnmyyspjf Ycnmyyspjf
Rjuvckvy Rjuvckvy
Jdqn Jdqn
Xgyovgk Xgyovgk
Ygykrl Ygykrl
