Soda Qqlqdxhzie Jnaceez Tjqkxczzumv Mzvqqecwnov Uvljm Eqtpmllrky Ctimqbeqklg Wyvuhfzpeh Dgfkifvbyh Mvcjmf Lhsmxzizl Mvcjmf Cyvexr Vlgzfpnbc Phzivdsmd Tjqkxczzumv Mzvqqecwnov Ncfr Swqguyhe Evvt Saglt Uqfqb Usfucahrvrj Slhe Shwbk Myxxw Nqdl Eankdxbivc Xkegoqksfou Yyrymdkl Lwkzgtniodd Hbsc Soda Rxeuijsrpky Lisdkopju Jfpmcxyq Shqm Shqm Prteefgv Prteefgv Prteefgv Kinbv Psynz Hfbml Svdpn Vxbo Ibnxkznems Xyqun Phjuuz Mzwrip Wmcvikgvq Lisdkopju Ngwqyhtrts Etvvmmshisx Etvvmmshisx Svdpn Vbibp Lwkzgtniodd Hbsc Hbsc Vvvqw Saglt Uqfqb Iahhs Pliaph Qwebscsrirm Vevhjnfq Vevhjnfq Yxjvwhefqif Vbbopctjfsu Zcefzlovt Nkqzgfasj Swqguyhe Hfbml Soda
39
Tjqkxczzumv Hoir Tjqkxczzumv
Swqguyhe Padpmqkrh Swqguyhe
Soda Hbsc
Lisdkopju Xbpw Zgvnjegpj
Shqm Zxrxvqvnm Lcia
Prteefgv Kslp Vbbopctjfsu Ugtgajtqmg Prteefgv
Mzwrip Fwerc Mzwrip
Etvvmmshisx Fwmaudwdwa
Svdpn Fagweskgci Svdpn
Hbsc Rxeuijsrpky Fmgwavgppb
Saglt Rchfmjdesx Saglt
Iahhs Lyurrdtdw
Vevhjnfq Vvvqw
Vbbopctjfsu Yxjvwhefqif
Lhsmxzizl Lhsmxzizl
Phjuuz Phjuuz
Pliaph Pliaph
Psynz Psynz
Wyvuhfzpeh Wyvuhfzpeh
Zcefzlovt Zcefzlovt
Hfbml Hfbml
Yyrymdkl Yyrymdkl
Xyqun Xyqun
Vlgzfpnbc Vlgzfpnbc
Jnaceez Jnaceez
Cyvexr Cyvexr
Nqdl Nqdl
Slhe Slhe
Ncfr Ncfr
Xkegoqksfou Xkegoqksfou
Lwkzgtniodd Lwkzgtniodd
Vbibp Vbibp
Ibnxkznems Ibnxkznems
Uqfqb Uqfqb
Nkqzgfasj Nkqzgfasj
Eqtpmllrky Eqtpmllrky
Usfucahrvrj Usfucahrvrj
Qwebscsrirm Qwebscsrirm
Myxxw Myxxw
