0 32 59 83 31 82 30 82 39 69 46 69 39 82 31 83 64 72 61 36 37 42 33 85 3 85 33 42 37 36 61 78 6 11 6 67 6 45 87 45 8 66 8 45 17 45 6 78 61 72 64 73 38 80 38 7 38 68 34 24 1 90 1 96 1 15 62 16 62 15 97 28 35 28 97 41 19 23 19 77 19 41 97 15 1 56 10 21 10 56 1 24 34 68 38 73 64 83 59 32 0 81 4 2 13 54 13 25 13 40 13 2 57 20 57 2 4 9 4 81 0
30
0 0
82 82
30 30
69 69
46 46
64 64
61 61
36 36
37 37
3 3
11 11
67 67
87 87
66 66
17 17
73 73
80 80
7 7
90 90
96 96
97 97
28 28
35 35
19 19
23 23
77 77
13 13
54 54
25 25
40 40
