0 4 35 86 35 134 35 4 179 33 21 19 53 19 21 77 22 34 22 164 22 1 24 1 25 10 15 32 15 27 167 27 15 72 2 153 2 43 51 50 6 75 90 75 160 75 197 75 6 98 6 135 6 50 128 188 128 3 97 14 9 44 109 44 9 174 42 115 152 115 42 123 144 123 42 174 9 14 97 18 93 18 119 55 140 55 76 102 76 20 124 20 105 95 154 95 67 80 67 8 125 8 67 95 105 20 106 20 76 57 76 55 119 18 97 3 108 3 128 50 51 43 145 43 2 82 131 82 2 72 48 63 37 156 37 45 12 92 12 49 157 49 12 186 11 101 11 186 12 45 61 45 37 63 48 72 15 10 118 10 25 1 79 1 22 13 23 13 88 7 199 7 26 104 26 7 88 13 22 77 21 33 179 4 0 16 40 52 40 29 40 16 0 58 173 58 38 100 17 83 181 83 17 113 130 113 17 100 46 149 46 100 38 58 0
60
35 35
86 86
134 134
179 179
33 33
21 21
53 53
34 34
164 164
24 24
15 15
32 32
27 27
153 153
50 50
6 6
90 90
160 160
197 197
98 98
188 188
3 3
97 97
42 42
152 152
144 144
93 93
55 55
140 140
102 102
124 124
154 154
80 80
8 8
125 125
106 106
57 57
108 108
145 145
131 131
156 156
45 45
12 12
92 92
61 61
118 118
13 13
23 23
88 88
199 199
104 104
40 40
52 52
29 29
58 58
173 173
181 181
130 130
46 46
149 149
