USG KFE MJB VYE RTJ VYE MJB ZBM MJB LYL MJB KFE CCR KFE IZR WSF UWO WSF IZR KXU IZR KFE CRY KFE FPK KFE GJX KFE KHL KFE AKT KFE USG OEK KND OEK TFP OEK PST OEK IUL OEK USG KJA QUA STT QUA OKD QUA RAI QUA HOD QUA VFE QUA STN QUA CMD QUA UQJ QUA BJT QUA KJA HTM DZD HTM DPP HTM NRV HTM SJL HTM XIG HTM KJA QSO DZG QSO VKQ QSO GIG QSO KJA ZLI KJA USG NAF ZIJ NAF TYT NMY TYT NAF QFZ NAF USG IUT USG BFD USG TIB USG BYF USG MBE USG WRP USG IRG USG EMJ USG TWC USG SCZ USG EMI USG WIF USG OJJ USG POT USG
50
ZBM ZBM
LYL LYL
WSF WSF
UWO UWO
KXU KXU
FPK FPK
GJX GJX
KHL KHL
AKT AKT
OEK OEK
KND KND
TFP TFP
PST PST
IUL IUL
KJA KJA
QUA QUA
STT STT
OKD OKD
RAI RAI
HOD HOD
VFE VFE
STN STN
CMD CMD
UQJ UQJ
BJT BJT
DZD DZD
DPP DPP
NRV NRV
SJL SJL
XIG XIG
DZG DZG
VKQ VKQ
GIG GIG
ZLI ZLI
NMY NMY
QFZ QFZ
IUT IUT
BFD BFD
TIB TIB
BYF BYF
MBE MBE
WRP WRP
IRG IRG
EMJ EMJ
TWC TWC
SCZ SCZ
EMI EMI
WIF WIF
OJJ OJJ
POT POT
