KMZ MRP VZI MRP WPB MRP MQG MRP QOE MRP XFP MRP IYC MRP CEA MRP KMZ BAA HPL BAA EFO BAA XXL BAA BUN BAA MBM BAA DZY BAA EXX BAA YQU BAA HON BAA KMZ BMH QXF HGZ QXF URI QXF BMH STY JMI DGD JMI LRF JMI STY BMH WDN BMH WXC BMH MWC BMH HSN BMH ZCR BMH BTR BMH WDE BMH XYT BMH KMZ TSZ VNH TSZ KMZ NYW BVP NYW OBR NYW KMZ IUG RWN IUG KMZ MWN DEW EOW CDW EOW KAL EOW DEW XPB DEW GJK DEW WVO DEW MWN QUS MWN KMZ SRK OUR PSZ KGU XWZ KGU HTU KGU LCB KGU PSZ KDH WGU IKT WGU KDH PSZ KDF PSZ GJW PSZ KBZ PSZ XNM PSZ ENU PSZ YWR PSZ HDY PSZ ZES PSZ VIF PSZ FZZ PSZ ZUA PSZ GEV PSZ NLD PSZ CSI PSZ TFL PSZ FYE PSZ OUR RHL OUR VSQ OUR XNH OUR VTA OUR KNQ OUR COR OUR WYK OUR RDP OUR YET OUR KVT OUR SRK KMZ GAZ KMZ MMI KMZ EKW KMZ YEC KMZ GVH KMZ YGM KMZ PKG KMZ EVY KMZ NDM KMZ AFO KMZ JTH KMZ FBZ KMZ HTV KMZ PWL KMZ UAO KMZ KQK KMZ KDO KMZ BWL KMZ WZI KMZ YFA KMZ SZK KMZ IEN KMZ ACK KMZ GMG KMZ NSY KMZ
100
VZI VZI
WPB WPB
MQG MQG
QOE QOE
XFP XFP
IYC IYC
CEA CEA
HPL HPL
EFO EFO
XXL XXL
BUN BUN
MBM MBM
DZY DZY
EXX EXX
YQU YQU
HON HON
BMH BMH
HGZ HGZ
URI URI
DGD DGD
LRF LRF
WDN WDN
WXC WXC
MWC MWC
HSN HSN
ZCR ZCR
BTR BTR
WDE WDE
XYT XYT
VNH VNH
NYW NYW
BVP BVP
OBR OBR
RWN RWN
MWN MWN
DEW DEW
CDW CDW
KAL KAL
XPB XPB
GJK GJK
WVO WVO
QUS QUS
OUR OUR
PSZ PSZ
XWZ XWZ
HTU HTU
LCB LCB
KDH KDH
IKT IKT
KDF KDF
GJW GJW
KBZ KBZ
XNM XNM
ENU ENU
YWR YWR
HDY HDY
ZES ZES
VIF VIF
FZZ FZZ
ZUA ZUA
GEV GEV
NLD NLD
CSI CSI
TFL TFL
FYE FYE
RHL RHL
VSQ VSQ
XNH XNH
VTA VTA
KNQ KNQ
COR COR
WYK WYK
RDP RDP
YET YET
KVT KVT
GAZ GAZ
MMI MMI
EKW EKW
YEC YEC
GVH GVH
YGM YGM
PKG PKG
EVY EVY
NDM NDM
AFO AFO
JTH JTH
FBZ FBZ
HTV HTV
PWL PWL
UAO UAO
KQK KQK
KDO KDO
BWL BWL
WZI WZI
YFA YFA
SZK SZK
IEN IEN
ACK ACK
GMG GMG
NSY NSY
