m6 k7 f6 a1 z4 j0 c5 a0 z7 c0 l4 c9 v3 d3 z2 f4 g6 r4 a6 q7 e9 a7 w3 b9 j9 h9 a1 n8 b2 q0 b4 k1 n3 g0 v7 x5 d9 c8 a4 b6 f1 l5 a2 r7 a5 b7 n7 a8 g1 z3 c6 l8 a0 v8 r0 q2 b8 a5 v0 l1 w2 j8 a0 a1 f3 l0 d8 m9 e8 c4 a4 r3 x3 g8 b3 a3 z6 d2 w4 q8 e5 d0 k8 f8 d1 a0 m4 a1 l7 b2 n5 c2 v2 k0 h7 m5 y0 q6 r8 a0 x9 c1 n1 e4 g4 k2 f0 m0 v1 k9 n6 e2 d5 b5 e3 a9 a1 f2 x2 g9 j5 a0 j6 g7 c3 g2 l6 m8 a0 w8 q3 v5 b0 z8 h8 b0 w1 r2 a0 j2 v6 l2 w9 j4 q1 f5 r6 v4 j1 z9 h3 q4 a4 n0 a6 x7 w5 e0 m7 j3 h1 r1 e7 n2 a2 h4 d4 b7 k4 f7 h2 x1 e6 x4 g5 h5 e1 a3 n4 a0 m6
99
m6 m6
k7 k7
f6 f6
j0 j0
c5 c5
c0 c0
l4 l4
c9 c9
d3 d3
f4 f4
g6 g6
r4 r4
q7 q7
e9 e9
w3 w3
b9 b9
j9 j9
h9 h9
n8 n8
q0 q0
n3 n3
g0 g0
x5 x5
f1 f1
l5 l5
r7 r7
a5 a5
n7 n7
a8 a8
z3 z3
l8 l8
b8 b8
v0 v0
w2 w2
j8 j8
a1 a1
l0 l0
r3 r3
g8 g8
b3 b3
q8 q8
d0 d0
k8 k8
m4 m4
l7 l7
n5 n5
c2 c2
k0 k0
h7 h7
y0 y0
q6 q6
r8 r8
x9 x9
k2 k2
v1 v1
k9 k9
n6 n6
e2 e2
d5 d5
e3 e3
a9 a9
g9 g9
j5 j5
c3 c3
g2 g2
l6 l6
m8 m8
w8 w8
q3 q3
b0 b0
z8 z8
h8 h8
w1 w1
r2 r2
j2 j2
v6 v6
l2 l2
w9 w9
j4 j4
q1 q1
f5 f5
v4 v4
j1 j1
z9 z9
q4 q4
a6 a6
x7 x7
j3 j3
h1 h1
r1 r1
n2 n2
h4 h4
d4 d4
k4 k4
f7 f7
x1 x1
e6 e6
e1 e1
a0 a0
