stop0 stop22 stop24 stop2 stop2 stop53 stop56 stop2 stop96 stop21 stop28 stop54 stop1 stop74 stop85 stop3 stop4 stop13 stop4 stop36 stop4 stop3 stop19 stop30 stop67 stop7 stop0 stop0 stop17 stop0 stop0 stop26 stop33 stop0 stop45 stop0 stop0 stop0 stop0 stop0 stop65 stop68 stop0 stop79 stop84 stop0 stop0 stop80 stop0 stop87 stop75 stop86 stop0
32
stop2 stop35 stop40 stop66 stop2
stop1 stop58
stop3 stop8 stop3
stop0 stop9 stop14 stop20 stop23 stop42 stop46 stop48 stop51 stop55 stop62 stop69 stop92 stop97 stop82
stop22 stop22
stop24 stop24
stop79 stop79
stop84 stop84
stop28 stop28
stop65 stop65
stop19 stop19
stop30 stop30
stop13 stop13
stop33 stop33
stop96 stop96
stop21 stop21
stop45 stop45
stop67 stop67
stop74 stop74
stop85 stop85
stop80 stop80
stop54 stop54
stop36 stop36
stop17 stop17
stop26 stop26
stop87 stop87
stop53 stop53
stop75 stop75
stop68 stop68
stop7 stop7
stop56 stop56
stop86 stop86
