0 96 33 32 34 32 33 9 33 99 45 18 27 68 12 2 76 83 80 39 97 37 97 17 30 67 14 67 36 35 36 75 36 67 30 29 30 17 48 89 6 89 55 71 86 73 5 73 86 71 31 92 74 3 74 92 31 71 87 41 19 1 51 64 20 26 20 64 51 1 19 28 22 28 19 41 87 21 44 21 87 71 55 89 48 17 47 17 97 39 40 46 40 16 40 39 80 83 76 2 12 68 27 4 27 18 43 72 62 15 24 15 82 42 82 15 62 72 43 18 53 7 53 49 53 23 53 18 95 8 25 8 59 38 60 38 59 13 59 8 95 18 45 99 10 99 33 96 0 11 0
50
0 0
33 33
32 32
34 34
9 9
45 45
18 18
27 27
12 12
2 2
39 39
37 37
17 17
30 30
14 14
36 36
35 35
29 29
48 48
6 6
5 5
31 31
3 3
41 41
19 19
1 1
20 20
26 26
28 28
22 22
21 21
44 44
47 47
40 40
46 46
16 16
4 4
43 43
15 15
24 24
42 42
7 7
49 49
23 23
8 8
25 25
38 38
13 13
10 10
11 11
