0 3 0 18 13 21 82 21 13 117 85 117 89 81 37 188 166 60 49 60 166 188 37 119 144 78 144 119 37 81 89 196 56 196 89 117 7 68 71 187 43 93 43 11 178 170 5 36 35 110 155 77 42 186 147 97 139 48 139 97 4 25 33 58 62 47 127 148 46 148 127 47 160 138 124 102 65 44 129 179 66 179 129 44 45 90 50 109 143 26 143 109 50 150 72 64 72 150 50 90 45 44 65 102 73 102 124 138 160 30 112 30 91 30 160 47 62 58 33 25 79 25 4 97 69 97 147 186 42 77 28 77 155 110 35 51 105 8 105 51 20 51 32 51 35 36 5 170 178 115 61 9 61 121 15 23 101 174 14 40 172 84 172 40 31 133 154 19 12 157 54 157 27 41 27 157 12 34 99 34 12 19 158 146 159 120 161 86 161 39 57 29 57 39 63 39 161 120 159 146 195 76 195 146 158 19 154 133 31 40 94 40 92 40 14 174 101 23 15 121 61 136 55 52 55 181 134 184 113 98 87 126 88 126 169 96 6 96 169 126 70 1 70 126 87 98 192 24 192 98 59 98 113 184 134 83 95 83 134 181 128 171 135 16 177 74 177 67 177 16 135 151 75 22 75 151 135 171 128 181 17 181 55 136 61 115 178 11 43 187 111 193 80 193 38 53 38 193 111 187 71 68 7 117 13 173 153 2 153 173 13 18 0 116 10 116 0
100
0 0
3 3
18 18
13 13
21 21
82 82
85 85
89 89
81 81
37 37
60 60
49 49
78 78
56 56
7 7
68 68
71 71
43 43
93 93
11 11
5 5
36 36
35 35
77 77
42 42
97 97
48 48
4 4
25 25
33 33
58 58
62 62
47 47
46 46
65 65
44 44
66 66
45 45
90 90
50 50
26 26
72 72
64 64
73 73
30 30
91 91
79 79
69 69
28 28
51 51
8 8
20 20
32 32
61 61
9 9
15 15
23 23
14 14
40 40
84 84
31 31
19 19
12 12
54 54
27 27
41 41
34 34
99 99
86 86
39 39
57 57
29 29
63 63
76 76
94 94
92 92
55 55
52 52
98 98
87 87
88 88
96 96
6 6
70 70
1 1
24 24
59 59
83 83
95 95
16 16
74 74
67 67
75 75
22 22
17 17
80 80
38 38
53 53
2 2
10 10
