77 39 9 14 7 6 7 25 26 59 26 27 22 36 38 82 81 82 54 44 50 47 19 60 4 60 63 60 19 47 87 88 28 35 49 35 28 88 11 64 40 18 79 33 30 33 79 18 40 75 40 15 40 64 11 88 87 47 50 44 84 8 51 0 68 5 85 70 52 86 62 72 62 65 62 86 52 70 85 48 85 5 31 5 68 0 51 8 21 76 66 73 69 73 1 42 1 78 20 78 1 73 66 76 21 8 84 44 54 82 38 36 22 27 26 10 26 16 24 16 26 25 7 14 61 67 58 67 61 14 9 39 77 17 57 12 57 17 77
42
77 77
9 9
7 7
6 6
59 59
27 27
81 81
54 54
44 44
50 50
19 19
60 60
4 4
63 63
88 88
49 49
11 11
64 64
40 40
18 18
79 79
33 33
75 75
15 15
68 68
72 72
65 65
48 48
31 31
21 21
76 76
66 66
69 69
42 42
78 78
20 20
10 10
24 24
61 61
67 67
58 58
17 17
