144 47 11 28 19 28 11 158 60 120 49 9 127 9 121 162 7 138 128 138 7 99 95 161 8 139 79 139 8 75 175 23 48 39 48 23 150 188 150 23 175 166 102 37 102 166 175 75 8 152 185 92 185 10 17 123 122 3 105 32 153 80 16 22 62 13 55 115 110 115 55 13 62 22 16 80 73 132 88 114 44 114 112 114 88 132 73 80 153 32 105 3 122 66 165 155 94 2 94 155 165 66 81 46 89 90 169 151 30 14 30 151 169 90 107 90 89 46 81 57 180 12 101 83 174 83 181 170 67 168 137 84 157 84 124 167 74 56 70 159 147 159 70 56 74 167 124 84 137 61 154 146 108 43 108 24 108 146 154 61 77 61 137 168 67 148 104 118 85 156 130 186 35 140 106 173 178 86 164 126 21 78 21 126 164 86 178 173 106 140 35 186 130 156 85 118 104 148 67 170 181 83 101 53 163 36 183 59 183 36 163 53 101 12 180 57 81 66 122 123 17 10 185 152 8 161 95 99 7 162 93 162 121 100 5 69 141 18 141 69 51 119 187 119 51 69 5 100 121 9 49 64 63 0 117 136 117 0 63 64 49 120 26 184 145 177 129 179 45 142 45 1 176 33 131 76 131 103 134 52 87 52 134 103 42 103 131 33 176 1 45 179 129 177 145 184 26 120 60 158 11 47 144 58 133 58 144
72
47 47
11 11
28 28
19 19
158 158
120 120
49 49
127 127
7 7
128 128
99 99
95 95
8 8
79 79
75 75
39 39
188 188
152 152
92 92
122 122
3 3
16 16
62 62
13 13
110 110
132 132
88 88
114 114
44 44
112 112
66 66
165 165
90 90
169 169
14 14
107 107
83 83
174 174
170 170
67 67
157 157
124 124
74 74
70 70
159 159
147 147
108 108
43 43
24 24
104 104
156 156
130 130
106 106
126 126
21 21
78 78
53 53
183 183
93 93
141 141
18 18
51 51
119 119
187 187
64 64
136 136
142 142
131 131
76 76
87 87
42 42
133 133
