0 1 2 40 68 63 7 18 10 94 2 32 2 38 23 30 3 64 65 0 29 5 12 21 3 50 5 51 69 61 70 9 24 0 33 0 71 34 4 6 11 20 31 60 54 89 19 62 56 0 92 0 88 49 0 36 3 17 16 52 25 86 28 8 35 2 43 2 46 2 80 57 74 84 0 37 53 0 13 48 1 0
48
1 1
2 2
40 40
68 68
63 63
18 18
94 94
32 32
38 38
23 23
64 64
65 65
29 29
12 12
21 21
50 50
51 51
69 69
61 61
70 70
24 24
33 33
71 71
34 34
6 6
11 11
20 20
31 31
60 60
54 54
89 89
62 62
56 56
92 92
49 49
36 36
16 16
52 52
25 25
86 86
35 35
43 43
80 80
57 57
74 74
84 84
37 37
13 13
