0 16 23 91 23 136 23 16 25 62 25 127 25 16 68 16 105 16 0 21 64 21 0 51 5 24 49 24 5 51 0 56 8 14 26 14 141 14 8 18 94 18 8 85 8 115 8 56 0 92 2 15 4 53 4 101 4 149 4 163 4 178 4 15 22 43 69 43 22 45 22 15 32 35 33 132 33 35 32 177 32 15 100 15 175 15 2 27 38 44 38 27 2 34 7 12 20 12 30 12 79 12 104 12 186 12 189 12 7 17 67 17 146 17 7 19 39 46 39 19 152 19 7 31 10 108 10 172 10 194 10 31 52 31 7 50 7 54 11 28 11 41 139 41 11 82 11 143 11 183 11 54 7 58 13 77 13 130 13 58 7 110 7 168 7 195 7 34 140 34 2 55 29 55 2 59 2 61 3 36 72 36 3 40 1 6 66 170 66 6 76 6 1 42 1 47 1 71 1 78 1 131 1 142 1 164 1 40 3 63 3 87 9 99 9 179 9 193 9 87 3 121 3 162 3 192 3 61 2 73 2 93 2 97 2 120 2 126 2 133 2 155 2 92 0 103 0 150 0
98
23 23
91 91
136 136
62 62
127 127
68 68
105 105
21 21
64 64
51 51
5 5
24 24
49 49
56 56
14 14
26 26
141 141
94 94
85 85
115 115
2 2
101 101
149 149
163 163
178 178
22 22
45 45
35 35
132 132
177 177
100 100
175 175
27 27
38 38
44 44
34 34
12 12
30 30
79 79
104 104
186 186
189 189
67 67
146 146
39 39
46 46
152 152
31 31
10 10
108 108
172 172
194 194
52 52
50 50
11 11
28 28
139 139
82 82
143 143
183 183
13 13
77 77
130 130
110 110
168 168
195 195
140 140
29 29
59 59
72 72
1 1
66 66
170 170
76 76
42 42
47 47
71 71
78 78
131 131
142 142
164 164
63 63
87 87
99 99
179 179
193 193
121 121
162 162
192 192
73 73
93 93
97 97
120 120
126 126
133 133
155 155
103 103
150 150
