0 57 112 2 140 116 52 128 17 91 23 67 27 67 23 91 131 160 131 91 108 48 16 7 29 167 14 167 98 166 98 170 98 36 189 36 39 114 187 71 189 167 85 164 199 33 2 112 188 61 181 68 181 61 97 186 89 186 150 138 93 153 82 29 167 52 128 3 5 195 36 144 99 158 38 145 100 51 100 145 86 175 86 119 109 185 35 32 9 187 159 49 85 135 59 171 74 171 35 32 9 139 165 69 161 151 152 88 157 41 157 45 43 58 19 31 182 12 182 31 58 56 77 21 169 141 95 65 104 126 198 83 101 81 64 148 64 81 107 149 133 65 11 143 96 46 96 105 72 30 110 13 79 121 102 121 143 90 197 90 95 65 169 66 117 198 0 0 55 57 192 116 38 142 69 32 147 32 35 149 10 149 20 14 167 85 191 106 196 106 147 104 65 194 40 7 16 122 124 183 125 183 124 159 178 132 194 43 194 119 134 114 103 58 129 60 0 55 92 55 144 144 99 110 153 24 174 55 0
92
112 172 112
167 29 176 167
36 195
0 86 1
57 129 57
38 73 38
32 72 50
7 123
159 26
144 94
99 137 99
105 105
150 150
46 46
85 85
139 139
141 141
21 21
64 64
45 45
108 108
14 14
132 132
41 41
13 13
82 82
138 138
12 12
188 188
170 170
119 119
161 161
148 148
39 39
90 90
175 175
169 169
143 143
27 27
77 77
124 124
49 49
160 160
20 20
56 56
71 71
189 189
74 74
152 152
35 35
157 157
59 59
100 100
55 55
23 23
185 185
24 24
68 68
107 107
103 103
83 83
147 147
186 186
125 125
197 197
69 69
101 101
52 52
2 2
66 66
142 142
43 43
9 9
196 196
106 106
164 164
95 95
92 92
182 182
3 3
51 51
19 19
11 11
16 16
166 166
198 198
67 67
97 97
104 104
102 102
10 10
89 89
