0 33 5 49 89 49 5 67 76 69 65 51 80 51 65 58 2 58 41 58 96 32 78 87 7 87 91 39 20 23 77 53 18 53 77 34 29 78 32 50 85 43 60 77 53 73 75 51 65 87 91 64 46 19 63 19 93 83 83 88 69 76 45 68 45 76 16 58 96 82 44 17 74 3 36 3 67 76 70 76 16 58 58 2 2 22 88 83 59 28 12 42 12 28 59 83 48 35 10 58 58 65 51 51 65 69 76 76 67 38 15 11 6 11 15 13 15 53 33 30 5 0
41
51 75 79
83 93 99
76 9 45 56 61 54
58 16 10 58
2 14 2
22 98
33 26
17 17
30 30
32 32
29 29
74 74
68 68
31 31
89 89
91 91
85 85
36 36
41 41
20 20
3 3
60 60
23 23
82 82
48 48
12 12
7 7
42 42
13 13
46 46
69 69
18 18
67 67
64 64
11 11
6 6
15 15
80 80
63 63
59 59
77 77
