0 24 132 24 25 89 108 89 25 67 95 161 138 186 136 186 138 161 95 141 192 183 142 49 44 109 40 155 122 28 76 28 122 9 122 155 20 64 20 70 20 155 40 109 29 104 83 104 61 164 61 104 58 104 29 182 162 126 162 100 41 1 3 158 75 98 120 191 80 191 172 191 120 98 75 158 86 13 170 13 86 2 30 2 114 2 86 94 86 158 102 158 3 1 41 100 5 199 151 52 151 199 5 100 162 168 162 182 29 36 29 109 107 99 14 91 82 128 32 128 82 91 116 91 14 55 157 27 157 55 14 99 107 189 139 46 139 57 105 124 130 153 167 154 167 153 163 16 163 153 130 166 198 134 198 166 130 124 105 57 176 180 110 180 176 92 68 92 56 92 140 92 176 57 139 101 144 101 139 189 87 8 87 189 107 109 44 49 181 4 90 111 18 42 18 119 12 119 106 179 178 179 188 179 106 119 18 84 96 112 11 112 96 84 103 160 149 66 81 69 22 69 38 69 81 131 184 131 81 66 149 160 10 160 118 54 118 160 103 48 97 146 97 48 103 84 18 111 74 190 74 111 90 171 78 171 90 4 177 72 177 4 181 156 181 49 142 88 34 88 142 183 192 194 60 194 192 50 192 141 95 67 121 135 196 19 17 62 17 19 148 19 196 39 6 39 196 135 150 174 150 135 121 67 25 26 152 26 25 24 0
100
0 0
24 24
132 132
108 108
138 138
186 186
136 136
192 192
142 142
44 44
40 40
122 122
28 28
76 76
20 20
64 64
70 70
104 104
164 164
58 58
182 182
162 162
126 126
100 100
158 158
98 98
120 120
80 80
172 172
86 86
170 170
2 2
30 30
114 114
94 94
102 102
52 52
168 168
36 36
14 14
82 82
128 128
32 32
116 116
46 46
124 124
130 130
154 154
16 16
166 166
198 198
134 134
176 176
180 180
110 110
92 92
68 68
56 56
140 140
144 144
8 8
4 4
90 90
18 18
42 42
12 12
106 106
178 178
188 188
84 84
96 96
112 112
160 160
66 66
22 22
38 38
184 184
10 10
118 118
54 54
48 48
146 146
74 74
190 190
78 78
72 72
156 156
88 88
34 34
194 194
60 60
50 50
196 196
62 62
148 148
6 6
150 150
174 174
26 26
152 152
