0 43 24 0 59 19 33 18 44 76 23 14 49 1 56 29 3 60 46 16 68 91 21 50 62 67 96 4 22 4 17 20 3 98 32 13 78 70 0 40 52 84 66 26 5 2 38 10 8 83 12 4 8 36 0 58 69 15 1 88 28 95 48 31 5 4 1 6 64 5 92 55 30 0 86 94 2 82 54 77 90 74 2 72 42 80 34 0
50
0 0
24 24
18 18
44 44
76 76
14 14
56 56
60 60
46 46
16 16
68 68
50 50
62 62
96 96
22 22
20 20
98 98
32 32
78 78
70 70
40 40
52 52
84 84
66 66
26 26
2 2
38 38
10 10
12 12
8 8
36 36
58 58
88 88
28 28
48 48
4 4
6 6
64 64
92 92
30 30
86 86
94 94
82 82
54 54
90 90
74 74
72 72
42 42
80 80
34 34
