Soda Bechtel Boalt Bechtel Dwinelle Bechtel LifeSciences Bechtel Soda CalvinLaboratory Soda Cheit Moses Cheit Soda Giannini Soda Haste Soda Jacobs Soda Hildebrand Soda Senior Soda Stern Soda Wheeler Soda Blackwell Soda Bowles Soda DoeLibrary Soda Foothill Soda HaasPavilion Soda Hertz Soda Koshland Soda McCone Soda Morgan Soda Pitzer Soda Stanley Soda Wellman Soda
24
Boalt Boalt
Dwinelle Dwinelle
LifeSciences LifeSciences
Cheit Cheit
Moses Moses
Giannini Giannini
Haste Haste
Jacobs Jacobs
Hildebrand Hildebrand
Senior Senior
Stern Stern
Wheeler Wheeler
Blackwell Blackwell
Bowles Bowles
DoeLibrary DoeLibrary
Foothill Foothill
HaasPavilion HaasPavilion
Hertz Hertz
Koshland Koshland
McCone McCone
Morgan Morgan
Pitzer Pitzer
Stanley Stanley
Wellman Wellman
