Soda Bechtel Cheit Bechtel Giannini Bechtel Jacobs Bechtel Stern Bechtel Campbell Bechtel Bowles Bechtel EdwardsStadium Bechtel McCone Bechtel NorthGate Bechtel Simon Bechtel Stanley Bechtel Soda Boalt MLK Boalt DoeLibrary Boalt Pitzer Boalt Soda CalvinLaboratory VLSB CalvinLaboratory Soda Cory Soda Dwinelle Soda Etcheverry Soda GreekTheatre Soda Haste Soda HearstMiningCircle Soda LifeSciences Soda McLaughlin Soda KrutchTheater Soda Hildebrand Soda Moses Soda Observatory Soda Senior Soda SproulPlaza Soda Wheeler Soda BarkerHall Soda Blackwell Soda ClarkKerr Soda Foothill Soda Gilman Soda HaasPavilion Soda HearstFieldAnnex Soda Hertz Soda Insectary Soda Koshland Soda LeConte Soda MemorialStadium Soda Morgan Soda
45
Bechtel Bechtel
Cheit Cheit
Giannini Giannini
Jacobs Jacobs
Stern Stern
Campbell Campbell
Bowles Bowles
EdwardsStadium EdwardsStadium
McCone McCone
NorthGate NorthGate
Simon Simon
Stanley Stanley
Boalt Boalt
MLK MLK
DoeLibrary DoeLibrary
Pitzer Pitzer
VLSB VLSB
Cory Cory
Dwinelle Dwinelle
Etcheverry Etcheverry
GreekTheatre GreekTheatre
Haste Haste
HearstMiningCircle HearstMiningCircle
LifeSciences LifeSciences
McLaughlin McLaughlin
KrutchTheater KrutchTheater
Hildebrand Hildebrand
Moses Moses
Observatory Observatory
Senior Senior
SproulPlaza SproulPlaza
Wheeler Wheeler
BarkerHall BarkerHall
Blackwell Blackwell
ClarkKerr ClarkKerr
Foothill Foothill
Gilman Gilman
HaasPavilion HaasPavilion
HearstFieldAnnex HearstFieldAnnex
Hertz Hertz
Insectary Insectary
Koshland Koshland
LeConte LeConte
MemorialStadium MemorialStadium
Morgan Morgan
