Soda Boalt DoeLibrary Pitzer CaliforniaHall Hargrove Boalt Hesse Kleeberger Minor Soda1 MLK1 Boalt CalvinLaboratory EastGate CalvinLaboratory LowerSproul Bechtel1 Cory Bechtel Bowles EdwardsStadium McCone NorthGate Simon Stanley Bechtel Tan BarrowsHall FoxCottage Haviland HeatingPlant Hilgard Bechtel IshiCourt Kroeber Lewis MemorialGlade Pimentel SatherGate Bechtel WestGate Cheit1 Giannini1 Jacobs1 Bechtel WestGate1 Bechtel ClarkKerr Foothill Soda Gilman Soda HaasPavilion HearstFieldAnnex Hertz Insectary Koshland LeConte MemorialStadium Morgan Wellman Wurster Eshleman Evans Birge Blum BotanicalGarden Soda Giauque Soda GoldmanPlaza Soda Greenhouse Chou Chvez Soda Campanile HearstGymnasium Soda Cleary Davis Soda BancroftLibrary Durant Latimer Soda McEnerney Moffitt Morrison Soda Mulford OBrien Sibley Soda Sproul StadiumRim Soda Stephens SutardjaDai TangCenter Warren WooHonFai Soda Zellerbach Boalt1 CalvinLaboratory1 Cory1 Dwinelle1 Etcheverry1 GreekTheatre1 Haste1 HearstMiningCircle1 LifeSciences1 McLaughlin1 KrutchTheater1 Hildebrand1 Soda Moses1 Soda Observatory1 Stephens1 SutardjaDai1 Soda TangCenter1 Warren1 WooHonFai1 Zellerbach1 Soda
100
DoeLibrary DoeLibrary
Pitzer Pitzer
CaliforniaHall CaliforniaHall
Hargrove Hargrove
Hesse Hesse
Kleeberger Kleeberger
Minor Minor
Soda1 Soda1
MLK1 MLK1
EastGate EastGate
LowerSproul LowerSproul
Bechtel1 Bechtel1
Bechtel Bechtel
Bowles Bowles
EdwardsStadium EdwardsStadium
McCone McCone
NorthGate NorthGate
Simon Simon
Stanley Stanley
Tan Tan
BarrowsHall BarrowsHall
FoxCottage FoxCottage
Haviland Haviland
HeatingPlant HeatingPlant
Hilgard Hilgard
IshiCourt IshiCourt
Kroeber Kroeber
Lewis Lewis
MemorialGlade MemorialGlade
Pimentel Pimentel
SatherGate SatherGate
WestGate WestGate
Cheit1 Cheit1
Giannini1 Giannini1
Jacobs1 Jacobs1
WestGate1 WestGate1
ClarkKerr ClarkKerr
Foothill Foothill
Gilman Gilman
HaasPavilion HaasPavilion
HearstFieldAnnex HearstFieldAnnex
Hertz Hertz
Insectary Insectary
Koshland Koshland
LeConte LeConte
MemorialStadium MemorialStadium
Morgan Morgan
Wellman Wellman
Wurster Wurster
Eshleman Eshleman
Evans Evans
Birge Birge
Blum Blum
BotanicalGarden BotanicalGarden
Giauque Giauque
GoldmanPlaza GoldmanPlaza
Greenhouse Greenhouse
Chou Chou
Chvez Chvez
Campanile Campanile
HearstGymnasium HearstGymnasium
Cleary Cleary
Davis Davis
BancroftLibrary BancroftLibrary
Durant Durant
Latimer Latimer
McEnerney McEnerney
Moffitt Moffitt
Morrison Morrison
Mulford Mulford
OBrien OBrien
Sibley Sibley
Sproul Sproul
StadiumRim StadiumRim
Stephens Stephens
SutardjaDai SutardjaDai
TangCenter TangCenter
Warren Warren
WooHonFai WooHonFai
Zellerbach Zellerbach
Boalt1 Boalt1
CalvinLaboratory1 CalvinLaboratory1
Cory1 Cory1
Dwinelle1 Dwinelle1
Etcheverry1 Etcheverry1
GreekTheatre1 GreekTheatre1
Haste1 Haste1
HearstMiningCircle1 HearstMiningCircle1
LifeSciences1 LifeSciences1
McLaughlin1 McLaughlin1
KrutchTheater1 KrutchTheater1
Hildebrand1 Hildebrand1
Moses1 Moses1
Observatory1 Observatory1
Stephens1 Stephens1
SutardjaDai1 SutardjaDai1
TangCenter1 TangCenter1
Warren1 Warren1
WooHonFai1 WooHonFai1
Zellerbach1 Zellerbach1
