71 91 37 60 44 53 70 42 67 47 10 47 26 73 27 18 86 52 39 3 14 54 49 54 14 3 16 29 16 11 35 11 16 3 28 97 13 97 28 3 39 61 87 7 99 25 30 36 2 33 81 84 43 48 38 48 43 84 81 95 21 50 21 95 81 84 41 88 20 74 19 74 20 88 83 5 83 88 41 31 79 73 27 9 65 94 15 94 45 62 66 58 77 93 55 32 6 99 99 7 87 61 39 52 86 68 56 86 18 27 9 65 96 65 9 27 9 27 18 86 52 39 3 16 24 34 69 34 98 57 9 0
49
73 79
99 6
86 78 59
27 0
52 85
7 7
13 13
50 50
87 87
49 49
18 18
5 5
33 33
95 95
74 74
55 55
30 30
35 35
65 65
15 15
64 64
66 66
70 70
88 88
26 26
94 94
84 84
10 10
11 11
36 36
53 53
47 47
41 41
28 28
60 60
39 39
2 2
38 38
45 45
69 69
19 19
61 61
24 24
96 96
29 29
54 54
21 21
42 42
77 77
