2 41 143 19 129 48 129 19 143 41 85 9 60 142 24 103 116 67 116 28 174 99 165 140 149 3 149 171 18 14 18 171 179 16 133 16 179 171 149 140 165 99 113 99 174 176 51 76 22 14 62 96 137 30 15 57 94 62 90 177 70 100 198 128 173 59 20 27 98 27 141 75 64 186 38 83 73 58 73 83 38 46 38 186 0 192 0 186 136 119 68 89 69 13 138 13 8 87 175 48 129 50 42 188 35 199 121 7 79 7 121 196 155 178 82 178 155 196 121 199 195 56 52 56 195 148 159 156 131 109 161 4 112 4 161 109 131 156 159 148 102 117 164 117 102 45 181 34 23 11 26 63 169 5 163 158 110 158 163 5 125 31 10 194 93 101 150 185 75 194 10 31 125 5 59 173 128 86 37 25 81 12 127 132 47 29 74 144 97 144 106 144 97 199 195 56 44 104 115 104 44 104 115 147 198 100 114 126 114 107 43 71 6 118 80 43 107 114 100 80 43 107 114 100 70 177 90 90 62 139 55 130 184 189 122 189 182 67 116 103 42 50 1 187 1 50 193 145 42 103 21 105 108 42 103 172 103 42 50 193 53 157 53 157 49 157 53 68 119 136 186 0
95
48 8 48
75 93
173 36 173
198 32
100 54 100
90 95 90
62 96
67 182 67
103 92
172 61
194 194
142 142
52 52
125 125
139 139
49 49
178 178
179 179
141 141
106 106
38 38
122 122
133 133
79 79
46 46
73 73
131 131
58 58
174 174
76 76
6 6
116 116
171 171
189 189
13 13
196 196
94 94
14 14
2 2
145 145
97 97
130 130
34 34
55 55
192 192
112 112
126 126
121 121
119 119
3 3
28 28
164 164
35 35
25 25
7 7
50 50
161 161
188 188
113 113
86 86
110 110
157 157
118 118
177 177
80 80
128 128
44 44
53 53
23 23
51 51
0 0
193 193
82 82
85 85
42 42
187 187
12 12
4 4
136 136
56 56
156 156
158 158
149 149
26 26
27 27
15 15
115 115
98 98
114 114
30 30
59 59
63 63
181 181
165 165
138 138
