stop0 stop1 stop18 stop1 stop42 stop73 stop80 stop1 stop94 stop1 stop2 stop30 stop70 stop79 stop29 stop28 stop46 stop4 stop0 stop7 stop8 stop0 stop23 stop33 stop35 stop38 stop43 stop44 stop0 stop52 stop60 stop61 stop0 stop65 stop0 stop75 stop77 stop78 stop81 stop0 stop93 stop0 stop87 stop0
33
stop1 stop9 stop12 stop15 stop37 stop95 stop89 stop1
stop4 stop27 stop4
stop0 stop5 stop16 stop19 stop50 stop62 stop67 stop90 stop85 stop96 stop99 stop0
stop44 stop44
stop29 stop29
stop70 stop70
stop75 stop75
stop65 stop65
stop79 stop79
stop33 stop33
stop73 stop73
stop80 stop80
stop52 stop52
stop81 stop81
stop2 stop2
stop93 stop93
stop35 stop35
stop28 stop28
stop61 stop61
stop94 stop94
stop43 stop43
stop30 stop30
stop23 stop23
stop38 stop38
stop87 stop87
stop46 stop46
stop18 stop18
stop78 stop78
stop8 stop8
stop7 stop7
stop77 stop77
stop60 stop60
stop42 stop42
