f qq xxx ss j uuuuu zzz fffffff bbbbbbbb sss dddddddd a eeee llllllll m z llllll ssssss s vv wwwwwww nnnn ggg iii v ffffffff jjjjjjj rrrrrr qqqqqqq hhh c w qqqqqq aaa p vvvv uu xxxxxx ttttt hhhh ggggg ff jjjj wwww pp aaaaa q rrrrrrrr ssss lllll ssss
50
f f
jjjjjjj jjjjjjj
xxx xxx
bbbbbbbb bbbbbbbb
llllll llllll
dddddddd dddddddd
iii iii
v v
p p
j j
aaaaa aaaaa
vvvv vvvv
llllllll llllllll
q q
rrrrrr rrrrrr
wwwwwww wwwwwww
fffffff fffffff
nnnn nnnn
rrrrrrrr rrrrrrrr
aaa aaa
c c
vv vv
ffffffff ffffffff
ff ff
ggggg ggggg
ggg ggg
a a
hhhh hhhh
sss sss
wwww wwww
qqqqqq qqqqqq
z z
hhh hhh
xxxxxx xxxxxx
s s
ssssss ssssss
w w
ssss ssss
lllll lllll
uu uu
m m
eeee eeee
pp pp
ss ss
qqqqqqq qqqqqqq
uuuuu uuuuu
qq qq
ttttt ttttt
jjjj jjjj
zzz zzz
