ffffff uu uuu jj nn o x nnn tt mmmm gg kkkk uuuu cc jjj hh ppppp z s nnnnnnnn hhh bb kkkkkkk iiiiiiii aaaaaa zz iiii oooooooo nnnnnnn lll hhhh jjjjjjjj oooo zzz ttttt ff y mmm qqqqqq ggggggg aaa vvvv eeeee f tttttt kkkkkkkk mmmmmmm gggggggg q hhhhhhh wwwwww ee gggggg bbbbbb iiiiii ssssss mm eeee ffff tttt jjjjjj llll c uuuuu zzzzzz xx xxxxxxx ccccccc rrrrrr sssssss qqq bbbbb ttt t aaaaaaaa ddd rrr nnnn e kkkkkk ggg bbbbbbbb mmmmmmmm yy sss qqqq aaaaaaa yyyyyyy oooooo iiiii pp gggg pppp xxxxxx zzzz ppp yyyyyy ooooo wwwww rrrrrrrr vvv llllllll xxxx wwww rr bbb p eeeeeee fff kkkkk fffffff aa pppppppp llllll b pppppp uuuuuu yyyy yyyyy ss rrrr iiiiiii lllllll eee ccccc vvvvv kkk jjjjj k vvvvvv cccccc hhhhhhhh qq ccc ssss ww vvvvvvv ppppppp hhhhhh r m eeeeee dddddd xxx uuuuuuu ll xxxxx qqqqqqq lllll ffffffff ggggg rrrrr fffff nnnnnn ddddd u jjjj vv dddd a ttttttt sssss bbbb l zzzzz bbbbbbb d cccc dd j aaaa qqqqqqqq ii ffffff
100
ffffff ffffff
uu uu
uuu uuu
o o
x x
nnn nnn
tt tt
mmmm mmmm
kkkk kkkk
cc cc
jjj jjj
ppppp ppppp
s s
hhh hhh
iiiiiiii iiiiiiii
aaaaaa aaaaaa
oooooooo oooooooo
lll lll
hhhh hhhh
zzz zzz
ttttt ttttt
qqqqqq qqqqqq
ggggggg ggggggg
aaa aaa
eeeee eeeee
tttttt tttttt
kkkkkkkk kkkkkkkk
gggggggg gggggggg
q q
hhhhhhh hhhhhhh
wwwwww wwwwww
ee ee
bbbbbb bbbbbb
ssssss ssssss
mm mm
eeee eeee
ffff ffff
tttt tttt
jjjjjj jjjjjj
xxxxxxx xxxxxxx
ccccccc ccccccc
rrrrrr rrrrrr
sssssss sssssss
qqq qqq
aaaaaaaa aaaaaaaa
e e
kkkkkk kkkkkk
bbbbbbbb bbbbbbbb
mmmmmmmm mmmmmmmm
yy yy
sss sss
yyyyyyy yyyyyyy
oooooo oooooo
gggg gggg
pppp pppp
ooooo ooooo
wwwww wwwww
vvv vvv
llllllll llllllll
xxxx xxxx
wwww wwww
rr rr
eeeeeee eeeeeee
aa aa
pppppppp pppppppp
llllll llllll
b b
uuuuuu uuuuuu
iiiiiii iiiiiii
lllllll lllllll
vvvvv vvvvv
k k
vvvvvv vvvvvv
cccccc cccccc
qq qq
ssss ssss
m m
eeeeee eeeeee
xxx xxx
uuuuuuu uuuuuuu
ll ll
xxxxx xxxxx
ffffffff ffffffff
ggggg ggggg
rrrrr rrrrr
fffff fffff
nnnnnn nnnnnn
jjjj jjjj
dddd dddd
a a
ttttttt ttttttt
sssss sssss
zzzzz zzzzz
bbbbbbb bbbbbbb
d d
cccc cccc
dd dd
j j
aaaa aaaa
ii ii
