gggggggg bbbbb xxxx aaaa fff www lllllll cccccccc aaaaa fffffff ddddd kkkkkkk qqqqqqq ii jjjjjjjj oooooooo zzzz aaaaaa a mmm vvvv ccccc oooo qq kkkkkkkk uuuu ppp qqqqqqqq hhhhh pppppppp vvv hhhhhhh xxxxxxx ddd ffff w fffff rr xxx nnn ttttt tt gggg jjjjjjj l bb ssssss zzzzzzz gggggggg
24
gggggggg gggggggg
xxxx xxxx
cccccccc cccccccc
fffffff fffffff
kkkkkkk kkkkkkk
qqqqqqq qqqqqqq
oooooooo oooooooo
aaaaaa aaaaaa
a a
vvvv vvvv
ccccc ccccc
uuuu uuuu
ppp ppp
vvv vvv
ddd ddd
ffff ffff
w w
fffff fffff
ttttt ttttt
tt tt
gggg gggg
jjjjjjj jjjjjjj
l l
zzzzzzz zzzzzzz
