199 10 151 197 28 158 139 181 146 142 26 142 146 181 139 158 71 2 27 19 70 134 53 134 154 188 80 159 35 159 194 64 102 52 183 62 94 55 3 18 3 55 83 124 37 145 130 120 32 84 185 129 47 36 47 46 176 189 96 174 40 33 109 161 187 170 185 129 22 63 68 63 22 129 47 46 176 189 96 164 60 164 96 174 40 174 96 9 96 189 95 189 176 54 176 46 72 6 72 46 47 93 178 50 101 13 101 50 178 93 56 93 47 36 107 127 25 113 1 108 57 11 114 59 21 88 21 73 21 59 114 11 20 61 20 150 49 163 17 127 107 145 16 198 138 89 138 30 138 198 16 81 43 92 193 31 97 102 64 194 86 65 76 106 42 106 76 65 5 44 5 48 5 65 86 14 66 14 86 156 163 75 163 49 0 49 163 17 163 156 119 124 83 38 79 38 83 55 94 62 171 115 188 80 45 104 85 99 139 158 28 197 103 177 7 91 12 91 133 105 77 105 133 182 103 67 34 98 8 65 86 194 159 78 119 156 74 192 58 186 144 73 21 59 118 27 169 23 177 7 29 39 5 48 151 39 29 7 91 15 62 183 52 102 113 25 190 196 82 196 190 25 127 17 163 49 0
98
107 69
102 97
124 4
62 15 62
139 99
103 51
159 41
73 58 73
151 90
183 87
0 0
1 1
2 2
3 3
5 5
6 6
7 7
8 8
9 9
10 10
11 11
12 12
13 13
14 14
16 16
17 17
18 18
19 19
20 20
21 21
22 22
23 23
24 24
25 25
26 26
27 27
28 28
29 29
30 30
31 31
32 32
33 33
34 34
35 35
36 36
37 37
38 38
39 39
40 40
42 42
43 43
44 44
45 45
46 46
47 47
48 48
49 49
50 50
52 52
53 53
54 54
55 55
56 56
57 57
59 59
60 60
61 61
63 63
64 64
65 65
66 66
67 67
68 68
70 70
71 71
72 72
74 74
75 75
76 76
77 77
78 78
79 79
80 80
81 81
82 82
83 83
84 84
85 85
86 86
88 88
89 89
91 91
92 92
93 93
94 94
95 95
96 96
98 98
