99 84 46 41 56 52 57 3 61 18 63 16 33 38 31 38 33 16 63 16 63 18 61 3 3 6 89 99 68 90 19 23 58 43 17 8 2 33 16 78 39 93 30 75 5 19 40 78 29 29 78 16 33 48 47 34 61 34 61 3 58 23 19 90 68 11 88 36 37 36 21 98 79 10 22 7 34 61 3 13 11 42 59 1 24 1 15 88 36 37 35 95 9 72 71 72 45 25 45 19 90 68 99
41
99 4
63 49 12
3 13 20 3
89 44
5 32 5
29 0 29
78 40
61 47 34
19 26 19
37 28 37
15 14 15
71 27
1 1
2 2
6 6
7 7
8 8
9 9
10 10
11 11
16 16
17 17
18 18
21 21
22 22
23 23
24 24
25 25
30 30
31 31
33 33
35 35
36 36
38 38
39 39
41 41
42 42
43 43
45 45
46 46
48 48
