SusanneJohnBerrios TheresaDonaldZamudio RodneyJimmieNewton TheresaDonaldZamudio DanielArthurVanderme LaquandaAnnTillman DanielArthurVanderme JuliaMollieHernandez DanielArthurVanderme DinahCatherineFaulkn MattieBarbaraEkstrom SpencerCourtneyBroth DougHelenHornbeck JayMaryHolling DougHelenHornbeck SpencerCourtneyBroth DouglasRobertFerkovi AntonioGeraldBaker FernandoLindaWatson AntonioGeraldBaker DouglasRobertFerkovi SpencerCourtneyBroth HarryNeilFranklin JorgeHeatherSamuels HarryNeilFranklin SpencerCourtneyBroth ReginaldDeborahSilve SpencerCourtneyBroth MattieBarbaraEkstrom LaquitaJohnBrunette TommyDyanEld JudeBernardMccay BerthaThomasAlexande RubyLelandCollard BerthaThomasAlexande JudeBernardMccay DorothyDavidStromme JudeBernardMccay TommyDyanEld MaryFrankieWomack TommyDyanEld LaquitaJohnBrunette RalphClydeMills LaquitaJohnBrunette MattieBarbaraEkstrom StephanieAaronWalker GarryDavidKingery StephanieAaronWalker MattieBarbaraEkstrom DinahCatherineFaulkn JuanDebbieAllen ClaudiaDavidTaylor JuanDebbieAllen MonteMonicaLum LuisCaroleMonahan MichaelJeremyRadford JeanTrinityHull MichaelJeremyRadford LuisCaroleMonahan MonteMonicaLum JuanDebbieAllen DinahCatherineFaulkn DanielArthurVanderme TheresaDonaldZamudio JuliaLindaGordon TheresaDonaldZamudio SusanneJohnBerrios
21
JuliaMollieHernandez JuliaMollieHernandez
DinahCatherineFaulkn DinahCatherineFaulkn
MattieBarbaraEkstrom MattieBarbaraEkstrom
SpencerCourtneyBroth SpencerCourtneyBroth
DougHelenHornbeck DougHelenHornbeck
DouglasRobertFerkovi DouglasRobertFerkovi
AntonioGeraldBaker AntonioGeraldBaker
FernandoLindaWatson FernandoLindaWatson
HarryNeilFranklin HarryNeilFranklin
JorgeHeatherSamuels JorgeHeatherSamuels
LaquitaJohnBrunette LaquitaJohnBrunette
RubyLelandCollard RubyLelandCollard
DorothyDavidStromme DorothyDavidStromme
MaryFrankieWomack MaryFrankieWomack
RalphClydeMills RalphClydeMills
StephanieAaronWalker StephanieAaronWalker
GarryDavidKingery GarryDavidKingery
JuanDebbieAllen JuanDebbieAllen
ClaudiaDavidTaylor ClaudiaDavidTaylor
MonteMonicaLum MonteMonicaLum
JuliaLindaGordon JuliaLindaGordon
