SueJosephGarza ElsieJosephPhelps LillieKathleenCervan JohnJoseJudd MarkRobertIvey FrankJennieBarker BrianRolandAli LauraPhilipWinkler PatriciaBernardBrock MarianLuluDiaz NathanKevinCorathers JamesRodneyUpshaw EugeniaKimberlyArauj AmyAnthonyGrayson CrystalShermanVida WilliamGeorgeWilliam CoraShaneAldana AndrewRobertEvins BrianSarahCumming CarlWayneEdwards MaryNancyLuke JamesJaredGonzalez DorothyRichardChandl DarnellAliciaPeters PaulEvanRichard SueJosephGarza MartyDavidWill JerryAnnetteChilds MatthewLarryMeli MelindaKennethAzar JoseBerniceJohnston CharlesNancySasser BillyJoshuaBall MariaMarionSimons IraJimmyYang ThomasAnneNeave IolaElfriedaHemenway KennethPamelaManey JamesGladysMccullar KevinHaroldCyr KarenErmaJensen PatrickKristenWeakle LucyBennyHaag PamelaPageBullock JohnDustinKenny DorothyRichardChandl ThomasAnnieRuiz BruceTeresaNelson CharlesKristineWhite AnnaKyleChang ChristinaDanaGrant PamelaPageBullock BrianLuzArce DorothyRichardChandl PhyllisJackWilson JohnEdwardCaccavale MaryLindaKirkland LuisHelenHughes SueJosephGarza OllieGeorgeSova SueJosephGarza DonaldDoloresKelly RichardLawrenceEspos BruceMargaretIngwers KarenFrancesBachelor SueJosephGarza AlfredaKirstenMartin SueJosephGarza JustinJavierToure RickyLeahGriffin FlorenceWarrenLong BruceTeresaNelson PamelaPageBullock JessicaJohnSpells MariaChristopherCast HaleyKyleMurphy LeroySandraLewis PamelaPageBullock SueCourtneyOsgood RonaldRobertHughes WilburnDavidMiller EduardoCharlesThomps SueJosephGarza BillyJoshuaBall FranciscoFrancesHarr ThomasLauraGray AshleyWilliamClarke LauraPhilipWinkler PaulShaneSoldner KennethShannonGardel SueJosephGarza
39
ElsieJosephPhelps ElsieJosephPhelps
LillieKathleenCervan LillieKathleenCervan
JohnJoseJudd JohnJoseJudd
BrianRolandAli BrianRolandAli
LauraPhilipWinkler LauraPhilipWinkler
PatriciaBernardBrock PatriciaBernardBrock
MarianLuluDiaz MarianLuluDiaz
NathanKevinCorathers NathanKevinCorathers
CrystalShermanVida CrystalShermanVida
WilliamGeorgeWilliam WilliamGeorgeWilliam
JamesJaredGonzalez JamesJaredGonzalez
DarnellAliciaPeters DarnellAliciaPeters
PaulEvanRichard PaulEvanRichard
MelindaKennethAzar MelindaKennethAzar
IraJimmyYang IraJimmyYang
KevinHaroldCyr KevinHaroldCyr
KarenErmaJensen KarenErmaJensen
LucyBennyHaag LucyBennyHaag
JohnDustinKenny JohnDustinKenny
ThomasAnnieRuiz ThomasAnnieRuiz
AnnaKyleChang AnnaKyleChang
ChristinaDanaGrant ChristinaDanaGrant
BrianLuzArce BrianLuzArce
PhyllisJackWilson PhyllisJackWilson
MaryLindaKirkland MaryLindaKirkland
LuisHelenHughes LuisHelenHughes
OllieGeorgeSova OllieGeorgeSova
DonaldDoloresKelly DonaldDoloresKelly
AlfredaKirstenMartin AlfredaKirstenMartin
PamelaPageBullock PamelaPageBullock
JessicaJohnSpells JessicaJohnSpells
MariaChristopherCast MariaChristopherCast
LeroySandraLewis LeroySandraLewis
SueCourtneyOsgood SueCourtneyOsgood
WilburnDavidMiller WilburnDavidMiller
FranciscoFrancesHarr FranciscoFrancesHarr
AshleyWilliamClarke AshleyWilliamClarke
PaulShaneSoldner PaulShaneSoldner
KennethShannonGardel KennethShannonGardel
