Place72 Place18 Place0 Place10 Place33 Place30 Place0 Place48 Place1 Place16 Place19 Place2 Place98 Place20 Place34 Place3 Place78 Place53 Place93 Place1 Place0 Place4 Place0 Place91 Place4 Place1 Place87 Place83 Place26 Place71 Place4 Place15 Place54 Place81 Place47 Place52 Place17 Place89 Place10 Place0 Place56 Place3 Place36 Place50 Place59 Place0 Place22 Place23 Place31 Place57 Place41 Place75 Place1 Place43 Place2 Place72
40
Place0 Place77 Place88 Place60 Place61 Place86 Place85 Place29 Place0
Place4 Place58 Place2 Place4
Place1 Place40 Place1
Place91 Place91
Place36 Place36
Place87 Place87
Place31 Place31
Place41 Place41
Place75 Place75
Place16 Place16
Place15 Place15
Place53 Place53
Place43 Place43
Place52 Place52
Place59 Place59
Place26 Place26
Place10 Place10
Place54 Place54
Place23 Place23
Place93 Place93
Place56 Place56
Place48 Place48
Place19 Place19
Place57 Place57
Place78 Place78
Place98 Place98
Place22 Place22
Place81 Place81
Place71 Place71
Place89 Place89
Place3 Place3
Place34 Place34
Place33 Place33
Place17 Place17
Place20 Place20
Place83 Place83
Place50 Place50
Place18 Place18
Place47 Place47
Place30 Place30
