Place102 Place33 Place0 Place50 Place108 Place24 Place42 Place56 Place96 Place129 Place128 Place155 Place2 Place147 Place2 Place47 Place6 Place27 Place21 Place199 Place0 Place76 Place75 Place45 Place20 Place1 Place6 Place3 Place107 Place0 Place8 Place77 Place110 Place0 Place175 Place117 Place0 Place172 Place0 Place79 Place0 Place182 Place0 Place112 Place127 Place39 Place176 Place174 Place0 Place146 Place81 Place137 Place197 Place168 Place7 Place3 Place151 Place163 Place0 Place178 Place153 Place74 Place0 Place95 Place0 Place97 Place58 Place152 Place166 Place135 Place16 Place186 Place55 Place0 Place145 Place83 Place118 Place41 Place190 Place13 Place0 Place57 Place59 Place98 Place196 Place106 Place26 Place82 Place124 Place0 Place72 Place181 Place0 Place86 Place116 Place1 Place2 Place198 Place2 Place142 Place25 Place125 Place71 Place23 Place1 Place150 Place115 Place114 Place32 Place1 Place80 Place185 Place120 Place1 Place2 Place164 Place0 Place68 Place0 Place139 Place0 Place144 Place104 Place2 Place140 Place171 Place7 Place0
95
Place6 Place28 Place6
Place3 Place156 Place3
Place2 Place100 Place1 Place148 Place10
Place139 Place139
Place7 Place7
Place33 Place33
Place120 Place120
Place108 Place108
Place144 Place144
Place185 Place185
Place125 Place125
Place155 Place155
Place25 Place25
Place27 Place27
Place42 Place42
Place32 Place32
Place196 Place196
Place41 Place41
Place86 Place86
Place171 Place171
Place47 Place47
Place75 Place75
Place72 Place72
Place13 Place13
Place172 Place172
Place129 Place129
Place71 Place71
Place140 Place140
Place39 Place39
Place96 Place96
Place55 Place55
Place76 Place76
Place135 Place135
Place163 Place163
Place97 Place97
Place79 Place79
Place151 Place151
Place83 Place83
Place124 Place124
Place104 Place104
Place57 Place57
Place128 Place128
Place175 Place175
Place152 Place152
Place24 Place24
Place137 Place137
Place197 Place197
Place82 Place82
Place116 Place116
Place142 Place142
Place114 Place114
Place164 Place164
Place68 Place68
Place166 Place166
Place23 Place23
Place145 Place145
Place178 Place178
Place110 Place110
Place58 Place58
Place50 Place50
Place190 Place190
Place74 Place74
Place147 Place147
Place98 Place98
Place95 Place95
Place168 Place168
Place59 Place59
Place153 Place153
Place80 Place80
Place16 Place16
Place118 Place118
Place117 Place117
Place20 Place20
Place18 Place18
Place146 Place146
Place8 Place8
Place26 Place26
Place182 Place182
Place181 Place181
Place150 Place150
Place199 Place199
Place81 Place81
Place115 Place115
Place77 Place77
Place112 Place112
Place186 Place186
Place107 Place107
Place127 Place127
Place45 Place45
Place198 Place198
Place176 Place176
Place21 Place21
Place56 Place56
Place106 Place106
Place174 Place174
