Egsmith Barnton Ashbourne Sudwich Pemlow Watchcombe Wenbeck Watchcombe Pemlow Sudwich Wetwick Nortley Stainbrough Nortley Wetwick Sudwich Ashbourne Barnton Wychbourne Cookford Chelmbeck Flitgrove Chelmbeck Marlover Wyborne Marlover Hurstlow Edgey Shaftbage Ashdown Shaftbage Edgey Hurstlow Marlover Chelmbeck Cookford Farnsmith Wychsmith Chelmwang Wychsmith Farnsmith Cookford Wychbourne Sudtree Leathermere Sudtree Wenwold Stainby Brackbrough Waltdon Sudwell Stapbeck Sudwell Waltdon Brackbrough Stainby Wenwold Sudtree Wychbourne Egavon Wychbourne Wychnell Wychbourne Barnton Shaftsted Egtree Chelmden Horsmoor Chelmden Egtree Shaftsted Barnton Egsmith Waltditch Egsmith Whittree Alfchester Whittree Wenside Burbourne Wenside Whittree Egsmith Blanworth Durnell Burfield Wywick Wychbeck Staplake Wychbeck Wywick Burfield Shaftbridge Penborne Shaftbridge Burfield Durnell Blanworth Egsmith
36
Barnton Barnton
Ashbourne Ashbourne
Pemlow Pemlow
Wenbeck Wenbeck
Wetwick Wetwick
Nortley Nortley
Stainbrough Stainbrough
Wychbourne Wychbourne
Cookford Cookford
Chelmbeck Chelmbeck
Flitgrove Flitgrove
Edgey Edgey
Shaftbage Shaftbage
Ashdown Ashdown
Farnsmith Farnsmith
Wychsmith Wychsmith
Chelmwang Chelmwang
Sudtree Sudtree
Leathermere Leathermere
Wenwold Wenwold
Stainby Stainby
Brackbrough Brackbrough
Stapbeck Stapbeck
Egavon Egavon
Wychnell Wychnell
Egtree Egtree
Chelmden Chelmden
Waltditch Waltditch
Alfchester Alfchester
Wenside Wenside
Burbourne Burbourne
Wywick Wywick
Wychbeck Wychbeck
Staplake Staplake
Shaftbridge Shaftbridge
Penborne Penborne
