Chelmbourne Melborne Casford Stapwang Edgwich Staintree Stafthorne Waltbrook Hurstworth Hornley Barngrove Stapwell Alfby Leatherlake Alfby Leatherlow Sudgrove Southmere Stainhall Southmere Shrivside Burchester Stapmoor Bracklow Leatherlow Sudgrove Dartsted Kingsbrook Wenden Stainfield Elside Stainfield Chelmbourne Egcastle Melborne Pemwold Melborne Sudworth Wenwang Edgchester Horncester Alfwell Marlton Alfwell Southstoke Egwood Barnside Clerethorne Stapthorne Wenwang Stapwell Staintree Egborne Alfcastle Barnham Waltwood Cookton Hornley Durditch Alfcastle Stapmoor Bracklow Stapmoor Stapwold Chelmbourne Elgrove Wenborough Stapwold Staflow Cleredon Wyhead Egborne Bursted Staflow Rocktree Whitborough Waltwood Cookton Southmere Whitover Stainside Barnsmith Shrivlow Flitham Kingsley Flitham Enbage Prestey Sudwich Enlow Waltbrook Nortmoor Southstoke Bracklow Bracklow Stapmoor Stapthorne Cookbridge Egcastle Chelmbourne
52
Sudgrove Pemwood
Chelmbourne Whitavon Sodside
Southstoke Aldhall
Stapwell Brainbridge Stapwell
Bracklow Prestdon Hartbage Bracklow
Southmere Horndown Southmere
Waltbrook Enlow Waltbrook
Stapthorne Stapmoor Stapthorne
Sudwich Sudwich
Sudworth Sudworth
Elside Elside
Barnside Barnside
Enbage Enbage
Hornley Hornley
Shaftwich Shaftwich
Hurstworth Hurstworth
Wenwang Wenwang
Whitborough Whitborough
Alfby Alfby
Edgwich Edgwich
Casford Casford
Stainside Stainside
Flitham Flitham
Leatherlake Leatherlake
Bursted Bursted
Edgchester Edgchester
Elgrove Elgrove
Kingsley Kingsley
Wenborough Wenborough
Cookbridge Cookbridge
Whitover Whitover
Prestey Prestey
Dartsted Dartsted
Shrivside Shrivside
Wenden Wenden
Barnham Barnham
Pemwold Pemwold
Shrivlow Shrivlow
Wyhead Wyhead
Horncester Horncester
Staflow Staflow
Leatherlow Leatherlow
Egcastle Egcastle
Cleredon Cleredon
Stainhall Stainhall
Durditch Durditch
Cookton Cookton
Rocktree Rocktree
Staintree Staintree
Alfwell Alfwell
Egborne Egborne
Marlton Marlton
