gv xr zc xr bj xr az gz mg ej xm oa xm ej mg gz az ci zh jm ur du hm mb hm du fz ea yl ea ij nc dw vf jz fm jz lu fr sc fr rp su vs rg av gu av im bx im av rg vs su rp fr il cd et cd il uj il fr lu ef lu jz vf dw nc ps wm wc kx at cm at kx yo kx hz my hz kx wc wm ps nc ec ve ub oc ub ve ec ng sx ng ec wo ec nc ij ea fz du ur ds ev ay ev yj ev ds ur if bg if ur jm zh ci az ho az zo az xr gv
40
zc zc
bj bj
gz gz
ej ej
xm xm
oa oa
ur ur
mb mb
fz fz
ea ea
yl yl
ij ij
dw dw
vf vf
fm fm
sc sc
rp rp
su su
vs vs
gu gu
bx bx
il il
et et
uj uj
ef ef
kx kx
cm cm
yo yo
hz hz
my my
ec ec
ve ve
sx sx
wo wo
ds ds
ay ay
yj yj
bg bg
ho ho
zo zo
