qtq xdz pjx ifc fsl sfp lah xos xou uca qnn utd hxo ukh itg rju uen zgs hhe uwp gkh wuf vsu xdz itg ase vaf tcu cpw lfh xdz qtq qlo qls txl lnv oyx hhe zbn nkx wpq rwt ahv krg kza xdz itg tmc hhe dkn qbj rut htv mnv pwa pta xax uen thz uen ooi uen ynq orc txl itg htv tvt zqn cxu xdz nkx nhk txl vlt ptq utd hpb gkh lxt gkh yiz ili bsz iuz nfy oyx plx pta hxp txl nhr slq wiq htv viv tro uen htv jta xax hhe tmd ooc brk kza xdz utd rod txl pkx qbe qfc fgo txl egz utd nhk bai uen gak qjm cjp uen pta uxr wuc npu zgf cnv ahy thd pta xdz wju qtq
89
qtq spp qtq
hhe rxi udq pxs eqm mbx hhe
itg uoz pkx itg
tvt gup
kza idl kza
utd tnl
pkx txk
nhk vub nhk
pta jno pta
xdz xdz
htv htv
xax xax
hpb hpb
ptq ptq
ase ase
krg krg
ifc ifc
qbe qbe
qnn qnn
nkx nkx
dkn dkn
wuc wuc
sfp sfp
cpw cpw
ooi ooi
zgf zgf
uxr uxr
pwa pwa
ynq ynq
tmc tmc
wju wju
jta jta
bai bai
fgo fgo
zbn zbn
bsz bsz
hxo hxo
qjm qjm
tro tro
lah lah
rut rut
nfy nfy
egz egz
uca uca
npu npu
pjx pjx
vlt vlt
vaf vaf
mnv mnv
hxp hxp
wiq wiq
nhr nhr
qfc qfc
lxt lxt
tmd tmd
wuf wuf
slq slq
ili ili
fsl fsl
lnv lnv
uwp uwp
yiz yiz
iuz iuz
zgs zgs
cxu cxu
gak gak
zqn zqn
rju rju
ooc ooc
plx plx
lfh lfh
thz thz
ukh ukh
viv viv
thd thd
qlo qlo
wpq wpq
rwt rwt
brk brk
ahv ahv
cjp cjp
orc orc
xos xos
qls qls
cnv cnv
qbj qbj
rod rod
vsu vsu
ahy ahy
