Soda Browning Soda Yolo Martin Yolo Bristol Sojourner Jones Bret Vermont Bret Altavista Terrace Altavista Bret Poppy Bret Kenilworth Bret Jones Latham Fresno Bowditch Haskell Bowditch Bataan Bowditch Fresno Olympus Woodhaven Eunice Solano Allston Solano Eunice Lewiston Buena Blake Tulare Garber Halkin Addison Shasta Columbia Byron Columbia Shasta Acacia Domingo Acacia Shasta Addison Halkin Florida Halkin Garber Colusa Menlo Belrose Menlo Burnett Menlo Bancroft Cutter Sport Vicente Summit Vicente Sport Alvarado Overlook Alvarado Sport Cutter Muir Cutter Bancroft Menlo Colusa Fulton Colusa Garber Tulare Haviland Oregon Mabel Spring Comstock Spring Poplar Spring Mabel Oregon Anne Arch Anne Oregon Haviland Tulare Blake Buena Lewiston Edith Lewiston Eunice Wheeler Marin Greenwood Heinz Russell High Russell Heinz Greenwood Breakwater Cowper Haste Cowper Breakwater Greenwood Marin Madera Marin Fernwald Visalia Ajax Forest Ajax Visalia Fernwald Marin Wheeler Eunice Woodhaven Olympus Fresno Latham Jones Sojourner Bristol Keeler Pardee Keeler Hopkins Keeler Bristol Hospital Bristol Yolo Soda
50
Browning Browning
Martin Martin
Bristol Bristol
Bret Bret
Vermont Vermont
Terrace Terrace
Poppy Poppy
Kenilworth Kenilworth
Fresno Fresno
Bowditch Bowditch
Haskell Haskell
Bataan Bataan
Eunice Eunice
Allston Allston
Lewiston Lewiston
Addison Addison
Shasta Shasta
Columbia Columbia
Byron Byron
Domingo Domingo
Florida Florida
Colusa Colusa
Menlo Menlo
Belrose Belrose
Burnett Burnett
Bancroft Bancroft
Cutter Cutter
Summit Summit
Overlook Overlook
Muir Muir
Fulton Fulton
Haviland Haviland
Mabel Mabel
Spring Spring
Comstock Comstock
Poplar Poplar
Anne Anne
Arch Arch
Edith Edith
Marin Marin
Greenwood Greenwood
Heinz Heinz
High High
Haste Haste
Madera Madera
Ajax Ajax
Forest Forest
Keeler Keeler
Pardee Pardee
Hospital Hospital
