AZ DT BS DD AF DF BE DF DB BU CJ BU BO AH AV BP BT AL BD BQ BD CG CP DV CD DV BK DQ AI AR AX BM AO AS AO CY DO CY CT CR CZ CV DM BX AJ DE AN AT CC DG BL DL CK AK AA BW DC AE CO BI DA CL DA BJ DI CN AU AZ
50
BP BP
BE BE
CG CG
DO DO
BJ BJ
CL CL
AS AS
CK CK
CZ CZ
BI BI
AF AF
AL AL
DD DD
AH AH
BO BO
DC DC
DQ DQ
CY CY
DE DE
DB DB
BW BW
CJ CJ
CP CP
CV CV
CO CO
CR CR
AA AA
CT CT
AV AV
AJ AJ
DM DM
BQ BQ
BX BX
DV DV
DL DL
BD BD
CD CD
BS BS
CC CC
BK BK
AI AI
AX AX
AN AN
AO AO
BL BL
AR AR
AE AE
BU BU
CN CN
DT DT
