186 1 3 0 5 0 11 14 0 17 19 22 29 32 35 0 45 49 67 74 0 79 0 89 90 97 0 104 0 108 134 136 138 143 144 150 156 157 162 168 0 172 174 177 178 183 0 188 190 194 195 2 70 128 30 33 61 71 86 107 121 140 196 198 186
51
5 5
11 11
14 14
17 17
19 19
22 22
29 29
32 32
35 35
45 45
49 49
67 67
74 74
79 79
89 89
90 90
97 97
104 104
108 108
134 134
136 136
138 138
143 143
144 144
150 150
156 156
157 157
162 162
168 168
172 172
174 174
177 177
178 178
183 183
188 188
190 190
194 194
195 195
2 2
70 70
128 128
30 30
33 33
61 61
71 71
86 86
107 107
121 121
140 140
196 196
198 198
