x115 x98 x14 x5 x94 x5 x1 x43 x1 x48 x1 x1 x64 x69 x73 x1 x76 x1 x1 x1 x1 x1 x138 x2 x83 x2 x114 x122 x7 x11 x50 x3 x59 x125 x127 x8 x75 x7 x0 x0 x0 x0 x0 x0 x0 x0 x0 x32 x0 x0 x0 x0 x0 x57 x0 x0 x0 x0 x0 x89 x91 x0 x106 x0 x109 x0 x128 x136 x0
30
x1 x41 x44 x52 x53 x74 x81 x82 x103 x124 x130
x0 x9 x13 x15 x16 x17 x20 x21 x26 x27 x33 x34 x38 x40 x54 x58 x61 x62 x71 x84 x92 x108 x111
x128 x128
x122 x122
x127 x127
x83 x83
x138 x138
x94 x94
x91 x91
x43 x43
x69 x69
x89 x89
x75 x75
x136 x136
x106 x106
x76 x76
x32 x32
x50 x50
x73 x73
x59 x59
x11 x11
x5 x5
x64 x64
x109 x109
x4 x4
x57 x57
x48 x48
x114 x114
x125 x125
x98 x98
