Wolney Braindlemoor Wolney Horndleside Reddingringey Sodden Reddingringey Nortditch Sodditch Dartworth Brombrough Hamwich Hammensmith Rotsted Wendlethorne Chipcester Wendlethorne Ketthorne Southcompmere Nortmansford Bromwich Stapseyden Prestlake Sistanwick Boothingtree Reddingbourne Boothingtree Edgfield Hannensworth Skellingstoke Watchsmith Endlesthorne Alddlesbasbridge Boothingwick Rockdenport Hampenlake Rockdenport Hanbasside Bootherbersted Elmsbasbridge Wendlerewick Dribbinglow Rockenborough Ribbendhead Toddlenell Blanavon Ennell Melwich Wolden Horslake Alfcastle Brackavon Wycombe Sundlecombe Chedcastle Chipbasfield Basserchester Cannell Reddennell Camsreborough Braindlemere Endingey Braindlemere Ellensbrough Eggermoor Marlwich Cheddenwang Sudhead Pemsdown Wencester Windlesseywang Pendlesbascastle Endcastle Whitwood Marlborne Pendlesford Wolverbury Whitborough Camhampton Emthorne Camhampton Elmerdown Skelling Emmingwell Chilworth Wolbourne Suddendmansavon Braddlesreport Farnsmerbeck Marlringlake Farnsmerbeck Hammingreport Camsmere Cirerdown Burglesbrook Soddlesbasbourne Eghampton Braddleswick Sismith Clereshot Worringcompgrove Sundtree Alddlesenbage Horndlehampton Chelmsbertree Falrensavon Suddingney Toddleborne Kettenwell Hammingdenden Sundlesborne Staindlemansavon Pendnell Chilmermere Penswick Tiphampton Penswick Ketworth Ciringover Tippendside Aldlow Cammertree Reddlebershot Candleseyney Elsmith Suddendwell Elsmith Sudderbage Camsted Suddlescester Sirengrove Worglesmernell Shrivgrove Sodham Durrenslow Flitcompwold Sunsseybrook Tipencester Camtree Reddlesley Hansside Chippingchester Ribblesremoor Worrersted Ribblesremoor Skellerbury Rothensden Endover Wychringden Ensdown Prestwood Chedwick Dribberbrough Melborne Camling Botbeck Sudderwick Shaftport Chelmenthorne Falbaswood Siringbrook Leatherberlake Siringbrook Skellingbaswold Skellingmansgrove Elringlow Skellingmansgrove Egwich Tippenside Wolvingborne Chilhall Wolvingborne Tippenside Egwich Skellingmansgrove Skellingbaswold Siringbrook Falbaswood Chelmenthorne Shaftport Sudderwick Botbeck Camling Melborne Emsbrook Melborne Dribberbrough Chedwick Prestwood Ensdown Wychringden Endover Rothensden Skellerbury Ribblesremoor Chippingchester Hansside Reddlesley Camtree Tipencester Sunsseybrook Flitcompwold Bootbeck Flitcompwold Durrenslow Sodham Shrivgrove Worglesmernell Sirengrove Suddlescester Camsted Sudderbage Elsmith Candleseyney Reddlebershot Cammertree Aldlow Tippendside Ciringover Ketworth Penswick Chilmermere Pendnell Staindlemansavon Sundlesborne Hammingdenden Kettenwell Toddleborne Hannerley Toddleborne Suddingney Falrensavon Chelmsbertree Horndlehampton Alddlesenbage Sundtree Worringcompgrove Clereshot Hammermere Clereshot Sismith Braddleswick Eghampton Soddlesbasbourne Burglesbrook Cirerdown Camsmere Hammingreport Farnsmerbeck Braddlesreport Suddendmansavon Wolbourne Chilworth Emmingwell Skelling Elmerdown Camhampton Whitborough Wolverbury Pendlesford Marlborne Whitwood Endcastle Pendlesbascastle Cirercompsted Pendlesbascastle Windlesseywang Wencester Pemsdown Sudhead Cheddenwang Marlwich Eggermoor Ellensbrough Braindlemere Camsreborough Reddennell Cannell Basserchester Chipbasfield Chedcastle Sundlecombe Meley Sundlecombe Wycombe Brackavon Alfcastle Horslake Wolden Melwich Ennell Blanavon Egmanston Blanavon Toddlenell Ribbendhead Rockenborough Dribbinglow Wendlerewick Elmsbasbridge Bootherbersted Hanbasside Rockdenport Boothingwick Alddlesbasbridge Endlesthorne Watchsmith Skellingstoke Hannensworth Edgfield Boothingtree Sistanwick Prestlake Stapseyden Bromwich Nortmansford Southcompmere Ketthorne Wendlethorne Rotsted Hammensmith Hamwich Brombrough Dartworth Sodditch Nortditch Reddingringey Horndleside Wolney
55
Braindlemoor Braindlemoor
Sodden Sodden
Brombrough Brombrough
Hamwich Hamwich
Chipcester Chipcester
Bromwich Bromwich
Stapseyden Stapseyden
Reddingbourne Reddingbourne
Watchsmith Watchsmith
Endlesthorne Endlesthorne
Hampenlake Hampenlake
Wendlerewick Wendlerewick
Dribbinglow Dribbinglow
Wolden Wolden
Horslake Horslake
Basserchester Basserchester
Cannell Cannell
Endingey Endingey
Cheddenwang Cheddenwang
Sudhead Sudhead
Marlborne Marlborne
Pendlesford Pendlesford
Emthorne Emthorne
Chilworth Chilworth
Wolbourne Wolbourne
Marlringlake Marlringlake
Burglesbrook Burglesbrook
Soddlesbasbourne Soddlesbasbourne
Alddlesenbage Alddlesenbage
Horndlehampton Horndlehampton
Sundlesborne Sundlesborne
Staindlemansavon Staindlemansavon
Tiphampton Tiphampton
Aldlow Aldlow
Cammertree Cammertree
Suddendwell Suddendwell
Sirengrove Sirengrove
Worglesmernell Worglesmernell
Camtree Camtree
Reddlesley Reddlesley
Worrersted Worrersted
Wychringden Wychringden
Ensdown Ensdown
Sudderwick Sudderwick
Shaftport Shaftport
Leatherberlake Leatherberlake
Elringlow Elringlow
Chilhall Chilhall
Emsbrook Emsbrook
Bootbeck Bootbeck
Hannerley Hannerley
Hammermere Hammermere
Cirercompsted Cirercompsted
Meley Meley
Egmanston Egmanston
