Cleresmith Warringwood Cleresmith Whitby Bothensborough Chippingwood Bothensborough Sodmersmith Chedlake Chippenringfield Ketterwold Milditch Winhead Wydon Edgney Basfield Edgney Whitseyborough Todderworth Southling Warrerbage Durblechester Melwold Dribbasborne Hanworth Ellingey Hanworth Sunderbrough Chillerlow Leatherglefield Eggerrensling Hannerworth Buravon Waltcombe Dribbinggrove Pendrenslake Dribbinggrove Cheddlesport Pendton Skelwang Elfield Warblesdown Handlechester Wolvingrethorne Cammingbury Soddenreey Cammingbury Blanden Egwood Wolborne Skelcastle Cannerrebeck Eggendhampton Ciside Hartrenslow Cammenenwich Hartrenslow Enderavon Pemhampton Hampensshot Reddenwell Suddlebrough Shrivditch Pendingstoke Stainsdenwold Reddentree Stainsdenwold Ashworth Cannenringwell Burrensham Elmsbrook Chilcompcester Blandlesney Hanscombe Watchmanshead Chippenden Camsdenden Botlow Rockhead Bootworth Elmsnell Dribbingenborne Dribside Wendlemerford Hamditch Wetley Hamditch Bursted Toddendport Nortlake Toddendport Bursted Hamditch Wendlemerford Ribney Wendlemerford Dribside Dribbingenborne Elmsnell Bootworth Rockhead Botlow Camsdenden Chippenden Shrivden Chippenden Watchmanshead Hanscombe Blandlesney Chilcompcester Elmsbrook Burrensham Cannenringwell Ashworth Stainsdenwold Pendingstoke Shrivditch Suddlebrough Reddenwell Hampensshot Pemhampton Enderavon Hartrenslow Ciside Eggendhampton Cannerrebeck Skelcastle Wolborne Egwood Blanden Cammingbury Wolvingrethorne Handlechester Warblesdown Elfield Skelwang Pendton Cheddlesport Dribbinggrove Waltcombe Buravon Hannerworth Eggerrensling Leatherglefield Chillerlow Sunderbrough Hanworth Dribbasborne Melwold Durblechester Warrerbage Southling Todderworth Whitseyborough Edgney Wydon Winhead Milditch Ketterwold Chippenringfield Chedlake Sodmersmith Bothensborough Whitby Cleresmith
27
Warringwood Warringwood
Chippingwood Chippingwood
Ketterwold Ketterwold
Milditch Milditch
Basfield Basfield
Warrerbage Warrerbage
Durblechester Durblechester
Ellingey Ellingey
Eggerrensling Eggerrensling
Hannerworth Hannerworth
Pendrenslake Pendrenslake
Elfield Elfield
Warblesdown Warblesdown
Soddenreey Soddenreey
Skelcastle Skelcastle
Cannerrebeck Cannerrebeck
Cammenenwich Cammenenwich
Reddenwell Reddenwell
Suddlebrough Suddlebrough
Reddentree Reddentree
Elmsbrook Elmsbrook
Chilcompcester Chilcompcester
Rockhead Rockhead
Bootworth Bootworth
Wetley Wetley
Ribney Ribney
Shrivden Shrivden
