Whitgrove Worberney Egwick Staplow Nortwell Bromstanham Sodberling Ellerbridge Boothingchester Wycastle Bootwick Todhampton Worbrook Rothingenbage Sundendford Chedworth Sundendford Botbeck Whitringlake Nortwell Staplow Ketchester Watchlake Bursted Botbage Penddenchester Pemnell Rothingcombe Milthorne Horsnell Chelmdenmoor Ketnell Toddenmoor Aldtree Wychcompwold Sirenshall Rockbage Sundcompney Prestwick Wychchester Durbrook Falderseythorne Worford Rotherlow Worford Hamscombe Stainbrough Maidendstoke Basbage Warblestancester Tippendham Hannersmith Shaftborough Hannersmith Worhall Alddleringworth Leatherport Cireport Egbeck Skellenshot Cihead Staplow Endleberey Reddendeney Alddleringworth Southmere Ribberrenston Farnditch Abglewold Wetsmith Boothendhall Rothead Chilsmith Bastlebury Emmerley Bastlebury Rothendcombe Wychditch Cookfield Staindledown Endingnell Toddenmerbrough Casbrook Boothendhall Wetsmith Dribwold Reddingtree Eley Reddingtree Stapbrough Reddingtree Ciborough Hamwold Bromrenslake Sodport Bothenhall Waltham Egsted Sodderover Botwick Wendleringdown Waltham Skelberden Hamscombe Alfmere Bursmith Hampingworth Botenbrook Tipstoke Burlake Endleberey Dribberham Bothenhall Sodport Elside Boothingchester Barndlesborough Skellingover Candleswick Endleshall Melwood Reddensden Cirerham Wolley Watchlake Dartden Sundcompney Horsmere Suddenmoor Egmerhampton Shaftwick Hurstdown Botshot Falworth Tippendham Toddingchester Stafcombe Stapbrook Wetwick Stapbrook Staincombe Suddenmoor Tippenbrook Marlbeck Enderbeck Sifield Abcester Shaftwick Faldenhall Wethampton Egton Stapby Waltbeck Cannerthorne Elside Wetsmith Warsmith Falderbrough Marlbrook Shafthead Candleswick Horsnell Siavon Abgleham Sundlethorne Fullensborne Blansbrook Eley Braddlesnell Horstleover Hornsmercombe Ciringnell Penby Ciringnell Worbrook Stafavon Hornsmercombe Ribbenhall Boothingmanstree Maidendstoke Hampingcastle Basditch Tipbeck Burglemere Sirenshall Hampingbascombe Hamsborough Southbury Bassinghead Nortwell Marlcester Horsnell Chelmdenmoor Redcombe Siey Redcombe Bothenton Redwich Botwick Tippingbage Watchlake Farndlesover Windleshead Endleshall Suddingover Ellerbridge Worrenberwang Wendleringdown Bromstanham Clereennell Alfmere Bursmith Dribblecombe Whitgrove
100
Whitgrove Whitgrove
Staplow Staplow
Sodberling Sodberling
Ellerbridge Ellerbridge
Wycastle Wycastle
Bootwick Bootwick
Todhampton Todhampton
Sundendford Sundendford
Chedworth Chedworth
Botbeck Botbeck
Whitringlake Whitringlake
Ketchester Ketchester
Watchlake Watchlake
Rothingcombe Rothingcombe
Milthorne Milthorne
Ketnell Ketnell
Toddenmoor Toddenmoor
Wychcompwold Wychcompwold
Prestwick Prestwick
Wychchester Wychchester
Durbrook Durbrook
Falderseythorne Falderseythorne
Worford Worford
Rotherlow Rotherlow
Tippendham Tippendham
Shaftborough Shaftborough
Worhall Worhall
Leatherport Leatherport
Skellenshot Skellenshot
Cihead Cihead
Reddendeney Reddendeney
Southmere Southmere
Ribberrenston Ribberrenston
Farnditch Farnditch
Abglewold Abglewold
Bastlebury Bastlebury
Emmerley Emmerley
Rothendcombe Rothendcombe
Endingnell Endingnell
Casbrook Casbrook
Eley Eley
Stapbrough Stapbrough
Hamwold Hamwold
Bothenhall Bothenhall
Egsted Egsted
Wendleringdown Wendleringdown
Skelberden Skelberden
Alfmere Alfmere
Hampingworth Hampingworth
Tipstoke Tipstoke
Endleberey Endleberey
Dribberham Dribberham
Sodport Sodport
Skellingover Skellingover
Candleswick Candleswick
Melwood Melwood
Wolley Wolley
Dartden Dartden
Suddenmoor Suddenmoor
Egmerhampton Egmerhampton
Falworth Falworth
Wetwick Wetwick
Staincombe Staincombe
Tippenbrook Tippenbrook
Enderbeck Enderbeck
Sifield Sifield
Abcester Abcester
Faldenhall Faldenhall
Wethampton Wethampton
Waltbeck Waltbeck
Cannerthorne Cannerthorne
Elside Elside
Wetsmith Wetsmith
Marlbrook Marlbrook
Horsnell Horsnell
Siavon Siavon
Abgleham Abgleham
Sundlethorne Sundlethorne
Blansbrook Blansbrook
Horstleover Horstleover
Penby Penby
Boothingmanstree Boothingmanstree
Hampingcastle Hampingcastle
Basditch Basditch
Sirenshall Sirenshall
Hampingbascombe Hampingbascombe
Southbury Southbury
Nortwell Nortwell
Marlcester Marlcester
Redcombe Redcombe
Siey Siey
Bothenton Bothenton
Tippingbage Tippingbage
Farndlesover Farndlesover
Suddingover Suddingover
Worrenberwang Worrenberwang
Bromstanham Bromstanham
Clereennell Clereennell
Bursmith Bursmith
Dribblecombe Dribblecombe
