0 1 2 3 4 5 6 7 8 23 38 53 68 53 54 40 25 10 11 12 27 43 58 73 57 41 56 71 56 41 57 73 58 59 89 104 89 59 58 43 27 12 11 10 25 40 54 53 68 52 36 20 5 4 19 4 5 20 36 50 36 51 66 67 69 70 85 86 87 86 85 100 85 84 83 82 81 80 81 82 81 80 95 80 65 64 62 48 63 47 31 15 30 45 31 46 61 60 75 76 77 93 94 93 92 91 107 122 106 90 75 91 92 108 123 108 92 91 75 90 105 90 75 60 45 30 15 0
46
3 18 3
68 52 68
12 13 28
41 55 41
104 103 119
53 40
20 35 20
19 34
87 88
100 115 116 100
82 83 98
95 110 111 95
77 78
94 93 109
106 120 121 106
123 124
0 0
5 5
7 7
8 8
10 10
15 15
23 23
25 25
30 30
31 31
36 36
45 45
46 46
47 47
50 50
51 51
56 56
57 57
63 63
70 70
71 71
73 73
75 75
76 76
80 80
85 85
90 90
105 105
108 108
122 122
