0 68 87 4 35 84 50 11 50 81 56 89 85 41 95 24 22 36 1 13 12 10 86 7 54 66 34 30 48 90 83 20 3 51 63 92 72 31 74 65 16 65 27 32 64 93 42 71 42 78 2 78 62 33 47 33 60 98 39 59 84 75 10 86 57 99 38 79 80 96 68 0
50
63 63
80 80
39 39
74 74
41 41
59 59
33 33
7 7
3 3
36 36
62 62
79 79
54 54
13 13
10 10
56 56
35 35
30 30
24 24
4 4
32 32
60 60
89 89
98 98
90 90
81 81
71 71
22 22
72 72
84 84
12 12
20 20
93 93
47 47
34 34
86 86
87 87
51 51
50 50
1 1
11 11
16 16
95 95
75 75
83 83
42 42
99 99
2 2
64 64
48 48
