0 49 0 188 28 103 170 1 129 146 136 91 19 85 99 72 99 3 175 3 99 190 48 118 17 118 64 58 64 118 31 94 86 106 86 199 105 186 180 135 69 135 180 186 197 186 193 178 193 186 105 81 78 81 121 81 105 181 196 66 26 8 166 8 39 151 39 8 26 176 26 66 196 179 196 181 105 199 86 94 31 118 22 150 51 111 149 111 126 111 51 79 51 150 22 118 48 190 99 85 160 85 161 145 161 85 19 74 19 91 63 91 11 157 50 62 61 24 164 35 138 35 167 117 107 143 159 87 159 143 131 137 191 134 128 168 156 141 4 14 4 141 152 20 152 130 152 141 60 83 40 97 36 97 40 83 60 59 10 100 10 12 10 59 60 104 60 141 156 25 156 168 125 133 125 168 128 134 191 127 109 42 84 173 84 65 84 89 84 42 109 127 191 137 131 143 107 33 184 33 107 117 167 9 167 35 164 24 101 15 189 93 132 162 27 185 5 53 154 116 32 116 6 153 110 44 110 153 38 57 38 153 6 116 75 116 120 116 154 53 113 98 113 53 5 185 27 162 132 92 108 102 108 92 132 93 124 139 124 93 189 15 101 24 61 62 18 62 50 77 182 45 96 67 47 29 95 29 119 29 47 67 96 45 182 77 50 157 70 157 11 91 136 146 129 1 170 103 163 194 76 194 163 103 28 155 28 188 0
100
49 49
28 28
103 103
170 170
146 146
91 91
19 19
85 85
99 99
175 175
48 48
17 17
64 64
58 58
31 31
106 106
199 199
186 186
180 180
69 69
197 197
193 193
178 178
81 81
78 78
121 121
196 196
26 26
166 166
39 39
151 151
176 176
179 179
22 22
51 51
111 111
149 149
126 126
79 79
160 160
145 145
74 74
63 63
157 157
50 50
24 24
138 138
117 117
159 159
87 87
137 137
134 134
128 128
168 168
156 156
4 4
14 14
20 20
130 130
83 83
36 36
10 10
100 100
12 12
104 104
25 25
125 125
133 133
109 109
42 42
173 173
65 65
89 89
184 184
9 9
27 27
185 185
116 116
32 32
6 6
44 44
38 38
75 75
120 120
98 98
108 108
102 102
139 139
18 18
77 77
182 182
96 96
67 67
47 47
95 95
119 119
70 70
163 163
194 194
155 155
