location0 location0 location48 location0 location32 location10 location8 location10 location36 location10 location22 location10 location29 location2 location29 location40 location53 location30 location9 location12 location1 location11 location35 location16 location51 location38 location23 location65 location34 location21 location39 location41 location39 location34 location42 location3 location43 location26 location8 location10 location22 location46 location49 location15 location7 location24 location4 location24 location7 location14 location29 location1 location11 location1 location58 location25 location79 location37 location27 location3 location27 location16 location69 location28 location33 location0 location17 location2 location55 location5 location71 location19 location22 location39 location58 location63 location57 location8 location8 location85 location79 location15 location31 location88 location13 location33 location0
46
location0 location18 location47 location33
location10 location6 location10
location55 location50
location58 location44
location8 location45 location8
location79 location20
location1 location1
location2 location2
location3 location3
location4 location4
location5 location5
location7 location7
location9 location9
location11 location11
location12 location12
location13 location13
location14 location14
location15 location15
location16 location16
location17 location17
location19 location19
location21 location21
location22 location22
location23 location23
location24 location24
location25 location25
location26 location26
location27 location27
location28 location28
location29 location29
location30 location30
location31 location31
location32 location32
location34 location34
location35 location35
location36 location36
location37 location37
location38 location38
location39 location39
location40 location40
location41 location41
location42 location42
location43 location43
location46 location46
location48 location48
location49 location49
