location0 location0 location0 location13 location47 location19 location4 location35 location25 location38 location116 location58 location95 location121 location27 location72 location47 location24 location88 location21 location96 location7 location5 location85 location106 location72 location87 location73 location130 location1 location93 location1 location86 location97 location146 location48 location12 location25 location32 location90 location91 location12 location98 location9 location110 location22 location44 location22 location16 location54 location60 location14 location121 location23 location68 location39 location9 location25 location62 location74 location45 location136 location8 location90 location17 location174 location72 location34 location42 location2 location51 location10 location18 location92 location52 location28 location37 location86 location20 location53 location50 location30 location99 location84 location30 location50 location1 location3 location117 location24 location148 location89 location41 location10 location38 location10 location3 location61 location75 location129 location64 location15 location64 location79 location63 location67 location21 location70 location88 location9 location77 location109 location4 location129 location6 location63 location22 location27 location126 location46 location16 location173 location68 location2 location68 location65 location33 location65 location40 location26 location82 location113 location36 location71 location75 location56 location33 location136 location12 location117 location22 location132 location49 location69 location49 location78 location49 location132 location74 location132 location54 location7 location40 location18 location12 location29 location12 location94 location0
89
location0 location57 location11
location25 location80 location81 location25
location72 location67 location72
location38 location31 location38
location67 location76
location9 location59 location9
location27 location83 location27
location126 location5
location173 location16
location2 location52 location2
location136 location42
location117 location43
location132 location37
location74 location62 location74
location54 location66 location54
location18 location100 location18
location1 location1
location3 location3
location4 location4
location6 location6
location7 location7
location8 location8
location10 location10
location12 location12
location13 location13
location14 location14
location15 location15
location17 location17
location19 location19
location20 location20
location21 location21
location22 location22
location23 location23
location24 location24
location26 location26
location28 location28
location29 location29
location30 location30
location32 location32
location33 location33
location34 location34
location35 location35
location36 location36
location39 location39
location40 location40
location41 location41
location44 location44
location45 location45
location46 location46
location47 location47
location48 location48
location49 location49
location50 location50
location51 location51
location53 location53
location55 location55
location56 location56
location58 location58
location60 location60
location61 location61
location63 location63
location64 location64
location65 location65
location68 location68
location69 location69
location70 location70
location71 location71
location73 location73
location75 location75
location77 location77
location78 location78
location79 location79
location82 location82
location84 location84
location85 location85
location86 location86
location87 location87
location88 location88
location89 location89
location90 location90
location91 location91
location92 location92
location93 location93
location94 location94
location95 location95
location96 location96
location97 location97
location98 location98
location99 location99
