location0 location8 location21 location1 location7 location15 location7 location3 location21 location20 location21 location8 location4 location10 location17 location15 location9 location31 location25 location11 location14 location17 location15 location4 location8 location23 location36 location8 location4 location8 location25 location8 location12 location2 location6 location2 location36 location13 location36 location23 location39 location22 location12 location18 location12 location2 location0
20
location15 location14 location17 location15
location8 location24 location16 location8
location4 location19 location4
location1 location1
location2 location2
location3 location3
location5 location5
location6 location6
location7 location7
location9 location9
location10 location10
location11 location11
location12 location12
location13 location13
location18 location18
location20 location20
location21 location21
location22 location22
location23 location23
location25 location25
