SantaClarita Carrollton Lubbock Concord Reno Durham FortCollins Spokane Berkeley Stamford Berkeley Akron Chandler Paterson Chandler FortCollins Fremont GardenGrove Victorville Shreveport Huntsville Thornton Midland Thornton Beaumont NewportNews Beaumont SanDiego Frisco LexingtonFa Frisco PembrokePines Austin Indianapolis Stockton Pomona Allentown Peoria Wichita Chesapeake Escondido Oakland Memphis Yonkers Memphis Modesto Independence OverlandPark SiouxFalls Irvine Fayetteville Fontana Irvine SantaAna SantaRosa Newark OklahomaCity LosAngeles Tulsa StPetersburg Madison Orlando Brownsville Miami Cary RanchoCucamonga Washington Tempe McAllen Lancaster Surprise Torrance Portland Sunnyvale Visalia Portland FortWayne Henderson SanDiego WestValleyCity RanchoCucamonga Milwaukee Lafayette Alexandria HuntingtonBeach Scottsdale Bellevue Davidson Alexandria Worcester Garland Independence Omaha Ontario Boston Hartford LongBeach LouisvilleJefferson Ontario SanDiego StLouis SanDiego Waco FortCollins SantaClarita
50
Carrollton Carrollton
Concord Concord
Stamford Stamford
Paterson Paterson
GardenGrove GardenGrove
Victorville Victorville
Shreveport Shreveport
Huntsville Huntsville
Midland Midland
Beaumont Beaumont
NewportNews NewportNews
LexingtonFa LexingtonFa
PembrokePines PembrokePines
Austin Austin
Indianapolis Indianapolis
Stockton Stockton
Pomona Pomona
Allentown Allentown
Wichita Wichita
Yonkers Yonkers
Independence Independence
SiouxFalls SiouxFalls
Fayetteville Fayetteville
Newark Newark
OklahomaCity OklahomaCity
LosAngeles LosAngeles
StPetersburg StPetersburg
Orlando Orlando
Brownsville Brownsville
RanchoCucamonga RanchoCucamonga
Washington Washington
Surprise Surprise
Sunnyvale Sunnyvale
Visalia Visalia
Henderson Henderson
WestValleyCity WestValleyCity
Lafayette Lafayette
Scottsdale Scottsdale
Bellevue Bellevue
Alexandria Alexandria
Worcester Worcester
Garland Garland
Omaha Omaha
Ontario Ontario
Boston Boston
Hartford Hartford
LongBeach LongBeach
LouisvilleJefferson LouisvilleJefferson
StLouis StLouis
Waco Waco
