Plano SantaClara Irving Amarillo Cary OklahomaCity Rochester SanFrancisco Warren Tacoma Abilene MorenoValley Pasadena Norman Washington Sunnyvale Warren OklahomaCity Clyde LasVegas Vallejo Sacramento Syracuse Worcester Dallas Hartford Mobile HuntingtonBeach Oski SimiValley Oski Tempe Fullerton AthensClarkeCounty Alexandria Irvine LittleRock Irvine Olathe Cincinnati Tallahassee Hampton Miami AugustaRichmond NewOrleans Surprise Greensboro Frisco SanDiego Thornton Joliet Mesquite Worcester Lakewood Frisco Clarksville Anchorage Lakewood Murfreesboro Naperville Philadelphia CedarRapids GardenGrove Salinas Oceanside ElPaso SanAntonio NewHaven Birmingham Scottsdale Davidson Houston Indianapolis CoralSprings Fremont Madison Knoxville Phoenix Salem Peoria Domination Knoxville Brownsville Corona SanBernardino ChulaVista Houston Gilbert Glendale Raleigh Yonkers FortWorth Denton Springfield Chicago LexingtonFa SiouxFalls FortCollins SantaRosa Shreveport Laredo Hialeah Tampa Arlington Portland McAllen GrandPrairie McAllen ThousandOaks Palmdale Allentown Killeen Modesto Glasses Fontana Hollywood Akron Escondido LosAngeles Lancaster Torrance PembrokePines Orlando Lafayette ElkGrove Fayetteville JerseyCity Pikachu Huntsville Pikachu Lincoln Pikachu ColoradoSprings Elizabeth Anaheim Fontana SanJose Glasses Stamford NewHaven Spokane Pomona Spokane CorpusChristi SantaClarita NewHaven Durham DesMoines AnnArbor Jackson KansasCity Garland Omaha VirginiaBeach Ontario Albuquerque Denver Cleveland Atlanta Oxnard Atlanta Beaumont Vancouver BatonRouge Hayward Buffalo Chesapeake OWO Mesa Memphis Charleston Memphis BatonRouge Miramar BatonRouge Richmond Montgomery WinstonSalem Waco Wichita Chesapeake StLouis Norfolk FortLauderdale Norfolk Reno LouisvilleJefferson Tulsa AnnArbor Vallejo LasVegas Rockford Riverside Plano
100
SantaClara SantaClara
Irving Irving
Cary Cary
OklahomaCity OklahomaCity
SanFrancisco SanFrancisco
Warren Warren
MorenoValley MorenoValley
Pasadena Pasadena
Norman Norman
Sunnyvale Sunnyvale
LasVegas LasVegas
Worcester Worcester
Dallas Dallas
Hartford Hartford
Mobile Mobile
HuntingtonBeach HuntingtonBeach
SimiValley SimiValley
Irvine Irvine
LittleRock LittleRock
Olathe Olathe
Cincinnati Cincinnati
Hampton Hampton
Miami Miami
AugustaRichmond AugustaRichmond
NewOrleans NewOrleans
Surprise Surprise
Greensboro Greensboro
Thornton Thornton
Mesquite Mesquite
Anchorage Anchorage
GardenGrove GardenGrove
Salinas Salinas
SanAntonio SanAntonio
NewHaven NewHaven
Davidson Davidson
Fremont Fremont
Madison Madison
Knoxville Knoxville
Brownsville Brownsville
Corona Corona
SanBernardino SanBernardino
Houston Houston
Glendale Glendale
Raleigh Raleigh
Denton Denton
Chicago Chicago
SiouxFalls SiouxFalls
FortCollins FortCollins
SantaRosa SantaRosa
Laredo Laredo
Tampa Tampa
Portland Portland
McAllen McAllen
GrandPrairie GrandPrairie
ThousandOaks ThousandOaks
Allentown Allentown
Killeen Killeen
Glasses Glasses
Hollywood Hollywood
Akron Akron
Escondido Escondido
Lancaster Lancaster
Torrance Torrance
Lafayette Lafayette
JerseyCity JerseyCity
Pikachu Pikachu
Huntsville Huntsville
Lincoln Lincoln
Elizabeth Elizabeth
Anaheim Anaheim
SanJose SanJose
Stamford Stamford
Pomona Pomona
CorpusChristi CorpusChristi
SantaClarita SantaClarita
AnnArbor AnnArbor
Garland Garland
Omaha Omaha
Ontario Ontario
Denver Denver
Atlanta Atlanta
Oxnard Oxnard
Beaumont Beaumont
Vancouver Vancouver
Hayward Hayward
OWO OWO
Mesa Mesa
Memphis Memphis
Charleston Charleston
Montgomery Montgomery
Waco Waco
Wichita Wichita
StLouis StLouis
FortLauderdale FortLauderdale
Norfolk Norfolk
LouisvilleJefferson LouisvilleJefferson
Tulsa Tulsa
Vallejo Vallejo
Rockford Rockford
Riverside Riverside
