18 28 35 54 61 54 35 49 29 22 75 42 95 88 95 42 75 22 29 97 63 97 60 78 81 55 9 55 81 6 1 46 24 37 69 37 24 20 39 7 83 12 92 27 90 27 92 12 86 85 86 12 83 7 99 32 17 41 17 32 99 7 93 7 39 53 39 20 24 46 79 46 1 40 73 40 1 6 84 45 84 6 25 6 81 78 33 4 33 78 60 97 29 57 14 48 62 48 2 3 36 71 36 3 2 48 14 57 29 8 29 49 50 0 50 49 72 59 47 59 43 59 72 26 74 13 76 52 80 87 80 52 76 13 74 26 72 49 35 16 35 44 98 44 35 28 18
50
18 18
28 28
61 61
22 22
75 75
42 42
95 95
88 88
63 63
9 9
6 6
46 46
37 37
69 69
20 20
39 39
7 7
83 83
12 12
92 92
90 90
85 85
32 32
17 17
41 41
93 93
53 53
79 79
73 73
84 84
45 45
25 25
33 33
4 4
57 57
14 14
62 62
2 2
3 3
36 36
71 71
0 0
72 72
59 59
43 43
76 76
80 80
87 87
16 16
98 98
