0 156 23 153 115 77 89 19 125 119 174 46 2 119 27 87 11 87 190 21 109 116 109 43 159 45 83 45 35 3 29 157 22 65 135 14 13 9 190 173 3 5 17 114 154 163 146 163 1 0 2 72 19 156 133 86 58 96 98 66 1 22 74 38 78 26 42 84 99 120 167 26 78 52 64 3 30 0 2 64 51 77 97 69 54 137 129 47 43 13 197 30 17 50 65 7 111 112 100 68 130 9 70 87 67 51 151 31 69 172 134 37 183 179 24 48 74 3 26 145 8 7 166 108 20 122 164 196 18 178 33 8 163 141 108 160 25 15 16 127 138 42 143 141 128 28 27 28 187 40 81 93 21 193 39 29 19 123 158 123 30 77 90 70 2 0
90
2 98 177 2
156 184
3 199 3
97 93
13 94 13
17 71 17
65 182 65
87 103
74 4 74
26 42 26
145 80
122 101
163 68
27 107 27
21 152 21
19 56
30 59
90 102
0 0
1 1
5 5
8 8
9 9
11 11
14 14
15 15
16 16
18 18
20 20
22 22
23 23
24 24
28 28
31 31
33 33
35 35
38 38
39 39
43 43
47 47
50 50
51 51
52 52
66 66
67 67
69 69
70 70
72 72
78 78
81 81
83 83
84 84
86 86
89 89
96 96
100 100
111 111
114 114
115 115
116 116
120 120
125 125
128 128
129 129
130 130
133 133
134 134
137 137
138 138
141 141
143 143
146 146
151 151
153 153
154 154
157 157
158 158
159 159
160 160
164 164
166 166
167 167
172 172
173 173
174 174
183 183
187 187
190 190
193 193
197 197
