13 87 13 98 57 31 77 31 76 31 57 98 24 39 75 39 24 69 12 63 12 99 86 99 83 97 59 97 83 21 91 81 49 65 92 65 49 55 49 81 91 21 48 95 9 50 71 50 9 95 48 21 83 18 42 61 0 53 66 37 67 25 68 25 67 37 2 82 2 37 66 96 66 53 0 61 84 88 62 88 84 51 26 89 73 52 94 52 73 85 40 56 40 54 40 85 93 85 73 89 28 33 43 72 43 33 90 33 28 89 26 23 26 51 84 61 42 18 83 99 12 69 79 74 60 80 60 74 78 74 79 69 64 58 70 58 64 69 24 98 13
50
87 87
98 98
57 57
77 77
76 76
75 75
69 69
63 63
99 99
86 86
83 83
97 97
59 59
91 91
81 81
65 65
92 92
55 55
95 95
50 50
71 71
61 61
53 53
66 66
67 67
68 68
82 82
96 96
84 84
88 88
62 62
51 51
89 89
73 73
52 52
94 94
85 85
56 56
54 54
93 93
72 72
90 90
79 79
74 74
60 60
80 80
78 78
64 64
58 58
70 70
