13 32 103 162 133 162 156 162 103 32 127 109 127 32 13 62 147 178 100 178 147 62 126 62 124 62 64 21 5 184 5 21 42 2 15 183 15 47 58 164 58 47 15 2 42 93 112 93 42 193 60 137 60 193 42 21 168 18 16 166 16 67 73 136 80 180 80 136 73 122 73 76 196 76 73 170 81 43 110 175 190 195 153 195 160 195 190 142 12 88 78 46 176 46 78 125 78 88 12 142 146 142 31 40 85 27 61 51 159 165 101 165 63 3 63 165 159 161 33 131 8 171 151 171 140 181 174 45 139 45 174 181 140 36 102 135 145 135 187 135 102 28 89 163 89 28 102 149 23 149 102 36 140 117 140 171 197 26 197 171 8 131 33 108 121 118 121 108 33 161 159 24 192 157 192 71 49 113 141 113 49 71 123 71 192 24 189 24 158 22 30 128 30 186 30 22 34 155 177 155 34 22 87 94 173 94 0 115 167 144 167 115 0 154 111 154 134 154 0 94 87 22 158 24 159 129 105 129 199 129 159 51 116 148 116 51 61 27 185 27 85 150 85 40 31 132 31 142 55 104 91 169 70 172 70 169 119 191 119 106 188 106 119 169 91 104 55 142 190 175 110 69 110 43 194 43 81 182 81 170 73 67 16 18 130 114 130 18 198 152 198 18 168 138 168 21 179 21 64 143 107 143 120 143 64 62 13
100
103 103
162 162
133 133
156 156
127 127
109 109
147 147
178 178
100 100
126 126
124 124
184 184
183 183
164 164
112 112
193 193
137 137
168 168
166 166
136 136
180 180
122 122
196 196
170 170
110 110
175 175
190 190
195 195
153 153
160 160
142 142
176 176
125 125
146 146
159 159
165 165
101 101
161 161
131 131
171 171
151 151
140 140
181 181
174 174
139 139
102 102
135 135
145 145
187 187
163 163
149 149
117 117
197 197
108 108
121 121
118 118
192 192
157 157
113 113
141 141
123 123
189 189
158 158
128 128
186 186
155 155
177 177
173 173
115 115
167 167
144 144
154 154
111 111
134 134
129 129
105 105
199 199
116 116
148 148
185 185
150 150
132 132
104 104
169 169
172 172
119 119
191 191
106 106
188 188
194 194
182 182
130 130
114 114
198 198
152 152
138 138
179 179
143 143
107 107
120 120
