wNqlpYNsRbJEgiGpKxrU lbWonvEbeplndKguSTkk lIpVoDPUIfHCPpjswogJ lIpVoDPUIfHCPpjswogJ lIpVoDPUIfHCPpjswogJ lIpVoDPUIfHCPpjswogJ lbWonvEbeplndKguSTkk igyeOiSdezmmXGTwMzLw KcrnMnFDTrBKaUaGpdLY GOKcLUIfVCLsdfLjyASo NYdfLxXxFVvLEbDKzXWn NIJaJxCurulNUdZZMxFk JvFxbsySBAiFiOUrzrBi scpUkbcaYSAsHhSktebT EEeDJaHeajXXlwYcHTeJ MBJqOYmxhUYbldNVEdRy uUKZHvHmBrpBHjYWNaUL HeWrJOKsDjgdrcamgZLN HeWrJOKsDjgdrcamgZLN uUKZHvHmBrpBHjYWNaUL uUKZHvHmBrpBHjYWNaUL XvUPApTFkqaSSizYsCIr wvSJDoqoPGAkYgSuPFPw NzDQJknJPDEkcwCHzzbF wvSJDoqoPGAkYgSuPFPw UdSbtwxTqTJxOiUoxEqw wvSJDoqoPGAkYgSuPFPw NzDQJknJPDEkcwCHzzbF NzDQJknJPDEkcwCHzzbF MBJqOYmxhUYbldNVEdRy PZwTcKCPsEmpxetNZvef zXRivKrJPjQVqVwiULGz QePOUWiXcAUCoHETxuGS QePOUWiXcAUCoHETxuGS MBJqOYmxhUYbldNVEdRy MBJqOYmxhUYbldNVEdRy EEeDJaHeajXXlwYcHTeJ efZntVbfQTvIUOiRNPSH shugRMnaHVqQSmKaNBgu yYaxxtTIkvUeyUpwOvuY pMOSpTzPTPLXHLOQMjnt XPPBMlNyfVVeZGIzTCEW jUSlIFtitQxyvVLJjiCc IvXQutSorlqOgnSVAIUd IvXQutSorlqOgnSVAIUd IvXQutSorlqOgnSVAIUd shugRMnaHVqQSmKaNBgu QPuWhldwxyxWvfAFawIx TOntbQDzHvMkxiKuanmw TOntbQDzHvMkxiKuanmw TcLSEpnQLlwURcYobXtr erZKLqpCZsYKDnOCaBGq NIJaJxCurulNUdZZMxFk MmEgtZVGhqqZwyDlSqRm RlHeRhvUOhGhZVGGJuED RlHeRhvUOhGhZVGGJuED RlHeRhvUOhGhZVGGJuED gFUGYXSirCYiFTivWNah gcXUxTVUZWsOwtRNeDDa GMxGouyyndiUBMqMdOoc ndaHivGVVtIUvLiyUWcm ZauPfhkpsGmhbvkhkltR oKHxHZxgXgKSVZAEEVVZ QLULTvtlfumxlpAQZckT cMYyKTXGNKnFzrpwnXUl wuSVWJYvpiWaQAHXocSG oSMuZCNCihNcfhhLdNwi gFUGYXSirCYiFTivWNah oSMuZCNCihNcfhhLdNwi gFUGYXSirCYiFTivWNah iVjkcMenotYGMFEBTvoa eOfnBeTgmYCNEnRUhlEK xlbpuxAjoVPJWPCWBEkJ ubMKewvRqrviLcycMHcN ubMKewvRqrviLcycMHcN ubMKewvRqrviLcycMHcN eCBFrcppbiLzdGQubocl eCBFrcppbiLzdGQubocl oDgfEuAVpeOlkkTIMDLw UIlSMnVKIdNiXZNSiHsI fgzJCwocQniGlXAZHJId vIbIQYXZnmYrooTLYNtu JMMbTzkqohdHHmvXLiRY oKHxHZxgXgKSVZAEEVVZ QeYNNLpZMBxyiFbZMPFY umZXKcxkweEplHZdotgU FWnudSYFvYQJHehOpEKf fpoTaBKmVdlDCxFwCFoz KcrnMnFDTrBKaUaGpdLY GOKcLUIfVCLsdfLjyASo kqcEdfKLaRzxOhAIzchh IBsTZegidEetQKMLVasu FaWIqatYRYVcXfVhAFRN ZXihCBEQBTdisqSlEMsj CvZkdIYtdeDHtwufupie QyXpliHSeQOPIsurIcpa ANDviqMIuFwdcboQDprt pGEDfjoOOYfHsrRVgAyF gqsFUfkkQrlyYYdSXwmt gqsFUfkkQrlyYYdSXwmt DZEpVGVXkxHljziwItaS pGEDfjoOOYfHsrRVgAyF ANDviqMIuFwdcboQDprt jeqqhISPyRIhGBNohHEu jeqqhISPyRIhGBNohHEu ANDviqMIuFwdcboQDprt ANDviqMIuFwdcboQDprt QyXpliHSeQOPIsurIcpa DpztIuGTRpGuLsdlODJw yRQdlZBUBAPypebnrlAH NJZlnWyeJFrkOwoqHKtT jwcUBYKIcRlUlpQdHDpU CvZkdIYtdeDHtwufupie syonLisTOSczosCwoILE qoaNjvaRghiMQXaVEoQe qoaNjvaRghiMQXaVEoQe qoaNjvaRghiMQXaVEoQe qoaNjvaRghiMQXaVEoQe syonLisTOSczosCwoILE aIuYyryCOUGVeCAqbqkg EhDFVLWZueLOrdjEOzEQ yscsUFTNNyaVMKBztBdV aIuYyryCOUGVeCAqbqkg syonLisTOSczosCwoILE CvZkdIYtdeDHtwufupie CvZkdIYtdeDHtwufupie CvZkdIYtdeDHtwufupie CvZkdIYtdeDHtwufupie UIlSMnVKIdNiXZNSiHsI eobSFtKBbBdcVrTOREdK UIlSMnVKIdNiXZNSiHsI oDgfEuAVpeOlkkTIMDLw oDgfEuAVpeOlkkTIMDLw mgNeYYUOPKpLeiVEFIXd kwPuYZgJgVVJfdBGUtPw HeWrJOKsDjgdrcamgZLN kwPuYZgJgVVJfdBGUtPw GMxGouyyndiUBMqMdOoc gcXUxTVUZWsOwtRNeDDa zHPSSEtFTQIbLYMdHqgP rlhNoKeiidsZhBEuQAJw jUSlIFtitQxyvVLJjiCc jUSlIFtitQxyvVLJjiCc scpUkbcaYSAsHhSktebT scpUkbcaYSAsHhSktebT scpUkbcaYSAsHhSktebT shaRjZRSPDzVXmetmolj lbWonvEbeplndKguSTkk oZXYedlbtBLmkfoVmgta vPtcoCdDMvVYwOuvanRP zXRivKrJPjQVqVwiULGz KcrnMnFDTrBKaUaGpdLY mgNeYYUOPKpLeiVEFIXd NtyLZDOaSczVvOGdocUp jwjTVkTZQzfvrCAtqcyG wNqlpYNsRbJEgiGpKxrU
60
lIpVoDPUIfHCPpjswogJ yscsUFTNNyaVMKBztBdV nCedHqGgdWAicwyuYWpg WMWBpOSnHGywZjCgaYyY cwgJAHVpCCTmuckJkncL
HeWrJOKsDjgdrcamgZLN aGPbLNWYAMujnfHCTCMo oLMkSrYLQRLHmPiuLCTC HeWrJOKsDjgdrcamgZLN
uUKZHvHmBrpBHjYWNaUL wfEFdNDcColoskjTjcLm ZwvojvRdUOYNJXIwAqgC
NzDQJknJPDEkcwCHzzbF pzrGQEObzJGPnfATEYDc NPSPGRTNRcKKVpsBRSwh NzDQJknJPDEkcwCHzzbF
QePOUWiXcAUCoHETxuGS gDYKDrbERUXTnCayjBrC QePOUWiXcAUCoHETxuGS
MBJqOYmxhUYbldNVEdRy hLaNXBYgTzgUhvjmqUTu CbGuHgZfQMmSOfHDFJnK MBJqOYmxhUYbldNVEdRy
IvXQutSorlqOgnSVAIUd edlAtPQdNXJQPCIzpkyX oKAKfpUUuLItChLyByFh IvXQutSorlqOgnSVAIUd
TOntbQDzHvMkxiKuanmw EmbDgEECbkHbfAfHCgwB zNRhhVdMWUgTnnqmAfeY
RlHeRhvUOhGhZVGGJuED jznspKyqlmxZtgfQUJVB eiLPqIroFfCGzqSAlzAp RlHeRhvUOhGhZVGGJuED
gFUGYXSirCYiFTivWNah ayQgUwyRuQVKeyFLPNbQ wuSVWJYvpiWaQAHXocSG
iVjkcMenotYGMFEBTvoa VIPPawblKbhOVWrmrWBx
ubMKewvRqrviLcycMHcN imEmCMbYEtZJJkwxkSDD ihxEqMQIIvyQmtrtMjeO
eCBFrcppbiLzdGQubocl TEPaiCedHTXapLxoBXMp
oDgfEuAVpeOlkkTIMDLw SitzoubgYFeTjmkLjVPz ADVVlRLpnspleRTgeTdu wlySPverjehsBxldyigf
KcrnMnFDTrBKaUaGpdLY fpoTaBKmVdlDCxFwCFoz eOfnBeTgmYCNEnRUhlEK KcrnMnFDTrBKaUaGpdLY
FaWIqatYRYVcXfVhAFRN XtZHoAxqEyzvMChzPHpN
gqsFUfkkQrlyYYdSXwmt nreoVgWrBhNXFZgTBlXO xgBrJmdXVwtxgRuCBhMe
jeqqhISPyRIhGBNohHEu vTbNxpVTEoFlSjvvVvfG
ANDviqMIuFwdcboQDprt YTwycpmzEWCqqTELtzXc juzxSpUVuccJUMBOcJjO ANDviqMIuFwdcboQDprt
CvZkdIYtdeDHtwufupie lSJjEsqamUCgRZdCmdyI oHoxoLeyDYnKZDzgMtxI ZXihCBEQBTdisqSlEMsj szyiMlKhtyOynWjcoMsm CvZkdIYtdeDHtwufupie
qoaNjvaRghiMQXaVEoQe QjbdwbUnopENkiNyqirZ joWAhkfNqIEECnBeulGl VRpSthoDcomqMDsGoVql ccdJRKiTXwIErdhSIxfh
yscsUFTNNyaVMKBztBdV EhDFVLWZueLOrdjEOzEQ
UIlSMnVKIdNiXZNSiHsI bEfUXCTlwRBndElSbPGf UIlSMnVKIdNiXZNSiHsI
gcXUxTVUZWsOwtRNeDDa GMxGouyyndiUBMqMdOoc gcXUxTVUZWsOwtRNeDDa
jUSlIFtitQxyvVLJjiCc bFmSeBrfNuxjYPUDCLYq jUSlIFtitQxyvVLJjiCc
scpUkbcaYSAsHhSktebT JVONrXhhmtFWhFfDiOXW JvFxbsySBAiFiOUrzrBi kyApsCeFkLoLFCdkazaE scpUkbcaYSAsHhSktebT
lbWonvEbeplndKguSTkk qfRRtdRbhYJBARMfPlZM lbWonvEbeplndKguSTkk
oZXYedlbtBLmkfoVmgta svUOWvTJLneAqJGnExpc oZXYedlbtBLmkfoVmgta
DZEpVGVXkxHljziwItaS DZEpVGVXkxHljziwItaS
NtyLZDOaSczVvOGdocUp NtyLZDOaSczVvOGdocUp
vIbIQYXZnmYrooTLYNtu vIbIQYXZnmYrooTLYNtu
syonLisTOSczosCwoILE syonLisTOSczosCwoILE
ZauPfhkpsGmhbvkhkltR ZauPfhkpsGmhbvkhkltR
DpztIuGTRpGuLsdlODJw DpztIuGTRpGuLsdlODJw
FWnudSYFvYQJHehOpEKf FWnudSYFvYQJHehOpEKf
QeYNNLpZMBxyiFbZMPFY QeYNNLpZMBxyiFbZMPFY
eobSFtKBbBdcVrTOREdK eobSFtKBbBdcVrTOREdK
EEeDJaHeajXXlwYcHTeJ EEeDJaHeajXXlwYcHTeJ
efZntVbfQTvIUOiRNPSH efZntVbfQTvIUOiRNPSH
igyeOiSdezmmXGTwMzLw igyeOiSdezmmXGTwMzLw
XPPBMlNyfVVeZGIzTCEW XPPBMlNyfVVeZGIzTCEW
NJZlnWyeJFrkOwoqHKtT NJZlnWyeJFrkOwoqHKtT
QyXpliHSeQOPIsurIcpa QyXpliHSeQOPIsurIcpa
XvUPApTFkqaSSizYsCIr XvUPApTFkqaSSizYsCIr
mgNeYYUOPKpLeiVEFIXd mgNeYYUOPKpLeiVEFIXd
kqcEdfKLaRzxOhAIzchh kqcEdfKLaRzxOhAIzchh
cMYyKTXGNKnFzrpwnXUl cMYyKTXGNKnFzrpwnXUl
kwPuYZgJgVVJfdBGUtPw kwPuYZgJgVVJfdBGUtPw
erZKLqpCZsYKDnOCaBGq erZKLqpCZsYKDnOCaBGq
xlbpuxAjoVPJWPCWBEkJ xlbpuxAjoVPJWPCWBEkJ
aIuYyryCOUGVeCAqbqkg aIuYyryCOUGVeCAqbqkg
fgzJCwocQniGlXAZHJId fgzJCwocQniGlXAZHJId
pMOSpTzPTPLXHLOQMjnt pMOSpTzPTPLXHLOQMjnt
wvSJDoqoPGAkYgSuPFPw wvSJDoqoPGAkYgSuPFPw
zHPSSEtFTQIbLYMdHqgP zHPSSEtFTQIbLYMdHqgP
NIJaJxCurulNUdZZMxFk NIJaJxCurulNUdZZMxFk
PZwTcKCPsEmpxetNZvef PZwTcKCPsEmpxetNZvef
shugRMnaHVqQSmKaNBgu shugRMnaHVqQSmKaNBgu
NYdfLxXxFVvLEbDKzXWn NYdfLxXxFVvLEbDKzXWn
UdSbtwxTqTJxOiUoxEqw UdSbtwxTqTJxOiUoxEqw
