0 18 24 12 82 1 2 43 2 1 35 1 72 22 34 22 70 49 70 3 11 3 70 22 72 1 82 48 82 12 24 16 77 16 24 18 0 46 32 80 36 21 36 56 45 56 36 28 36 80 47 85 9 41 42 17 42 41 62 7 20 67 51 44 51 67 79 39 79 26 79 67 20 38 20 7 69 30 69 7 62 19 62 41 65 6 65 41 9 85 47 5 47 80 53 8 53 80 32 46 29 46 0 4 31 97 57 15 81 75 33 75 13 75 81 93 87 25 61 37 61 25 87 93 81 15 57 97 31 4 0 68 58 27 58 86 60 40 50 40 71 14 71 40 60 86 58 68 10 23 10 96 10 68 0
50
18 18
24 24
12 12
1 1
2 2
43 43
35 35
22 22
34 34
49 49
3 3
11 11
48 48
16 16
46 46
32 32
36 36
21 21
45 45
28 28
47 47
9 9
41 41
42 42
17 17
7 7
20 20
44 44
39 39
26 26
38 38
30 30
19 19
6 6
5 5
8 8
29 29
4 4
31 31
15 15
33 33
13 13
25 25
37 37
27 27
40 40
50 50
14 14
10 10
23 23
