0 58 1 48 100 0 22 49 53 0 30 96 77 93 0 80 82 66 0 23 8 15 0 69 10 54 0 57 0 2 88 0 35 65 31 43 76 0 83 24 40 71 0 87 0 89 21 64 0 25 61 75 94 44 5 0 42 28 47 68 86 39 34 74 55 51 0 18 26 0 7 0 41 45 50 0 12 0 36 19 0 84 97 3 52 27 0 99 14 4 0
70
0 37 79 9 11 32 20 72 33 90 95 56 78 92 13 81 16 70 38 29 17 6 46 60 67 63 73 91 59 85 98 62
1 1
2 2
3 3
4 4
5 5
7 7
8 8
10 10
12 12
14 14
15 15
18 18
19 19
21 21
22 22
23 23
24 24
25 25
26 26
27 27
28 28
30 30
31 31
34 34
35 35
36 36
39 39
40 40
41 41
42 42
43 43
44 44
45 45
47 47
48 48
49 49
50 50
51 51
52 52
53 53
54 54
55 55
57 57
58 58
61 61
64 64
65 65
66 66
68 68
69 69
71 71
74 74
75 75
76 76
77 77
80 80
82 82
83 83
84 84
86 86
87 87
88 88
89 89
93 93
94 94
96 96
97 97
99 99
100 100
