Soda L29 L23 L25 L2 L22 L98 L11 L87 L67 L11 L31 L5 L35 L10 L46 L97 L63 L12 L94 L16 L17 L75 L18 L69 L0 L5 L35 L3 L12 L26 L14 L56 L8 L15 L1 L25 L95 L0 L21 L91 L85 L0 L22 L66 L4 L11 L84 L6 L82 L30 L4 L55 L83 L2 L5 L46 L1 L50 L13 L89 L13 L80 L24 Soda L41 L6 L5 L1 L1 L26 L39 L24 Soda
45
L5 L31 L92 L5
L22 L57
L11 L52 L11
Soda L64
L1 L36 L1
L26 L51 L26
L87 L87
L94 L94
L29 L29
L82 L82
L2 L2
L89 L89
L15 L15
L50 L50
L75 L75
L30 L30
L85 L85
L67 L67
L66 L66
L39 L39
L23 L23
L95 L95
L55 L55
L91 L91
L56 L56
L21 L21
L83 L83
L3 L3
L98 L98
L25 L25
L8 L8
L41 L41
L63 L63
L18 L18
L10 L10
L97 L97
L19 L19
L84 L84
L16 L16
L69 L69
L80 L80
L35 L35
L6 L6
L12 L12
L46 L46
