Soda L13 Soda L39 L3 L93 L4 Soda L101 L119 L69 L18 L54 L117 L22 L24 L6 Soda L62 L1 L37 L90 L125 L2 L132 L10 L163 L166 L67 L6 L27 L171 L151 L2 Soda L13 L0 L92 L12 L25 L83 L25 L38 L85 L2 L114 L2 L149 L40 L115 L63 L12 L176 L1 L159 L11 L124 L11 L164 L4 L49 L22 L126 L68 L75 L1 L168 L108 L6 L24 L35 L183 L84 L169 L133 L107 L0 L14 L86 L6 L60 L20 L135 L74 L189 L81 L193 L5 L194 L29 L76 L30 L116 L191 L10 L98 L0 L45 L23 L32 L5 L32 L21 L1 L44 L157 L50 L29 L0 L150 L4 L12 L4 L70 L190 L9 L130 L174 L97 L15 L12 L99 L61 L23 L34 L52 L177 L39 Soda L89 Soda L2 L9 L1 L192 L4 L43 L167 L121 L145 L103 L8 L79 L188 L13 Soda
93
Soda L186 L198 L143 L22 L113
L24 L158 L24
L12 L172 L173 L12
L2 L122
L49 L49
L69 L69
L34 L34
L194 L194
L4 L4
L151 L151
L132 L132
L121 L121
L76 L76
L103 L103
L192 L192
L39 L39
L101 L101
L74 L74
L86 L86
L0 L0
L89 L89
L190 L190
L54 L54
L183 L183
L97 L97
L43 L43
L90 L90
L115 L115
L93 L93
L70 L70
L159 L159
L191 L191
L85 L85
L11 L11
L83 L83
L99 L99
L164 L164
L167 L167
L157 L157
L189 L189
L168 L168
L61 L61
L130 L130
L107 L107
L13 L13
L177 L177
L63 L63
L37 L37
L125 L125
L193 L193
L149 L149
L45 L45
L116 L116
L163 L163
L98 L98
L84 L84
L108 L108
L50 L50
L5 L5
L75 L75
L14 L14
L27 L27
L25 L25
L188 L188
L114 L114
L126 L126
L62 L62
L169 L169
L176 L176
L135 L135
L67 L67
L145 L145
L171 L171
L52 L52
L174 L174
L9 L9
L35 L35
L102 L102
L124 L124
L81 L81
L32 L32
L150 L150
L44 L44
L21 L21
L60 L60
L68 L68
L79 L79
L92 L92
L23 L23
L166 L166
L117 L117
L119 L119
L133 L133
