Soda location7 location41 location16 location8 location43 location34 location12 location11 location29 location16 Soda location32 location23 location4 location34 location10 location19 location37 location19 location15 location50 location3 Soda location18 Soda location48 location9 location11 location10 location30 location1 location44 location1 location31 location13 location39 location14 location33 location6 location2 location17 location7 location11 location22 location11 location28 location11 location21 location14 location19 location18 Soda location26 location42 location14 location6 location26 location3 location13 location35 location24 location45 location1 location20 location5 location46 location8 location27 location14 location5 location13 location9 location18 Soda
44
Soda location31 location38 location25 location49
location34 location17 location34
location31 location47
location17 location36
location8 location40 location8
location13 location5 location13
location41 location41
location21 location21
location2 location2
location32 location32
location1 location1
location15 location15
location3 location3
location16 location16
location18 location18
location24 location24
location28 location28
location33 location33
location46 location46
location9 location9
location12 location12
location45 location45
location14 location14
location11 location11
location20 location20
location35 location35
location29 location29
location50 location50
location7 location7
location26 location26
location27 location27
location39 location39
location6 location6
location23 location23
location44 location44
location48 location48
location19 location19
location10 location10
location4 location4
location42 location42
location22 location22
location37 location37
location43 location43
location30 location30
