Soda location84 location1 location13 location80 location36 location26 location96 location7 location10 location51 location2 location34 location77 location45 location81 location57 location46 location75 location5 location54 location89 location8 location1 location23 location64 location12 location52 location2 location74 location2 location70 location76 location78 location47 location19 location17 location82 location41 location21 location100 location60 location68 location21 location32 location49 location20 location79 location87 location5 location40 location3 location10 location29 location86 location50 location21 location32 location27 location72 location47 location18 location16 location88 location16 location90 location16 location35 location8 location1 location71 location28 location9 location31 location9 location4 location5 location23 location55 location5 location24 location5 location15 location97 location99 location7 location10 location65 location67 location2 location4 location5 location23 location1 Soda location59 location36 location3 location18 location15 location25 location85 location56 location44 location10 location30 location38 location2 location62 location2 location53 location9 location94 location5 location20 location14 location2 location6 location22 location11 location14 location48 location13 location1 location8 location10 location7 location19 location6 location8 location1 Soda location11 location63 location5 location83 Soda
82
Soda location93 location43 location33
location1 location73 location37 location39 location95 location1
location10 location66 location92 location69 location42 location10
location32 location91 location32
location23 location98 location21 location23
location4 location8 location4
location18 location3 location18
location15 location58 location15
location19 location7 location19
location11 location61 location11
location71 location71
location52 location52
location36 location36
location34 location34
location45 location45
location31 location31
location2 location2
location54 location54
location64 location64
location44 location44
location82 location82
location46 location46
location49 location49
location38 location38
location68 location68
location17 location17
location65 location65
location67 location67
location30 location30
location94 location94
location5 location5
location74 location74
location100 location100
location35 location35
location77 location77
location53 location53
location48 location48
location60 location60
location97 location97
location26 location26
location57 location57
location79 location79
location86 location86
location56 location56
location16 location16
location80 location80
location24 location24
location88 location88
location25 location25
location87 location87
location70 location70
location28 location28
location29 location29
location27 location27
location50 location50
location63 location63
location12 location12
location9 location9
location41 location41
location14 location14
location75 location75
location89 location89
location83 location83
location90 location90
location84 location84
location13 location13
location81 location81
location72 location72
location85 location85
location59 location59
location78 location78
location76 location76
location40 location40
location6 location6
location99 location99
location22 location22
location62 location62
location55 location55
location96 location96
location20 location20
location47 location47
location51 location51
