Soda woolf winifred danyal rosen singhal castro meghan grace patagonia garbers davis shen sunny lewke tamara jarrett vilaythong djajadi alvin yip rabie sarina sriram daniel caroline rob noor martinez golden chloe berit garcia krishnan amanda massachusetts ruhi eshaan annie shah ashley ritter juliann kevin lo roshan andrew ian walsh aidan connor Soda
50
danyal danyal
singhal singhal
grace grace
patagonia patagonia
shen shen
sunny sunny
vilaythong vilaythong
alvin alvin
rabie rabie
sriram sriram
daniel daniel
winifred winifred
davis davis
castro castro
rob rob
noor noor
lewke lewke
golden golden
martinez martinez
chloe chloe
garbers garbers
garcia garcia
sarina sarina
krishnan krishnan
amanda amanda
massachusetts massachusetts
ruhi ruhi
jarrett jarrett
tamara tamara
rosen rosen
shah shah
woolf woolf
eshaan eshaan
caroline caroline
yip yip
juliann juliann
kevin kevin
lo lo
roshan roshan
annie annie
djajadi djajadi
meghan meghan
ritter ritter
andrew andrew
ian ian
walsh walsh
aidan aidan
connor connor
ashley ashley
berit berit
