Soda lindsey blue rob portnoff ian daniel castro chase george angela nancy vikram melissa meghan krista kanika umar pratibha jacob sam grace hsu ishaan shah gibson adele wong maniku hubert irene sun garbers yash srivastava xavier quiterio yu sahai chung noor tsai du ritter berkeley ruhi chris kevin shahroz evan wang danyal sophia jarrett subbaraj vilaythong angelis saurav singhal wu colby nacouzi jifu lin pabreja misyutina agarwal tan krishnan guan scott bears mack nair tamara sarina cal harim margaret lillian hanafi bloch srinivasan zhifei sriram louie barth erika annie irvin jade walsh robbie xin weaver tyler andrew avery woolf martinez lewke william nichole ohio hanlon franco youmna soman zou katherine oscar celine lo charles lewis brady rosen alvin doshi chloe sunny parham brett devesh netzke rao yen ananya rabie curry james roshan wyatt winston singorahardjo hari ronald emily garcia greg aidan winifred ellen nguyen lee shen rebecca jia clark massachusetts yanay caroline ashley berit gregory rouzbahani patagonia logan juliann king zhou olivia hayakawa ravi aanika ani ahluwalia achacoso sathvik lebron yip alan kaur burns chandran eric djajadi amanda mittal chen anna gobears tran steven luo adhikiari vaibhav syu inderpal lucy persson jennifer liang deven eshaan connor maya davis li Soda
100
lindsey lindsey
rob rob
daniel daniel
chase chase
george george
vikram vikram
melissa melissa
krista krista
kanika kanika
umar umar
jacob jacob
grace grace
ishaan ishaan
shah shah
wong wong
maniku maniku
sun sun
srivastava srivastava
chung chung
du du
ritter ritter
ruhi ruhi
kevin kevin
evan evan
danyal danyal
sophia sophia
subbaraj subbaraj
vilaythong vilaythong
angelis angelis
saurav saurav
singhal singhal
wu wu
krishnan krishnan
scott scott
bears bears
mack mack
cal cal
srinivasan srinivasan
zhifei zhifei
barth barth
erika erika
annie annie
xin xin
weaver weaver
tyler tyler
andrew andrew
lewke lewke
william william
nichole nichole
ohio ohio
hanlon hanlon
franco franco
soman soman
zou zou
oscar oscar
celine celine
charles charles
alvin alvin
doshi doshi
chloe chloe
sunny sunny
parham parham
brett brett
devesh devesh
wyatt wyatt
singorahardjo singorahardjo
hari hari
emily emily
greg greg
winifred winifred
ellen ellen
massachusetts massachusetts
caroline caroline
ashley ashley
berit berit
gregory gregory
rouzbahani rouzbahani
patagonia patagonia
logan logan
king king
zhou zhou
olivia olivia
ravi ravi
aanika aanika
ani ani
ahluwalia ahluwalia
lebron lebron
yip yip
kaur kaur
djajadi djajadi
amanda amanda
mittal mittal
chen chen
gobears gobears
adhikiari adhikiari
liang liang
eshaan eshaan
connor connor
maya maya
li li
