Soda chandran gobears tran brady du zou yash jarrett scott nair berit emily jifu winston yip mittal lewke yanay mack sathvik steven kevin vaibhav maya ishaan grace nguyen caroline weaver shahroz shah ellen luo wang gibson gregory curry krista rouzbahani wyatt subbaraj li lo james chase sahai soman sahai chase james lo li subbaraj wyatt rouzbahani krista curry gregory gibson wang luo ellen shah shahroz weaver caroline nguyen grace ishaan maya vaibhav kevin steven sathvik mack yanay lewke mittal yip winston jifu emily berit nair scott jarrett yash zou du brady tran gobears chandran Soda kanika Soda
25
chandran chandran
tran tran
du du
yash yash
jarrett jarrett
scott scott
berit berit
yip yip
yanay yanay
mack mack
sathvik sathvik
steven steven
kevin kevin
vaibhav vaibhav
caroline caroline
weaver weaver
ellen ellen
luo luo
wang wang
gibson gibson
gregory gregory
rouzbahani rouzbahani
li li
sahai sahai
kanika kanika
