Jingzhou Fredericia Colachel Carouge Carmichael Huauchinango NiagaraFalls elCampello NiagaraFalls Huauchinango Carmichael Carouge Kheri Malnate BurgbeiMagdeburg Kabarnet Tabatinga MelitodiNapoli BeneBeraq Gangtok BeneBeraq MelitodiNapoli Tabatinga Kabarnet Sanaa Sarzedo Sanaa JabalosSaraj Sanaa Kabarnet BurgbeiMagdeburg Malnate Jeypore Malnate Lysva Malnate Kheri Srinagar Kiruna Eregli Puruliya SmederevskaPalanka Kirovsk SmederevskaPalanka Puruliya Eregli Jinotega LondonderryCountyBor Jinotega FortLauderdale Jinotega Eregli Kiruna Srinagar Entroncamento Srinagar Kheri Veenendaal Ghugus Manduria Ghugus Veenendaal Shizunaifurukawacho Veenendaal Kheri Carouge Depok Shively Depok Carouge Colachel Ibri Colachel AbualMatamir Bodhan TanahMerah Wittenau Surkhpur Bejucal Xochimilco CiudaddelCarmen Chittaranjan CiudaddelCarmen SanJosedeOcoa Ketrzyn Ouarzazat Frosinone Ronse AzZuwaytinah RioFormoso AzZuwaytinah Ronse Frosinone Radnor Frosinone Ouarzazat Ketrzyn LaPossession Shumen LaPossession Ketrzyn SanJosedeOcoa CiudaddelCarmen Chambly Khabarovsk Chegem Khabarovsk Crespo Falun Rangae Falun Crespo Khabarovsk Chambly CiudaddelCarmen Xochimilco CroixdesBouquets Xochimilco Bejucal Surkhpur Wittenau TanahMerah Bodhan AbualMatamir SaintMichael Simmerath SaintMichael AbualMatamir Geilenkirchen Ermelo Geilenkirchen AbualMatamir Colachel Rembangan Thamaga Tottori Thamaga Rembangan Ramjibanpur Rembangan Colachel Fredericia CoonRapids Sagalo CoonRapids Fredericia Jingzhou
50
Colachel Colachel
Carouge Carouge
Carmichael Carmichael
elCampello elCampello
Kheri Kheri
Malnate Malnate
BurgbeiMagdeburg BurgbeiMagdeburg
Kabarnet Kabarnet
Tabatinga Tabatinga
BeneBeraq BeneBeraq
Gangtok Gangtok
Sanaa Sanaa
Sarzedo Sarzedo
JabalosSaraj JabalosSaraj
Jeypore Jeypore
Lysva Lysva
Srinagar Srinagar
Kirovsk Kirovsk
LondonderryCountyBor LondonderryCountyBor
FortLauderdale FortLauderdale
Entroncamento Entroncamento
Veenendaal Veenendaal
Ghugus Ghugus
Manduria Manduria
Shizunaifurukawacho Shizunaifurukawacho
Depok Depok
Shively Shively
Ibri Ibri
TanahMerah TanahMerah
Bejucal Bejucal
Chittaranjan Chittaranjan
SanJosedeOcoa SanJosedeOcoa
Ketrzyn Ketrzyn
Ouarzazat Ouarzazat
Ronse Ronse
AzZuwaytinah AzZuwaytinah
RioFormoso RioFormoso
Radnor Radnor
Shumen Shumen
Khabarovsk Khabarovsk
Chegem Chegem
Crespo Crespo
Rangae Rangae
SaintMichael SaintMichael
Ermelo Ermelo
Rembangan Rembangan
Thamaga Thamaga
Tottori Tottori
CoonRapids CoonRapids
Sagalo Sagalo
