LesLilas AinBessem Aracuai Zhaodong Geiro Skelmersdale FortWorth Acireale Baramula Sorada SouthSaintPaul Kemise Shurugwi Manacapuru Gorgan Shimofurano Arzamas Sobue Johnston Wenchi Hangu Daokou Sosnovka HaciendaLaCalera KotRadhaKishan Izhevsk Ibirataia Hirosaki TagbilaranCity MineralnyeVody BlueIsland ChalcodeDiazCovarrub Kambove MonteAlegre CapimGrosso SantanadoLivramento SaintCyrlEcole Haora Kineshma SpanishTown Lloydminster Khulm Anjarah Rhondda PortoVelho FetestiGara Embu Tabou EastLongmeadow Mocoa Fuxin Nagar Escada Pozzuoli Haripur Langenhorn Acireale Ontinyent Vyazniki Skelmersdale Prostejov Mabopane Ipil Korsakov NahiyatashShinafiyah SenaMadureira Pezinok Belalcazar Oerlinghausen Morwa Braila Bury PriegodeCordoba Turek Andrychow SanJuandelaMaguana NoblePark Kotka Itororo Shchekino Angleton SenadorPompeu Acarau Akcaabat Mauban WestIslip Pinner GuaMusang Namerikawa Wangon EastLongmeadow Gowurdak Mandan Butuan Kaifeng Aringay Garbsen Ortaca Itororo Twante Rivas Espiye GongdanglegiKulon VillaPauladeSarmient NorthAurora Vaniyambadi Yafo Shieli MiguelAlemanLaDoce Mondlo AinArnat Battambang Johnston Kairouan Johnston Aringay AshtonunderLyne MineralnyeVody MadinatHamad Shobara Gunzenhausen Hangu LesLilas
100
Khulm Khulm
Kemise Kemise
Hirosaki Hirosaki
SanJuandelaMaguana SanJuandelaMaguana
Shchekino Shchekino
Braila Braila
SenaMadureira SenaMadureira
Shimofurano Shimofurano
AinArnat AinArnat
Rhondda Rhondda
Morwa Morwa
Ibirataia Ibirataia
Hangu Hangu
SouthSaintPaul SouthSaintPaul
Andrychow Andrychow
Garbsen Garbsen
Sobue Sobue
Sosnovka Sosnovka
Rivas Rivas
PriegodeCordoba PriegodeCordoba
Yafo Yafo
Haora Haora
Haripur Haripur
CapimGrosso CapimGrosso
AinBessem AinBessem
Ontinyent Ontinyent
Arzamas Arzamas
SpanishTown SpanishTown
Johnston Johnston
Nagar Nagar
Turek Turek
Belalcazar Belalcazar
Espiye Espiye
SenadorPompeu SenadorPompeu
KotRadhaKishan KotRadhaKishan
BlueIsland BlueIsland
MadinatHamad MadinatHamad
Butuan Butuan
Vyazniki Vyazniki
Langenhorn Langenhorn
Angleton Angleton
Kambove Kambove
Mocoa Mocoa
Kaifeng Kaifeng
Zhaodong Zhaodong
Fuxin Fuxin
WestIslip WestIslip
SaintCyrlEcole SaintCyrlEcole
Akcaabat Akcaabat
Anjarah Anjarah
Baramula Baramula
Acireale Acireale
Gunzenhausen Gunzenhausen
Vaniyambadi Vaniyambadi
Tabou Tabou
TagbilaranCity TagbilaranCity
ChalcodeDiazCovarrub ChalcodeDiazCovarrub
Itororo Itororo
HaciendaLaCalera HaciendaLaCalera
Kairouan Kairouan
Lloydminster Lloydminster
NoblePark NoblePark
Aracuai Aracuai
Shieli Shieli
Prostejov Prostejov
NahiyatashShinafiyah NahiyatashShinafiyah
Bury Bury
VillaPauladeSarmient VillaPauladeSarmient
MineralnyeVody MineralnyeVody
Izhevsk Izhevsk
Kotka Kotka
Oerlinghausen Oerlinghausen
FetestiGara FetestiGara
Manacapuru Manacapuru
Pozzuoli Pozzuoli
Shurugwi Shurugwi
Gowurdak Gowurdak
Kineshma Kineshma
Acarau Acarau
GuaMusang GuaMusang
Pezinok Pezinok
Gorgan Gorgan
Mabopane Mabopane
Twante Twante
Sorada Sorada
Daokou Daokou
Escada Escada
EastLongmeadow EastLongmeadow
Embu Embu
Korsakov Korsakov
Wangon Wangon
Battambang Battambang
MonteAlegre MonteAlegre
Wenchi Wenchi
PortoVelho PortoVelho
Ortaca Ortaca
AshtonunderLyne AshtonunderLyne
Skelmersdale Skelmersdale
FortWorth FortWorth
SantanadoLivramento SantanadoLivramento
