Kaimganj MorlanwelzMariemont EncarnaciondeDiaz MorlanwelzMariemont BlueIsland Albi BlueIsland MontecatiniTerme MilpaAlta Tocache GobernadorGalvez Novopokrovskaya GobernadorGalvez Narangba Cambui Fandriana Korolev Tsirang Yamaguchi Gobo Malaybalay Dankov Malaybalay Racine PinhalNovo MilpaAlta Tsirang MilpaAlta Kansk Tocache Isakogorka Yucheng Korolev Yucheng Tsukawaki Karasuyama Xankandi Kawit Fagaras Pilibhit Irvine Pilibhit Fagaras Kaimganj
22
MilpaAlta Brecht PinhalNovo MilpaAlta
Tocache Anahuac Tocache
Xankandi Karasuyama
Albi Albi
Tsukawaki Tsukawaki
Narangba Narangba
Novopokrovskaya Novopokrovskaya
Dankov Dankov
Fagaras Fagaras
Yucheng Yucheng
Isakogorka Isakogorka
Tsirang Tsirang
EncarnaciondeDiaz EncarnaciondeDiaz
Pilibhit Pilibhit
Gobo Gobo
Leixlip Leixlip
Fandriana Fandriana
Irvine Irvine
Korolev Korolev
MontecatiniTerme MontecatiniTerme
GobernadorGalvez GobernadorGalvez
Racine Racine
