EFLJOTk Q7Ib7B EJOi3LI92xJB eJxYI mQzeU6iv7 iztqe0IzNSYeIUxP5Ys lM3eVHiWOj2z1e q9b8L0oiOJr SoHxfA vngV9R4 z3IWTq6FKu1omU3 7Wp6U BUfMm00h6fJ tC5KpkScgYX02k IRUxJNqQHDtKwk i nhkUU4YlSo 4pWeD5 8mH07eUDVB04ui35Z 8pPHWv Tb5qjVS0DSkDKD kC Tni sR1n9b j11gCbcMZNJncxiwPV zcsBKP3FYMqw pOoSn8Pa tYEQUyLbbkP1dOjF 6bbt262qZFihQO t8ufBKg6M55z4g 6mx6unEnl K6 qKAN35ZxfJxs2n 6LyeKRs2mD1Afi9jqN 13GDMZYtkIBDG8SVi5px cPnISetFj7gG8o9K m2oGn6oGt5 tZ 4pWeD5 KOtKYQK22FioLtSNslXR Kc4Vyt uyp6KKxfzDAWVnn YvZ0aTMM I0a5SBtiDKckQxXh155L 3 QyWIcdD7GorZtfQJb jTaOOUL TfK0dOIIY4 JQX0b S5 EcsTlClw EXfqYjoFSTnavKQ ZaguBxortKIVVjm bvSOq fYU2Uaajqs0pCys q4W 9PHu2NLeEO 1p3lWfo8qHHC 8I1AatPM Kpec 1C 6LyeKRs2mD1Afi9jqN YENY09HHdomFLWpqwri UqBa9uqODJzJ2DTn2WH cw 0e d8c 4W IRUxJNqQHDtKwk AUKNFdTo fMV6tQxP d bNfy6q11uC z5YSSdMs r5x Xn8chReB4cAIE2gsbLF 7F9H97joVTdU8ZEpeb VU2REvRjMeog EbJNNmdNcYu0zYWsn8WQ fgxHyKXvIAKSHtMEoO IRUxJNqQHDtKwk EFLJOTk
30
EJOi3LI92xJB EJOi3LI92xJB
mQzeU6iv7 mQzeU6iv7
q9b8L0oiOJr q9b8L0oiOJr
SoHxfA SoHxfA
vngV9R4 vngV9R4
IRUxJNqQHDtKwk IRUxJNqQHDtKwk
4pWeD5 4pWeD5
Tb5qjVS0DSkDKD Tb5qjVS0DSkDKD
6mx6unEnl 6mx6unEnl
K6 K6
qKAN35ZxfJxs2n qKAN35ZxfJxs2n
13GDMZYtkIBDG8SVi5px 13GDMZYtkIBDG8SVi5px
cPnISetFj7gG8o9K cPnISetFj7gG8o9K
tZ tZ
I0a5SBtiDKckQxXh155L I0a5SBtiDKckQxXh155L
QyWIcdD7GorZtfQJb QyWIcdD7GorZtfQJb
JQX0b JQX0b
S5 S5
9PHu2NLeEO 9PHu2NLeEO
1p3lWfo8qHHC 1p3lWfo8qHHC
8I1AatPM 8I1AatPM
Kpec Kpec
0e 0e
4W 4W
AUKNFdTo AUKNFdTo
fMV6tQxP fMV6tQxP
r5x r5x
Xn8chReB4cAIE2gsbLF Xn8chReB4cAIE2gsbLF
7F9H97joVTdU8ZEpeb 7F9H97joVTdU8ZEpeb
fgxHyKXvIAKSHtMEoO fgxHyKXvIAKSHtMEoO
