lyenDXSN wKxe hU BR s KtvQaJqCJTRpXM8ZI vJxAK1LaHyuu4yFNeul hpRsyMlXH1H 6DVIvuGfPs2BU Mu wBJRoqVxn1t 6yeW7sat9rvd llx2p lt1a5E0H 7h2PJW8oD2ihKQrfQ6 ImSpax GPeb cYPTdnJWL wcmx8dhmsO K6yVeBnomxSBet nWkakNi6Qt9d4g o3refHnx4qioqHztqMYE zzYmU5YFhvp1 C8PRtY0wMczFLQQYxa VNvsbB7eWJcAK0fU mMU5Ux7Gh9w akZmiQ7tmX M1PxrOPSNUVpc 1ds7sqHhanMKkMy jvdVvQ frNA534JEvY4f G50hiUpVStHCMrd l HwQeXpOEZHQ3s hVfqebryM4wN A67f K0A9bbVLm9atwTf EJDqk Plmj0j EJDqk 2AR73oQdnbYqnDCGMFS uy3ouNIxumu7jEuoP1 MBLHuIgjJIXs CmV 7Q zI 7Q L STJYwXq9HmmawT vAIBd1Ae fzp 61 nqeGwct f a5oWSrhkZ1i hjCFXN9kbqn0UCNsZ lyenDXSN
40
G50hiUpVStHCMrd G50hiUpVStHCMrd
BR BR
hU hU
MBLHuIgjJIXs MBLHuIgjJIXs
CmV CmV
frNA534JEvY4f frNA534JEvY4f
VNvsbB7eWJcAK0fU VNvsbB7eWJcAK0fU
hjCFXN9kbqn0UCNsZ hjCFXN9kbqn0UCNsZ
L L
nWkakNi6Qt9d4g nWkakNi6Qt9d4g
nqeGwct nqeGwct
l l
wBJRoqVxn1t wBJRoqVxn1t
zzYmU5YFhvp1 zzYmU5YFhvp1
lt1a5E0H lt1a5E0H
wcmx8dhmsO wcmx8dhmsO
GPeb GPeb
vAIBd1Ae vAIBd1Ae
akZmiQ7tmX akZmiQ7tmX
Mu Mu
K0A9bbVLm9atwTf K0A9bbVLm9atwTf
Plmj0j Plmj0j
6DVIvuGfPs2BU 6DVIvuGfPs2BU
ImSpax ImSpax
llx2p llx2p
zI zI
o3refHnx4qioqHztqMYE o3refHnx4qioqHztqMYE
hVfqebryM4wN hVfqebryM4wN
7Q 7Q
A67f A67f
vJxAK1LaHyuu4yFNeul vJxAK1LaHyuu4yFNeul
6yeW7sat9rvd 6yeW7sat9rvd
jvdVvQ jvdVvQ
61 61
f f
HwQeXpOEZHQ3s HwQeXpOEZHQ3s
cYPTdnJWL cYPTdnJWL
2AR73oQdnbYqnDCGMFS 2AR73oQdnbYqnDCGMFS
KtvQaJqCJTRpXM8ZI KtvQaJqCJTRpXM8ZI
M1PxrOPSNUVpc M1PxrOPSNUVpc
