ba31a4d314614fb3812e 0b83bfb25fcf4c36b100 51a9097d8ff949ab9061 0b83bfb25fcf4c36b100 3c47a911234b471abcb4 5d399f04e771464dae55 3c47a911234b471abcb4 39b4d669172b4bad83c2 987af67a4e554ded9e25 39b4d669172b4bad83c2 3c47a911234b471abcb4 0b83bfb25fcf4c36b100 ba31a4d314614fb3812e 0b83bfb25fcf4c36b100 b278ec29017f466d82b9 f085abcec9b84967854f abe5d10e51264d4d8037 c512e247cb314cb6a720 7b8fc9a0d81d402eaff5 f7c0d7ac94fa44af96c1 cdfe9a5703384b169d1f 758c28567fee441d9639 578412b6fa2044c0ac68 3d0ddd0ef5e34e31b268 f34709225ca845968510 bae060ef6bf440788cf4 c90b725d56524e48bce9 43c11d251c5349558254 90b4d65ab9e6400c8b17 3c65b0255ea44b94b90a 3bd3cfc8f22040798830 aa20242c671140b09869 95e40b97ede8496c8c8e 0b83bfb25fcf4c36b100 3c47a911234b471abcb4 39b4d669172b4bad83c2 039bc494d1204fd0ab27 70fd14fc9b9249e29e78 6e827ff7027a4e67be57 578412b6fa2044c0ac68 987af67a4e554ded9e25 bae060ef6bf440788cf4 bc1f249c6a2d4dda88bd 502cd98b009a4da9ac37 aa20242c671140b09869 cc0dfd3acc49430d8b8c 006489627d7f40d78e5f f7c0d7ac94fa44af96c1 4bb9e4866e8947eab8e4 d35037d6007244dcb4e0 ba31a4d314614fb3812e
22
987af67a4e554ded9e25 39b4d669172b4bad83c2 ad74864096d649a881c6 006489627d7f40d78e5f
3c47a911234b471abcb4 ec4df13460ae4bb18f29
ba31a4d314614fb3812e 4ac506b94809432b9d4d
95e40b97ede8496c8c8e ac3e8375de984154ae4e
39b4d669172b4bad83c2 502cd98b009a4da9ac37
bae060ef6bf440788cf4 d0657041e36a408390c5
aa20242c671140b09869 98033c501332416f870c
006489627d7f40d78e5f cc0dfd3acc49430d8b8c
f7c0d7ac94fa44af96c1 0a8efee56d9f4a81b041 f7c0d7ac94fa44af96c1
3bd3cfc8f22040798830 3bd3cfc8f22040798830
43c11d251c5349558254 43c11d251c5349558254
abe5d10e51264d4d8037 abe5d10e51264d4d8037
0b83bfb25fcf4c36b100 0b83bfb25fcf4c36b100
4bb9e4866e8947eab8e4 4bb9e4866e8947eab8e4
b278ec29017f466d82b9 b278ec29017f466d82b9
c90b725d56524e48bce9 c90b725d56524e48bce9
51a9097d8ff949ab9061 51a9097d8ff949ab9061
758c28567fee441d9639 758c28567fee441d9639
5d399f04e771464dae55 5d399f04e771464dae55
3d0ddd0ef5e34e31b268 3d0ddd0ef5e34e31b268
70fd14fc9b9249e29e78 70fd14fc9b9249e29e78
039bc494d1204fd0ab27 039bc494d1204fd0ab27
