0 80 19 58 84 68 63 57 22 57 60 83 60 6 3 40 3 6 60 93 60 57 62 41 37 41 95 41 62 57 63 68 85 77 35 12 28 26 21 26 28 55 86 94 86 30 54 30 87 91 87 30 86 55 36 47 36 55 28 88 28 12 35 43 48 31 75 69 53 25 53 49 56 15 56 49 53 69 75 31 29 51 29 31 48 43 35 77 85 68 82 68 84 58 70 58 19 80 0 13 65 67 46 8 16 8 2 4 45 20 18 9 18 74 24 33 24 74 18 20 45 27 71 27 45 39 32 39 45 4 52 89 90 89 52 4 2 8 46 99 46 67 65 13 1 72 1 14 1 81 1 50 1 13 92 44 92 13 0 97 0
50
58 58
84 84
68 68
83 83
6 6
40 40
93 93
62 62
37 37
95 95
77 77
35 35
12 12
21 21
94 94
54 54
87 87
91 91
36 36
88 88
43 43
31 31
75 75
69 69
53 53
25 25
56 56
15 15
29 29
51 51
82 82
65 65
67 67
46 46
8 8
16 16
9 9
33 33
71 71
39 39
32 32
89 89
90 90
99 99
72 72
14 14
81 81
50 50
44 44
97 97
