0 37 20 8 9 24 32 16 34 48 34 39 2 39 34 18 53 61 35 38 42 10 42 38 40 5 63 14 63 5 40 38 35 61 53 18 34 16 32 56 27 56 32 24 28 58 25 59 17 78 17 66 17 65 17 69 17 72 17 81 17 73 17 80 17 77 17 67 17 75 17 70 17 76 17 74 17 68 17 79 17 71 17 59 91 59 83 59 98 59 92 59 85 59 86 59 88 59 82 59 84 59 93 59 90 59 94 59 87 59 89 59 97 59 95 59 96 59 99 59 25 58 28 24 9 8 30 26 30 8 54 12 4 12 54 8 43 6 43 8 20 37 0
35
78 78
66 66
65 65
69 69
72 72
81 81
73 73
80 80
77 77
67 67
75 75
70 70
76 76
74 74
68 68
79 79
71 71
91 91
83 83
98 98
92 92
85 85
86 86
88 88
82 82
84 84
93 93
90 90
94 94
87 87
89 89
97 97
95 95
96 96
99 99
