0 16 0 11 192 2 5 20 181 2 195 2 184 16 0 5 20 1 11 0 5 199 5 191 173 177 186 175 171 185 168 183 193 179 2 165 197 176 2 174 11 18 16 164 2 157 18 3 5 0 11 136 2 152 2 148 18 150 149 144 156 158 130 145 6 11 135 133 138 142 162 146 134 154 137 151 28 5 159 131 5 0
49
16 163 187 141
11 178 189 182 169 166 160 153
5 190 172 198 196 194 161 143
20 170 167 180 188
18 140 147 139 155 132
130 130
131 131
133 133
134 134
135 135
136 136
137 137
138 138
142 142
144 144
145 145
146 146
148 148
149 149
150 150
151 151
152 152
154 154
156 156
157 157
158 158
159 159
162 162
164 164
165 165
168 168
171 171
173 173
174 174
175 175
176 176
177 177
179 179
181 181
183 183
184 184
185 185
186 186
191 191
192 192
193 193
195 195
197 197
199 199
