2 9 179 49 68 16 11 139 11 16 14 35 63 36 141 36 88 109 175 178 165 26 119 194 34 67 34 38 117 38 34 194 119 26 165 178 175 87 124 123 101 33 97 135 113 94 160 43 160 145 103 42 82 191 82 42 111 85 111 133 154 155 5 155 154 129 185 25 173 25 185 3 47 107 47 3 185 129 154 159 78 159 154 133 137 28 13 147 1 51 1 77 187 77 23 77 1 147 13 28 137 133 111 42 58 163 58 89 58 42 103 61 103 20 103 145 160 94 134 138 60 41 164 197 164 83 21 157 79 157 21 167 21 83 164 41 60 138 134 94 113 195 146 195 71 195 113 135 69 44 69 135 97 33 55 19 55 33 101 123 124 87 106 6 7 99 105 10 196 171 196 10 39 95 15 95 39 10 105 99 7 151 7 6 106 87 175 109 59 109 88 115 183 115 88 36 63 75 57 75 63 35 27 131 17 131 27 76 161 29 161 76 27 199 27 35 14 190 84 190 14 16 68 31 93 66 189 45 121 166 121 53 121 45 189 66 56 184 50 158 70 158 86 174 37 142 143 142 193 144 149 144 80 4 72 81 72 125 72 4 127 4 177 4 80 144 193 142 37 174 86 158 98 153 98 158 50 184 56 66 93 31 181 91 140 65 140 91 181 169 181 31 68 49 73 49 179 9 2
100
9 9
179 179
49 49
11 11
139 139
35 35
63 63
141 141
109 109
175 175
165 165
119 119
67 67
117 117
87 87
123 123
101 101
33 33
97 97
135 135
113 113
43 43
145 145
103 103
191 191
111 111
85 85
133 133
155 155
5 5
129 129
185 185
25 25
173 173
3 3
47 47
107 107
159 159
137 137
13 13
147 147
1 1
51 51
77 77
187 187
23 23
163 163
89 89
61 61
41 41
197 197
83 83
21 21
157 157
79 79
167 167
195 195
71 71
69 69
55 55
19 19
7 7
99 99
105 105
171 171
39 39
95 95
15 15
151 151
59 59
115 115
183 183
75 75
57 57
27 27
131 131
17 17
161 161
29 29
199 199
31 31
93 93
189 189
45 45
121 121
53 53
37 37
143 143
193 193
149 149
81 81
125 125
127 127
177 177
153 153
181 181
91 91
65 65
169 169
73 73
