S 1M 1Da 1M 1Ea 1Ec 1Ea 1Ed 1Ea 1M 1Fa 1M 1Aa 1Ab 1Aa 1M 1Ca 1Cb 1Cc 1Cb 1Ca 1M 1Ba 1Bf 1M 1Af 1Ag 1Af 1M S 2M 2Da 2M 2Ea 2Ec 2Ea 2Ed 2Ea 2M 2Fa 2M 2Aa 2Ab 2Aa 2M 2Ca 2Cb 2Cc 2Cb 2Ca 2M 2Ba 2Bf 2M 2Af 2Ag 2Af 2M S 3M 3Da 3M 3Ea 3Ec 3Ea 3Ed 3Ea 3M 3Fa 3M 3Aa 3Ab 3Aa 3M 3Ca 3Cb 3Cc 3Cb 3Ca 3M 3Ba 3Bf 3M 3Af 3Ag 3Af 3M S 4M 4Da 4M 4Ea 4Ec 4Ea 4Ed 4Ea 4M 4Fa 4M 4Aa 4Ab 4Aa 4M 4Ca 4Cb 4Cc 4Cb 4Ca 4M 4Ba 4Bf 4M 4Af 4Ag 4Aj 4Ag 4Af 4M S
53
1Da 1Dd 1De
1Ec 1Eh 1Ei
1Ed 1Ek
1Ea 1Ee
1Fa 1Fe
1Ab 1Ac 1Ad 1Ae 1Ab
1Cc 1Cd 1Cc
1Ba 1Bb
1Bf 1Bi 1Bj 1Bf
1Ag 1Ah 1Ai 1Aj 1Ag
2Da 2Dd 2De
2Ec 2Eh 2Ei
2Ed 2Ek
2Ea 2Ee
2Fa 2Fe
2Ab 2Ac 2Ad 2Ae 2Ab
2Cc 2Cd 2Cc
2Ba 2Bb
2Bf 2Bi 2Bj 2Bf
2Ag 2Ah 2Ai 2Aj 2Ag
3Da 3Dd 3De
3Ec 3Eh 3Ei
3Ed 3Ek
3Ea 3Ee
3Fa 3Fe
3Ab 3Ac 3Ad 3Ae 3Ab
3Cc 3Cd 3Cc
3Ba 3Bb
3Bf 3Bi 3Bj 3Bf
3Ag 3Ah 3Ai 3Aj 3Ag
4Da 4Dd 4De
4Ec 4Eh 4Ei
4Ed 4Ek
4Ea 4Ee
4Fa 4Fe
4Ab 4Ac 4Ad 4Ae 4Ab
4Cc 4Cd 4Cc
4Ba 4Bb
4Bf 4Bi 4Bj 4Bf
4Ag 4Ah 4Ai 4Ag
1Aa 1Aa
1Ca 1Ca
1Cb 1Cb
2Aa 2Aa
2Ca 2Ca
2Cb 2Cb
3Aa 3Aa
3Ca 3Ca
3Cb 3Cb
4Aa 4Aa
4Aj 4Aj
4Ca 4Ca
4Cb 4Cb
