0 16 18 16 20 16 17 16 11 11 6 6 1 1 0 49 46 41 36 31 34 31 33 32 26 21 23 21 25 21 26 27 28 26 32 31 36 39 40 36 41 45 41 43 41 46 52 53 51 57 56 61 67 66 72 73 71 76 81 86 91 94 91 92 91 95 91 93 91 86 89 86 88 86 81 84 81 82 83 81 76 78 76 80 79 76 71 72 66 68 66 70 66 67 61 63 61 61 61 56 57 57 51 51 52 46 46 47 46 49 0
43
11 15
6 9
1 3 4
41 38 44 42
61 65 62 64
57 58 57
51 54
46 48 50
27 27
63 63
79 79
95 95
45 45
20 20
78 78
34 34
67 67
92 92
19 19
23 23
17 17
88 88
84 84
80 80
33 33
39 39
89 89
18 18
43 43
83 83
49 49
25 25
73 73
68 68
47 47
94 94
93 93
28 28
82 82
72 72
40 40
70 70
53 53
