0 33 31 37 38 36 42 41 46 51 57 58 56 61 66 71 76 81 87 81 83 81 84 81 82 81 76 79 76 78 76 80 76 71 74 71 73 72 71 75 71 66 68 66 70 66 61 62 61 65 64 61 56 59 56 57 51 53 51 46 48 46 46 41 41 42 36 37 31 35 31 32 26 29 26 26 26 21 25 21 21 16 16 11 12 11 11 11 6 6 1 0 198 197 196 191 193 192 186 181 176 171 166 167 161 162 156 151 146 141 136 131 126 127 121 116 111 112 106 101 96 91 94 95 91 92 86 90 86 92 93 91 96 97 96 99 96 98 96 100 96 101 105 104 101 103 102 101 106 107 106 109 106 108 106 112 113 111 114 111 116 118 116 121 122 121 127 128 126 130 129 126 131 135 131 136 137 136 140 136 138 136 139 136 141 144 141 143 141 145 141 142 141 146 149 146 151 153 152 151 151 156 156 162 161 164 161 167 166 170 166 166 171 176 180 176 181 184 181 181 181 186 186 192 191 195 191 196 197 198 0
92
56 63 60
51 52
46 47
41 44
36 39
31 34
26 30 27
21 22 24
16 17 19
11 13 14
6 7
1 3
151 155
156 159
161 163 165
166 169
171 173
176 179
181 185 183
186 189 187
58 58
135 135
73 73
100 100
35 35
99 99
90 90
137 137
72 72
78 78
79 79
65 65
105 105
192 192
164 164
109 109
107 107
48 48
114 114
42 42
118 118
95 95
144 144
193 193
53 53
83 83
103 103
143 143
184 184
38 38
64 64
139 139
145 145
98 98
25 25
180 180
94 94
102 102
130 130
195 195
112 112
33 33
75 75
108 108
140 140
62 62
122 122
70 70
152 152
127 127
68 68
162 162
93 93
97 97
12 12
32 32
87 87
29 29
113 113
59 59
142 142
153 153
129 129
84 84
170 170
74 74
128 128
149 149
138 138
80 80
82 82
104 104
