ZtfcEeD9 6MPulFAv nFqouQp3 rbWYBihd YWqBlkAs BkhTgoaJ CIF8DWXL BkhTgoaJ W7b2i2pG PMzcqvQL IdGLl1to WvzZeqnS O5yBujnu VDai7XkI 43ehQX6O w0QWGw2L n0riP8Jl 0MyIUMFM sAdwIwgI b850DFfF ciNFdHxl 9FVeC0va mSd4Nw6v 7Xy44hse VDai7XkI Pz0LLMil VDai7XkI VDai7XkI svPb07cv y7NjqOqM CBKWpDQv gX4kBNm4 JqKGA9ul AmaYXBsi NpH6Hpsr jKNn1ZQ1 WPOgjVLu bJ22zvWV yRH0nOtz 7P5zi9hu VDai7XkI VDai7XkI VDai7XkI aSd01nMZ 3L2NkWiR zpLQ0R0G RleTQaHw VDai7XkI ntaFp6yn 1FIjcsO2 uYGlfCi2 sFR9mcaG eFJgi8X6 8Rfeklr1 J2tz5Jy2 LvdUl8D5 VDai7XkI 8LVjFaQv ijk5cHsH VDai7XkI qnVestAH PLFYaVF6 FdbcCrtB VDai7XkI Tb8W969R VDai7XkI X4DALK1Z Rd2M5nw8 VDai7XkI VDai7XkI VDai7XkI xRPgtW5C kTn5Wdms 80BwLCcj poaWnZDO VDai7XkI wusYsf5E U7cZo0h2 yIRIspJJ VDai7XkI c6ZWTltk VDai7XkI 8avKqSxh iJuLSUhp miUcr0K7 4pgwpiHi CxnbNU8s eJJL3lWa YWqBlkAs 43ehQX6O zvH4AKmS gmal2HHS kMauNR5Y wZJN4OBT EAWv9kfQ mlHu9OVg aWGQETjI gKOyNQPh BOlNhFGU o4xf7nVd VDai7XkI ZS8CQaI7 lqKnzPvP RjDUex61 IZjIq9He xzWL2Pp8 B65DnegI X4DALK1Z VDai7XkI EB4WBsTV ca785uLx mrK2EXuk ZmF2u9Cy WOCLylig iJuLSUhp tCAdUY4B JfDq1Cs2 VDai7XkI LvdUl8D5 SG64DwCC NSdaWdL7 VDai7XkI Q2HoHQU7 1Xrx7hj3 Q2HoHQU7 lWuh5cH8 uEOMgmS6 7VEdC8Bn KZzTlcqA KbQF6Z1I VgwgAKMz FqE4GP0Y Wznv2rRv gX4kBNm4 VDai7XkI HTyyntxa yptfWPBC aDGqWHym 4FNIiWtX Fj27Gybu WOQy49Fo TNblhkGK VDai7XkI J2tz5Jy2 ZtfcEeD9
84
VDai7XkI hBRDGWam uMuBYvMK Tb8W969R CGddIqkC 1gtWVzKV eF0ueRyu d5gzYuse 1dr1nBQ7 OJgw7XgR 2KepLMXB 3MYamZSb FGbFUcoj 62Mn9lau dzvtjag1
Tb8W969R fa3ra0T7
yIRIspJJ U7cZo0h2
c6ZWTltk 04vrMVdi
X4DALK1Z B65DnegI X4DALK1Z
LvdUl8D5 91Uq51QB LvdUl8D5
1Xrx7hj3 Q7hUKAHQ
gX4kBNm4 Wznv2rRv gX4kBNm4
Fj27Gybu Fj27Gybu
43ehQX6O 43ehQX6O
nFqouQp3 nFqouQp3
J2tz5Jy2 J2tz5Jy2
bJ22zvWV bJ22zvWV
O5yBujnu O5yBujnu
RleTQaHw RleTQaHw
FdbcCrtB FdbcCrtB
SG64DwCC SG64DwCC
KZzTlcqA KZzTlcqA
wZJN4OBT wZJN4OBT
EB4WBsTV EB4WBsTV
8LVjFaQv 8LVjFaQv
kMauNR5Y kMauNR5Y
aDGqWHym aDGqWHym
svPb07cv svPb07cv
TNblhkGK TNblhkGK
ZtfcEeD9 ZtfcEeD9
ijk5cHsH ijk5cHsH
lWuh5cH8 lWuh5cH8
ca785uLx ca785uLx
xRPgtW5C xRPgtW5C
CBKWpDQv CBKWpDQv
EAWv9kfQ EAWv9kfQ
Pz0LLMil Pz0LLMil
FqE4GP0Y FqE4GP0Y
rbWYBihd rbWYBihd
7P5zi9hu 7P5zi9hu
8Rfeklr1 8Rfeklr1
NpH6Hpsr NpH6Hpsr
PMzcqvQL PMzcqvQL
qnVestAH qnVestAH
BOlNhFGU BOlNhFGU
ntaFp6yn ntaFp6yn
CIF8DWXL CIF8DWXL
kTn5Wdms kTn5Wdms
gKOyNQPh gKOyNQPh
WOCLylig WOCLylig
poaWnZDO poaWnZDO
yptfWPBC yptfWPBC
aSd01nMZ aSd01nMZ
RjDUex61 RjDUex61
7Xy44hse 7Xy44hse
eFJgi8X6 eFJgi8X6
HTyyntxa HTyyntxa
xzWL2Pp8 xzWL2Pp8
mlHu9OVg mlHu9OVg
o4xf7nVd o4xf7nVd
Rd2M5nw8 Rd2M5nw8
W7b2i2pG W7b2i2pG
tCAdUY4B tCAdUY4B
jKNn1ZQ1 jKNn1ZQ1
ciNFdHxl ciNFdHxl
lqKnzPvP lqKnzPvP
w0QWGw2L w0QWGw2L
zvH4AKmS zvH4AKmS
IdGLl1to IdGLl1to
0MyIUMFM 0MyIUMFM
AmaYXBsi AmaYXBsi
JfDq1Cs2 JfDq1Cs2
miUcr0K7 miUcr0K7
YWqBlkAs YWqBlkAs
wusYsf5E wusYsf5E
VgwgAKMz VgwgAKMz
PLFYaVF6 PLFYaVF6
zpLQ0R0G zpLQ0R0G
aWGQETjI aWGQETjI
yRH0nOtz yRH0nOtz
y7NjqOqM y7NjqOqM
8avKqSxh 8avKqSxh
ZS8CQaI7 ZS8CQaI7
NSdaWdL7 NSdaWdL7
sFR9mcaG sFR9mcaG
mSd4Nw6v mSd4Nw6v
mrK2EXuk mrK2EXuk
CxnbNU8s CxnbNU8s
