yqRn7pcv Bow1G1eA RKTqv0lO xaYYL0Xr ne5PzSYX zcy1X765 XlaUIvCb mmiVeCrf o5fxSomz i4M5A6hw 1JmiRMy2 fsgAjhrq hC2ZPbzA Bow1G1eA Wvomb2LC 2XMfF8YA lRFv66dO uzY67sfN hcJG54h4 6XOrbPEm 5Zo9R33z mB6fiF0u LQU5lyru rKjRBwvM Bow1G1eA rJm7nPd7 Bow1G1eA yqRn7pcv
24
Bow1G1eA Tv0Ngo2a 7xyYvlir
hC2ZPbzA hC2ZPbzA
lRFv66dO lRFv66dO
ne5PzSYX ne5PzSYX
5Zo9R33z 5Zo9R33z
fsgAjhrq fsgAjhrq
2XMfF8YA 2XMfF8YA
RKTqv0lO RKTqv0lO
6XOrbPEm 6XOrbPEm
mB6fiF0u mB6fiF0u
zcy1X765 zcy1X765
yqRn7pcv yqRn7pcv
i4M5A6hw i4M5A6hw
o5fxSomz o5fxSomz
1JmiRMy2 1JmiRMy2
mmiVeCrf mmiVeCrf
XlaUIvCb XlaUIvCb
hcJG54h4 hcJG54h4
rKjRBwvM rKjRBwvM
rJm7nPd7 rJm7nPd7
xaYYL0Xr xaYYL0Xr
uzY67sfN uzY67sfN
LQU5lyru LQU5lyru
Wvomb2LC Wvomb2LC
