44 75 69 73 83 23 31 34 1 47 68 33 5 33 68 64 76 64 71 13 38 52 38 13 71 91 60 95 14 95 60 91 71 54 24 54 71 64 68 47 22 79 17 79 22 47 1 21 15 21 1 34 84 85 86 19 86 25 41 28 80 89 3 18 82 18 3 10 40 10 3 89 80 55 65 94 63 29 63 94 2 87 59 4 59 26 59 87 16 87 2 94 65 55 6 55 80 28 41 25 53 25 86 30 32 30 86 85 36 0 36 85 27 66 12 8 9 8 12 66 27 85 88 20 88 85 84 34 11 37 11 34 31 23 83 7 83 73 69 75 44
33
23 23
31 31
1 1
5 5
13 13
14 14
24 24
22 22
17 17
21 21
15 15
19 19
25 25
28 28
3 3
18 18
10 10
29 29
2 2
4 4
26 26
16 16
6 6
30 30
32 32
0 0
27 27
12 12
8 8
9 9
20 20
11 11
7 7
