74 135 163 169 31 190 196 27 196 190 118 139 15 139 118 190 184 168 176 159 39 71 175 60 92 30 109 30 92 117 64 117 92 60 1 62 95 11 80 34 91 182 41 104 41 182 91 34 20 6 161 29 90 183 44 16 147 16 44 183 199 23 199 183 90 29 161 6 20 24 61 53 61 24 123 45 123 47 123 24 20 34 80 86 187 54 187 86 143 37 96 37 143 86 18 164 28 114 28 164 18 86 80 14 80 11 95 10 95 62 188 17 188 62 1 60 26 60 175 105 136 103 165 111 120 42 120 111 165 103 136 105 175 71 39 159 177 50 191 87 141 19 46 19 141 87 191 50 177 159 176 193 88 57 115 131 55 58 55 131 115 101 12 162 179 49 179 0 22 9 22 0 179 51 179 162 21 38 21 4 21 162 59 162 12 101 3 101 186 63 70 142 5 142 160 32 25 32 160 142 40 181 13 181 40 142 70 63 186 101 115 57 88 193 102 193 176 2 180 35 180 2 176 168 85 36 75 36 85 194 33 194 85 168 184 190 31 7 31 169 132 100 132 81 132 169 107 169 130 84 43 153 56 153 43 84 130 48 52 65 52 48 130 169 163 146 163 135 108 135 8 135 74
66
31 31
27 27
15 15
39 39
60 60
30 30
64 64
1 1
62 62
11 11
34 34
41 41
20 20
6 6
29 29
44 44
16 16
23 23
24 24
61 61
53 53
45 45
47 47
54 54
37 37
18 18
28 28
14 14
10 10
17 17
26 26
42 42
50 50
19 19
46 46
57 57
55 55
58 58
12 12
49 49
0 0
22 22
9 9
51 51
21 21
38 38
4 4
59 59
3 3
63 63
5 5
32 32
25 25
40 40
13 13
2 2
35 35
36 36
33 33
7 7
43 43
56 56
48 48
52 52
65 65
8 8
