56 89 68 19 36 67 83 81 29 3 29 81 26 6 85 75 0 75 38 75 85 87 20 87 85 6 26 81 10 52 66 52 10 81 83 8 83 67 41 63 11 17 11 63 41 67 36 19 68 23 46 73 71 9 1 31 32 74 32 31 1 9 71 73 46 23 22 24 39 57 58 13 40 88 40 13 58 84 80 18 44 16 21 65 33 65 21 16 44 45 2 90 2 76 92 27 42 27 92 37 49 37 47 30 60 30 77 4 61 4 77 30 47 54 47 37 92 76 2 45 44 18 80 84 58 57 39 43 35 5 35 43 39 24 34 62 53 78 12 78 53 62 34 15 91 15 34 69 50 69 34 24 22 23 82 23 68 48 68 89 56
48
89 89
68 68
19 19
36 36
67 67
83 83
81 81
29 29
3 3
85 85
0 0
38 38
20 20
10 10
66 66
8 8
41 41
63 63
17 17
23 23
9 9
1 1
31 31
32 32
74 74
22 22
24 24
57 57
58 58
13 13
88 88
84 84
65 65
33 33
90 90
92 92
42 42
30 30
60 60
4 4
61 61
54 54
5 5
15 15
91 91
50 50
82 82
48 48
