93 71 93 18 94 138 94 80 94 46 94 18 157 18 62 70 174 143 77 113 75 130 75 113 102 113 77 143 160 89 168 89 49 117 164 87 11 99 14 126 98 107 24 4 76 4 24 107 85 107 97 176 90 176 147 26 147 176 121 176 97 107 98 126 65 126 14 99 11 66 11 87 136 87 164 117 49 118 161 175 73 2 95 33 109 36 9 68 21 119 86 23 145 111 145 23 152 57 132 67 132 104 10 101 8 169 155 169 44 105 44 169 20 169 8 101 172 101 10 104 124 104 132 57 152 23 86 119 1 119 21 68 9 69 79 54 47 91 110 128 84 128 116 82 151 52 31 52 151 82 63 163 63 82 116 30 116 128 110 91 40 91 47 78 72 134 103 159 45 51 45 159 156 3 140 3 156 159 122 159 103 171 41 22 56 34 56 22 41 171 144 170 108 170 64 12 19 154 19 12 100 53 29 16 39 16 29 53 177 53 100 12 64 170 144 171 103 134 72 78 47 54 79 69 141 125 141 69 9 36 131 38 92 74 129 27 129 74 92 38 131 115 131 36 109 60 109 33 95 61 95 2 73 175 81 175 161 137 161 118 49 89 160 143 165 43 165 143 7 143 174 70 146 70 62 18 93
91
18 18
138 138
80 80
46 46
157 157
62 62
70 70
174 174
143 143
77 77
75 75
130 130
102 102
168 168
49 49
117 117
87 87
99 99
14 14
98 98
24 24
4 4
76 76
176 176
90 90
147 147
26 26
121 121
65 65
66 66
136 136
161 161
73 73
2 2
95 95
109 109
36 36
119 119
86 86
111 111
57 57
67 67
101 101
169 169
155 155
105 105
20 20
172 172
124 124
1 1
79 79
47 47
91 91
110 110
84 84
116 116
82 82
151 151
52 52
63 63
163 163
40 40
72 72
51 51
140 140
122 122
171 171
56 56
34 34
170 170
108 108
64 64
19 19
154 154
53 53
39 39
177 177
141 141
125 125
131 131
38 38
74 74
129 129
27 27
115 115
61 61
81 81
137 137
165 165
43 43
146 146
