Dannemora Hamburg Hillburn Ghent Downey Ghent Depauville Ghent Freeport Oceanside Fair Oceanside Freeport Ghent Hillburn Hamburg Flower Hamburg Fleischmanns Fonda Hempstead Hewlett Fairview Geneva Depew Geneva Fairport Geneva Fairview Hewlett Hempstead Fonda Fabius Mills Fishkill Davis Fishkill Mills Fabius Glenwood Haviland Franklin Haviland Highfalls Hicksville Herkimer Fayetteville Harbor Fredonia Harbor Fayetteville Herkimer Hicksville Highfalls Haviland Fishers Forest Fishers Haviland Glenwood Fabius Fonda Fleischmanns Hamburg DeRuyter Hamburg Dannemora Fire Goshen Frankfort Flanders Frankfort Goshen Highland Farmingville Florida Deer Granville Forestville Granville Deer Delanson Nyack Fulton Gardiner Hannibal Odessa Frewsburg Delhi Freeville Farnham Freeville Delhi Frewsburg Odessa Hannibal Gardiner Falconer Gasport Falconer Gardiner Fulton Dexter Germantown Delmar Herricks Deposit Herricks Delmar Germantown Deferiet Noyack Dunkirk Noyack Haverstraw Noyack Deferiet Germantown Galeville Delevan Dansville Delevan Galeville Germantown Dexter Hermon Franklinville Gowanda Ogdensburg Gowanda Franklinville Hermon Dexter Fairmount Gordon Fairmount Dexter Fulton Nyack Delanson Deer Florida Farmingville Harrisville Harrison Friendship Harrison Harrisville Farmingville Highland Goshen Fire Earlville Firthcliffe Earlville Fire Dannemora
50
Ghent Ghent
Depauville Depauville
Freeport Freeport
Fair Fair
Flower Flower
Fleischmanns Fleischmanns
Fonda Fonda
Fairview Fairview
Geneva Geneva
Depew Depew
Fairport Fairport
Fabius Fabius
Fishkill Fishkill
Davis Davis
Franklin Franklin
Fayetteville Fayetteville
Fredonia Fredonia
Fishers Fishers
Forest Forest
DeRuyter DeRuyter
Fire Fire
Frankfort Frankfort
Flanders Flanders
Farmingville Farmingville
Florida Florida
Deer Deer
Forestville Forestville
Delanson Delanson
Fulton Fulton
Gardiner Gardiner
Frewsburg Frewsburg
Delhi Delhi
Freeville Freeville
Farnham Farnham
Falconer Falconer
Gasport Gasport
Dexter Dexter
Germantown Germantown
Delmar Delmar
Deposit Deposit
Deferiet Deferiet
Dunkirk Dunkirk
Galeville Galeville
Delevan Delevan
Dansville Dansville
Franklinville Franklinville
Fairmount Fairmount
Friendship Friendship
Earlville Earlville
Firthcliffe Firthcliffe
