Acton Compton Bowles Compton Farmington Dublin Arnold Campbell Coachella Amesti Coachella Calabasas Dixon Broadmoor Dixon Calabasas Coachella Campbell Arnold Bradley Caruthers Bradley Arnold Firebaugh Cherryland Avery Chowchilla Avenal Chowchilla Benicia Chowchilla Avery Georgetown Bellflower Carlsbad Encinitas Claremont Encinitas Canyondam Encinitas Carlsbad Bellflower Bolinas Angwin Atascadero Bonsall Clyde Colma Clyde Boronda Buttonwillow Bystrom Anaheim Calistoga Anaheim Dunsmuir Calimesa Davis Aromas Davis Calimesa Dunsmuir Anaheim Bystrom Buttonwillow Boronda Beckwourth Boronda Clyde Bonsall Atascadero Antioch Folsom Caribou Folsom Antioch Atascadero Angwin Bolinas Bellflower Georgetown Avery Cherryland Firebaugh Ferndale Clearlake Ashland Clearlake Ferndale Columbia Fillmore Cobb Barstow Capitola Barstow Cobb Fillmore Columbia Alpine Fontana Colusa Adelanto Colusa Covina Downey Cerritos Bell Alpaugh Escalon Calipatria Crockett Cabazon Crockett Calipatria Escalon Alpaugh Bell Cerritos Bluewater Cartago Covelo Farmersville Delhi Fremont Concow Carrick Alameda Berkeley Armona Danville Blythe Danville Armona Berkeley Alameda Carrick Concow Fremont Delhi Farmersville Covelo Foresthill Altadena Foresthill Covelo Coalinga Covelo Cartago Bluewater Cerritos Anderson Calexico Blairsden Atherton Blairsden Calexico Cromberg Cupertino Bloomington Ceres Auburn Ceres Bloomington Cupertino Duarte Carmichael Duarte Cupertino Auberry Cupertino Cromberg Calexico Florin Alturas Florin Calexico Colfax Bayview Ducor Burlingame Ducor Bayview Colfax Calexico Anderson Cerritos Aptos Cerritos Downey Covina Cudahy Bodfish Cudahy Covina Colusa Dinuba Banning Fresno August Castroville August Cotati Boron Cotati August Clio Etna Copperopolis Beaumont Copperopolis Bakersfield Copperopolis Etna Clio August Fresno Banning Alamo Avalon Alamo Banning Dinuba Colusa Fontana Alpine Columbia Fortuna Diablo Brentwood Biola Arbuckle Biola Brentwood Galt Burbank Arcadia Belvedere Arcadia Burbank Camarillo Burbank Galt Brentwood Diablo Clayton Arcata Clayton Diablo Artesia Fallbrook Fairfax Chino Bootjack Chino Burney Chino Fairfax Fallbrook Carson Bishop Brea Azusa Brea Bishop Fruitdale Byron Fellows Clovis Fellows Bradbury Fellows Byron Biggs Byron Fruitdale Escondido Atwater Escondido Albany Escondido Fruitdale Bishop Carson Fallbrook Bonita Fallbrook Artesia Diablo Fortuna Calwa Fortuna Columbia Brawley Alhambra Cambria Almanor Cambria Cayucos Arvin Cayucos Cambria Alhambra Belden Alhambra Brawley Corning Brisbane Belmont Brisbane Corning Brawley Columbia Carpinteria Columbia Ferndale Firebaugh Arnold Dublin Farmington Compton Acton
100
Bowles Bowles
Arnold Arnold
Campbell Campbell
Amesti Amesti
Calabasas Calabasas
Broadmoor Broadmoor
Bradley Bradley
Caruthers Caruthers
Avery Avery
Avenal Avenal
Benicia Benicia
Bellflower Bellflower
Carlsbad Carlsbad
Canyondam Canyondam
Bolinas Bolinas
Angwin Angwin
Atascadero Atascadero
Bonsall Bonsall
Boronda Boronda
Buttonwillow Buttonwillow
Bystrom Bystrom
Anaheim Anaheim
Calistoga Calistoga
Calimesa Calimesa
Aromas Aromas
Beckwourth Beckwourth
Antioch Antioch
Caribou Caribou
Ashland Ashland
Barstow Barstow
Capitola Capitola
Alpine Alpine
Adelanto Adelanto
Cerritos Cerritos
Bell Bell
Alpaugh Alpaugh
Calipatria Calipatria
Cabazon Cabazon
Bluewater Bluewater
Cartago Cartago
Carrick Carrick
Alameda Alameda
Berkeley Berkeley
Armona Armona
Blythe Blythe
Altadena Altadena
Anderson Anderson
Calexico Calexico
Blairsden Blairsden
Atherton Atherton
Bloomington Bloomington
Ceres Ceres
Auburn Auburn
Carmichael Carmichael
Auberry Auberry
Alturas Alturas
Bayview Bayview
Burlingame Burlingame
Aptos Aptos
Bodfish Bodfish
Banning Banning
August August
Castroville Castroville
Boron Boron
Beaumont Beaumont
Bakersfield Bakersfield
Alamo Alamo
Avalon Avalon
Brentwood Brentwood
Biola Biola
Arbuckle Arbuckle
Burbank Burbank
Arcadia Arcadia
Belvedere Belvedere
Camarillo Camarillo
Arcata Arcata
Artesia Artesia
Bootjack Bootjack
Burney Burney
Carson Carson
Bishop Bishop
Brea Brea
Azusa Azusa
Byron Byron
Bradbury Bradbury
Biggs Biggs
Atwater Atwater
Albany Albany
Bonita Bonita
Calwa Calwa
Brawley Brawley
Alhambra Alhambra
Cambria Cambria
Almanor Almanor
Cayucos Cayucos
Arvin Arvin
Belden Belden
Brisbane Brisbane
Belmont Belmont
Carpinteria Carpinteria
