Acadia Biscayne Rocky Caverns Congaree Everglades Katmai Denali Wrangell Sequoia Guadalupe Isle Kenai Haleakala Shenandoah Clark Canyonlands Brycecanyon Glacier Gunnison Basin Kenai Isle Teton Redwood Gunnison Glacier Gateway Channel Lassen Crater Badlands Crater Olympic Arches Sequoia Guadalupe Acadia Tortugas Acadia
22
Acadia Capitol
Redwood Teton
Gunnison Bend Gunnison
Channel Cuyahoga Indiana Channel
Lassen Smoky
Sequoia Arches
Badlands Badlands
Biscayne Biscayne
Brycecanyon Brycecanyon
Canyonlands Canyonlands
Caverns Caverns
Congaree Congaree
Crater Crater
Denali Denali
Tortugas Tortugas
Everglades Everglades
Gateway Gateway
Glacier Glacier
Basin Basin
Guadalupe Guadalupe
Haleakala Haleakala
Isle Isle
