6 195 193 189 193 195 188 186 182 186 188 181 174 167 160 153 151 148 151 153 152 150 152 149 152 153 146 139 137 133 137 134 137 139 132 125 124 122 124 125 123 120 123 125 118 111 109 105 109 106 109 111 104 97 96 94 96 97 90 89 87 89 90 88 90 97 95 91 95 97 104 103 100 103 101 103 104 111 110 111 118 117 115 117 118 116 118 125 132 131 129 131 132 131 132 130 132 139 146 145 146 145 146 153 160 158 154 158 160 158 160 167 165 167 174 172 174 172 174 181 180 181 181 188 187 188 195 6 13 20 27 34 32 34 33 30 33 31 33 34 41 48 47 44 47 48 46 43 46 48 55 53 50 53 55 54 51 54 55 62 60 62 69 68 65 68 69 67 64 67 69 76 74 76 83 81 77 81 83 82 80 82 83 76 75 76 69 62 61 62 55 48 41 40 38 40 41 39 41 34 27 25 22 25 27 20 18 20 19 20 13 19 20 13 12 13 12 13 6 5 2 5 6 4 0
73
195 190 194
118 112
132 128 126
139 136
146 142 140
160 155 160
167 166 161
174 169 174
181 177 179 181
188 184
13 17 11 10
6 1 6
2 2
12 12
19 19
18 18
27 27
25 25
22 22
31 31
30 30
32 32
38 38
41 41
39 39
44 44
43 43
47 47
50 50
51 51
53 53
61 61
60 60
62 62
64 64
69 69
65 65
76 76
74 74
75 75
83 83
77 77
80 80
90 90
87 87
88 88
96 96
91 91
94 94
101 101
100 100
103 103
110 110
106 106
105 105
116 116
115 115
124 124
120 120
122 122
129 129
134 134
133 133
145 145
150 150
148 148
149 149
154 154
165 165
172 172
182 182
186 186
189 189
