58 48 38 28 18 8 7 17 27 37 47 57 67 77 87 78 88 98 89 99 79 16 6 5 4 14 24 34 44 54 64 74 84 94 15 25 35 45 55 65 75 85 95 36 46 56 66 76 86 96 3 13 23 33 43 2 12 22 32 42 52 62 72 82 83 53 63 73 1 0 10 20 30 40 50 60 70 80 90 61 71 81 11 21 31 41 19 29 39 49 59 58
45
7 7
87 87
78 78
88 88
98 98
99 99
79 79
5 5
4 4
44 44
64 64
94 94
45 45
55 55
65 65
95 95
36 36
76 76
86 86
3 3
33 33
43 43
12 12
22 22
32 32
42 42
52 52
72 72
83 83
63 63
73 73
0 0
10 10
30 30
40 40
50 50
70 70
90 90
61 61
11 11
21 21
31 31
19 19
29 29
39 39
