pace voice financial respect audience class exclusive buffet exclusive dip joint demand pain pig mature brake mature pig pain demand cigarette tablet cigarette demand joint dip exclusive class disclose skeleton understand figure banana king guarantee due seize due guarantee dialogue prison solve tolerate forge vegetarian forge winner forge tolerate solve prison dialogue likely dialogue tool dialogue romantic straighten quality headline quality straighten romantic sign legislation enhance dough linger dough enhance thumb enhance legislation sign romantic dialogue guarantee king banana judicial glasses autonomy glasses judicial banana figure understand paper deposit swear deposit paper understand skeleton disclose injury disclose class audience respect bitter rob bitter respect injection interactive throne stroke discriminate lake discriminate stroke thirsty certain page fortune imposter fortune page certain sunrise title shy nationalist shy market miserable environment approval gate mystery enter mystery gate circulation output circulation gate approval other approval environment miserable market shy title sunrise certain thirsty stroke throne interactive feature honor feature interactive injection respect financial voice pace
50
voice voice
financial financial
class class
exclusive exclusive
buffet buffet
dip dip
demand demand
pain pain
brake brake
cigarette cigarette
tablet tablet
figure figure
king king
guarantee guarantee
seize seize
prison prison
tolerate tolerate
vegetarian vegetarian
winner winner
likely likely
tool tool
quality quality
headline headline
sign sign
legislation legislation
enhance enhance
dough dough
linger linger
thumb thumb
glasses glasses
autonomy autonomy
paper paper
swear swear
injury injury
bitter bitter
rob rob
throne throne
lake lake
page page
imposter imposter
sunrise sunrise
title title
shy shy
nationalist nationalist
mystery mystery
enter enter
circulation circulation
output output
other other
honor honor
