pace other quadruple ask enemy candle teacher hospitality terms deter note physics linger vegetarian linger decisive tolerate injury flag home dialogue candle teacher excuse rob demand grounds rage bitter terms bitter coffin attraction guarantee attraction pound attraction excuse exclusive electronics swop nationalist acceptance double approval circulation approval pier bleed curriculum chew drawer smile headline brake exempt certain due ignore shiver blonde native development exempt dramatic opposed dip excuse attraction guarantee election buffet election lifestyle cotton paper native development confrontation forge coast profound virgin blonde virgin winner virgin thirsty dough greeting dough thirsty structure respect extort page mature rob market pace speaker sign honor comfortable likely comfortable romantic prison environment bleed pier interactive pier identity pier pig pier gallon injection financial mercy mixture joint single country market banana driver banana widen extort respect throne boom quality boom throne structure throne country knot bleed pier approval rent atmosphere fortune reliable guarantee railcar tool liver swop joystick bowel brake profound view dive coincide identity pier bleed curriculum chew extort legislation injection gallon profound coast swear rent sunrise embarrassment injection desk enemy illusion joint mixture pace
81
enemy control enemy
note tablet note
linger physics
vegetarian exile market
decisive greeting decisive
teacher candle teacher
demand rob feature
bitter coffin
terms thumb
pound imposter
circulation stress
chew offset drawer
attraction exclusive attraction
development skeleton development
blonde pipe
winner assignment
greeting begin
thirsty dough
rob mature
speaker audience
likely viable likely
environment interface environment
pier pig
interactive error interactive
pig straighten
mixture chair
joint output
country triple country
quality autonomy
throne respect throne
bleed knot
fortune atmosphere
guarantee pardon guarantee
swop liver electronics swop
brake scheme
identity coincide identity
gallon injection
rent swear rent
desk spoil
acceptance acceptance
exempt exempt
injury injury
deter deter
virgin virgin
dip dip
structure structure
buffet buffet
cotton cotton
profound profound
curriculum curriculum
widen widen
dive dive
shiver shiver
smile smile
flag flag
driver driver
railcar railcar
mercy mercy
illusion illusion
headline headline
comfortable comfortable
native native
coast coast
other other
confrontation confrontation
pace pace
ask ask
quadruple quadruple
due due
bowel bowel
home home
financial financial
lifestyle lifestyle
ignore ignore
page page
boom boom
forge forge
rage rage
election election
excuse excuse
tool tool
