pace exclusive output understand other approval tablet gate tablet approval other understand output exclusive winner view excuse due audience due injection opposed brake nationalist feature nationalist brake headline brake opposed thumb exempt thumb enter deposit enter thumb opposed injection due excuse view prison honor environment write voice write environment honor prison view winner assignment quality king likely pier injury skeleton injury mixture injury pier likely page guarantee page likely market likely circulation likely king quality assignment winner exclusive throne exclusive pace
25
output output
approval approval
gate gate
excuse excuse
audience audience
opposed opposed
brake brake
nationalist nationalist
feature feature
headline headline
exempt exempt
enter enter
deposit deposit
honor honor
voice voice
king king
likely likely
injury injury
skeleton skeleton
mixture mixture
page page
guarantee guarantee
market market
circulation circulation
throne throne
