C0 C85 C75 C95 C96 C93 C98 C59 C17 C14 C47 C0 C87 C97 C83 C1 C0 C89 C5 C44 C5 C1 C11 C50 C27 C9 C2 C70 C67 C69 C42 C1 C0 C22 C36 C76 C7 C40 C35 C3 C94 C2 C46 C0 C25 C26 C8 C39 C3 C1 C6 C56 C29 C3 C0 C58 C53 C55 C21 C1 C0
43
C0 C34 C20 C84 C28 C77 C81 C24
C1 C12 C1
C22 C22
C59 C59
C56 C56
C27 C27
C69 C69
C21 C21
C17 C17
C58 C58
C50 C50
C42 C42
C14 C14
C6 C6
C47 C47
C5 C5
C93 C93
C94 C94
C46 C46
C29 C29
C96 C96
C40 C40
C83 C83
C11 C11
C44 C44
C53 C53
C98 C98
C35 C35
C76 C76
C75 C75
C85 C85
C87 C87
C97 C97
C55 C55
C36 C36
C26 C26
C70 C70
C9 C9
C89 C89
C39 C39
C67 C67
C95 C95
C25 C25
