C0 C107 C165 C100 C97 C121 C95 C1 C120 C54 C103 C104 C179 C105 C192 C51 C1 C5 C0 C123 C0 C1 C20 C0 C145 C0 C66 C10 C93 C168 C169 C50 C0 C1 C0 C198 C86 C74 C71 C3 C1 C154 C30 C0 C77 C144 C141 C1 C0 C4 C153 C0 C171 C0 C70 C24 C2 C0 C1 C166 C129 C114 C181 C0 C2 C139 C149 C152 C161 C3 C63 C3 C16 C4 C5 C172 C134 C122 C5 C10 C8 C7 C101 C146 C84 C0 C68 C18 C196 C5 C160 C2 C59 C167 C1 C0 C1 C87 C4 C1 C137 C55 C32 C185 C48 C57 C190 C1 C0
73
C0 C1 C45 C19 C182 C194 C78 C56 C11 C28 C58 C27 C0
C1 C132 C52 C3 C110 C164 C193 C124 C26 C8
C2 C119 C49 C88 C2
C3 C47 C35
C5 C31 C127 C43 C5
C4 C25 C4
C185 C185
C171 C171
C134 C134
C101 C101
C10 C10
C167 C167
C97 C97
C122 C122
C192 C192
C66 C66
C144 C144
C145 C145
C179 C179
C137 C137
C161 C161
C165 C165
C152 C152
C54 C54
C16 C16
C70 C70
C77 C77
C146 C146
C95 C95
C168 C168
C169 C169
C55 C55
C103 C103
C107 C107
C121 C121
C129 C129
C51 C51
C74 C74
C87 C87
C190 C190
C93 C93
C153 C153
C24 C24
C160 C160
C50 C50
C48 C48
C7 C7
C63 C63
C84 C84
C154 C154
C198 C198
C196 C196
C120 C120
C172 C172
C100 C100
C59 C59
C104 C104
C30 C30
C149 C149
C114 C114
C181 C181
C32 C32
C18 C18
C86 C86
C141 C141
C20 C20
C68 C68
C57 C57
C105 C105
C123 C123
C71 C71
C139 C139
C166 C166
