9iIwk 6EWVx jT5CK HOs1b qkJ6b 1xmtC qkJ6b Nceu2 XYzcU Nceu2 qkJ6b HOs1b QVYVG RKW0P jYfXn RKW0P QVYVG q0lus 1uRw3 1pxZM 1uRw3 knY3U jAwQw aHGHb CAygY kmzhT CAygY aHGHb WGJpQ aHGHb jAwQw knY3U vE0Pj knY3U 1uRw3 WJNpN AgYPL tnjfN AgYPL WJNpN YH6mk Y7IDR UpLNw 4a0W8 UpLNw Y7IDR YH6mk 5ioW1 Be0ab XZKtP dw7aX XZKtP qmTnM bXinH qmTnM XZKtP Be0ab 5ioW1 YH6mk WJNpN 5VT1H WJNpN 1uRw3 Ri2t4 y89SK Ri2t4 1uRw3 q0lus QVYVG RhUVQ QVYVG LZomt Ew56P SgDk6 I5lew SgDk6 Ew56P LZomt QVYVG 7G74f QVYVG HOs1b jT5CK 5BDPJ jT5CK 6EWVx 9iIwk 5R5Xa 9iIwk jASvw AQ02H MA43U ZzWHp Mj2eQ ZzWHp iEXNY ZzWHp MA43U AQ02H jASvw oqPYQ 0GdkR coWXz 0GdkR oqPYQ jASvw 9iIwk h2rea 0mah3 ChXAd 1eRkH ChXAd 0mah3 rrNj1 Esl6u fS0W8 k64Ok BnAjj ZgtaX veOJ7 iCgvV veOJ7 ZgtaX pXCjI k6V9L pXCjI ZgtaX JgjFI ZgtaX Vake4 ZgtaX BnAjj k64Ok fS0W8 p9vQm fS0W8 Esl6u rrNj1 0mah3 h2rea 9iIwk
50
9iIwk 9iIwk
jT5CK jT5CK
qkJ6b qkJ6b
1xmtC 1xmtC
XYzcU XYzcU
jYfXn jYfXn
1uRw3 1uRw3
1pxZM 1pxZM
jAwQw jAwQw
aHGHb aHGHb
kmzhT kmzhT
WGJpQ WGJpQ
vE0Pj vE0Pj
AgYPL AgYPL
tnjfN tnjfN
YH6mk YH6mk
Y7IDR Y7IDR
4a0W8 4a0W8
5ioW1 5ioW1
Be0ab Be0ab
XZKtP XZKtP
dw7aX dw7aX
bXinH bXinH
5VT1H 5VT1H
Ri2t4 Ri2t4
y89SK y89SK
RhUVQ RhUVQ
LZomt LZomt
SgDk6 SgDk6
7G74f 7G74f
5BDPJ 5BDPJ
5R5Xa 5R5Xa
jASvw jASvw
ZzWHp ZzWHp
Mj2eQ Mj2eQ
iEXNY iEXNY
oqPYQ oqPYQ
0GdkR 0GdkR
h2rea h2rea
ChXAd ChXAd
1eRkH 1eRkH
fS0W8 fS0W8
BnAjj BnAjj
ZgtaX ZgtaX
veOJ7 veOJ7
iCgvV iCgvV
pXCjI pXCjI
JgjFI JgjFI
Vake4 Vake4
p9vQm p9vQm
