HAZtD Cg1yP J0OP0 iKwe0 F7CZj z82fM EyMEe vfAR8 bW6Ms GxQg8 UqGfS Ssao4 UqGfS X2hjX UqGfS NqBQW UqGfS GxQg8 3NU9e RN9nS CXkxa Lusir CXkxa ED9em 5h4rt ED9em CXkxa 3NU9e aWuHk p3gJd cpzS8 acHTt kNG2j 4AhmX jesVt EgumV fWz4T R6NzB 69WZh iHR3J Q5zY0 5MtKr Ia6ul eVDVP b9v0q SEkfX b9v0q 69WZh mdIe6 69WZh jesVt 4AhmX 93R2m C4biR aegld C4biR 93R2m cu5FB jesVt ox9Gx zrVPv 15wtn p3gJd 9cp56 0F8yg 4PSW9 zcuSA 4PSW9 sU69u 5EAEu sU69u 2GCiD sU69u 3JtxZ DmTRc tgL8p 0FMEI R6NzB ZKvNM TzGS5 ZKvNM 69WZh jesVt 4AhmX AwFdf 2zHfe fExZu v7hOX SEkfX WVEjT Agb0E b9v0q 15wtn cu5FB rH3nx 1gvq4 lJnz7 GxQg8 lJnz7 cC0Rg gpbSj u60s4 jyRQW Xqwfz pLg86 7kY28 URrao fiXIW 7kY28 IOpdQ BaYb3 1VA1I Zok18 Xqwfz SxklZ 0moVI fiXIW iimZq 6owsT OWqP4 fiXIW 6sv9O 8Qx0C 6sv9O HAKlt 6sv9O Q8lcd GaZ4O H1xt8 GaZ4O ejBhY Vg6Sz iIQll GrnJ7 v9joy UbqWX GrnJ7 gNinx GrnJ7 iaaYU GrnJ7 rmW0U CHx6u bMhFI lF8gH CHx6u rmW0U HOuAL rmW0U SfSL1 RkCLD xKTIz RkCLD SfSL1 rmW0U 9tf0w rmW0U GrnJ7 iIQll p4kTx iIQll Vg6Sz ejBhY GaZ4O o2JtM DuU0x BIY9X DuU0x e7SjH E6pda e7SjH 2LhKB e7SjH o2JtM Jbr8u 6sv9O fiXIW Pk19A g8MpX SxklZ VESmp SxklZ Xqwfz jyRQW zcuSA zcuSA 9cp56 p3gJd GxQg8 1gvq4 O8CwF DaieK uPUO1 O8CwF C4biR p3gJd GxQg8 UqGfS kPB79 4Tt2a kPB79 4PXv9 kPB79 UqGfS GxQg8 p3gJd 4AhmX cu5FB
96
p3gJd wedr3 p3gJd
R6NzB 4jcrD R6NzB
b9v0q VG4na
zcuSA Zxvdf zcuSA
GxQg8 iqOI4 GxQg8
C4biR TlJnt
pLg86 pLg86
p4kTx p4kTx
kNG2j kNG2j
aWuHk aWuHk
uPUO1 uPUO1
4AhmX 4AhmX
bMhFI bMhFI
7kY28 7kY28
HOuAL HOuAL
Zok18 Zok18
cu5FB cu5FB
0moVI 0moVI
UqGfS UqGfS
xKTIz xKTIz
z82fM z82fM
iIQll iIQll
NqBQW NqBQW
OWqP4 OWqP4
URrao URrao
DuU0x DuU0x
zrVPv zrVPv
WVEjT WVEjT
DaieK DaieK
RN9nS RN9nS
TzGS5 TzGS5
Pk19A Pk19A
4Tt2a 4Tt2a
5h4rt 5h4rt
SEkfX SEkfX
cC0Rg cC0Rg
vfAR8 vfAR8
gNinx gNinx
Q8lcd Q8lcd
iHR3J iHR3J
HAKlt HAKlt
2LhKB 2LhKB
fExZu fExZu
jesVt jesVt
4PXv9 4PXv9
O8CwF O8CwF
CHx6u CHx6u
fWz4T fWz4T
BIY9X BIY9X
9tf0w 9tf0w
H1xt8 H1xt8
1gvq4 1gvq4
J0OP0 J0OP0
bW6Ms bW6Ms
lJnz7 lJnz7
mdIe6 mdIe6
1VA1I 1VA1I
X2hjX X2hjX
SxklZ SxklZ
aegld aegld
AwFdf AwFdf
eVDVP eVDVP
ox9Gx ox9Gx
VESmp VESmp
iKwe0 iKwe0
v7hOX v7hOX
Ia6ul Ia6ul
E6pda E6pda
0F8yg 0F8yg
acHTt acHTt
iimZq iimZq
6owsT 6owsT
wnnBN wnnBN
UbqWX UbqWX
Vg6Sz Vg6Sz
5EAEu 5EAEu
cpzS8 cpzS8
IOpdQ IOpdQ
Lusir Lusir
BaYb3 BaYb3
EgumV EgumV
Ssao4 Ssao4
rH3nx rH3nx
8Qx0C 8Qx0C
69WZh 69WZh
ED9em ED9em
fiXIW fiXIW
gpbSj gpbSj
DmTRc DmTRc
2GCiD 2GCiD
v9joy v9joy
iaaYU iaaYU
Agb0E Agb0E
lF8gH lF8gH
Cg1yP Cg1yP
u60s4 u60s4
