3Yw8H cvjQc NRZIn zSmKp QUkKU BSqOv P18zR s8jhm 5PNx4 Z7joj M5wZP Z7joj fEdtk Tz4zy Vm2RV RTNKK s8jhm 5ayvc OhHc9 5ayvc s8jhm w0i4E s8jhm BSqOv EQJ7U 8MJwv TT3Hk iaf34 TT3Hk vN0gV EvuAH ycoh0 hQySr xNFYO KHHwN hQySr ycoh0 miscC EvuAH vN0gV EQJ7U Jcs3B s8jhm WapgM
23
cvjQc JYR5M cvjQc
BSqOv 9e1Io BSqOv
8MJwv 8MJwv
ycoh0 ycoh0
vN0gV vN0gV
miscC miscC
w0i4E w0i4E
Vm2RV Vm2RV
EvuAH EvuAH
xNFYO xNFYO
Z7joj Z7joj
QUkKU QUkKU
P18zR P18zR
OhHc9 OhHc9
M5wZP M5wZP
KHHwN KHHwN
TT3Hk TT3Hk
5PNx4 5PNx4
zSmKp zSmKp
iaf34 iaf34
Tz4zy Tz4zy
3Yw8H 3Yw8H
RTNKK RTNKK
