1 3 57 4 22 58 22 4 38 2 8 65 9 14 9 23 34 23 9 51 6 16 6 19 25 66 25 89 25 19 45 54 26 27 53 72 71 54 73 8 80 43 63 67 87 72 33 2 64 78 64 2 86 2 38 5 11 20 11 35 15 46 98 46 15 95 15 35 21 93 40 50 60 79 26 27 10 17 29 69 41 100 21 35 28 90 28 5 76 7 91 15 95 84 5 38 12 18 12 52 4 53 16 20 83 3 1 30 92 30 99 30 1 42 1
40
1 1
3 3
58 58
8 8
14 14
34 34
66 66
89 89
45 45
26 26
72 72
73 73
63 63
87 87
33 33
64 64
78 78
86 86
5 5
11 11
46 46
98 98
95 95
93 93
50 50
79 79
10 10
69 69
100 100
28 28
90 90
7 7
91 91
84 84
12 12
52 52
83 83
92 92
99 99
42 42
