1 44 7 162 185 30 10 10 12 38 95 55 57 12 12 147 13 15 13 19 115 19 13 13 156 161 183 6 6 93 127 6 6 138 128 48 5 5 11 18 47 95 18 11 11 11 11 1 52 2 3 22 46 22 3 3 3 3 3 182 194 8 23 84 23 8 8 8 8 8 8 33 42 31 92 93 31 17 121 17 20 20 20 14 4 4 119 157 4 18 26 4 2 186 43 1 1 1 1 98 1 1 1 1 199 1
43
7 36 7
10 129 153
12 108 130 12
13 58 152 13
6 51 90 132 137
5 101 116
95 89 95
11 42 103 110
1 43 66 82 86 91 136 142 174 190
22 193
3 53 60 64 140 159 3
8 26 96 99 105 176 194
42 14
93 92 93
17 88
20 56 78
4 49 71 163
26 175
2 83
127 127
46 46
147 147
18 18
162 162
115 115
15 15
156 156
182 182
186 186
31 31
199 199
52 52
84 84
138 138
157 157
185 185
98 98
161 161
119 119
128 128
23 23
57 57
121 121
