location46 location41 location36 location34 location20 location14 location38 location43 location44 location45 location44 location43 location44 location45 location46 location47 location48 location49 location50 location28 location24 location17 location11 location5 location4 location3 location2 location1 location9 location15 location21 location35 location21 location5 location6 location7 location13 location19 location26 location30 location26 location19 location18 location25 location18 location12 location11 location10 location16 location23 location24 location28 location50 location51 location52 location53 location54 location53 location52 location51 location50 location58 location66 location67 location68 location69 location70 location71 location72 location73 location75 location76 location77 location78 location79 location78 location77 location76 location75 location85 location87 location86 location88 location86 location65 location64 location63 location62 location63 location64 location65 location59 location46
38
location45 location40
location44 location39
location43 location38
location35 location37
location30 location33 location30
location25 location29 location25
location23 location22
location54 location55
location51 location57
location72 location74 location72
location76 location80
location86 location87
location88 location89 location90 location88
location3 location3
location4 location4
location5 location5
location6 location6
location7 location7
location10 location10
location11 location11
location13 location13
location14 location14
location15 location15
location17 location17
location18 location18
location24 location24
location26 location26
location41 location41
location48 location48
location49 location49
location62 location62
location63 location63
location64 location64
location70 location70
location73 location73
location77 location77
location78 location78
location79 location79
