Abbey Alia Haven Marisol Abril Presley Alia Shannon Yoselin Abril Harley Abril Lilia Abril Mckinley Mira Ashleigh Ashley Vivian Sophia Alexia Isabella Avni Kristina Jamiya Liberty Beatrice Alexia Kayley Abbey Alia Ayanna Alia Ashleigh Alia Alexia Alia Abril Riley Avni Dana Eden Karma Kiera Abril Nora Jordin Matilda Rebecca Ruth Tanya Abbey
35
Alia Rayna Lillie
Ashley Carlee
Ashleigh Tara
Alexia Helen Alexia
Abril Maeve Kimberly Lana
Avni Lisa Avni
Ayanna Ayanna
Beatrice Beatrice
Dana Dana
Eden Eden
Harley Harley
Haven Haven
Isabella Isabella
Jamiya Jamiya
Jordin Jordin
Karma Karma
Kayley Kayley
Kiera Kiera
Kristina Kristina
Liberty Liberty
Lilia Lilia
Marisol Marisol
Matilda Matilda
Mckinley Mckinley
Mira Mira
Nora Nora
Presley Presley
Rebecca Rebecca
Riley Riley
Ruth Ruth
Shannon Shannon
Sophia Sophia
Tanya Tanya
Vivian Vivian
Yoselin Yoselin
