Abbey Adyson Alisha Diana Alisha Juliette Alisha Adyson Amaris Ainsley Averie Haven Averie Ainsley Baylee Ainsley Dana Ainsley Elianna Ainsley Jamiya Ainsley Jimena Ainsley Kiana Ainsley Lilyana Ainsley Mckinley Ainsley Amaris Alena Alexia Brooklyn Alexia Carleigh Alexia Jillian Alexia Lilia Alexia Madilynn Alexia Sharon Alexia Alena Allisson Alissa Ciara Alissa Ingrid Alissa Lacey Alissa Leila Alissa Allisson Sophie Allisson Alena Angelica Alena Carlee Alena Dayami Alena Emilie Alena Jazmyn Alena Kaydence Alena Kenzie Alena Kira Alena Tara Alena Amaris Amber Rylee Amber Amaris Aniya Amaris Adyson Christine Adyson Emma Adyson Gillian Adyson Janiya Adyson Mira Adyson Mya Adyson Natalee Adyson Noelle Adyson Parker Adyson Taniyah Adyson Zaria Adyson Abbey Alivia Alexus Carlie Alexus Chasity Alexus Claire Alexus Iyana Alexus Keyla Alexus Maggie Alexus Mckayla Alexus Melina Alexus Myah Alexus Alivia Avni Alivia Sophia Alivia Abbey Ally Kimberly Ally Zara Ally Abbey Arielle Angel Kaley Angel Arielle Abbey Aryana Alyvia Aryana Abbey Ashley Abbey Aubree Abbey Camilla Abbey Carly Abbey Denisse Abbey Fatima Abril Alia Ariel Alia Kayden Alia Kristina Alia Shyanne Alia Abril Bryanna Abril Imani Abril Jade Abril Jaden Abril Laylah Abril Mireya Abril Neveah Abril Riley Abril Fatima Abbey Jasmin Abbey Kiley Abbey Kristin Abbey Lainey Abbey Lindsay Abbey Lucille Abbey Matilda Abbey Nia Abbey Zion Abbey
90
Abbey Abbey
Diana Diana
Juliette Juliette
Haven Haven
Baylee Baylee
Dana Dana
Elianna Elianna
Jamiya Jamiya
Jimena Jimena
Kiana Kiana
Lilyana Lilyana
Mckinley Mckinley
Alexia Alexia
Brooklyn Brooklyn
Carleigh Carleigh
Jillian Jillian
Lilia Lilia
Madilynn Madilynn
Sharon Sharon
Ciara Ciara
Ingrid Ingrid
Lacey Lacey
Leila Leila
Sophie Sophie
Carlee Carlee
Dayami Dayami
Emilie Emilie
Jazmyn Jazmyn
Kaydence Kaydence
Kenzie Kenzie
Kira Kira
Tara Tara
Rylee Rylee
Aniya Aniya
Christine Christine
Emma Emma
Gillian Gillian
Janiya Janiya
Mira Mira
Mya Mya
Natalee Natalee
Noelle Noelle
Parker Parker
Taniyah Taniyah
Zaria Zaria
Alivia Alivia
Alexus Alexus
Carlie Carlie
Chasity Chasity
Claire Claire
Iyana Iyana
Keyla Keyla
Maggie Maggie
Mckayla Mckayla
Melina Melina
Myah Myah
Avni Avni
Sophia Sophia
Kimberly Kimberly
Zara Zara
Arielle Arielle
Kaley Kaley
Aryana Aryana
Ashley Ashley
Aubree Aubree
Camilla Camilla
Carly Carly
Denisse Denisse
Alia Alia
Ariel Ariel
Kayden Kayden
Kristina Kristina
Shyanne Shyanne
Bryanna Bryanna
Imani Imani
Jade Jade
Jaden Jaden
Laylah Laylah
Mireya Mireya
Neveah Neveah
Riley Riley
Jasmin Jasmin
Kiley Kiley
Kristin Kristin
Lainey Lainey
Lindsay Lindsay
Lucille Lucille
Matilda Matilda
Nia Nia
Zion Zion
