Alena Amaris Cloe Jasmin Kaley Alexus Miah Alexus Averi Avni Fatima Ciara Natalee Averi Bryanna Heather Alena Rebecca Alexus Araceli Lucille Mireya Nia Alena Tania Alena Aryana Maggie Brooklyn Charlie Camille Carly Jamiya Amaris Kaila Cecilia Ashleigh Jade Ashleigh Mira Alena
20
Alena Alena
Cloe Cloe
Jasmin Jasmin
Kaley Kaley
Miah Miah
Ciara Ciara
Natalee Natalee
Bryanna Bryanna
Heather Heather
Alexus Alexus
Lucille Lucille
Mireya Mireya
Nia Nia
Tania Tania
Aryana Aryana
Brooklyn Brooklyn
Jamiya Jamiya
Kaila Kaila
Jade Jade
Mira Mira
