Taozhuang Uran Gudermes Bourbonnais Boo Esmeraldas Somma Artur Bang Waverly Strathfield Memmingen Villa Rafiganj Rutherglen Ulu Freetown Southsea Calauan Southsea Sarandi Ramla Azrou Rosedale Jackson Chharra Ilesa Chharra Sicklerville Tupelo Esperanza Gua Nonsan Villa Cibinong Villa Aytos Hechingen Artur New Boo Donggongon Caravaca Vernon Besuki Middle Gua Oulmes Fort Uran Pottstown Uran Kallio Alatyr Jinotepe Bhit Camayenne Bhit Longgang Bhit Durazno Bhit Gauting Vernon Severodvinsk Vernon Jingzhou Uran Wesseling Uran Jhol Udumalaippettai Carnot Bhit Taozhuang
50
Gauting Gauting
Nonsan Nonsan
Jackson Jackson
Kallio Kallio
Ulu Ulu
Sarandi Sarandi
Middle Middle
Donggongon Donggongon
Durazno Durazno
Camayenne Camayenne
Strathfield Strathfield
Cibinong Cibinong
Jingzhou Jingzhou
New New
Somma Somma
Azrou Azrou
Fort Fort
Esperanza Esperanza
Longgang Longgang
Udumalaippettai Udumalaippettai
Boo Boo
Villa Villa
Severodvinsk Severodvinsk
Ilesa Ilesa
Besuki Besuki
Gudermes Gudermes
Calauan Calauan
Wesseling Wesseling
Taozhuang Taozhuang
Rosedale Rosedale
Aytos Aytos
Tupelo Tupelo
Rutherglen Rutherglen
Alatyr Alatyr
Artur Artur
Bang Bang
Ramla Ramla
Freetown Freetown
Waverly Waverly
Caravaca Caravaca
Sicklerville Sicklerville
Bourbonnais Bourbonnais
Memmingen Memmingen
Hechingen Hechingen
Jinotepe Jinotepe
Rafiganj Rafiganj
Pottstown Pottstown
Esmeraldas Esmeraldas
Uran Uran
Oulmes Oulmes
