Ilesa Foshan Jashpurnagar Magomeni Bensheim Aklera Bensheim Ventimiglia Sishui Malden Tupiza Valday Bogovinje MitryMory Bensheim Viewpark Perth Bensheim Puducherry Davis Bensheim Valletta Calauan Bensheim Marburg Mexborough Bensheim Polohy Bavly Bensheim Bobigny Milledgeville Tupelo Memmingen WaltonontheNaze Alexandria Bensheim Aleshtar Alfenas Uran Bensheim Landshut Jagna Hermsdorf Bensheim Onex Bensheim Sirsi Bensheim Great Bensheim Kyzylorda Bensheim Ilesa
39
Bensheim Lodwar Ponta Claremont Copperas Toledo Niort Talipparamba Jiangyan Ramla Rhosllanerchrugog Mouscron Oulmes Gariadhar Palm Stupino Brunswick Dahlem New Milagro Lille Puerto Stuttgart Paredes Bon PortVila Sorsogon Sirsi GernikaLumo Tharu Palafrugell Azrou Oberhausen Tiruppuvanam Shaowu American Ada Guli Skalica LonsleSaunier Zaozhuang Meizhou Sceaux DehiwalaMount Shagamu Sillanwali Chacabuco Aurora Rutland Tak Brzeg Resplendor Villaquilambre UlanUde Clermont Barracas Yingkou Campobasso PointeClaire Bang An Bensheim
Sirsi Itacoatiara
Great Tyoply Great
Jagna Jagna
Sishui Sishui
Aklera Aklera
Milledgeville Milledgeville
Bavly Bavly
Mexborough Mexborough
Foshan Foshan
Valletta Valletta
Alexandria Alexandria
Malden Malden
Perth Perth
Bogovinje Bogovinje
Polohy Polohy
Ilesa Ilesa
Calauan Calauan
Ventimiglia Ventimiglia
Landshut Landshut
Tupelo Tupelo
Davis Davis
Bobigny Bobigny
MitryMory MitryMory
Memmingen Memmingen
Viewpark Viewpark
Tupiza Tupiza
Magomeni Magomeni
Valday Valday
Hermsdorf Hermsdorf
Aleshtar Aleshtar
Marburg Marburg
Jashpurnagar Jashpurnagar
Onex Onex
Alfenas Alfenas
Uran Uran
Kyzylorda Kyzylorda
Puducherry Puducherry
WaltonontheNaze WaltonontheNaze
