Lesnoy Visitacion Malaut Pingyi Hueytown Hudiksvall Portogruaro Gisborne Meerut Beveren Kundla Beveren Dharmapuri Beveren Winsford Sungurlu Beveren Glogovac Beveren Yangambi Beveren Blackpool Beveren Franceville Beveren Sun Hudiksvall Beveren Hudiksvall Stade Beveren GatesNorth Beveren Artur Beveren Zgorzelec Beveren Ishim Beveren
23
Hudiksvall Brentwood Rutherglen Hudiksvall
Dharmapuri Dharmapuri
Artur Artur
Meerut Meerut
Kundla Kundla
Visitacion Visitacion
Sun Sun
Zgorzelec Zgorzelec
Ishim Ishim
Malaut Malaut
Pingyi Pingyi
Hueytown Hueytown
Stade Stade
Sungurlu Sungurlu
Glogovac Glogovac
Gisborne Gisborne
GatesNorth GatesNorth
Blackpool Blackpool
Lesnoy Lesnoy
Winsford Winsford
Portogruaro Portogruaro
Franceville Franceville
Yangambi Yangambi
