108 69 47 51 7 2 101 170 49 3 54 3 133 31 38 107 0 190 116 109 76 2 50 179 157 15 18 95 68 85 3 105 4 178 34 48 6 23 129 0 131 140 43 1 80 3 139 106 84 196 92 94 197 137 58 124 11 193 73 189 56 151 97 128 55 143 6 177 186 82 71 9 42 18 37 53 90 96 57 93 115 45 127 26 5 81 132 144 174 188 153 35 14 27 19 10 185 154 103 0 136 7 64 134 22 147 52 13 39 192 152 182 148 176 6 191 100 6 117 25 142 114 24 172 99 1 181 165 167 156 187 28 118 113 184 183 146 6 65 6 135 83 1 149 1 12 130 78 0 161 77 110 75 150 16 66 21 158 63 0 163 162 44 13 79 36 1 89 61 17 67 120 112 126 46 32 6 171 138 30 121 16 108
97
69 69
7 7
101 101
170 170
49 49
54 54
133 133
31 31
38 38
107 107
190 190
109 109
179 179
157 157
15 15
95 95
68 68
85 85
34 34
48 48
23 23
129 129
140 140
43 43
84 84
92 92
197 197
137 137
11 11
73 73
56 56
151 151
128 128
143 143
177 177
186 186
82 82
71 71
37 37
53 53
96 96
57 57
45 45
26 26
5 5
81 81
144 144
174 174
188 188
153 153
35 35
14 14
19 19
136 136
64 64
134 134
39 39
182 182
148 148
176 176
100 100
117 117
142 142
114 114
24 24
99 99
181 181
167 167
187 187
28 28
118 118
184 184
146 146
65 65
83 83
1 1
130 130
78 78
77 77
110 110
75 75
150 150
66 66
63 63
44 44
13 13
79 79
36 36
61 61
17 17
67 67
120 120
126 126
46 46
32 32
138 138
121 121
