L0 L2 L4 L10 L11 L13 L14 L18 L19 L25 0L1 0L2 H2 H4 H7 H11 H12 H10 H8 H6 H8 H10 H12 H14 H15 H19 H20 H22 H21 H20 H25 0H1 0H2 0H3 0H4 0H5 0H6 0H9 0H11 0H9 0H6 0H12 0H13 0H14 0H16 0H17 0H19 0H17 0H16 0H13 0H12 0H6 0H5 0H4 0H3 0H2 0H1 H25 H20 H19 H15 H16 H17 H16 H15 H14 H12 H11 H5 H2 0L2 0L3 H3 0H25 H3 0H23 0H22 0H23 H3 0L3 0L4 0L5 0L6 0L12 0L13 0L16 0L17 0L18 0L22 0L23 0L24 L1 H1 L1 L0
36
H10 H9 H10
H12 H13 H12
H22 H24 H22
H21 H23 H21
0H6 0H8 0H7 0H6
0H9 0H10 0H9
0H14 0H15 0H14
0H17 0H18 0H17
0H19 0H20 0H19
H17 H18 H17
H2 H5 H2
H3 0H24 H3
0H22 0H21 0H22
H1 H1
H4 H4
H6 H6
H7 H7
H8 H8
H11 H11
H14 H14
H15 H15
H16 H16
H19 H19
H20 H20
H25 H25
0H1 0H1
0H2 0H2
0H3 0H3
0H4 0H4
0H5 0H5
0H11 0H11
0H12 0H12
0H13 0H13
0H16 0H16
0H23 0H23
0H25 0H25
