1 2 12 2 25 2 36 2 48 2 49 2 84 11 1 47 1 50 1 59 1 74 1 83 1 86 1 95 1 4 3 16 1 21 1 28 1 33 1 57 1 93 1 5 6 1 7 1 18 1 19 1 30 1 42 1 54 1 67 1 78 1 79 1 90 1 91 8 1 29 1 32 1 56 1 65 1 77 1 89 1 92 10 1 22 1 34 1 39 1 46 1 87 1 94 1
49
2 2
12 12
25 25
36 36
48 48
49 49
84 84
11 11
47 47
50 50
59 59
74 74
83 83
86 86
95 95
16 16
21 21
28 28
33 33
57 57
93 93
5 5
6 6
7 7
18 18
19 19
30 30
42 42
54 54
67 67
78 78
79 79
90 90
91 91
8 8
29 29
32 32
56 56
65 65
77 77
89 89
92 92
10 10
22 22
34 34
39 39
46 46
87 87
94 94
