1 2 12 2 24 2 36 2 48 2 60 2 72 2 84 2 96 2 108 2 120 2 132 2 144 11 1 14 1 23 1 26 1 35 1 38 1 47 1 50 1 59 1 62 1 71 1 74 1 83 1 86 1 95 1 98 1 107 1 110 1 119 1 122 1 131 1 134 1 143 1 4 3 16 1 28 1 40 1 52 1 64 1 76 1 88 1 100 1 112 1 124 1 136 1 5 6 1 18 1 30 1 42 1 54 1 66 1 78 1 90 1 102 1 114 1 126 1 138 8 1 17 1 20 1 29 1 32 1 41 1 44 1 53 1 56 1 65 1 68 1 77 1 80 1 89 1 92 1 101 1 104 1 113 1 116 1 125 1 128 1 137 1 140 10 1 22 1 34 1 46 1 58 1 70 1 82 1 94 1 106 1 118 1 130 1 142 1
96
2 2
12 12
24 24
36 36
48 48
60 60
72 72
84 84
96 96
108 108
120 120
132 132
144 144
11 11
14 14
23 23
26 26
35 35
38 38
47 47
50 50
59 59
62 62
71 71
74 74
83 83
86 86
95 95
98 98
107 107
110 110
119 119
122 122
131 131
134 134
143 143
4 4
16 16
28 28
40 40
52 52
64 64
76 76
88 88
100 100
112 112
124 124
136 136
5 5
6 6
18 18
30 30
42 42
54 54
66 66
78 78
90 90
102 102
114 114
126 126
138 138
8 8
17 17
20 20
29 29
32 32
41 41
44 44
53 53
56 56
65 65
68 68
77 77
80 80
89 89
92 92
101 101
104 104
113 113
116 116
125 125
128 128
137 137
140 140
10 10
22 22
34 34
46 46
58 58
70 70
82 82
94 94
106 106
118 118
130 130
142 142
