create linear community fuss magnitude perception nationalism linear breakin mechanism maze crew prove concern colon basketball celebration pastel merit concern direct concern steward predict exotic think belief bracket pride minimize adult line battery concern deck transmission tin skip creation top appear feign deck basketball top scrap cancel hide accessible company suffer farewell pupil crew belief absorption belief dose belief company ballot company concern
49
basketball childish basketball
merit merit
hide hide
predict predict
fuss fuss
direct direct
contract contract
scrap scrap
accessible accessible
linear linear
pride pride
crew crew
creation creation
community community
prove prove
think think
battery battery
celebration celebration
nationalism nationalism
adult adult
tin tin
feign feign
farewell farewell
bracket bracket
exotic exotic
ballot ballot
steward steward
perception perception
concern concern
cancel cancel
breakin breakin
colon colon
dose dose
transmission transmission
magnitude magnitude
suffer suffer
top top
absorption absorption
skip skip
pupil pupil
deck deck
appear appear
belief belief
pastel pastel
maze maze
minimize minimize
mechanism mechanism
company company
line line
