pride thank tourist crackpot exotic reach whole mean preoccupation crew company pawn smile linear top domestic accessible scatter difference craftsman contract belief basketball deter concern snap trance company fuss confidence childish fault seller skip battery company steward thread battery minimize belief celebration loud hide fortune offensive discrimination deck laundry soul car crew feign wear import dilemma concern integrated mosaic belief supply illustrate maze belief price service scholar unique create understanding denial ballot cheat predict concern dramatic inhibition present formation concern freckle shelter number salmon national knit battery direct merit dose company tease community concern glide bracket makeup democratic notorious absorption identification top dialect desk top farewell top stadium exit adult volunteer administration wrong lobby inappropriate chaos trick mechanism basketball huge alcohol favorable magnetic nationalism scrap magnitude belief creation auditor cancel pity work colon traction mouse father company rabbit top stubborn pupil partnership concern valid homosexual company pioneer element addition dedicate east frozen think belief perception pastel concern mind gift line withdraw tribe deficit ceiling company vote transaction belief suffer tin belief courtesy concern coerce veteran breakin concern continental preference transmission plug scrap berry company dairy pull prove appear concern basketball bring company leash company equinox pride
100
pride pride
thank thank
exotic exotic
whole whole
crew crew
linear linear
domestic domestic
accessible accessible
craftsman craftsman
contract contract
belief belief
deter deter
snap snap
trance trance
fuss fuss
childish childish
seller seller
skip skip
battery battery
steward steward
thread thread
minimize minimize
celebration celebration
loud loud
hide hide
fortune fortune
offensive offensive
deck deck
car car
feign feign
dilemma dilemma
integrated integrated
mosaic mosaic
maze maze
create create
denial denial
ballot ballot
predict predict
dramatic dramatic
inhibition inhibition
present present
formation formation
shelter shelter
salmon salmon
knit knit
direct direct
merit merit
dose dose
community community
glide glide
bracket bracket
makeup makeup
absorption absorption
top top
dialect dialect
desk desk
farewell farewell
adult adult
wrong wrong
lobby lobby
mechanism mechanism
huge huge
magnetic magnetic
nationalism nationalism
magnitude magnitude
creation creation
cancel cancel
work work
colon colon
traction traction
rabbit rabbit
pupil pupil
partnership partnership
valid valid
homosexual homosexual
dedicate dedicate
east east
think think
perception perception
pastel pastel
mind mind
gift gift
line line
tribe tribe
company company
vote vote
transaction transaction
suffer suffer
tin tin
concern concern
breakin breakin
transmission transmission
scrap scrap
berry berry
prove prove
appear appear
basketball basketball
bring bring
leash leash
equinox equinox
