steward childish ballot crew ballot childish belief skip adult farewell adult skip belief deck bracket feign direct breakin minimize maze top maze minimize breakin direct community absorption basketball exotic dose line think tin pride tin think line appear line dose exotic basketball absorption community company hide concern hide company perception company community direct contract suffer scrap linear scrap suffer creation pupil battery pupil creation suffer contract direct feign pastel feign bracket deck belief childish steward
25
childish childish
ballot ballot
crew crew
belief belief
skip skip
adult adult
farewell farewell
deck deck
minimize minimize
top top
community community
basketball basketball
exotic exotic
think think
tin tin
appear appear
company company
hide hide
concern concern
perception perception
scrap scrap
linear linear
creation creation
battery battery
pastel pastel
