1 6 7 6 8 6 9 6 1 10 11 10 12 10 13 10 1 14 15 14 16 14 17 14 1 18 19 20 19 21 19 18 1 22 23 22 24 25 24 22 1 26 27 28 29 31 30 31 29 46 47 48 47 46 29 28 27 26 1 56 57 56 58 56 59 56 1 60 61 60 62 60 63 60 1 64 65 64 66 64 67 64 1 68 69 70 69 71 69 68 1 72 73 72 74 75 74 72 1 76 77 78 79 81 80 81 79 78 77 76 1 2 5 3 4 3 39 40 39 3 5 2 1 32 33 34 33 32 1 50 51 52 55 53 54 53 55 52 51 50 1
40
7 7
8 8
9 9
11 11
12 12
13 13
15 15
16 16
17 17
19 19
20 20
21 21
23 23
24 24
25 25
28 28
30 30
57 57
58 58
59 59
61 61
62 62
63 63
65 65
66 66
67 67
69 69
70 70
71 71
73 73
74 74
75 75
78 78
80 80
5 5
3 3
4 4
55 55
53 53
54 54
