1 6 7 6 8 6 9 6 1 10 11 10 12 10 13 10 1 14 15 14 16 14 17 14 1 18 19 20 19 21 19 18 1 22 23 22 24 25 24 22 1 26 27 28 29 31 30 31 29 46 47 48 47 46 29 28 27 26 1 56 57 56 58 56 59 56 1 60 61 60 62 60 63 60 1 64 65 64 66 64 67 64 1 68 69 70 69 71 69 68 1 72 73 72 74 75 74 72 1 76 77 78 79 81 80 81 79 96 97 98 97 96 79 78 77 76 1 106 107 106 108 106 109 106 1 110 111 110 112 110 113 110 1 114 115 114 116 114 117 114 1 118 119 120 119 121 119 118 1 122 123 122 124 125 124 122 1 126 127 128 129 131 130 131 129 146 147 148 147 146 129 128 127 126 1 156 157 156 158 156 159 156 1 160 161 160 162 160 163 160 1 164 165 164 166 164 167 164 1 168 169 170 169 171 169 168 1 172 173 172 174 175 174 172 1 176 177 178 179 181 180 181 179 196 197 198 197 196 179 178 177 176 1 2 5 3 4 3 39 40 39 3 5 2 1 32 33 34 33 32 1 50 51 52 55 53 54 53 89 90 89 53 55 52 51 50 1 82 83 84 83 82 1 100 101 102 105 103 104 103 139 140 139 103 105 102 101 100 1 132 133 134 133 132 1 150 151 152 155 153 154 153 189 190 189 153 155 152 151 150 1 182 183 184 183 182 1
80
7 7
8 8
9 9
11 11
12 12
13 13
15 15
16 16
17 17
19 19
20 20
21 21
23 23
24 24
25 25
28 28
30 30
57 57
58 58
59 59
61 61
62 62
63 63
65 65
66 66
67 67
69 69
70 70
71 71
73 73
74 74
75 75
78 78
80 80
107 107
108 108
109 109
111 111
112 112
113 113
115 115
116 116
117 117
119 119
120 120
121 121
123 123
124 124
125 125
128 128
130 130
157 157
158 158
159 159
161 161
162 162
163 163
165 165
166 166
167 167
169 169
170 170
171 171
173 173
174 174
175 175
178 178
180 180
5 5
3 3
4 4
55 55
53 53
54 54
105 105
103 103
104 104
155 155
153 153
154 154
