Soda building42 building17 building3 building19 building3 building20 building3 building18 building3 building16 building3 Soda building4 building21 building46 building21 building4 building25 building4 building24 building4 building23 building4 building22 building4 Soda building1 building9 building34 building9 building1 building6 building31 building6 building1 building8 building1 building7 building1 building10 building1 Soda building2 building14 building39 building14 building2 building12 building37 building12 building2 building11 building2 building15 building2 building13 building2 Soda building5 building27 building52 building27 building5 building30 building55 building30 building5 building26 building51 building26 building5 building29 building5 building28 building53 building28 building5 Soda
40
building3 building44 building45 building43 building41
building4 building50 building49 building48 building47
building1 building33 building32 building35
building2 building36 building40 building38
building5 building54
building6 building6
building7 building7
building8 building8
building9 building9
building10 building10
building11 building11
building12 building12
building13 building13
building14 building14
building15 building15
building16 building16
building17 building17
building18 building18
building19 building19
building20 building20
building21 building21
building22 building22
building23 building23
building24 building24
building25 building25
building26 building26
building27 building27
building28 building28
building29 building29
building30 building30
building31 building31
building34 building34
building37 building37
building39 building39
building42 building42
building46 building46
building51 building51
building52 building52
building53 building53
building55 building55
