Soda building68 building32 building5 building33 building5 building34 building5 building31 building5 building36 building5 building35 building5 Soda building3 building22 building58 building22 building3 building20 building3 building24 building3 building21 building3 building19 building3 building23 building3 Soda building6 building40 building76 building40 building6 building37 building73 building37 building6 building41 building6 building38 building6 building39 building6 building42 building6 Soda building4 building30 building66 building30 building4 building25 building61 building25 building4 building26 building4 building27 building4 building29 building4 building28 building4 Soda building2 building17 building53 building17 building2 building16 building52 building16 building2 building18 building54 building18 building2 building13 building2 building15 building2 building14 building2 Soda building1 building9 building45 building9 building1 building11 building47 building11 building1 building12 building48 building12 building1 building8 building1 building7 building1 building10 building46 building10 building1 Soda
55
building5 building69 building70 building67 building72 building71
building3 building56 building60 building57 building55 building59
building6 building77 building74 building75 building78
building4 building62 building63 building65 building64
building2 building49 building51 building50
building1 building44 building43
building7 building7
building8 building8
building9 building9
building10 building10
building11 building11
building12 building12
building13 building13
building14 building14
building15 building15
building16 building16
building17 building17
building18 building18
building19 building19
building20 building20
building21 building21
building22 building22
building23 building23
building24 building24
building25 building25
building26 building26
building27 building27
building28 building28
building29 building29
building30 building30
building31 building31
building32 building32
building33 building33
building34 building34
building35 building35
building36 building36
building37 building37
building38 building38
building39 building39
building40 building40
building41 building41
building42 building42
building45 building45
building46 building46
building47 building47
building48 building48
building52 building52
building53 building53
building54 building54
building58 building58
building61 building61
building66 building66
building68 building68
building73 building73
building76 building76
