Soda building4 building20 building4 building21 building4 Soda building3 building16 building28 building16 building3 building14 building3 building3 Soda building5 building23 building5 building24 building5 building25 building5 Soda building1 building6 building26 building6 building1 building8 building1 building9 building1 Soda building2 building12 building2 building10 building2 building11 building27 building11 building2 building13 building2 Soda
21
building4 building19 building29
building3 building17 building15
Soda building22 building7
building6 building6
building8 building8
building9 building9
building10 building10
building11 building11
building12 building12
building13 building13
building14 building14
building16 building16
building18 building18
building20 building20
building21 building21
building23 building23
building24 building24
building25 building25
building26 building26
building27 building27
building28 building28
