0 1 2 3 8 7 13 18 24 18 13 7 6 12 17 23 28 34 39 34 28 23 17 12 6 5 10 15 20 25 30 35 40 45 50 55 60 65 70 75 80 85 90 91 96 92 86 81 75 70 65 61 66 72 77 83 88 94 99 94 88 83 77 72 66 61 55 50 45 41 46 52 57 63 57 52 47 53 58 64 58 53 47 42 36 31 25 21 26 32 37 43 37 32 26 21 15 11 16 22 27 33 38 44 49 44 38 33 27 22 16 11 5 0
48
7 29 7
45 89 45
25 69
15 48
10 10
64 64
66 66
83 83
46 46
61 61
35 35
0 0
99 99
18 18
43 43
44 44
39 39
63 63
94 94
70 70
24 24
92 92
37 37
17 17
11 11
38 38
3 3
34 34
20 20
47 47
85 85
96 96
52 52
55 55
65 65
49 49
90 90
41 41
8 8
91 91
13 13
57 57
2 2
30 30
5 5
6 6
21 21
16 16
