0 10 20 21 31 22 12 2 3 4 5 15 16 26 16 17 18 29 39 38 48 37 28 18 9 8 7 16 26 35 45 44 53 64 73 83 82 71 61 51 42 43 33 24 34 45 55 66 76 86 95 105 114 125 126 127 116 107 108 118 129 139 149 158 168 178 188 189 199 198 197 196 186 175 166 155 154 164 153 152 151 150 160 161 170 181 182 183 184 174 165 155 146 147 156 167 176 187 176 166 155 145 134 133 132 122 123 112 103 104 94 95 96 87 77 68 67 77 88 98 99 89 78 77 76 75 74 73 72 71 81 80 70 80 90 101 111 102 111 121 130 120 130 140 130 120 110 100 90 80 70 60 50 40 30 20 10 0
100
53 53
125 125
186 186
86 86
31 31
152 152
154 154
114 114
61 61
20 20
130 130
196 196
160 160
80 80
108 108
127 127
29 29
22 22
99 99
77 77
12 12
101 101
82 82
15 15
103 103
2 2
178 178
155 155
64 64
21 21
188 188
122 122
158 158
9 9
33 33
132 132
51 51
71 71
16 16
123 123
39 39
68 68
139 139
95 95
146 146
147 147
5 5
164 164
149 149
166 166
175 175
18 18
151 151
4 4
76 76
167 167
87 87
83 83
189 189
118 118
181 181
73 73
153 153
8 8
120 120
184 184
81 81
129 129
133 133
26 26
17 17
105 105
140 140
111 111
182 182
48 48
165 165
150 150
43 43
42 42
45 45
94 94
37 37
70 70
98 98
104 104
107 107
199 199
198 198
96 96
161 161
116 116
102 102
24 24
183 183
187 187
72 72
89 89
176 176
67 67
