0 4 74 22 37 34 37 61 54 75 29 17 39 15 39 17 29 24 19 24 29 75 31 57 10 30 23 28 23 43 7 32 1 32 7 43 23 30 10 57 25 57 31 70 13 53 21 46 40 46 42 18 47 35 47 18 42 46 21 16 26 3 26 16 21 2 27 36 51 36 27 2 21 53 13 20 8 20 13 70 31 75 54 61 64 73 59 55 59 12 59 73 5 73 64 61 14 33 14 61 71 11 9 11 71 61 37 6 37 22 60 22 74 4 0
38
0 0
4 4
22 22
37 37
34 34
29 29
17 17
15 15
24 24
19 19
31 31
10 10
30 30
23 23
28 28
7 7
32 32
1 1
25 25
13 13
21 21
18 18
35 35
16 16
26 26
3 3
2 2
27 27
36 36
20 20
8 8
12 12
5 5
14 14
33 33
11 11
9 9
6 6
