0 79 0 181 112 53 21 178 12 178 158 20 95 20 110 20 126 166 199 19 24 118 31 57 10 30 23 30 10 57 182 196 26 78 26 196 182 57 31 118 24 193 88 193 24 19 199 166 126 20 8 77 8 85 8 52 8 20 158 2 27 170 89 170 27 36 51 197 1 197 51 36 84 169 104 169 84 36 27 2 158 178 3 178 49 178 43 178 21 46 40 66 40 46 42 18 42 82 4 111 56 111 4 82 42 185 80 76 35 47 35 76 167 32 160 96 94 69 94 96 55 62 55 63 55 96 160 32 115 93 115 32 7 32 167 76 80 185 42 97 42 46 21 16 21 53 13 70 13 92 74 38 74 92 59 198 140 58 190 64 45 64 190 58 34 37 22 37 149 6 149 37 67 37 34 58 140 198 122 91 122 198 59 73 5 109 65 109 5 90 5 73 59 98 59 92 13 195 11 86 87 130 87 86 44 86 11 48 107 48 11 195 153 68 60 157 162 177 175 117 83 117 9 134 71 81 71 134 9 117 175 177 148 99 148 177 72 177 162 157 123 157 17 29 75 54 61 41 147 25 147 41 125 151 33 151 125 41 61 54 75 29 156 121 156 164 39 15 39 164 189 127 194 133 14 133 194 127 189 164 156 29 17 157 28 157 60 50 60 68 153 195 13 53 112 142 112 181 0
100
0 0
79 79
53 53
21 21
12 12
20 20
95 95
19 19
24 24
31 31
57 57
10 10
30 30
23 23
26 26
78 78
88 88
8 8
77 77
85 85
52 52
2 2
27 27
89 89
36 36
51 51
1 1
84 84
3 3
49 49
43 43
46 46
40 40
66 66
42 42
18 18
82 82
4 4
56 56
80 80
76 76
35 35
47 47
32 32
96 96
94 94
69 69
55 55
62 62
63 63
93 93
7 7
97 97
16 16
13 13
70 70
92 92
74 74
38 38
59 59
58 58
64 64
45 45
34 34
37 37
22 22
6 6
67 67
91 91
73 73
5 5
65 65
90 90
98 98
11 11
86 86
87 87
44 44
48 48
68 68
60 60
83 83
9 9
71 71
81 81
99 99
72 72
17 17
29 29
75 75
54 54
61 61
41 41
25 25
33 33
39 39
15 15
14 14
28 28
50 50
