CH CV CJ BA DC AT DL AT AD BV AD CM CS BC AV AY BL AD CY DB AL AG DR CF BD DV AV AY AL BZ AW CF CZ CD CB DD BK CW BH CE AZ BE BT DP BI AR DQ CG CA DR AT CO DM CL AX CU AF BS CB CF BG CF DT DS BU DS DG AN AJ AI BX BB BN BX AI CP AN AL AG DR BW DI BW AQ DN BY CP AP DN DA BF DA BP AG AH AG CN AJ BR CE BH DF BA DO AE AT AF CB DU CQ AK BK AO AM BZ AN BQ AU AM AZ CH
50
CV CV
DC DC
DL DL
AT AT
BV BV
CS CS
BC BC
AV AV
BL BL
DB DB
CF CF
BD BD
DV DV
AY AY
CZ CZ
CD CD
DD DD
CW CW
AZ AZ
DP DP
BI BI
DQ DQ
CA CA
DM DM
CL CL
CU CU
BS BS
CB CB
BG BG
BU BU
DG DG
BN BN
CP CP
AL AL
DI DI
BY BY
AP AP
BF BF
BP BP
CN CN
AJ AJ
DF DF
DO DO
AF AF
DU DU
CQ CQ
AM AM
BZ BZ
AN AN
AU AU
