Qatar India Uruguay Armenia Mongolia Azerbaijan Mongolia Pakistan Tanzania UAE Mongolia GuineaBissau Serbia Estonia Serbia Peru UnitedKingdom Kosovo Qatar Mozambique Qatar Danzig Liberia Uzbekistan Uruguay Malta Uruguay Sweden Mongolia Australia Serbia MarshallIslands VaticanCity CzechRepublic RussianFederation MarshallIslands Morocco Kyrgyzstan Mali Serbia Indonesia Angola Qatar Tuvalu Guyana Gabon Lebanon Serbia CostaRica Tunisia Tajikistan Burundi Qatar Senegal Montenegro Qatar Georgia Belarus Qatar SanMarino Qatar Macedonia Qatar Belgium SaintLucia Singapore Qatar Albania France Andorra Nicaragua Serbia America Netherlands SierraLeone Haiti Egypt DemofChina Qatar
50
Armenia Armenia
Mongolia Mongolia
Tanzania Tanzania
UAE UAE
GuineaBissau GuineaBissau
Estonia Estonia
Peru Peru
UnitedKingdom UnitedKingdom
Kosovo Kosovo
Mozambique Mozambique
Danzig Danzig
Liberia Liberia
Uzbekistan Uzbekistan
Malta Malta
Sweden Sweden
Australia Australia
VaticanCity VaticanCity
CzechRepublic CzechRepublic
RussianFederation RussianFederation
Morocco Morocco
Kyrgyzstan Kyrgyzstan
Mali Mali
Angola Angola
Tuvalu Tuvalu
Guyana Guyana
Gabon Gabon
Lebanon Lebanon
CostaRica CostaRica
Tunisia Tunisia
Tajikistan Tajikistan
Burundi Burundi
Senegal Senegal
Montenegro Montenegro
Georgia Georgia
Belarus Belarus
SanMarino SanMarino
Macedonia Macedonia
Belgium Belgium
SaintLucia SaintLucia
Singapore Singapore
Albania Albania
France France
Andorra Andorra
Nicaragua Nicaragua
America America
Netherlands Netherlands
SierraLeone SierraLeone
Haiti Haiti
Egypt Egypt
DemofChina DemofChina
