Albania Malaysia SolomonIslands Bahamas Andorra Rome Burkina EquatorGuinea Estonia Nepal BosHerzegovina IvoryCoast Mauritania Bulgaria VaticanCity Italy Panama Kosovo Thailand Djibouti Mauritius Comoros Norway Laos Pakistan Algeria Brazil Peru Mongolia Belarus UnitedKingdom Eritrea Dominica MountAthos Luxembourg Niger Paraguay America CapeVerde Portugal Philippines Burma Danzig Kazakhstan Japan Latvia Cambodia Cyprus Kiribati SierraLeone Australia Argentina Jamaica Tunisia Lesotho Qatar Ukraine Tanzania Chile Germany France Slovenia Rwanda Yemen Newfoundland Ethiopia Romania NorthKorea SaintLucia Hungary CentralAfricanRep Bhutan SaoTomPrincipe Vanuatu Gabon Guatemala SaudiArabia Poland UAE SriLanka Grenada Switzerland RussianFederation Israel Mali Cuba Seychelles Togo Serbia Venezuela Maldives NewZealand Finland PapuaNewGuinea Greece TheGambia Liechtenstein Suriname Lithuania Vietnam Fiji Vanuatu SaintKitts Albania
100
Bahamas Bahamas
Malaysia Malaysia
Rome Rome
Burkina Burkina
SolomonIslands SolomonIslands
IvoryCoast IvoryCoast
BosHerzegovina BosHerzegovina
Andorra Andorra
VaticanCity VaticanCity
EquatorGuinea EquatorGuinea
Djibouti Djibouti
Mauritania Mauritania
Pakistan Pakistan
Bulgaria Bulgaria
Thailand Thailand
Nepal Nepal
Estonia Estonia
Italy Italy
Comoros Comoros
Kosovo Kosovo
Norway Norway
Algeria Algeria
Panama Panama
Eritrea Eritrea
Mongolia Mongolia
UnitedKingdom UnitedKingdom
Peru Peru
Mauritius Mauritius
Laos Laos
Luxembourg Luxembourg
Belarus Belarus
Paraguay Paraguay
America America
Brazil Brazil
MountAthos MountAthos
Dominica Dominica
Philippines Philippines
CapeVerde CapeVerde
Niger Niger
Latvia Latvia
Cyprus Cyprus
Burma Burma
SierraLeone SierraLeone
Kazakhstan Kazakhstan
Cambodia Cambodia
Japan Japan
Portugal Portugal
Danzig Danzig
Jamaica Jamaica
Tunisia Tunisia
Qatar Qatar
Argentina Argentina
Chile Chile
Tanzania Tanzania
Kiribati Kiribati
Germany Germany
Ukraine Ukraine
Australia Australia
Yemen Yemen
France France
Newfoundland Newfoundland
Slovenia Slovenia
Lesotho Lesotho
CentralAfricanRep CentralAfricanRep
Romania Romania
Bhutan Bhutan
Ethiopia Ethiopia
NorthKorea NorthKorea
SaintLucia SaintLucia
Gabon Gabon
Hungary Hungary
SaintKitts SaintKitts
Vanuatu Vanuatu
SaudiArabia SaudiArabia
Grenada Grenada
SaoTomPrincipe SaoTomPrincipe
Rwanda Rwanda
RussianFederation RussianFederation
Guatemala Guatemala
UAE UAE
SriLanka SriLanka
Cuba Cuba
Togo Togo
Poland Poland
Israel Israel
Switzerland Switzerland
Seychelles Seychelles
Venezuela Venezuela
NewZealand NewZealand
PapuaNewGuinea PapuaNewGuinea
Finland Finland
Mali Mali
TheGambia TheGambia
Greece Greece
Suriname Suriname
Liechtenstein Liechtenstein
Lithuania Lithuania
Serbia Serbia
Maldives Maldives
Fiji Fiji
