Nepal Georgia Argentina Liechtenstein SriLanka Iceland Belarus Azerbaijan Ecuador Estonia Newfoundland CentralAfricanRep Suriname BosHerzegovina NewZealand Slovakia Tajikistan TheGambia VaticanCity Liechtenstein MarshallIslands Vietnam Afghanistan Bahrain Mauritius Newfoundland SouthAfrica Kuwait Newfoundland Panama Fiji Botswana Iceland Serbia Niger Palau Newfoundland SaintLucia UAE Nepal Tanzania Nepal
25
Georgia Georgia
Argentina Argentina
Liechtenstein Liechtenstein
Belarus Belarus
Azerbaijan Azerbaijan
Estonia Estonia
Suriname Suriname
NewZealand NewZealand
Slovakia Slovakia
Tajikistan Tajikistan
VaticanCity VaticanCity
MarshallIslands MarshallIslands
Vietnam Vietnam
Afghanistan Afghanistan
Mauritius Mauritius
Kuwait Kuwait
Panama Panama
Fiji Fiji
Botswana Botswana
Serbia Serbia
Niger Niger
Palau Palau
SaintLucia SaintLucia
UAE UAE
Tanzania Tanzania
