vBhpoFdJZxyttIlfaf7D fMf4OEuDhzQ5lzL1yC1p xVHVP9vjiW3Srf3J1yYm gpVfP7ILbg2pDpIPQr5Q 535WuquKiicRqEyzCI3d iki3BohF22ET0rMPxXQ5 qM7lEl3z2COceXw7x0EC j0gfpSkQuY2aCnSASDK5 6koX1rNvAwrB84m39eQv tUVqKo1E6AibIE6zShkv R6ZzYYWqarkWldqbKDab WN0Nl06Zx9w6LYUHMZam XBxLd5K0m0Gtk5fTL45q 8Le4AI986fwHZXPoOMK1 nB1RHSnvjX4nG0Tch5En PTLuDKOoq7xOBNmDYZyZ t9sKEbhLg4hRMCMxdZiD wRuGNazG4ZAxqcI0KBgs 17OoKHzumyPaqfjSSc7S 6PPTzNGrNxrgfdvm8cwZ DybFcuyeWxt51LawzVvs eKaPpzrMwOPxNzeoOSFH W1jWYYdH0atiKtbaVDRT XYk0VV4ujV55qqS8YiHV 3k0aPItJckmjybSSZ7vB KyDQmUshvaOMIokV4BFs fHfopcx4v3MKBN0TMn7s InZnvPu8h9zAoLCNj2in NAqhSs9OpS9XtIaJtTCD 2LthmnS3Cdd5FBfY5GQ9 R7crXexksQ4TN5zY2ck3 WwLzOfqcc3FIzub2jh8R J00g7hlLLSWTXvTYK9v2 ohy3S5QXymEhh63dMBQE qHwCsNomWkpZ3C6j94Cj x46nB6Iwp6wweeEhyIVP Iz79VMi2nkM7feHNxIEU rkMvLqMMN5Aq3onq5XeZ KdfPZ6xz4cOaMLpuBPMV YcxUAlL7DgkVgq8Zmqcx EHYUZOt1fTtm7KJue8on wHEcyeduhdH7p3Lr1PtC R8y8GsBEYGcYG98ELdKo eoouXbauUEZFoVnISdZW Qs0K7PGKCJNOLMDZLnEf 4ilNvg3IkxoJuvkwqYsS 7PoxePhwnlLvMilKVpER W1oKj4YwVrgRk8CEP5N8 iLoZi9Udouf2bH9NFsk4 zs7X4IJgeJEM8iqAbvF3 RpMJGAvULIBCQ0RI369s RRlYwTFLYqL48JIMSAmC KuHO8xRrArMMDCKffmsm oFNlFPub6zLirsQwo0fu fp9JaV5iTp8QxXwwkR68 jTdja1e2hUhydiExPlJM 8mLI4Cl8exxeLw5eLCvi eKaPpzrMwOPxNzeoOSFH MNehJysDvnWQbbvHSbNi XX8iZd9Mw56dkKCstFAC 37APL8dpwT5Ds5AIG0t4 d6xeP6xeDJ3O2jY8D4pB rMd1TXBMCuFfO59jF1Tq 9B0w6Ahn3NsugfNn6veD vLwJebpyApE3MPksc9OW mv3tFPDoT2NlrLp24T9l iboL4JgkqVZaEWXpgBVJ ORsS8PhYU7QJhPkIo1xK uUumBfQJDh6S0d06Kb78 lNXOSirtCXW7TPygvsll cs6LkMYfySGYUzb8VLcc R4Ftu8EuO0k21qmlfgFk HP9rCKizazA8tTd6EvQn MiPSEwVMn3bbGh4tbRTf qkrT0EYt8AHuefFD25g1 XWHR07Y6kfSBbEuD62PN ZYwKC5uFmtW0QjsMiT9A 0smtcWECRVW5IqVm6wBj n2Cqtp5v2DuwGX7LhuzE JEGgKJfdY8owvwdYhKMk vBhpoFdJZxyttIlfaf7D
50
535WuquKiicRqEyzCI3d 535WuquKiicRqEyzCI3d
iki3BohF22ET0rMPxXQ5 iki3BohF22ET0rMPxXQ5
qM7lEl3z2COceXw7x0EC qM7lEl3z2COceXw7x0EC
6koX1rNvAwrB84m39eQv 6koX1rNvAwrB84m39eQv
tUVqKo1E6AibIE6zShkv tUVqKo1E6AibIE6zShkv
R6ZzYYWqarkWldqbKDab R6ZzYYWqarkWldqbKDab
WN0Nl06Zx9w6LYUHMZam WN0Nl06Zx9w6LYUHMZam
XBxLd5K0m0Gtk5fTL45q XBxLd5K0m0Gtk5fTL45q
8Le4AI986fwHZXPoOMK1 8Le4AI986fwHZXPoOMK1
nB1RHSnvjX4nG0Tch5En nB1RHSnvjX4nG0Tch5En
17OoKHzumyPaqfjSSc7S 17OoKHzumyPaqfjSSc7S
6PPTzNGrNxrgfdvm8cwZ 6PPTzNGrNxrgfdvm8cwZ
DybFcuyeWxt51LawzVvs DybFcuyeWxt51LawzVvs
eKaPpzrMwOPxNzeoOSFH eKaPpzrMwOPxNzeoOSFH
W1jWYYdH0atiKtbaVDRT W1jWYYdH0atiKtbaVDRT
XYk0VV4ujV55qqS8YiHV XYk0VV4ujV55qqS8YiHV
fHfopcx4v3MKBN0TMn7s fHfopcx4v3MKBN0TMn7s
InZnvPu8h9zAoLCNj2in InZnvPu8h9zAoLCNj2in
NAqhSs9OpS9XtIaJtTCD NAqhSs9OpS9XtIaJtTCD
2LthmnS3Cdd5FBfY5GQ9 2LthmnS3Cdd5FBfY5GQ9
R7crXexksQ4TN5zY2ck3 R7crXexksQ4TN5zY2ck3
WwLzOfqcc3FIzub2jh8R WwLzOfqcc3FIzub2jh8R
J00g7hlLLSWTXvTYK9v2 J00g7hlLLSWTXvTYK9v2
ohy3S5QXymEhh63dMBQE ohy3S5QXymEhh63dMBQE
rkMvLqMMN5Aq3onq5XeZ rkMvLqMMN5Aq3onq5XeZ
EHYUZOt1fTtm7KJue8on EHYUZOt1fTtm7KJue8on
wHEcyeduhdH7p3Lr1PtC wHEcyeduhdH7p3Lr1PtC
4ilNvg3IkxoJuvkwqYsS 4ilNvg3IkxoJuvkwqYsS
7PoxePhwnlLvMilKVpER 7PoxePhwnlLvMilKVpER
zs7X4IJgeJEM8iqAbvF3 zs7X4IJgeJEM8iqAbvF3
RpMJGAvULIBCQ0RI369s RpMJGAvULIBCQ0RI369s
RRlYwTFLYqL48JIMSAmC RRlYwTFLYqL48JIMSAmC
oFNlFPub6zLirsQwo0fu oFNlFPub6zLirsQwo0fu
fp9JaV5iTp8QxXwwkR68 fp9JaV5iTp8QxXwwkR68
jTdja1e2hUhydiExPlJM jTdja1e2hUhydiExPlJM
8mLI4Cl8exxeLw5eLCvi 8mLI4Cl8exxeLw5eLCvi
XX8iZd9Mw56dkKCstFAC XX8iZd9Mw56dkKCstFAC
37APL8dpwT5Ds5AIG0t4 37APL8dpwT5Ds5AIG0t4
d6xeP6xeDJ3O2jY8D4pB d6xeP6xeDJ3O2jY8D4pB
rMd1TXBMCuFfO59jF1Tq rMd1TXBMCuFfO59jF1Tq
9B0w6Ahn3NsugfNn6veD 9B0w6Ahn3NsugfNn6veD
vLwJebpyApE3MPksc9OW vLwJebpyApE3MPksc9OW
mv3tFPDoT2NlrLp24T9l mv3tFPDoT2NlrLp24T9l
uUumBfQJDh6S0d06Kb78 uUumBfQJDh6S0d06Kb78
cs6LkMYfySGYUzb8VLcc cs6LkMYfySGYUzb8VLcc
MiPSEwVMn3bbGh4tbRTf MiPSEwVMn3bbGh4tbRTf
qkrT0EYt8AHuefFD25g1 qkrT0EYt8AHuefFD25g1
XWHR07Y6kfSBbEuD62PN XWHR07Y6kfSBbEuD62PN
n2Cqtp5v2DuwGX7LhuzE n2Cqtp5v2DuwGX7LhuzE
JEGgKJfdY8owvwdYhKMk JEGgKJfdY8owvwdYhKMk
