Mf966TmCJF9l0PTKetVd dOWv4G57nxm9UArCvQlq tH0lbMmdJDVlC4Pr7uAb lfkDpy0Dzjb65M4poJ5N NtZncVsU7O40k1BXousH aH2XDl7CjGFhEP3bbYjH aU4DeG46NC8vRU6N0ahg QMfugTdL8cMnu7owJzpL b2icxuMf1zEyF7ImMEzE HKK5Jm9eHd0V7gvBWuw9 S0PhmGw8tyUPzxvRSE5R N1nCqBhBKMK7yfEHWDsK HR7q1SHXYoV1oWoyahgt pMRS1IvCw1ndT7Ffg1bE Man5mweIdA0oHezvIoTH QMmklR1fA1rnjMsU1WMc 0cfjMDiHCYlJddbR72mX pUShkBWCgx4vSxXmfOcy XM2epDdQlzVNrldkM9rh BCVfaQnOCgLubJ23r8nF FhyU3TGCVWgCcMMzAMS1 OGxA8YvD4WfIxOfmtWm4 vWQ9gSPmhR2i5UglG1Cy 9vP489zmTCThBqN2SC1r f3aTBneDuZi0oYXARvcm BPT5ZnXHY4PLKTlszS8H jsxdUxf9Osj1u9ZOfA8H Ic20PkDM6xxefUTvJEIQ 17QNzmQeHZetXwmICrNB yk5giKs9pvqErT2HCEPA JfzkldRR1w0Y52KBg47D lbdkv57MCZ97lfIXEhIW Hpniux0SkkA6CliHWNDc pST2UibVvaFs7NnElOiM TkZ4LHIfwKap48xdp8m2 kGhQ3uDjcFA7MLP7UF4W JWE9kJZ3fUSBbRtkVScl fsCdklolnC3ndvzFtyM3 bBJ5TDHtVrSIxXmQJ63J BMDtuwGZg1f1rj5A1b3x 56ePYTmTGzdOHfvnLEPd NvfSRypj4POoHWC3jDz3 pxBA1Tii62WPeRWcccVp 4c7jdZfXlaPz4IZbgKcx sJyumTmEoi4MWbaRoNlm ksXyQQNO2sSJacUypI8V 1wZce3qjltyIzzlL1Zfw u4VGAkqq00Jhej3knMJI WQlZty1AKP9gLfjz0EYW JWE9kJZ3fUSBbRtkVScl wgaIQdSLkfrgCwxikw7V 0avddYNUUSifDVnh6Pkn BcvYB1mubFuRTbgMUsXg RrBlUMzlEzdRa5S1pyiF czjPVxJvSz9DoMc0Y7Vv zwf9ghy1nblZx3HkGhp8 ul7ierPjffkmvfh4Ylme eA2uctxdjBuXDZUrmUHy p6bp9pYgtaGo4Q50DQAM TmdW4dU59umpgT9XX8G3 abfQYXbANnzx1AWQXKif BLgd9OLqnPIJY5LCIxDK CLNCAWQgYnzuvt7RChAf OUMbAfpzy5GRzgDEKokb ZPAxEbVjKWTr0cDqLbA0 1EtrR5H9A3TMUPS71hPl kVdbGuYm0jD2q8vsLFHY KXqYiLdUxtSnooxFj1Ib fmXI2fiRDKGKDk7Lczzs AjMqEYKq0eELwsiEhQNE Q4jkxyPtGKis0eXik3Gg TBEGhhvsdStRJh2Eqkyf Ad4iMaOuAofXNjJzNKWl WZxeHszJ2ShfYgJs53YV DMIhznlgV4TccTaZ33Ir 0O3lDJvzYSiuZNzHimQX CxdADQl1Lh5mGQMAravk Xucw5TdPOzp0SQGWHjkE sSdPSXUotKahf03SRnBn a6uUA0TEdnZwD1b73O9r rOZoFnpTntC6wvysu9Xh 7ArLVA3N0doHBQAlCDtl KCy3uvDFe4h3kwRgxFiX vXEVHH4q4UMva6wWns8S JWE9kJZ3fUSBbRtkVScl ydEppVwK15UN0USyP00U IwnN6xRahpjWnxZTYR2F GzkbHop7cJv0CvjQalTE 26qGQxnCCbJ2EOhN7Gcj 5ebtvAsyAh8vEmm1Z3wm Y5ZKsuPbCDUQp5LjPNey 3Yod5nNtIcKNmTtNQ3xH wtlCpdxHbUUmSY7DnD2u fBow0nU9fNO0JnF2yfaM QtUoaFUFBMw7V9DHgrcf KKiBHd9DTQAd6AZYxlK3 JWE9kJZ3fUSBbRtkVScl trOoQ3enuOI8GUJqwAMC flliQzyn5hSC8yLOMyYJ 3Kf7NbRAPMqHxYOVsqnT 4CVQrsejmjPmVL7elf2w wyZ3Q4gHyaxpdYdezyjU rzYdrZxXnbXlOjFVWVaR JWE9kJZ3fUSBbRtkVScl MgfIiwMElh8mtTDc3OTG WDY5ApSXtzd8TcqEYyFr 2bMCdMiNzTpm8a2kNe9G Crbc9OlCoJ9dTIJXXsjb kk9hnZxxBFZfHSf7jyEB JfWSVxbK8iOEPzK7FV9x ABk14cfS7j3v5H7oJg69 y1iGOFRKdlQM0ghlotSn VaRx19QfIOvUT5pZyulj JWE9kJZ3fUSBbRtkVScl e2usEAoRX2qu6mneHOxg SQhK0n9L9aixdJxvdeKd UvtGaTsTes8Gs4gE8ya3 R87rV3jFUvYuE0RN4Z4a 4mdSIFCsq2HySOzm2H4M km12BN3CByUGmRV2tX7b acwLCbshqBQuYbTzAPRI bLojQFXmB5k6r0zKTWYe iRg3oRlKsAtLuOm5tUrC V1NRtDFpLgUvdcMNRDCv cAkwFDH7tSQkP40ewGcD hdzMlRPopi59kMOfpHEo D8EqP7YYAGp7ozDJsFab byF5FvS6RJUrgCsP3o6T Yw0z9L8p6xIk7hgYCgVd CHHJQHxp9VQGraviPBS2 ZzUJWpXUZeO1dCVdodSV jAzyDyaN1mD5Ei1RjCiO mGfIqoDGGajPXw9RvY8S OyOgefgJfgx6VwEfudZn 88lI6lUbCFloNqfPp9qO YrtjNlKZcZnAXu7owFPA VI6bhpg8nr2U3bjLEpMD CxdADQl1Lh5mGQMAravk JWE9kJZ3fUSBbRtkVScl HhITLZSwERe6osGRUBXt XfWllIgv9lA6ZwGuKvLt 7c4FoaFf1TJetsLZUEok 3wnWMN13hDOpLfn819VH jZUUy27kZ3z2uIv0PGPy JWE9kJZ3fUSBbRtkVScl aQjUMkqTLL2xI6AuCLxX yjTU6mb0sXWr7Nh8SghO XtOSIksCxQPAzChWtB8x QZIvvAQe1weWyQjLrGi1 GfTqQpqjWivAFXbCN2BL vfUng4KWHMI1EW7MPH8O PLyQF48YPXs4LxxIxWHM lrLgTYF7nIsDkEYlxuHz 1crXui4lUlMG7IuTFiXo y3cL4LyhfEAlU1Jj1Xj6 W1IcDWCQWwTCriXsjtm4 zDq8bGYKiSYw3c53IWfw jsxdUxf9Osj1u9ZOfA8H VqBuOSJBVqxMG4rldwQn 4O2VEkN1ftjvLwoNouzB 8tOQbReSdxKFsG9CYbZK 1aGCWVuyE8DRxIV204ZW s7HXjvUAOobkeOC6hmGZ 4mRiy2s23Ljl4N4CqEav Ejmw9YVfbgpcODCHCJUP wNmo9den9k6ySqzO7o0M ZDA7k1XMUYTsnmCfuUtR N7mkTpLI9Mgh0txBOflw Mf966TmCJF9l0PTKetVd
100
dOWv4G57nxm9UArCvQlq dOWv4G57nxm9UArCvQlq
tH0lbMmdJDVlC4Pr7uAb tH0lbMmdJDVlC4Pr7uAb
NtZncVsU7O40k1BXousH NtZncVsU7O40k1BXousH
aH2XDl7CjGFhEP3bbYjH aH2XDl7CjGFhEP3bbYjH
aU4DeG46NC8vRU6N0ahg aU4DeG46NC8vRU6N0ahg
b2icxuMf1zEyF7ImMEzE b2icxuMf1zEyF7ImMEzE
HKK5Jm9eHd0V7gvBWuw9 HKK5Jm9eHd0V7gvBWuw9
S0PhmGw8tyUPzxvRSE5R S0PhmGw8tyUPzxvRSE5R
QMmklR1fA1rnjMsU1WMc QMmklR1fA1rnjMsU1WMc
BCVfaQnOCgLubJ23r8nF BCVfaQnOCgLubJ23r8nF
OGxA8YvD4WfIxOfmtWm4 OGxA8YvD4WfIxOfmtWm4
Ic20PkDM6xxefUTvJEIQ Ic20PkDM6xxefUTvJEIQ
JfzkldRR1w0Y52KBg47D JfzkldRR1w0Y52KBg47D
Hpniux0SkkA6CliHWNDc Hpniux0SkkA6CliHWNDc
TkZ4LHIfwKap48xdp8m2 TkZ4LHIfwKap48xdp8m2
kGhQ3uDjcFA7MLP7UF4W kGhQ3uDjcFA7MLP7UF4W
fsCdklolnC3ndvzFtyM3 fsCdklolnC3ndvzFtyM3
bBJ5TDHtVrSIxXmQJ63J bBJ5TDHtVrSIxXmQJ63J
56ePYTmTGzdOHfvnLEPd 56ePYTmTGzdOHfvnLEPd
NvfSRypj4POoHWC3jDz3 NvfSRypj4POoHWC3jDz3
pxBA1Tii62WPeRWcccVp pxBA1Tii62WPeRWcccVp
1wZce3qjltyIzzlL1Zfw 1wZce3qjltyIzzlL1Zfw
u4VGAkqq00Jhej3knMJI u4VGAkqq00Jhej3knMJI
WQlZty1AKP9gLfjz0EYW WQlZty1AKP9gLfjz0EYW
BcvYB1mubFuRTbgMUsXg BcvYB1mubFuRTbgMUsXg
RrBlUMzlEzdRa5S1pyiF RrBlUMzlEzdRa5S1pyiF
czjPVxJvSz9DoMc0Y7Vv czjPVxJvSz9DoMc0Y7Vv
ul7ierPjffkmvfh4Ylme ul7ierPjffkmvfh4Ylme
eA2uctxdjBuXDZUrmUHy eA2uctxdjBuXDZUrmUHy
p6bp9pYgtaGo4Q50DQAM p6bp9pYgtaGo4Q50DQAM
TmdW4dU59umpgT9XX8G3 TmdW4dU59umpgT9XX8G3
BLgd9OLqnPIJY5LCIxDK BLgd9OLqnPIJY5LCIxDK
CLNCAWQgYnzuvt7RChAf CLNCAWQgYnzuvt7RChAf
ZPAxEbVjKWTr0cDqLbA0 ZPAxEbVjKWTr0cDqLbA0
kVdbGuYm0jD2q8vsLFHY kVdbGuYm0jD2q8vsLFHY
AjMqEYKq0eELwsiEhQNE AjMqEYKq0eELwsiEhQNE
Q4jkxyPtGKis0eXik3Gg Q4jkxyPtGKis0eXik3Gg
TBEGhhvsdStRJh2Eqkyf TBEGhhvsdStRJh2Eqkyf
Ad4iMaOuAofXNjJzNKWl Ad4iMaOuAofXNjJzNKWl
WZxeHszJ2ShfYgJs53YV WZxeHszJ2ShfYgJs53YV
0O3lDJvzYSiuZNzHimQX 0O3lDJvzYSiuZNzHimQX
Xucw5TdPOzp0SQGWHjkE Xucw5TdPOzp0SQGWHjkE
sSdPSXUotKahf03SRnBn sSdPSXUotKahf03SRnBn
a6uUA0TEdnZwD1b73O9r a6uUA0TEdnZwD1b73O9r
7ArLVA3N0doHBQAlCDtl 7ArLVA3N0doHBQAlCDtl
KCy3uvDFe4h3kwRgxFiX KCy3uvDFe4h3kwRgxFiX
JWE9kJZ3fUSBbRtkVScl JWE9kJZ3fUSBbRtkVScl
ydEppVwK15UN0USyP00U ydEppVwK15UN0USyP00U
IwnN6xRahpjWnxZTYR2F IwnN6xRahpjWnxZTYR2F
GzkbHop7cJv0CvjQalTE GzkbHop7cJv0CvjQalTE
5ebtvAsyAh8vEmm1Z3wm 5ebtvAsyAh8vEmm1Z3wm
Y5ZKsuPbCDUQp5LjPNey Y5ZKsuPbCDUQp5LjPNey
3Yod5nNtIcKNmTtNQ3xH 3Yod5nNtIcKNmTtNQ3xH
wtlCpdxHbUUmSY7DnD2u wtlCpdxHbUUmSY7DnD2u
KKiBHd9DTQAd6AZYxlK3 KKiBHd9DTQAd6AZYxlK3
trOoQ3enuOI8GUJqwAMC trOoQ3enuOI8GUJqwAMC
flliQzyn5hSC8yLOMyYJ flliQzyn5hSC8yLOMyYJ
4CVQrsejmjPmVL7elf2w 4CVQrsejmjPmVL7elf2w
wyZ3Q4gHyaxpdYdezyjU wyZ3Q4gHyaxpdYdezyjU
rzYdrZxXnbXlOjFVWVaR rzYdrZxXnbXlOjFVWVaR
2bMCdMiNzTpm8a2kNe9G 2bMCdMiNzTpm8a2kNe9G
Crbc9OlCoJ9dTIJXXsjb Crbc9OlCoJ9dTIJXXsjb
JfWSVxbK8iOEPzK7FV9x JfWSVxbK8iOEPzK7FV9x
VaRx19QfIOvUT5pZyulj VaRx19QfIOvUT5pZyulj
e2usEAoRX2qu6mneHOxg e2usEAoRX2qu6mneHOxg
SQhK0n9L9aixdJxvdeKd SQhK0n9L9aixdJxvdeKd
UvtGaTsTes8Gs4gE8ya3 UvtGaTsTes8Gs4gE8ya3
R87rV3jFUvYuE0RN4Z4a R87rV3jFUvYuE0RN4Z4a
4mdSIFCsq2HySOzm2H4M 4mdSIFCsq2HySOzm2H4M
km12BN3CByUGmRV2tX7b km12BN3CByUGmRV2tX7b
acwLCbshqBQuYbTzAPRI acwLCbshqBQuYbTzAPRI
bLojQFXmB5k6r0zKTWYe bLojQFXmB5k6r0zKTWYe
iRg3oRlKsAtLuOm5tUrC iRg3oRlKsAtLuOm5tUrC
cAkwFDH7tSQkP40ewGcD cAkwFDH7tSQkP40ewGcD
byF5FvS6RJUrgCsP3o6T byF5FvS6RJUrgCsP3o6T
Yw0z9L8p6xIk7hgYCgVd Yw0z9L8p6xIk7hgYCgVd
CHHJQHxp9VQGraviPBS2 CHHJQHxp9VQGraviPBS2
jAzyDyaN1mD5Ei1RjCiO jAzyDyaN1mD5Ei1RjCiO
mGfIqoDGGajPXw9RvY8S mGfIqoDGGajPXw9RvY8S
OyOgefgJfgx6VwEfudZn OyOgefgJfgx6VwEfudZn
YrtjNlKZcZnAXu7owFPA YrtjNlKZcZnAXu7owFPA
CxdADQl1Lh5mGQMAravk CxdADQl1Lh5mGQMAravk
HhITLZSwERe6osGRUBXt HhITLZSwERe6osGRUBXt
XfWllIgv9lA6ZwGuKvLt XfWllIgv9lA6ZwGuKvLt
7c4FoaFf1TJetsLZUEok 7c4FoaFf1TJetsLZUEok
jZUUy27kZ3z2uIv0PGPy jZUUy27kZ3z2uIv0PGPy
QZIvvAQe1weWyQjLrGi1 QZIvvAQe1weWyQjLrGi1
GfTqQpqjWivAFXbCN2BL GfTqQpqjWivAFXbCN2BL
PLyQF48YPXs4LxxIxWHM PLyQF48YPXs4LxxIxWHM
lrLgTYF7nIsDkEYlxuHz lrLgTYF7nIsDkEYlxuHz
1crXui4lUlMG7IuTFiXo 1crXui4lUlMG7IuTFiXo
y3cL4LyhfEAlU1Jj1Xj6 y3cL4LyhfEAlU1Jj1Xj6
W1IcDWCQWwTCriXsjtm4 W1IcDWCQWwTCriXsjtm4
zDq8bGYKiSYw3c53IWfw zDq8bGYKiSYw3c53IWfw
VqBuOSJBVqxMG4rldwQn VqBuOSJBVqxMG4rldwQn
1aGCWVuyE8DRxIV204ZW 1aGCWVuyE8DRxIV204ZW
4mRiy2s23Ljl4N4CqEav 4mRiy2s23Ljl4N4CqEav
wNmo9den9k6ySqzO7o0M wNmo9den9k6ySqzO7o0M
ZDA7k1XMUYTsnmCfuUtR ZDA7k1XMUYTsnmCfuUtR
N7mkTpLI9Mgh0txBOflw N7mkTpLI9Mgh0txBOflw
