0EzLvznzqSsDTCbR5WWQ KcET1WyqLHLe0WoWjg9K Auo4k9dWSL8IPJ5ZlV3y b69ITlIgTtPRUIpmSw5o lEZ0YMvUzTvQYxlTiMir LtVuPtXkki7L0rCf1ysG K5LnOJV1Zh18kgMnZsVe idUlMWK1ZaKWh4awCdHY vgcAaadTbDs3lU9Z1t49 tnUjNl6cWuoaXQEfxH4p Z66yYaYopYkEhHIEeEpL iVX7TtjHXcE8SyeIBcE6 LS3fS52ozGva9KBtcfZZ WQLrydIe30SyZWUYR0o9 I7VRK3VugXxRlgxCe54Q YRtAAkfi0YIaAv0XqGni 0t5LNxEUvcjoE0cwwEbN wrf0xNKoLGLKfuhe6hpI NdK8ArCf2MlrWBNZD2Os m5Au4RgVgXhOUKbKSdGW pWBi6tyyRZpOm0dbsZfH cZGUbNgsLGnuZE3Ot20K HET4yE4ksHFmFRytJhfu E0qx1qnBHaTxztHrfCii LTgssryHh3BZe1w1IMJd 3iRTkaf7suaV2i91D7AI 0t5LNxEUvcjoE0cwwEbN OW93fm7JGxvGIWWhVC1r 75EgdJC8MacBE2zKZlon hk9ECfFhibg7bmIlco5h j7jI3vJM5SWQs3N9YWK4 TWpWLT2JICvczaB6q8Bo IVZaGmLbfT5MQpxXO2DP sTkrLjSI0wAyZQvL0L8q N0EmviMgt156P2Bd7oet piNBrUZvBcV7Df1TXrww i2LSx9yjqfqqgvPEwf0F oFJmSdI9Mubs3awqWY5w 4ZMxz7AKccmgx6JK5gZn 0EzLvznzqSsDTCbR5WWQ
25
b69ITlIgTtPRUIpmSw5o b69ITlIgTtPRUIpmSw5o
lEZ0YMvUzTvQYxlTiMir lEZ0YMvUzTvQYxlTiMir
LtVuPtXkki7L0rCf1ysG LtVuPtXkki7L0rCf1ysG
K5LnOJV1Zh18kgMnZsVe K5LnOJV1Zh18kgMnZsVe
idUlMWK1ZaKWh4awCdHY idUlMWK1ZaKWh4awCdHY
vgcAaadTbDs3lU9Z1t49 vgcAaadTbDs3lU9Z1t49
tnUjNl6cWuoaXQEfxH4p tnUjNl6cWuoaXQEfxH4p
LS3fS52ozGva9KBtcfZZ LS3fS52ozGva9KBtcfZZ
I7VRK3VugXxRlgxCe54Q I7VRK3VugXxRlgxCe54Q
YRtAAkfi0YIaAv0XqGni YRtAAkfi0YIaAv0XqGni
wrf0xNKoLGLKfuhe6hpI wrf0xNKoLGLKfuhe6hpI
m5Au4RgVgXhOUKbKSdGW m5Au4RgVgXhOUKbKSdGW
pWBi6tyyRZpOm0dbsZfH pWBi6tyyRZpOm0dbsZfH
cZGUbNgsLGnuZE3Ot20K cZGUbNgsLGnuZE3Ot20K
HET4yE4ksHFmFRytJhfu HET4yE4ksHFmFRytJhfu
LTgssryHh3BZe1w1IMJd LTgssryHh3BZe1w1IMJd
3iRTkaf7suaV2i91D7AI 3iRTkaf7suaV2i91D7AI
75EgdJC8MacBE2zKZlon 75EgdJC8MacBE2zKZlon
hk9ECfFhibg7bmIlco5h hk9ECfFhibg7bmIlco5h
j7jI3vJM5SWQs3N9YWK4 j7jI3vJM5SWQs3N9YWK4
TWpWLT2JICvczaB6q8Bo TWpWLT2JICvczaB6q8Bo
IVZaGmLbfT5MQpxXO2DP IVZaGmLbfT5MQpxXO2DP
N0EmviMgt156P2Bd7oet N0EmviMgt156P2Bd7oet
oFJmSdI9Mubs3awqWY5w oFJmSdI9Mubs3awqWY5w
4ZMxz7AKccmgx6JK5gZn 4ZMxz7AKccmgx6JK5gZn
