L0 L73 L0 L0 L53 L0 L57 L181 L54 L35 L104 L14 L75 L3 L107 L30 L68 L110 L2 L142 L175 L12 L36 L35 L61 L62 L188 L62 L77 L168 L81 L70 L160 L3 L20 L77 L49 L29 L125 L6 L97 L18 L145 L194 L119 L138 L39 L153 L9 L0 L123 L25 L121 L25 L113 L25 L94 L139 L86 L112 L9 L34 L74 L109 L69 L197 L196 L22 L10 L20 L143 L148 L0 L64 L0 L27 L13 L149 L49 L29 L49 L177 L64 L7 L59 L50 L53 L84 L8 L57 L2 L103 L8 L24 L96 L24 L23 L26 L23 L9 L0 L17 L82 L177 L56 L135 L28 L31 L4 L3 L30 L39 L26 L119 L83 L79 L12 L36 L23 L22 L146 L78 L27 L63 L108 L43 L63 L31 L66 L41 L178 L163 L118 L5 L97 L144 L7 L64 L64 L46 L163 L5 L132 L50 L12 L50 L98 L69 L192 L69 L199 L52 L9 L0
82
L0 L73 L116 L33 L46 L176 L130 L1 L164
L14 L48 L14
L36 L12
L39 L38 L39
L20 L165 L20
L29 L41 L29
L53 L106 L53
L57 L147 L57
L103 L95
L26 L152 L26
L79 L80
L23 L127 L23
L78 L60
L63 L157
L43 L62
L31 L102 L31
L41 L141
L97 L55 L97
L64 L65 L64
L46 L47
L12 L58
L118 L118
L197 L197
L98 L98
L119 L119
L18 L18
L192 L192
L50 L50
L7 L7
L24 L24
L144 L144
L94 L94
L163 L163
L61 L61
L75 L75
L54 L54
L142 L142
L84 L84
L188 L188
L177 L177
L199 L199
L8 L8
L13 L13
L153 L153
L175 L175
L149 L149
L107 L107
L125 L125
L160 L160
L81 L81
L96 L96
L3 L3
L123 L123
L49 L49
L68 L68
L77 L77
L121 L121
L196 L196
L113 L113
L30 L30
L2 L2
L135 L135
L110 L110
L10 L10
L74 L74
L109 L109
L143 L143
L132 L132
L27 L27
L145 L145
L59 L59
L104 L104
L146 L146
L112 L112
L52 L52
L178 L178
L138 L138
L82 L82
L194 L194
L168 L168
L69 L69
L139 L139
