point0 point0 point52 point12 point49 point5 point56 point11 point10 point11 point27 point54 point15 point1 point11 point5 point15 point13 point91 point18 point14 point21 point22 point3 point16 point29 point35 point30 point9 point33 point31 point34 point27 point41 point38 point40 point39 point20 point42 point30 point43 point32 point32 point6 point51 point41 point55 point67 point46 point3 point73 point75 point76 point0 point21 point94 point48 point87 point89 point91 point18 point1 point86 point47 point120 point132 point46 point139 point135 point131 point22 point35 point180 point4 point179 point20 point6 point2 point51 point45 point42 point160 point163 point162 point29 point16 point144 point148 point1 point65 point153 point19 point157 point19 point149 point16 point32 point155 point69 point35 point187 point0 point21 point49 point10 point15 point15 point5 point19 point31 point123 point11 point1 point122 point4 point38 point115 point111 point110 point112 point17 point45 point108 point4 point100 point79 point28 point72 point54 point0
71
point20 point39
point32 point17 point16 point152
point3 point109 point3
point21 point83 point184 point21
point1 point85 point124 point1
point35 point134 point185
point6 point183 point6
point51 point172 point51
point42 point177 point42
point16 point158
point65 point151
point49 point138 point49
point15 point78 point15
point5 point119 point5
point31 point126 point31
point38 point113 point38
point17 point102
point45 point103
point10 point10
point11 point11
point13 point13
point18 point18
point27 point27
point29 point29
point30 point30
point33 point33
point34 point34
point40 point40
point41 point41
point43 point43
point52 point52
point54 point54
point55 point55
point56 point56
point67 point67
point69 point69
point72 point72
point73 point73
point75 point75
point76 point76
point79 point79
point86 point86
point87 point87
point89 point89
point91 point91
point94 point94
point100 point100
point108 point108
point110 point110
point111 point111
point112 point112
point115 point115
point120 point120
point122 point122
point123 point123
point131 point131
point132 point132
point135 point135
point139 point139
point144 point144
point148 point148
point149 point149
point153 point153
point155 point155
point157 point157
point160 point160
point162 point162
point163 point163
point179 point179
point180 point180
point187 point187
