80 56 50 25 50 5 34 87 85 60 15 65 33 59 17 66 52 26 52 66 17 82 40 9 40 82 69 71 1 35 86 38 36 76 63 29 16 39 68 39 16 29 23 24 54 53 54 24 58 84 58 24 23 29 63 74 43 47 51 28 70 73 20 73 79 19 27 19 67 88 42 88 67 19 79 73 83 18 14 18 46 22 75 37 75 4 30 4 75 13 3 31 77 89 77 31 3 13 75 22 46 18 83 73 70 28 51 48 49 48 41 48 51 47 6 12 6 47 43 74 63 76 36 38 86 35 1 71 69 82 17 59 33 65 15 60 85 87 34 5 50 56 80
43
56 56
25 25
5 5
34 34
87 87
85 85
60 60
15 15
33 33
59 59
52 52
40 40
9 9
71 71
1 1
86 86
36 36
76 76
68 68
23 23
54 54
53 53
84 84
47 47
73 73
20 20
79 79
27 27
42 42
14 14
46 46
75 75
37 37
4 4
3 3
31 31
77 77
89 89
48 48
49 49
41 41
6 6
12 12
