55 57 182 101 173 177 162 130 151 1 161 20 89 149 100 171 125 188 132 24 141 81 4 80 86 102 88 66 43 140 58 166 23 133 10 163 184 153 78 1 157 87 107 174 26 93 75 180 85 56 90 146 191 144 181 40 42 62 179 122 123 61 50 6 113 15 135 1 13 97 109 175 79 65 3 148 18 187 99 74 169 143 77 41 155 54 127 53 178 28 172 3 114 8 44 9 67 76 52 64 116 134 32 150 49 1 103 167 156 31 30 164 126 34 2 170 27 124 136 160 2 105 1 185 131 39 121 168 7 138 14 36 2 17 4 118 11 45 84 12 1 16 4 92 91 48 63 106 51 120 158 29 115 33 82 83 137 111 176 189 71 3 186 96 59 104 119 152 2 159 55
96
57 57
182 182
101 101
173 173
177 177
162 162
151 151
20 20
149 149
171 171
188 188
81 81
80 80
86 86
88 88
66 66
43 43
140 140
58 58
166 166
133 133
163 163
184 184
153 153
78 78
107 107
26 26
85 85
56 56
90 90
146 146
181 181
40 40
42 42
62 62
179 179
122 122
61 61
113 113
15 15
135 135
13 13
97 97
109 109
175 175
148 148
74 74
77 77
41 41
54 54
53 53
172 172
114 114
8 8
9 9
67 67
76 76
116 116
134 134
32 32
150 150
49 49
30 30
126 126
170 170
27 27
160 160
105 105
185 185
131 131
168 168
36 36
17 17
118 118
11 11
45 45
12 12
16 16
91 91
48 48
63 63
106 106
158 158
29 29
115 115
33 33
83 83
137 137
111 111
189 189
71 71
186 186
59 59
119 119
152 152
159 159
